21:26:32.075 [GameThread] INFO  io.alunity.Server - Server state: PUBLIC
21:26:32.563 [GameThread] INFO  o.f.c.i.license.VersionPrinter - Flyway Community Edition 5.2.4 by Boxfuse
21:26:32.927 [GameThread] INFO  o.f.c.i.database.DatabaseFactory - Database: jdbc:mysql://92.204.221.12/game_alunity (MySQL 5.6)
21:26:33.105 [GameThread] INFO  o.f.core.internal.command.DbValidate - Successfully validated 15 migrations (execution time 00:00.031s)
21:26:33.126 [GameThread] INFO  o.f.core.internal.command.DbMigrate - Current version of schema `game_alunity`: 15
21:26:33.128 [GameThread] INFO  o.f.core.internal.command.DbMigrate - Schema `game_alunity` is up to date. No migration necessary.
21:26:46.411 [GameThread] INFO  i.a.m.c.ControllerRepository - Loaded 7 controllers.
21:26:46.472 [GameThread] INFO  i.a.m.e.p.m.g.GroupIronmanRepository - Loaded 0 group ironman groups.
21:26:47.757 [GameThread] INFO  i.a.m.entity.player.save.PlayerSave - Loaded 18 Player Save Entries.
21:26:48.735 [GameThread] INFO  io.alunity.model.definitions.ShopDef - Loaded 51 shops.
21:26:48.949 [GameThread] INFO  io.alunity.model.definitions.NpcDef - Loaded 9474 npc definitions.
21:27:08.767 [player-save-backup-0] INFO  i.a.m.entity.player.save.PlayerSave - Saved 0 online users.
21:27:12.333 [io-worker-0] INFO  net.dv8tion.jda.api.JDA - Login Successful!
21:27:12.628 [JDA MainWS-WriteThread] INFO  n.d.j.i.requests.WebSocketClient - Connected to WebSocket
21:27:12.806 [JDA MainWS-ReadThread] INFO  net.dv8tion.jda.api.JDA - Finished Loading!
21:27:12.857 [io-worker-0] ERROR io.alunity.util.discord.Discord - No discord channel found with name: server-sync
21:27:40.996 [GameThread] INFO  io.alunity.GameThread - Status [runtime=0m 30s, connections=0, players=0, uniques=0, npcs=3295, reserved-heights=0, average-cycle-time=12ms, handshakes-per-tick=0, memory=481.7 MB/615 MB]
21:28:11.071 [GameThread] INFO  io.alunity.GameThread - Status [runtime=1m, connections=0, players=0, uniques=0, npcs=3295, reserved-heights=0, average-cycle-time=11ms, handshakes-per-tick=0, memory=472.1 MB/615 MB]
21:28:41.147 [GameThread] INFO  io.alunity.GameThread - Status [runtime=1m 30s, connections=0, players=0, uniques=0, npcs=3295, reserved-heights=0, average-cycle-time=10ms, handshakes-per-tick=0, memory=452.6 MB/615 MB]
21:29:11.247 [GameThread] INFO  io.alunity.GameThread - Status [runtime=2m, connections=0, players=0, uniques=0, npcs=3295, reserved-heights=0, average-cycle-time=10ms, handshakes-per-tick=0, memory=414.5 MB/615 MB]
21:29:41.348 [GameThread] INFO  io.alunity.GameThread - Status [runtime=2m 30s, connections=0, players=0, uniques=0, npcs=3295, reserved-heights=0, average-cycle-time=9ms, handshakes-per-tick=0, memory=369.3 MB/615 MB]
21:30:11.441 [GameThread] INFO  io.alunity.GameThread - Status [runtime=3m, connections=0, players=0, uniques=0, npcs=3295, reserved-heights=0, average-cycle-time=9ms, handshakes-per-tick=0, memory=320.2 MB/615 MB]
21:30:41.528 [GameThread] INFO  io.alunity.GameThread - Status [runtime=3m 30s, connections=0, players=0, uniques=0, npcs=3295, reserved-heights=0, average-cycle-time=9ms, handshakes-per-tick=0, memory=511.3 MB/615 MB]
21:31:11.616 [GameThread] INFO  io.alunity.GameThread - Status [runtime=4m, connections=0, players=0, uniques=0, npcs=3295, reserved-heights=0, average-cycle-time=9ms, handshakes-per-tick=0, memory=458.7 MB/615 MB]
21:31:41.712 [GameThread] INFO  io.alunity.GameThread - Status [runtime=4m 30s, connections=0, players=0, uniques=0, npcs=3295, reserved-heights=0, average-cycle-time=9ms, handshakes-per-tick=0, memory=408.3 MB/615 MB]
21:32:11.789 [GameThread] INFO  io.alunity.GameThread - Status [runtime=5m, connections=0, players=0, uniques=0, npcs=3295, reserved-heights=0, average-cycle-time=9ms, handshakes-per-tick=0, memory=357.1 MB/615 MB]
21:32:41.866 [GameThread] INFO  io.alunity.GameThread - Status [runtime=5m 30s, connections=0, players=0, uniques=0, npcs=3295, reserved-heights=0, average-cycle-time=9ms, handshakes-per-tick=0, memory=308.8 MB/615 MB]
21:33:11.965 [GameThread] INFO  io.alunity.GameThread - Status [runtime=6m, connections=0, players=0, uniques=0, npcs=3295, reserved-heights=0, average-cycle-time=9ms, handshakes-per-tick=0, memory=496.6 MB/615 MB]
21:33:42.065 [GameThread] INFO  io.alunity.GameThread - Status [runtime=6m 30s, connections=0, players=0, uniques=0, npcs=3295, reserved-heights=0, average-cycle-time=9ms, handshakes-per-tick=0, memory=446.3 MB/615 MB]
21:34:12.156 [GameThread] INFO  io.alunity.GameThread - Status [runtime=7m, connections=0, players=0, uniques=0, npcs=3295, reserved-heights=0, average-cycle-time=9ms, handshakes-per-tick=0, memory=394.1 MB/615 MB]
21:34:42.247 [GameThread] INFO  io.alunity.GameThread - Status [runtime=7m 30s, connections=0, players=0, uniques=0, npcs=3295, reserved-heights=0, average-cycle-time=9ms, handshakes-per-tick=0, memory=346.8 MB/615 MB]
21:35:10.649 [io-worker-0] ERROR io.alunity.util.discord.Discord - No discord channel found with name: server-sync
21:35:10.822 [pool-9-thread-5] INFO  i.alunity.net.login.RS2LoginProtocol - Player login queued [name=scott, mac=, ip=127.0.0.1:57478, time=659ms]
21:35:12.345 [GameThread] INFO  io.alunity.GameThread - Status [runtime=8m, connections=1, players=1, uniques=1, npcs=3295, reserved-heights=0, average-cycle-time=9ms, handshakes-per-tick=0, memory=307.3 MB/615 MB]
21:35:42.468 [GameThread] INFO  io.alunity.GameThread - Status [runtime=8m 30s, connections=1, players=1, uniques=1, npcs=3295, reserved-heights=0, average-cycle-time=9ms, handshakes-per-tick=0, memory=497.3 MB/615 MB]
21:36:13.011 [GameThread] INFO  io.alunity.GameThread - Status [runtime=9m, connections=1, players=1, uniques=1, npcs=3295, reserved-heights=0, average-cycle-time=9ms, handshakes-per-tick=0, memory=449.4 MB/615 MB]
21:36:43.482 [GameThread] INFO  io.alunity.GameThread - Status [runtime=9m 30s, connections=1, players=1, uniques=1, npcs=3295, reserved-heights=0, average-cycle-time=9ms, handshakes-per-tick=0, memory=402.6 MB/615 MB]
21:37:14.249 [GameThread] INFO  io.alunity.GameThread - Status [runtime=10m, connections=1, players=1, uniques=1, npcs=3295, reserved-heights=0, average-cycle-time=9ms, handshakes-per-tick=0, memory=345.2 MB/615 MB]
21:37:44.521 [GameThread] INFO  io.alunity.GameThread - Status [runtime=10m 30s, connections=1, players=1, uniques=1, npcs=3295, reserved-heights=0, average-cycle-time=9ms, handshakes-per-tick=0, memory=536.7 MB/615 MB]
21:38:14.637 [GameThread] INFO  io.alunity.GameThread - Status [runtime=11m, connections=1, players=1, uniques=1, npcs=3295, reserved-heights=0, average-cycle-time=9ms, handshakes-per-tick=0, memory=476.6 MB/615 MB]
21:38:44.723 [GameThread] INFO  io.alunity.GameThread - Status [runtime=11m 30s, connections=1, players=1, uniques=1, npcs=3295, reserved-heights=0, average-cycle-time=9ms, handshakes-per-tick=0, memory=420.2 MB/615 MB]
21:39:14.960 [GameThread] INFO  io.alunity.GameThread - Status [runtime=12m, connections=1, players=1, uniques=1, npcs=3295, reserved-heights=0, average-cycle-time=9ms, handshakes-per-tick=0, memory=362.2 MB/615 MB]
21:39:45.346 [GameThread] INFO  io.alunity.GameThread - Status [runtime=12m 30s, connections=1, players=1, uniques=1, npcs=3295, reserved-heights=0, average-cycle-time=9ms, handshakes-per-tick=0, memory=305.3 MB/615 MB]
21:40:15.682 [GameThread] INFO  io.alunity.GameThread - Status [runtime=13m, connections=1, players=1, uniques=1, npcs=3295, reserved-heights=0, average-cycle-time=8ms, handshakes-per-tick=0, memory=494.1 MB/615 MB]
21:40:46.024 [GameThread] INFO  io.alunity.GameThread - Status [runtime=13m 30s, connections=1, players=1, uniques=1, npcs=3295, reserved-heights=0, average-cycle-time=8ms, handshakes-per-tick=0, memory=439.1 MB/615 MB]
21:41:16.312 [GameThread] INFO  io.alunity.GameThread - Status [runtime=14m, connections=1, players=1, uniques=1, npcs=3295, reserved-heights=0, average-cycle-time=8ms, handshakes-per-tick=0, memory=380.3 MB/615 MB]
21:41:46.572 [GameThread] INFO  io.alunity.GameThread - Status [runtime=14m 30s, connections=1, players=1, uniques=1, npcs=3295, reserved-heights=0, average-cycle-time=8ms, handshakes-per-tick=0, memory=324.4 MB/615 MB]
21:42:08.903 [player-save-backup-0] INFO  i.a.m.entity.player.save.PlayerSave - Saved 1 online users.
21:42:08.903 [player-save-backup-0] INFO  i.a.m.e.p.s.backup.PlayerSaveBackup - Dumping database DatabaseCredentials{url='jdbc:mysql://92.204.221.12/game_alunity?useSSL=false&serverTimezone=UTC', username='Alunity_Game'}.
21:42:09.005 [player-save-backup-0] ERROR i.a.m.e.p.s.backup.PlayerSaveBackup - Error while dumping mysql database
java.lang.IllegalStateException: Something went wrong with mysqldump command, code: 1
	at io.alunity.model.entity.player.save.backup.PlayerSaveBackup.dumpMysqlDatabase(PlayerSaveBackup.java:108)
	at io.alunity.model.entity.player.save.backup.PlayerSaveBackup.backup(PlayerSaveBackup.java:66)
	at io.alunity.model.entity.player.save.backup.PlayerSaveBackup.lambda$start$0(PlayerSaveBackup.java:50)
	at java.base/java.util.concurrent.Executors$RunnableAdapter.call(Executors.java:515)
	at java.base/java.util.concurrent.FutureTask.runAndReset(FutureTask.java:305)
	at java.base/java.util.concurrent.ScheduledThreadPoolExecutor$ScheduledFutureTask.run(ScheduledThreadPoolExecutor.java:305)
	at java.base/java.util.concurrent.ThreadPoolExecutor.runWorker(ThreadPoolExecutor.java:1130)
	at java.base/java.util.concurrent.ThreadPoolExecutor$Worker.run(ThreadPoolExecutor.java:630)
	at java.base/java.lang.Thread.run(Thread.java:832)
21:42:09.038 [player-save-backup-0] INFO  i.a.m.e.p.s.backup.PlayerSaveBackup - Backed up save files to file .\save_files\backups\public\2021-11-15T21_42_08.9033295.zip 
21:42:09.063 [player-save-backup-0] WARN  i.a.m.e.p.s.backup.PlayerSaveBackup - No FTP credentials to upload remote backups.
21:42:09.064 [player-save-backup-0] WARN  i.a.m.e.p.s.backup.PlayerSaveBackup - No FTP credentials to upload remote backups.
21:42:16.853 [GameThread] INFO  io.alunity.GameThread - Status [runtime=15m, connections=1, players=1, uniques=1, npcs=3295, reserved-heights=0, average-cycle-time=8ms, handshakes-per-tick=0, memory=516.7 MB/615 MB]
21:42:47.160 [GameThread] INFO  io.alunity.GameThread - Status [runtime=15m 30s, connections=1, players=1, uniques=1, npcs=3295, reserved-heights=0, average-cycle-time=8ms, handshakes-per-tick=0, memory=463.1 MB/615 MB]
21:43:17.442 [GameThread] INFO  io.alunity.GameThread - Status [runtime=16m, connections=1, players=1, uniques=1, npcs=3295, reserved-heights=0, average-cycle-time=8ms, handshakes-per-tick=0, memory=406 MB/615 MB]
21:43:47.793 [GameThread] INFO  io.alunity.GameThread - Status [runtime=16m 30s, connections=1, players=1, uniques=1, npcs=3295, reserved-heights=0, average-cycle-time=8ms, handshakes-per-tick=0, memory=349.6 MB/615 MB]
21:44:18.192 [GameThread] INFO  io.alunity.GameThread - Status [runtime=17m, connections=1, players=1, uniques=1, npcs=3295, reserved-heights=0, average-cycle-time=8ms, handshakes-per-tick=0, memory=538.9 MB/615 MB]
21:44:48.550 [GameThread] INFO  io.alunity.GameThread - Status [runtime=17m 30s, connections=1, players=1, uniques=1, npcs=3295, reserved-heights=0, average-cycle-time=8ms, handshakes-per-tick=0, memory=484.5 MB/615 MB]
21:45:18.826 [GameThread] INFO  io.alunity.GameThread - Status [runtime=18m, connections=1, players=1, uniques=1, npcs=3295, reserved-heights=0, average-cycle-time=8ms, handshakes-per-tick=0, memory=426.4 MB/615 MB]
21:45:49.167 [GameThread] INFO  io.alunity.GameThread - Status [runtime=18m 30s, connections=1, players=1, uniques=1, npcs=3295, reserved-heights=0, average-cycle-time=8ms, handshakes-per-tick=0, memory=370.4 MB/615 MB]
21:46:19.511 [GameThread] INFO  io.alunity.GameThread - Status [runtime=19m, connections=1, players=1, uniques=1, npcs=3295, reserved-heights=0, average-cycle-time=7ms, handshakes-per-tick=0, memory=311.5 MB/615 MB]
21:46:49.864 [GameThread] INFO  io.alunity.GameThread - Status [runtime=19m 30s, connections=1, players=1, uniques=1, npcs=3295, reserved-heights=0, average-cycle-time=7ms, handshakes-per-tick=0, memory=502.6 MB/615 MB]
21:47:20.228 [GameThread] INFO  io.alunity.GameThread - Status [runtime=20m, connections=1, players=1, uniques=1, npcs=3295, reserved-heights=0, average-cycle-time=7ms, handshakes-per-tick=0, memory=445.2 MB/615 MB]
21:47:50.520 [GameThread] INFO  io.alunity.GameThread - Status [runtime=20m 30s, connections=1, players=1, uniques=1, npcs=3295, reserved-heights=0, average-cycle-time=7ms, handshakes-per-tick=0, memory=389.4 MB/615 MB]
21:48:20.803 [GameThread] INFO  io.alunity.GameThread - Status [runtime=21m, connections=1, players=1, uniques=1, npcs=3295, reserved-heights=0, average-cycle-time=7ms, handshakes-per-tick=0, memory=331.9 MB/615 MB]
21:48:51.067 [GameThread] INFO  io.alunity.GameThread - Status [runtime=21m 30s, connections=1, players=1, uniques=1, npcs=3295, reserved-heights=0, average-cycle-time=7ms, handshakes-per-tick=0, memory=523 MB/615 MB]
21:49:21.338 [GameThread] INFO  io.alunity.GameThread - Status [runtime=22m, connections=1, players=1, uniques=1, npcs=3295, reserved-heights=0, average-cycle-time=7ms, handshakes-per-tick=0, memory=463.9 MB/615 MB]
21:49:51.608 [GameThread] INFO  io.alunity.GameThread - Status [runtime=22m 30s, connections=1, players=1, uniques=1, npcs=3295, reserved-heights=0, average-cycle-time=7ms, handshakes-per-tick=0, memory=407.9 MB/615 MB]
21:50:21.972 [GameThread] INFO  io.alunity.GameThread - Status [runtime=23m, connections=1, players=1, uniques=1, npcs=3295, reserved-heights=0, average-cycle-time=7ms, handshakes-per-tick=0, memory=350.4 MB/615 MB]
21:50:52.316 [GameThread] INFO  io.alunity.GameThread - Status [runtime=23m 30s, connections=1, players=1, uniques=1, npcs=3295, reserved-heights=0, average-cycle-time=7ms, handshakes-per-tick=0, memory=540.5 MB/615 MB]
21:51:22.667 [GameThread] INFO  io.alunity.GameThread - Status [runtime=24m, connections=1, players=1, uniques=1, npcs=3295, reserved-heights=0, average-cycle-time=7ms, handshakes-per-tick=0, memory=482.4 MB/615 MB]
21:51:52.970 [GameThread] INFO  io.alunity.GameThread - Status [runtime=24m 30s, connections=1, players=1, uniques=1, npcs=3295, reserved-heights=0, average-cycle-time=7ms, handshakes-per-tick=0, memory=427 MB/615 MB]
21:52:23.340 [GameThread] INFO  io.alunity.GameThread - Status [runtime=25m, connections=1, players=1, uniques=1, npcs=3295, reserved-heights=0, average-cycle-time=7ms, handshakes-per-tick=0, memory=368.4 MB/615 MB]
21:52:53.675 [GameThread] INFO  io.alunity.GameThread - Status [runtime=25m 30s, connections=1, players=1, uniques=1, npcs=3295, reserved-heights=0, average-cycle-time=7ms, handshakes-per-tick=0, memory=311.3 MB/615 MB]
21:53:24.045 [GameThread] INFO  io.alunity.GameThread - Status [runtime=26m, connections=1, players=1, uniques=1, npcs=3295, reserved-heights=0, average-cycle-time=7ms, handshakes-per-tick=0, memory=499.7 MB/615 MB]
21:53:54.381 [GameThread] INFO  io.alunity.GameThread - Status [runtime=26m 30s, connections=1, players=1, uniques=1, npcs=3295, reserved-heights=0, average-cycle-time=7ms, handshakes-per-tick=0, memory=443.4 MB/615 MB]
21:54:24.686 [GameThread] INFO  io.alunity.GameThread - Status [runtime=27m, connections=1, players=1, uniques=1, npcs=3295, reserved-heights=0, average-cycle-time=7ms, handshakes-per-tick=0, memory=385.9 MB/615 MB]
21:54:55.016 [GameThread] INFO  io.alunity.GameThread - Status [runtime=27m 30s, connections=1, players=1, uniques=1, npcs=3295, reserved-heights=0, average-cycle-time=7ms, handshakes-per-tick=0, memory=329.4 MB/615 MB]
21:55:25.356 [GameThread] INFO  io.alunity.GameThread - Status [runtime=28m, connections=1, players=1, uniques=1, npcs=3295, reserved-heights=0, average-cycle-time=7ms, handshakes-per-tick=0, memory=517.4 MB/615 MB]
21:55:55.683 [GameThread] INFO  io.alunity.GameThread - Status [runtime=28m 30s, connections=1, players=1, uniques=1, npcs=3295, reserved-heights=0, average-cycle-time=7ms, handshakes-per-tick=0, memory=461.8 MB/615 MB]
21:56:25.978 [GameThread] INFO  io.alunity.GameThread - Status [runtime=29m, connections=1, players=1, uniques=1, npcs=3295, reserved-heights=0, average-cycle-time=7ms, handshakes-per-tick=0, memory=403.9 MB/615 MB]
21:56:56.319 [GameThread] INFO  io.alunity.GameThread - Status [runtime=29m 30s, connections=1, players=1, uniques=1, npcs=3295, reserved-heights=0, average-cycle-time=7ms, handshakes-per-tick=0, memory=349.3 MB/615 MB]
21:57:08.867 [player-save-backup-0] INFO  i.a.m.entity.player.save.PlayerSave - Saved 1 online users.
21:57:26.627 [GameThread] INFO  io.alunity.GameThread - Status [runtime=30m, connections=1, players=1, uniques=1, npcs=3295, reserved-heights=0, average-cycle-time=7ms, handshakes-per-tick=0, memory=537.7 MB/615 MB]
21:57:56.905 [GameThread] INFO  io.alunity.GameThread - Status [runtime=30m 30s, connections=1, players=1, uniques=1, npcs=3295, reserved-heights=0, average-cycle-time=7ms, handshakes-per-tick=0, memory=481.9 MB/615 MB]
21:58:27.209 [GameThread] INFO  io.alunity.GameThread - Status [runtime=31m, connections=1, players=1, uniques=1, npcs=3295, reserved-heights=0, average-cycle-time=7ms, handshakes-per-tick=0, memory=423.1 MB/615 MB]
21:58:57.570 [GameThread] INFO  io.alunity.GameThread - Status [runtime=31m 30s, connections=1, players=1, uniques=1, npcs=3295, reserved-heights=0, average-cycle-time=7ms, handshakes-per-tick=0, memory=367.9 MB/615 MB]
21:59:27.924 [GameThread] INFO  io.alunity.GameThread - Status [runtime=32m, connections=1, players=1, uniques=1, npcs=3295, reserved-heights=0, average-cycle-time=7ms, handshakes-per-tick=0, memory=309.4 MB/615 MB]
21:59:58.271 [GameThread] INFO  io.alunity.GameThread - Status [runtime=32m 30s, connections=1, players=1, uniques=1, npcs=3295, reserved-heights=0, average-cycle-time=7ms, handshakes-per-tick=0, memory=500.1 MB/615 MB]
22:00:28.580 [GameThread] INFO  io.alunity.GameThread - Status [runtime=33m, connections=1, players=1, uniques=1, npcs=3295, reserved-heights=0, average-cycle-time=7ms, handshakes-per-tick=0, memory=441.2 MB/615 MB]
22:00:58.925 [GameThread] INFO  io.alunity.GameThread - Status [runtime=33m 30s, connections=1, players=1, uniques=1, npcs=3295, reserved-heights=0, average-cycle-time=7ms, handshakes-per-tick=0, memory=384.4 MB/615 MB]
22:01:29.254 [GameThread] INFO  io.alunity.GameThread - Status [runtime=34m, connections=1, players=1, uniques=1, npcs=3295, reserved-heights=0, average-cycle-time=7ms, handshakes-per-tick=0, memory=326.9 MB/615 MB]
22:01:59.588 [GameThread] INFO  io.alunity.GameThread - Status [runtime=34m 30s, connections=1, players=1, uniques=1, npcs=3295, reserved-heights=0, average-cycle-time=7ms, handshakes-per-tick=0, memory=518.1 MB/615 MB]
22:02:29.903 [GameThread] INFO  io.alunity.GameThread - Status [runtime=35m, connections=1, players=1, uniques=1, npcs=3295, reserved-heights=0, average-cycle-time=6ms, handshakes-per-tick=0, memory=459.9 MB/615 MB]
22:03:00.212 [GameThread] INFO  io.alunity.GameThread - Status [runtime=35m 30s, connections=1, players=1, uniques=1, npcs=3296, reserved-heights=0, average-cycle-time=6ms, handshakes-per-tick=0, memory=403.5 MB/615 MB]
22:03:30.524 [GameThread] INFO  io.alunity.GameThread - Status [runtime=36m, connections=1, players=1, uniques=1, npcs=3296, reserved-heights=0, average-cycle-time=6ms, handshakes-per-tick=0, memory=345.5 MB/615 MB]
22:04:00.847 [GameThread] INFO  io.alunity.GameThread - Status [runtime=36m 30s, connections=1, players=1, uniques=1, npcs=3296, reserved-heights=0, average-cycle-time=6ms, handshakes-per-tick=0, memory=536.1 MB/615 MB]
22:04:31.162 [GameThread] INFO  io.alunity.GameThread - Status [runtime=37m, connections=1, players=1, uniques=1, npcs=3296, reserved-heights=0, average-cycle-time=6ms, handshakes-per-tick=0, memory=476.9 MB/615 MB]
22:05:01.472 [GameThread] INFO  io.alunity.GameThread - Status [runtime=37m 30s, connections=1, players=1, uniques=1, npcs=3296, reserved-heights=0, average-cycle-time=6ms, handshakes-per-tick=0, memory=421.9 MB/615 MB]
22:05:31.794 [GameThread] INFO  io.alunity.GameThread - Status [runtime=38m, connections=1, players=1, uniques=1, npcs=3296, reserved-heights=0, average-cycle-time=6ms, handshakes-per-tick=0, memory=364.5 MB/615 MB]
22:06:02.133 [GameThread] INFO  io.alunity.GameThread - Status [runtime=38m 30s, connections=1, players=1, uniques=1, npcs=3296, reserved-heights=0, average-cycle-time=6ms, handshakes-per-tick=0, memory=308.4 MB/615 MB]
22:06:32.389 [GameThread] INFO  io.alunity.GameThread - Status [runtime=39m, connections=1, players=1, uniques=1, npcs=3296, reserved-heights=0, average-cycle-time=6ms, handshakes-per-tick=0, memory=496.3 MB/615 MB]
22:07:02.682 [GameThread] INFO  io.alunity.GameThread - Status [runtime=39m 30s, connections=1, players=1, uniques=1, npcs=3296, reserved-heights=0, average-cycle-time=6ms, handshakes-per-tick=0, memory=439.9 MB/615 MB]
22:07:32.996 [GameThread] INFO  io.alunity.GameThread - Status [runtime=40m, connections=1, players=1, uniques=1, npcs=3296, reserved-heights=0, average-cycle-time=6ms, handshakes-per-tick=0, memory=382.5 MB/615 MB]
22:08:03.333 [GameThread] INFO  io.alunity.GameThread - Status [runtime=40m 30s, connections=1, players=1, uniques=1, npcs=3296, reserved-heights=0, average-cycle-time=6ms, handshakes-per-tick=0, memory=326.4 MB/615 MB]
22:08:33.611 [GameThread] INFO  io.alunity.GameThread - Status [runtime=41m, connections=1, players=1, uniques=1, npcs=3296, reserved-heights=0, average-cycle-time=6ms, handshakes-per-tick=0, memory=514.8 MB/615 MB]
22:09:03.912 [GameThread] INFO  io.alunity.GameThread - Status [runtime=41m 30s, connections=1, players=1, uniques=1, npcs=3296, reserved-heights=0, average-cycle-time=6ms, handshakes-per-tick=0, memory=459.5 MB/615 MB]
22:09:34.174 [GameThread] INFO  io.alunity.GameThread - Status [runtime=42m, connections=1, players=1, uniques=1, npcs=3296, reserved-heights=0, average-cycle-time=6ms, handshakes-per-tick=0, memory=402 MB/615 MB]
22:10:04.506 [GameThread] INFO  io.alunity.GameThread - Status [runtime=42m 30s, connections=1, players=1, uniques=1, npcs=3296, reserved-heights=0, average-cycle-time=6ms, handshakes-per-tick=0, memory=345.9 MB/615 MB]
22:10:34.802 [GameThread] INFO  io.alunity.GameThread - Status [runtime=43m, connections=1, players=1, uniques=1, npcs=3296, reserved-heights=0, average-cycle-time=6ms, handshakes-per-tick=0, memory=534.4 MB/615 MB]
22:11:05.103 [GameThread] INFO  io.alunity.GameThread - Status [runtime=43m 30s, connections=1, players=1, uniques=1, npcs=3296, reserved-heights=0, average-cycle-time=6ms, handshakes-per-tick=0, memory=479 MB/615 MB]
22:11:35.384 [GameThread] INFO  io.alunity.GameThread - Status [runtime=44m, connections=1, players=1, uniques=1, npcs=3296, reserved-heights=0, average-cycle-time=6ms, handshakes-per-tick=0, memory=421.4 MB/615 MB]
22:12:05.667 [GameThread] INFO  io.alunity.GameThread - Status [runtime=44m 30s, connections=1, players=1, uniques=1, npcs=3296, reserved-heights=0, average-cycle-time=6ms, handshakes-per-tick=0, memory=364.4 MB/615 MB]
22:12:08.878 [player-save-backup-0] INFO  i.a.m.entity.player.save.PlayerSave - Saved 1 online users.
22:12:08.879 [player-save-backup-0] INFO  i.a.m.e.p.s.backup.PlayerSaveBackup - Dumping database DatabaseCredentials{url='jdbc:mysql://92.204.221.12/game_alunity?useSSL=false&serverTimezone=UTC', username='Alunity_Game'}.
22:12:08.910 [player-save-backup-0] ERROR i.a.m.e.p.s.backup.PlayerSaveBackup - Error while dumping mysql database
java.lang.IllegalStateException: Something went wrong with mysqldump command, code: 1
	at io.alunity.model.entity.player.save.backup.PlayerSaveBackup.dumpMysqlDatabase(PlayerSaveBackup.java:108)
	at io.alunity.model.entity.player.save.backup.PlayerSaveBackup.backup(PlayerSaveBackup.java:66)
	at io.alunity.model.entity.player.save.backup.PlayerSaveBackup.lambda$start$0(PlayerSaveBackup.java:50)
	at java.base/java.util.concurrent.Executors$RunnableAdapter.call(Executors.java:515)
	at java.base/java.util.concurrent.FutureTask.runAndReset(FutureTask.java:305)
	at java.base/java.util.concurrent.ScheduledThreadPoolExecutor$ScheduledFutureTask.run(ScheduledThreadPoolExecutor.java:305)
	at java.base/java.util.concurrent.ThreadPoolExecutor.runWorker(ThreadPoolExecutor.java:1130)
	at java.base/java.util.concurrent.ThreadPoolExecutor$Worker.run(ThreadPoolExecutor.java:630)
	at java.base/java.lang.Thread.run(Thread.java:832)
22:12:08.931 [player-save-backup-0] INFO  i.a.m.e.p.s.backup.PlayerSaveBackup - Backed up save files to file .\save_files\backups\public\2021-11-15T22_12_08.8782398.zip 
22:12:08.931 [player-save-backup-0] WARN  i.a.m.e.p.s.backup.PlayerSaveBackup - No FTP credentials to upload remote backups.
22:12:08.931 [player-save-backup-0] WARN  i.a.m.e.p.s.backup.PlayerSaveBackup - No FTP credentials to upload remote backups.
22:12:35.935 [GameThread] INFO  io.alunity.GameThread - Status [runtime=45m, connections=1, players=1, uniques=1, npcs=3296, reserved-heights=0, average-cycle-time=6ms, handshakes-per-tick=0, memory=306.5 MB/615 MB]
22:13:06.240 [GameThread] INFO  io.alunity.GameThread - Status [runtime=45m 30s, connections=1, players=1, uniques=1, npcs=3296, reserved-heights=0, average-cycle-time=6ms, handshakes-per-tick=0, memory=497.1 MB/615 MB]
22:13:36.570 [GameThread] INFO  io.alunity.GameThread - Status [runtime=46m, connections=1, players=1, uniques=1, npcs=3296, reserved-heights=0, average-cycle-time=6ms, handshakes-per-tick=0, memory=438 MB/615 MB]
22:14:06.875 [GameThread] INFO  io.alunity.GameThread - Status [runtime=46m 30s, connections=1, players=1, uniques=1, npcs=3296, reserved-heights=0, average-cycle-time=6ms, handshakes-per-tick=0, memory=382.5 MB/615 MB]
22:14:37.234 [GameThread] INFO  io.alunity.GameThread - Status [runtime=47m, connections=1, players=1, uniques=1, npcs=3296, reserved-heights=0, average-cycle-time=6ms, handshakes-per-tick=0, memory=325.1 MB/615 MB]
22:15:07.537 [GameThread] INFO  io.alunity.GameThread - Status [runtime=47m 30s, connections=1, players=1, uniques=1, npcs=3296, reserved-heights=0, average-cycle-time=6ms, handshakes-per-tick=0, memory=516.1 MB/615 MB]
22:15:37.885 [GameThread] INFO  io.alunity.GameThread - Status [runtime=48m, connections=1, players=1, uniques=1, npcs=3296, reserved-heights=0, average-cycle-time=6ms, handshakes-per-tick=0, memory=458.4 MB/615 MB]
22:16:08.192 [GameThread] INFO  io.alunity.GameThread - Status [runtime=48m 30s, connections=1, players=1, uniques=1, npcs=3296, reserved-heights=0, average-cycle-time=6ms, handshakes-per-tick=0, memory=401.6 MB/615 MB]
22:16:38.303 [GameThread] INFO  io.alunity.GameThread - Status [runtime=49m, connections=1, players=1, uniques=1, npcs=3296, reserved-heights=0, average-cycle-time=6ms, handshakes-per-tick=0, memory=343.6 MB/615 MB]
22:17:08.570 [GameThread] INFO  io.alunity.GameThread - Status [runtime=49m 30s, connections=1, players=1, uniques=1, npcs=3296, reserved-heights=0, average-cycle-time=6ms, handshakes-per-tick=0, memory=534.2 MB/615 MB]
22:17:38.845 [GameThread] INFO  io.alunity.GameThread - Status [runtime=50m, connections=1, players=1, uniques=1, npcs=3296, reserved-heights=0, average-cycle-time=6ms, handshakes-per-tick=0, memory=474.5 MB/615 MB]
22:18:09.129 [GameThread] INFO  io.alunity.GameThread - Status [runtime=50m 30s, connections=1, players=1, uniques=1, npcs=3296, reserved-heights=0, average-cycle-time=6ms, handshakes-per-tick=0, memory=418.6 MB/615 MB]
22:18:39.520 [GameThread] INFO  io.alunity.GameThread - Status [runtime=51m, connections=1, players=1, uniques=1, npcs=3296, reserved-heights=0, average-cycle-time=6ms, handshakes-per-tick=0, memory=360.7 MB/615 MB]
22:19:09.807 [GameThread] INFO  io.alunity.GameThread - Status [runtime=51m 30s, connections=1, players=1, uniques=1, npcs=3296, reserved-heights=0, average-cycle-time=6ms, handshakes-per-tick=0, memory=305.6 MB/615 MB]
22:19:39.981 [GameThread] INFO  io.alunity.GameThread - Status [runtime=52m, connections=1, players=1, uniques=1, npcs=3296, reserved-heights=0, average-cycle-time=6ms, handshakes-per-tick=0, memory=494.1 MB/615 MB]
22:20:10.197 [GameThread] INFO  io.alunity.GameThread - Status [runtime=52m 30s, connections=1, players=1, uniques=1, npcs=3296, reserved-heights=0, average-cycle-time=6ms, handshakes-per-tick=0, memory=438.6 MB/615 MB]
22:20:40.396 [GameThread] INFO  io.alunity.GameThread - Status [runtime=53m, connections=1, players=1, uniques=1, npcs=3296, reserved-heights=0, average-cycle-time=6ms, handshakes-per-tick=0, memory=380.6 MB/615 MB]
22:21:10.699 [GameThread] INFO  io.alunity.GameThread - Status [runtime=53m 30s, connections=1, players=1, uniques=1, npcs=3296, reserved-heights=0, average-cycle-time=6ms, handshakes-per-tick=0, memory=325.1 MB/615 MB]
22:21:40.993 [GameThread] INFO  io.alunity.GameThread - Status [runtime=54m, connections=1, players=1, uniques=1, npcs=3296, reserved-heights=0, average-cycle-time=6ms, handshakes-per-tick=0, memory=513.6 MB/615 MB]
22:22:11.229 [GameThread] INFO  io.alunity.GameThread - Status [runtime=54m 30s, connections=1, players=1, uniques=1, npcs=3296, reserved-heights=0, average-cycle-time=6ms, handshakes-per-tick=0, memory=457.6 MB/615 MB]
22:22:41.545 [GameThread] INFO  io.alunity.GameThread - Status [runtime=55m, connections=1, players=1, uniques=1, npcs=3296, reserved-heights=0, average-cycle-time=6ms, handshakes-per-tick=0, memory=399.6 MB/615 MB]
22:23:11.818 [GameThread] INFO  io.alunity.GameThread - Status [runtime=55m 30s, connections=1, players=1, uniques=1, npcs=3296, reserved-heights=0, average-cycle-time=6ms, handshakes-per-tick=0, memory=343.6 MB/615 MB]
22:23:42.167 [GameThread] INFO  io.alunity.GameThread - Status [runtime=56m, connections=1, players=1, uniques=1, npcs=3296, reserved-heights=0, average-cycle-time=6ms, handshakes-per-tick=0, memory=532 MB/615 MB]
22:24:12.484 [GameThread] INFO  io.alunity.GameThread - Status [runtime=56m 30s, connections=1, players=1, uniques=1, npcs=3296, reserved-heights=0, average-cycle-time=6ms, handshakes-per-tick=0, memory=475.6 MB/615 MB]
22:24:42.785 [GameThread] INFO  io.alunity.GameThread - Status [runtime=57m, connections=1, players=1, uniques=1, npcs=3296, reserved-heights=0, average-cycle-time=6ms, handshakes-per-tick=0, memory=417.6 MB/615 MB]
22:25:13.086 [GameThread] INFO  io.alunity.GameThread - Status [runtime=57m 30s, connections=1, players=1, uniques=1, npcs=3296, reserved-heights=0, average-cycle-time=6ms, handshakes-per-tick=0, memory=361.6 MB/615 MB]
22:25:43.370 [GameThread] INFO  io.alunity.GameThread - Status [runtime=58m, connections=1, players=1, uniques=1, npcs=3296, reserved-heights=0, average-cycle-time=6ms, handshakes-per-tick=0, memory=302.3 MB/615 MB]
22:26:13.662 [GameThread] INFO  io.alunity.GameThread - Status [runtime=58m 30s, connections=1, players=1, uniques=1, npcs=3296, reserved-heights=0, average-cycle-time=6ms, handshakes-per-tick=0, memory=493.3 MB/615 MB]
22:26:43.972 [GameThread] INFO  io.alunity.GameThread - Status [runtime=59m, connections=1, players=1, uniques=1, npcs=3296, reserved-heights=0, average-cycle-time=6ms, handshakes-per-tick=0, memory=434 MB/615 MB]
22:27:08.883 [player-save-backup-0] INFO  i.a.m.entity.player.save.PlayerSave - Saved 1 online users.
22:27:14.217 [GameThread] INFO  io.alunity.GameThread - Status [runtime=59m 30s, connections=1, players=1, uniques=1, npcs=3296, reserved-heights=0, average-cycle-time=6ms, handshakes-per-tick=0, memory=377.6 MB/615 MB]
22:27:44.514 [GameThread] INFO  io.alunity.GameThread - Status [runtime=1h, connections=1, players=1, uniques=1, npcs=3296, reserved-heights=0, average-cycle-time=6ms, handshakes-per-tick=0, memory=319.7 MB/615 MB]
22:28:14.839 [GameThread] INFO  io.alunity.GameThread - Status [runtime=1h 00m 30s, connections=1, players=1, uniques=1, npcs=3296, reserved-heights=0, average-cycle-time=6ms, handshakes-per-tick=0, memory=511.8 MB/615 MB]
22:28:45.097 [GameThread] INFO  io.alunity.GameThread - Status [runtime=1h 01m, connections=0, players=0, uniques=0, npcs=3296, reserved-heights=0, average-cycle-time=6ms, handshakes-per-tick=0, memory=454.6 MB/615 MB]
22:29:15.169 [GameThread] INFO  io.alunity.GameThread - Status [runtime=1h 01m 30s, connections=0, players=0, uniques=0, npcs=3296, reserved-heights=0, average-cycle-time=6ms, handshakes-per-tick=0, memory=394.3 MB/615 MB]
22:29:45.249 [GameThread] INFO  io.alunity.GameThread - Status [runtime=1h 02m, connections=0, players=0, uniques=0, npcs=3296, reserved-heights=0, average-cycle-time=6ms, handshakes-per-tick=0, memory=334.7 MB/615 MB]
22:30:15.339 [GameThread] INFO  io.alunity.GameThread - Status [runtime=1h 02m 30s, connections=0, players=0, uniques=0, npcs=3296, reserved-heights=0, average-cycle-time=6ms, handshakes-per-tick=0, memory=523.9 MB/615 MB]
22:30:45.416 [GameThread] INFO  io.alunity.GameThread - Status [runtime=1h 03m, connections=0, players=0, uniques=0, npcs=3296, reserved-heights=0, average-cycle-time=6ms, handshakes-per-tick=0, memory=464.1 MB/615 MB]
22:31:15.497 [GameThread] INFO  io.alunity.GameThread - Status [runtime=1h 03m 30s, connections=0, players=0, uniques=0, npcs=3296, reserved-heights=0, average-cycle-time=6ms, handshakes-per-tick=0, memory=406.6 MB/615 MB]
22:31:45.576 [GameThread] INFO  io.alunity.GameThread - Status [runtime=1h 04m, connections=0, players=0, uniques=0, npcs=3296, reserved-heights=0, average-cycle-time=6ms, handshakes-per-tick=0, memory=346.8 MB/615 MB]
22:32:15.640 [GameThread] INFO  io.alunity.GameThread - Status [runtime=1h 04m 30s, connections=0, players=0, uniques=0, npcs=3296, reserved-heights=0, average-cycle-time=6ms, handshakes-per-tick=0, memory=536.4 MB/615 MB]
22:32:45.725 [GameThread] INFO  io.alunity.GameThread - Status [runtime=1h 05m, connections=0, players=0, uniques=0, npcs=3296, reserved-heights=0, average-cycle-time=7ms, handshakes-per-tick=0, memory=477 MB/615 MB]
22:33:15.800 [GameThread] INFO  io.alunity.GameThread - Status [runtime=1h 05m 30s, connections=0, players=0, uniques=0, npcs=3296, reserved-heights=0, average-cycle-time=7ms, handshakes-per-tick=0, memory=418.1 MB/615 MB]
22:33:45.870 [GameThread] INFO  io.alunity.GameThread - Status [runtime=1h 06m, connections=0, players=0, uniques=0, npcs=3296, reserved-heights=0, average-cycle-time=7ms, handshakes-per-tick=0, memory=358.8 MB/615 MB]
22:34:15.946 [GameThread] INFO  io.alunity.GameThread - Status [runtime=1h 06m 30s, connections=0, players=0, uniques=0, npcs=3296, reserved-heights=0, average-cycle-time=7ms, handshakes-per-tick=0, memory=300.7 MB/615 MB]
22:34:46.025 [GameThread] INFO  io.alunity.GameThread - Status [runtime=1h 07m, connections=0, players=0, uniques=0, npcs=3296, reserved-heights=0, average-cycle-time=7ms, handshakes-per-tick=0, memory=488.1 MB/615 MB]
22:35:16.098 [GameThread] INFO  io.alunity.GameThread - Status [runtime=1h 07m 30s, connections=0, players=0, uniques=0, npcs=3296, reserved-heights=0, average-cycle-time=7ms, handshakes-per-tick=0, memory=430.1 MB/615 MB]
22:35:46.168 [GameThread] INFO  io.alunity.GameThread - Status [runtime=1h 08m, connections=0, players=0, uniques=0, npcs=3296, reserved-heights=0, average-cycle-time=7ms, handshakes-per-tick=0, memory=371.3 MB/615 MB]
22:36:16.232 [GameThread] INFO  io.alunity.GameThread - Status [runtime=1h 08m 30s, connections=0, players=0, uniques=0, npcs=3296, reserved-heights=0, average-cycle-time=7ms, handshakes-per-tick=0, memory=312.7 MB/615 MB]
22:36:46.312 [GameThread] INFO  io.alunity.GameThread - Status [runtime=1h 09m, connections=0, players=0, uniques=0, npcs=3296, reserved-heights=0, average-cycle-time=7ms, handshakes-per-tick=0, memory=500.1 MB/615 MB]
22:37:16.388 [GameThread] INFO  io.alunity.GameThread - Status [runtime=1h 09m 30s, connections=0, players=0, uniques=0, npcs=3296, reserved-heights=0, average-cycle-time=7ms, handshakes-per-tick=0, memory=442.7 MB/615 MB]
22:37:46.460 [GameThread] INFO  io.alunity.GameThread - Status [runtime=1h 10m, connections=0, players=0, uniques=0, npcs=3296, reserved-heights=0, average-cycle-time=7ms, handshakes-per-tick=0, memory=383.3 MB/615 MB]
22:38:16.529 [GameThread] INFO  io.alunity.GameThread - Status [runtime=1h 10m 30s, connections=0, players=0, uniques=0, npcs=3296, reserved-heights=0, average-cycle-time=7ms, handshakes-per-tick=0, memory=325.2 MB/615 MB]
22:38:46.601 [GameThread] INFO  io.alunity.GameThread - Status [runtime=1h 11m, connections=0, players=0, uniques=0, npcs=3296, reserved-heights=0, average-cycle-time=7ms, handshakes-per-tick=0, memory=512.7 MB/615 MB]
22:39:16.673 [GameThread] INFO  io.alunity.GameThread - Status [runtime=1h 11m 30s, connections=0, players=0, uniques=0, npcs=3296, reserved-heights=0, average-cycle-time=7ms, handshakes-per-tick=0, memory=455.8 MB/615 MB]
22:39:46.752 [GameThread] INFO  io.alunity.GameThread - Status [runtime=1h 12m, connections=0, players=0, uniques=0, npcs=3296, reserved-heights=0, average-cycle-time=7ms, handshakes-per-tick=0, memory=397.3 MB/615 MB]
22:40:16.819 [GameThread] INFO  io.alunity.GameThread - Status [runtime=1h 12m 30s, connections=0, players=0, uniques=0, npcs=3296, reserved-heights=0, average-cycle-time=7ms, handshakes-per-tick=0, memory=340.2 MB/615 MB]
22:40:46.903 [GameThread] INFO  io.alunity.GameThread - Status [runtime=1h 13m, connections=0, players=0, uniques=0, npcs=3296, reserved-heights=0, average-cycle-time=7ms, handshakes-per-tick=0, memory=527.7 MB/615 MB]
22:41:16.977 [GameThread] INFO  io.alunity.GameThread - Status [runtime=1h 13m 30s, connections=0, players=0, uniques=0, npcs=3296, reserved-heights=0, average-cycle-time=7ms, handshakes-per-tick=0, memory=471.8 MB/615 MB]
22:41:36.872 [io-worker-0] ERROR io.alunity.util.discord.Discord - No discord channel found with name: server-sync
22:41:36.981 [pool-9-thread-7] INFO  i.alunity.net.login.RS2LoginProtocol - Player login queued [name=scott, mac=, ip=127.0.0.1:50376, time=109ms]
22:41:47.134 [GameThread] INFO  io.alunity.GameThread - Status [runtime=1h 14m, connections=1, players=1, uniques=1, npcs=3296, reserved-heights=0, average-cycle-time=7ms, handshakes-per-tick=0, memory=415.4 MB/615 MB]
22:42:08.897 [player-save-backup-0] INFO  i.a.m.entity.player.save.PlayerSave - Saved 1 online users.
22:42:08.898 [player-save-backup-0] INFO  i.a.m.e.p.s.backup.PlayerSaveBackup - Dumping database DatabaseCredentials{url='jdbc:mysql://92.204.221.12/game_alunity?useSSL=false&serverTimezone=UTC', username='Alunity_Game'}.
22:42:08.961 [player-save-backup-0] ERROR i.a.m.e.p.s.backup.PlayerSaveBackup - Error while dumping mysql database
java.lang.IllegalStateException: Something went wrong with mysqldump command, code: 1
	at io.alunity.model.entity.player.save.backup.PlayerSaveBackup.dumpMysqlDatabase(PlayerSaveBackup.java:108)
	at io.alunity.model.entity.player.save.backup.PlayerSaveBackup.backup(PlayerSaveBackup.java:66)
	at io.alunity.model.entity.player.save.backup.PlayerSaveBackup.lambda$start$0(PlayerSaveBackup.java:50)
	at java.base/java.util.concurrent.Executors$RunnableAdapter.call(Executors.java:515)
	at java.base/java.util.concurrent.FutureTask.runAndReset(FutureTask.java:305)
	at java.base/java.util.concurrent.ScheduledThreadPoolExecutor$ScheduledFutureTask.run(ScheduledThreadPoolExecutor.java:305)
	at java.base/java.util.concurrent.ThreadPoolExecutor.runWorker(ThreadPoolExecutor.java:1130)
	at java.base/java.util.concurrent.ThreadPoolExecutor$Worker.run(ThreadPoolExecutor.java:630)
	at java.base/java.lang.Thread.run(Thread.java:832)
22:42:08.980 [player-save-backup-0] INFO  i.a.m.e.p.s.backup.PlayerSaveBackup - Backed up save files to file .\save_files\backups\public\2021-11-15T22_42_08.8986705.zip 
22:42:08.981 [player-save-backup-0] WARN  i.a.m.e.p.s.backup.PlayerSaveBackup - No FTP credentials to upload remote backups.
22:42:08.981 [player-save-backup-0] WARN  i.a.m.e.p.s.backup.PlayerSaveBackup - No FTP credentials to upload remote backups.
22:42:17.417 [GameThread] INFO  io.alunity.GameThread - Status [runtime=1h 14m 30s, connections=1, players=1, uniques=1, npcs=3296, reserved-heights=0, average-cycle-time=7ms, handshakes-per-tick=0, memory=357 MB/615 MB]
22:42:47.570 [GameThread] INFO  io.alunity.GameThread - Status [runtime=1h 15m, connections=1, players=1, uniques=1, npcs=3296, reserved-heights=0, average-cycle-time=7ms, handshakes-per-tick=0, memory=545.4 MB/615 MB]
22:43:17.805 [GameThread] INFO  io.alunity.GameThread - Status [runtime=1h 15m 30s, connections=1, players=1, uniques=1, npcs=3296, reserved-heights=0, average-cycle-time=7ms, handshakes-per-tick=0, memory=488.8 MB/615 MB]
22:43:48.098 [GameThread] INFO  io.alunity.GameThread - Status [runtime=1h 16m, connections=1, players=1, uniques=1, npcs=3296, reserved-heights=0, average-cycle-time=7ms, handshakes-per-tick=0, memory=430.4 MB/615 MB]
22:44:18.405 [GameThread] INFO  io.alunity.GameThread - Status [runtime=1h 16m 30s, connections=1, players=1, uniques=1, npcs=3296, reserved-heights=0, average-cycle-time=7ms, handshakes-per-tick=0, memory=375.9 MB/615 MB]
22:44:48.635 [GameThread] INFO  io.alunity.GameThread - Status [runtime=1h 17m, connections=1, players=1, uniques=1, npcs=3296, reserved-heights=0, average-cycle-time=7ms, handshakes-per-tick=0, memory=317.8 MB/615 MB]
22:45:18.919 [GameThread] INFO  io.alunity.GameThread - Status [runtime=1h 17m 30s, connections=1, players=1, uniques=1, npcs=3296, reserved-heights=0, average-cycle-time=7ms, handshakes-per-tick=0, memory=509 MB/615 MB]
22:45:49.192 [GameThread] INFO  io.alunity.GameThread - Status [runtime=1h 18m, connections=1, players=1, uniques=1, npcs=3296, reserved-heights=0, average-cycle-time=7ms, handshakes-per-tick=0, memory=450.9 MB/615 MB]
22:46:19.494 [GameThread] INFO  io.alunity.GameThread - Status [runtime=1h 18m 30s, connections=1, players=1, uniques=1, npcs=3296, reserved-heights=0, average-cycle-time=7ms, handshakes-per-tick=0, memory=395.4 MB/615 MB]
22:46:49.790 [GameThread] INFO  io.alunity.GameThread - Status [runtime=1h 19m, connections=1, players=1, uniques=1, npcs=3296, reserved-heights=0, average-cycle-time=7ms, handshakes-per-tick=0, memory=337.9 MB/615 MB]
22:47:20.056 [GameThread] INFO  io.alunity.GameThread - Status [runtime=1h 19m 30s, connections=1, players=1, uniques=1, npcs=3296, reserved-heights=0, average-cycle-time=7ms, handshakes-per-tick=0, memory=528.6 MB/615 MB]
22:47:50.321 [GameThread] INFO  io.alunity.GameThread - Status [runtime=1h 20m, connections=1, players=1, uniques=1, npcs=3296, reserved-heights=0, average-cycle-time=7ms, handshakes-per-tick=0, memory=471.2 MB/615 MB]
22:48:20.582 [GameThread] INFO  io.alunity.GameThread - Status [runtime=1h 20m 30s, connections=1, players=1, uniques=1, npcs=3297, reserved-heights=0, average-cycle-time=7ms, handshakes-per-tick=0, memory=416 MB/615 MB]
22:48:50.857 [GameThread] INFO  io.alunity.GameThread - Status [runtime=1h 21m, connections=1, players=1, uniques=1, npcs=3296, reserved-heights=0, average-cycle-time=7ms, handshakes-per-tick=0, memory=358.1 MB/615 MB]
22:49:21.231 [GameThread] INFO  io.alunity.GameThread - Status [runtime=1h 21m 30s, connections=1, players=1, uniques=1, npcs=3296, reserved-heights=0, average-cycle-time=7ms, handshakes-per-tick=0, memory=303.4 MB/615 MB]
22:49:51.574 [GameThread] INFO  io.alunity.GameThread - Status [runtime=1h 22m, connections=1, players=1, uniques=1, npcs=3296, reserved-heights=0, average-cycle-time=7ms, handshakes-per-tick=0, memory=492.3 MB/615 MB]
22:50:21.871 [GameThread] INFO  io.alunity.GameThread - Status [runtime=1h 22m 30s, connections=1, players=1, uniques=1, npcs=3296, reserved-heights=0, average-cycle-time=7ms, handshakes-per-tick=0, memory=436.9 MB/615 MB]
22:50:52.187 [GameThread] INFO  io.alunity.GameThread - Status [runtime=1h 23m, connections=1, players=1, uniques=1, npcs=3296, reserved-heights=0, average-cycle-time=7ms, handshakes-per-tick=0, memory=390.1 MB/615 MB]
22:51:22.488 [GameThread] INFO  io.alunity.GameThread - Status [runtime=1h 23m 30s, connections=1, players=1, uniques=1, npcs=3296, reserved-heights=0, average-cycle-time=7ms, handshakes-per-tick=0, memory=332.2 MB/615 MB]
22:51:52.806 [GameThread] INFO  io.alunity.GameThread - Status [runtime=1h 24m, connections=1, players=1, uniques=1, npcs=3296, reserved-heights=0, average-cycle-time=7ms, handshakes-per-tick=0, memory=523.2 MB/615 MB]
22:52:23.164 [GameThread] INFO  io.alunity.GameThread - Status [runtime=1h 24m 30s, connections=1, players=1, uniques=1, npcs=3296, reserved-heights=0, average-cycle-time=7ms, handshakes-per-tick=0, memory=474.4 MB/615 MB]
22:52:53.495 [GameThread] INFO  io.alunity.GameThread - Status [runtime=1h 25m, connections=1, players=1, uniques=1, npcs=3296, reserved-heights=0, average-cycle-time=7ms, handshakes-per-tick=0, memory=417.2 MB/615 MB]
22:53:23.637 [GameThread] INFO  io.alunity.GameThread - Status [runtime=1h 25m 30s, connections=1, players=1, uniques=1, npcs=3296, reserved-heights=0, average-cycle-time=7ms, handshakes-per-tick=0, memory=362.2 MB/615 MB]
22:53:53.725 [GameThread] INFO  io.alunity.GameThread - Status [runtime=1h 26m, connections=1, players=1, uniques=1, npcs=3296, reserved-heights=0, average-cycle-time=7ms, handshakes-per-tick=0, memory=305.7 MB/615 MB]
22:54:23.837 [GameThread] INFO  io.alunity.GameThread - Status [runtime=1h 26m 30s, connections=1, players=1, uniques=1, npcs=3296, reserved-heights=0, average-cycle-time=7ms, handshakes-per-tick=0, memory=496.4 MB/615 MB]
22:54:56.594 [GameThread] INFO  io.alunity.GameThread - Status [runtime=1h 27m, connections=1, players=1, uniques=1, npcs=3296, reserved-heights=0, average-cycle-time=7ms, handshakes-per-tick=0, memory=440.7 MB/615 MB]
