22:54:18.295 [GameThread] INFO  io.alunity.Server - Server state: PUBLIC
22:54:18.804 [GameThread] INFO  o.f.c.i.license.VersionPrinter - Flyway Community Edition 5.2.4 by Boxfuse
22:54:19.177 [GameThread] INFO  o.f.c.i.database.DatabaseFactory - Database: jdbc:mysql://92.204.221.12/game_alunity (MySQL 5.6)
22:54:19.341 [GameThread] INFO  o.f.core.internal.command.DbValidate - Successfully validated 15 migrations (execution time 00:00.028s)
22:54:19.360 [GameThread] INFO  o.f.core.internal.command.DbMigrate - Current version of schema `game_alunity`: 15
22:54:19.362 [GameThread] INFO  o.f.core.internal.command.DbMigrate - Schema `game_alunity` is up to date. No migration necessary.
22:54:30.964 [GameThread] INFO  i.a.m.c.ControllerRepository - Loaded 7 controllers.
22:54:31.010 [GameThread] INFO  i.a.m.e.p.m.g.GroupIronmanRepository - Loaded 0 group ironman groups.
22:54:33.023 [GameThread] INFO  i.a.m.entity.player.save.PlayerSave - Loaded 18 Player Save Entries.
22:54:34.048 [GameThread] INFO  io.alunity.model.definitions.ShopDef - Loaded 51 shops.
22:54:34.195 [GameThread] INFO  io.alunity.model.definitions.NpcDef - Loaded 9474 npc definitions.
22:55:06.343 [player-save-backup-0] INFO  i.a.m.entity.player.save.PlayerSave - Saved 0 online users.
22:55:26.932 [io-worker-0] INFO  net.dv8tion.jda.api.JDA - Login Successful!
22:55:27.715 [JDA MainWS-WriteThread] INFO  n.d.j.i.requests.WebSocketClient - Connected to WebSocket
22:55:28.103 [JDA MainWS-ReadThread] INFO  net.dv8tion.jda.api.JDA - Finished Loading!
22:55:28.248 [io-worker-0] ERROR io.alunity.util.discord.Discord - No discord channel found with name: server-sync
22:55:28.264 [io-worker-0] ERROR io.alunity.util.discord.Discord - No discord channel found with name: server-sync
22:55:28.569 [pool-9-thread-1] INFO  i.alunity.net.login.RS2LoginProtocol - Player login queued [name=Scott, mac=, ip=127.0.0.1:53107, time=617ms]
22:55:46.484 [GameThread] INFO  io.alunity.GameThread - Status [runtime=0m 30s, connections=1, players=1, uniques=1, npcs=3295, reserved-heights=0, average-cycle-time=24ms, handshakes-per-tick=0, memory=418.3 MB/778 MB]
22:56:16.549 [GameThread] INFO  io.alunity.GameThread - Status [runtime=1m, connections=1, players=1, uniques=1, npcs=3295, reserved-heights=0, average-cycle-time=19ms, handshakes-per-tick=0, memory=608.8 MB/778 MB]
22:56:46.632 [GameThread] INFO  io.alunity.GameThread - Status [runtime=1m 30s, connections=1, players=1, uniques=1, npcs=3295, reserved-heights=0, average-cycle-time=17ms, handshakes-per-tick=0, memory=461.4 MB/778 MB]
22:57:13.226 [io-worker-0] ERROR io.alunity.util.discord.Discord - No discord channel found with name: server-sync
22:57:13.320 [pool-9-thread-3] INFO  i.alunity.net.login.RS2LoginProtocol - Player login queued [name=Scott, mac=, ip=127.0.0.1:53144, time=103ms]
22:57:16.739 [GameThread] INFO  io.alunity.GameThread - Status [runtime=2m, connections=1, players=1, uniques=1, npcs=3295, reserved-heights=0, average-cycle-time=17ms, handshakes-per-tick=0, memory=306.9 MB/778 MB]
22:57:18.900 [io-worker-0] ERROR io.alunity.util.discord.Discord - No discord channel found with name: server-sync
22:57:18.994 [pool-9-thread-4] INFO  i.alunity.net.login.RS2LoginProtocol - Player login queued [name=Scott, mac=, ip=127.0.0.1:53150, time=102ms]
22:57:24.995 [io-worker-0] ERROR io.alunity.util.discord.Discord - No discord channel found with name: server-sync
22:57:25.089 [pool-9-thread-5] INFO  i.alunity.net.login.RS2LoginProtocol - Player login queued [name=Scott, mac=, ip=127.0.0.1:53183, time=98ms]
22:57:46.801 [GameThread] INFO  io.alunity.GameThread - Status [runtime=2m 30s, connections=1, players=1, uniques=1, npcs=3295, reserved-heights=0, average-cycle-time=16ms, handshakes-per-tick=0, memory=502.9 MB/778 MB]
22:58:16.877 [GameThread] INFO  io.alunity.GameThread - Status [runtime=3m, connections=1, players=1, uniques=1, npcs=3295, reserved-heights=0, average-cycle-time=16ms, handshakes-per-tick=0, memory=328.8 MB/778 MB]
22:58:46.955 [GameThread] INFO  io.alunity.GameThread - Status [runtime=3m 30s, connections=1, players=1, uniques=1, npcs=3295, reserved-heights=0, average-cycle-time=15ms, handshakes-per-tick=0, memory=517.4 MB/778 MB]
22:59:17.035 [GameThread] INFO  io.alunity.GameThread - Status [runtime=4m, connections=1, players=1, uniques=1, npcs=3295, reserved-heights=0, average-cycle-time=15ms, handshakes-per-tick=0, memory=332.9 MB/778 MB]
22:59:47.107 [GameThread] INFO  io.alunity.GameThread - Status [runtime=4m 30s, connections=1, players=1, uniques=1, npcs=3295, reserved-heights=0, average-cycle-time=15ms, handshakes-per-tick=0, memory=523.4 MB/778 MB]
23:00:17.175 [GameThread] INFO  io.alunity.GameThread - Status [runtime=5m, connections=1, players=1, uniques=1, npcs=3295, reserved-heights=0, average-cycle-time=14ms, handshakes-per-tick=0, memory=334.4 MB/778 MB]
23:00:47.245 [GameThread] INFO  io.alunity.GameThread - Status [runtime=5m 30s, connections=1, players=1, uniques=1, npcs=3295, reserved-heights=0, average-cycle-time=14ms, handshakes-per-tick=0, memory=525.4 MB/778 MB]
23:01:17.329 [GameThread] INFO  io.alunity.GameThread - Status [runtime=6m, connections=1, players=1, uniques=1, npcs=3295, reserved-heights=0, average-cycle-time=14ms, handshakes-per-tick=0, memory=334.2 MB/778 MB]
23:01:47.406 [GameThread] INFO  io.alunity.GameThread - Status [runtime=6m 30s, connections=1, players=1, uniques=1, npcs=3295, reserved-heights=0, average-cycle-time=14ms, handshakes-per-tick=0, memory=522.9 MB/778 MB]
23:02:17.616 [GameThread] INFO  io.alunity.GameThread - Status [runtime=7m, connections=1, players=1, uniques=1, npcs=3295, reserved-heights=0, average-cycle-time=14ms, handshakes-per-tick=0, memory=334.4 MB/778 MB]
23:02:48.737 [GameThread] INFO  io.alunity.GameThread - Status [runtime=7m 30s, connections=1, players=1, uniques=1, npcs=3295, reserved-heights=0, average-cycle-time=14ms, handshakes-per-tick=0, memory=525.9 MB/778 MB]
23:03:19.089 [GameThread] INFO  io.alunity.GameThread - Status [runtime=8m, connections=1, players=1, uniques=1, npcs=3295, reserved-heights=0, average-cycle-time=13ms, handshakes-per-tick=0, memory=336.9 MB/778 MB]
23:03:49.164 [GameThread] INFO  io.alunity.GameThread - Status [runtime=8m 30s, connections=1, players=1, uniques=1, npcs=3295, reserved-heights=0, average-cycle-time=13ms, handshakes-per-tick=0, memory=528.4 MB/778 MB]
