22:11:58.811 [GameThread] INFO  io.alunity.Server - Server state: PUBLIC
22:11:59.297 [GameThread] INFO  o.f.c.i.license.VersionPrinter - Flyway Community Edition 5.2.4 by Boxfuse
22:11:59.653 [GameThread] INFO  o.f.c.i.database.DatabaseFactory - Database: jdbc:mysql://92.204.221.12/game_alunity (MySQL 5.6)
22:11:59.818 [GameThread] INFO  o.f.core.internal.command.DbValidate - Successfully validated 15 migrations (execution time 00:00.026s)
22:11:59.839 [GameThread] INFO  o.f.core.internal.command.DbMigrate - Current version of schema `game_alunity`: 15
22:11:59.839 [GameThread] INFO  o.f.core.internal.command.DbMigrate - Schema `game_alunity` is up to date. No migration necessary.
22:12:08.436 [GameThread] INFO  i.a.m.c.ControllerRepository - Loaded 7 controllers.
22:12:08.484 [GameThread] INFO  i.a.m.e.p.m.g.GroupIronmanRepository - Loaded 0 group ironman groups.
22:12:09.267 [GameThread] INFO  i.a.m.entity.player.save.PlayerSave - Loaded 18 Player Save Entries.
22:12:10.154 [GameThread] INFO  io.alunity.model.definitions.ShopDef - Loaded 51 shops.
22:12:10.315 [GameThread] INFO  io.alunity.model.definitions.NpcDef - Loaded 9474 npc definitions.
22:12:29.540 [player-save-backup-0] INFO  i.a.m.entity.player.save.PlayerSave - Saved 0 online users.
22:12:33.026 [io-worker-0] INFO  net.dv8tion.jda.api.JDA - Login Successful!
22:12:33.337 [JDA MainWS-ReadThread] INFO  n.d.j.i.requests.WebSocketClient - Connected to WebSocket
22:12:33.522 [JDA MainWS-ReadThread] INFO  net.dv8tion.jda.api.JDA - Finished Loading!
22:12:33.565 [io-worker-0] ERROR io.alunity.util.discord.Discord - No discord channel found with name: server-sync
22:12:33.845 [io-worker-0] ERROR io.alunity.util.discord.Discord - No discord channel found with name: server-sync
22:12:34.170 [pool-9-thread-1] INFO  i.alunity.net.login.RS2LoginProtocol - Player login queued [name=scott, mac=, ip=127.0.0.1:62993, time=687ms]
22:13:01.458 [GameThread] INFO  io.alunity.GameThread - Status [runtime=0m 30s, connections=1, players=1, uniques=1, npcs=3295, reserved-heights=0, average-cycle-time=16ms, handshakes-per-tick=0, memory=485.2 MB/609 MB]
22:13:31.798 [GameThread] INFO  io.alunity.GameThread - Status [runtime=1m, connections=1, players=1, uniques=1, npcs=3295, reserved-heights=0, average-cycle-time=13ms, handshakes-per-tick=0, memory=481.2 MB/609 MB]
22:14:02.127 [GameThread] INFO  io.alunity.GameThread - Status [runtime=1m 30s, connections=1, players=1, uniques=1, npcs=3295, reserved-heights=0, average-cycle-time=11ms, handshakes-per-tick=0, memory=461.3 MB/609 MB]
22:14:32.568 [GameThread] INFO  io.alunity.GameThread - Status [runtime=2m, connections=1, players=1, uniques=1, npcs=3295, reserved-heights=0, average-cycle-time=10ms, handshakes-per-tick=0, memory=428.3 MB/609 MB]
22:15:02.837 [GameThread] INFO  io.alunity.GameThread - Status [runtime=2m 30s, connections=1, players=1, uniques=1, npcs=3295, reserved-heights=0, average-cycle-time=10ms, handshakes-per-tick=0, memory=385.9 MB/609 MB]
22:15:32.902 [GameThread] INFO  io.alunity.GameThread - Status [runtime=3m, connections=1, players=1, uniques=1, npcs=3295, reserved-heights=0, average-cycle-time=10ms, handshakes-per-tick=0, memory=338.8 MB/609 MB]
22:16:02.975 [GameThread] INFO  io.alunity.GameThread - Status [runtime=3m 30s, connections=1, players=1, uniques=1, npcs=3295, reserved-heights=0, average-cycle-time=10ms, handshakes-per-tick=0, memory=529.4 MB/609 MB]
22:16:33.055 [GameThread] INFO  io.alunity.GameThread - Status [runtime=4m, connections=1, players=1, uniques=1, npcs=3295, reserved-heights=0, average-cycle-time=10ms, handshakes-per-tick=0, memory=477.8 MB/609 MB]
22:17:03.133 [GameThread] INFO  io.alunity.GameThread - Status [runtime=4m 30s, connections=1, players=1, uniques=1, npcs=3295, reserved-heights=0, average-cycle-time=10ms, handshakes-per-tick=0, memory=425.4 MB/609 MB]
22:17:33.211 [GameThread] INFO  io.alunity.GameThread - Status [runtime=5m, connections=1, players=1, uniques=1, npcs=3295, reserved-heights=0, average-cycle-time=10ms, handshakes-per-tick=0, memory=370.1 MB/609 MB]
22:18:03.299 [GameThread] INFO  io.alunity.GameThread - Status [runtime=5m 30s, connections=1, players=1, uniques=1, npcs=3295, reserved-heights=0, average-cycle-time=10ms, handshakes-per-tick=0, memory=314.3 MB/609 MB]
22:18:33.380 [GameThread] INFO  io.alunity.GameThread - Status [runtime=6m, connections=1, players=1, uniques=1, npcs=3295, reserved-heights=0, average-cycle-time=10ms, handshakes-per-tick=0, memory=503.6 MB/609 MB]
22:19:03.458 [GameThread] INFO  io.alunity.GameThread - Status [runtime=6m 30s, connections=1, players=1, uniques=1, npcs=3295, reserved-heights=0, average-cycle-time=10ms, handshakes-per-tick=0, memory=447 MB/609 MB]
22:19:33.553 [GameThread] INFO  io.alunity.GameThread - Status [runtime=7m, connections=1, players=1, uniques=1, npcs=3295, reserved-heights=0, average-cycle-time=11ms, handshakes-per-tick=0, memory=388.7 MB/609 MB]
22:20:03.637 [GameThread] INFO  io.alunity.GameThread - Status [runtime=7m 30s, connections=1, players=1, uniques=1, npcs=3295, reserved-heights=0, average-cycle-time=11ms, handshakes-per-tick=0, memory=332 MB/609 MB]
22:20:33.710 [GameThread] INFO  io.alunity.GameThread - Status [runtime=8m, connections=1, players=1, uniques=1, npcs=3295, reserved-heights=0, average-cycle-time=11ms, handshakes-per-tick=0, memory=520.9 MB/609 MB]
22:21:03.801 [GameThread] INFO  io.alunity.GameThread - Status [runtime=8m 30s, connections=1, players=1, uniques=1, npcs=3295, reserved-heights=0, average-cycle-time=11ms, handshakes-per-tick=0, memory=465 MB/609 MB]
22:21:33.884 [GameThread] INFO  io.alunity.GameThread - Status [runtime=9m, connections=1, players=1, uniques=1, npcs=3295, reserved-heights=0, average-cycle-time=11ms, handshakes-per-tick=0, memory=406.9 MB/609 MB]
22:22:03.958 [GameThread] INFO  io.alunity.GameThread - Status [runtime=9m 30s, connections=1, players=1, uniques=1, npcs=3295, reserved-heights=0, average-cycle-time=11ms, handshakes-per-tick=0, memory=349.3 MB/609 MB]
22:22:34.022 [GameThread] INFO  io.alunity.GameThread - Status [runtime=10m, connections=1, players=1, uniques=1, npcs=3295, reserved-heights=0, average-cycle-time=11ms, handshakes-per-tick=0, memory=537.8 MB/609 MB]
22:23:04.103 [GameThread] INFO  io.alunity.GameThread - Status [runtime=10m 30s, connections=1, players=1, uniques=1, npcs=3295, reserved-heights=0, average-cycle-time=11ms, handshakes-per-tick=0, memory=484.1 MB/609 MB]
22:23:34.186 [GameThread] INFO  io.alunity.GameThread - Status [runtime=11m, connections=1, players=1, uniques=1, npcs=3295, reserved-heights=0, average-cycle-time=11ms, handshakes-per-tick=0, memory=428.4 MB/609 MB]
22:24:04.266 [GameThread] INFO  io.alunity.GameThread - Status [runtime=11m 30s, connections=1, players=1, uniques=1, npcs=3295, reserved-heights=0, average-cycle-time=11ms, handshakes-per-tick=0, memory=370.8 MB/609 MB]
22:24:34.347 [GameThread] INFO  io.alunity.GameThread - Status [runtime=12m, connections=1, players=1, uniques=1, npcs=3295, reserved-heights=0, average-cycle-time=11ms, handshakes-per-tick=0, memory=309.3 MB/609 MB]
22:25:04.425 [GameThread] INFO  io.alunity.GameThread - Status [runtime=12m 30s, connections=1, players=1, uniques=1, npcs=3295, reserved-heights=0, average-cycle-time=11ms, handshakes-per-tick=0, memory=498.9 MB/609 MB]
22:25:34.494 [GameThread] INFO  io.alunity.GameThread - Status [runtime=13m, connections=1, players=1, uniques=1, npcs=3295, reserved-heights=0, average-cycle-time=11ms, handshakes-per-tick=0, memory=439.2 MB/609 MB]
22:26:04.574 [GameThread] INFO  io.alunity.GameThread - Status [runtime=13m 30s, connections=1, players=1, uniques=1, npcs=3300, reserved-heights=1, average-cycle-time=11ms, handshakes-per-tick=0, memory=383.7 MB/609 MB]
22:26:34.671 [GameThread] INFO  io.alunity.GameThread - Status [runtime=14m, connections=1, players=1, uniques=1, npcs=3300, reserved-heights=1, average-cycle-time=11ms, handshakes-per-tick=0, memory=327.1 MB/609 MB]
22:27:04.726 [GameThread] INFO  io.alunity.GameThread - Status [runtime=14m 30s, connections=1, players=1, uniques=1, npcs=3302, reserved-heights=1, average-cycle-time=11ms, handshakes-per-tick=0, memory=519.5 MB/609 MB]
22:27:29.688 [player-save-backup-0] INFO  i.a.m.entity.player.save.PlayerSave - Saved 1 online users.
22:27:29.700 [player-save-backup-0] INFO  i.a.m.e.p.s.backup.PlayerSaveBackup - Dumping database DatabaseCredentials{url='jdbc:mysql://92.204.221.12/game_alunity?useSSL=false&serverTimezone=UTC', username='Alunity_Game'}.
22:27:29.814 [player-save-backup-0] ERROR i.a.m.e.p.s.backup.PlayerSaveBackup - Error while dumping mysql database
java.lang.IllegalStateException: Something went wrong with mysqldump command, code: 1
	at io.alunity.model.entity.player.save.backup.PlayerSaveBackup.dumpMysqlDatabase(PlayerSaveBackup.java:108)
	at io.alunity.model.entity.player.save.backup.PlayerSaveBackup.backup(PlayerSaveBackup.java:66)
	at io.alunity.model.entity.player.save.backup.PlayerSaveBackup.lambda$start$0(PlayerSaveBackup.java:50)
	at java.base/java.util.concurrent.Executors$RunnableAdapter.call(Executors.java:515)
	at java.base/java.util.concurrent.FutureTask.runAndReset(FutureTask.java:305)
	at java.base/java.util.concurrent.ScheduledThreadPoolExecutor$ScheduledFutureTask.run(ScheduledThreadPoolExecutor.java:305)
	at java.base/java.util.concurrent.ThreadPoolExecutor.runWorker(ThreadPoolExecutor.java:1130)
	at java.base/java.util.concurrent.ThreadPoolExecutor$Worker.run(ThreadPoolExecutor.java:630)
	at java.base/java.lang.Thread.run(Thread.java:832)
22:27:29.861 [player-save-backup-0] INFO  i.a.m.e.p.s.backup.PlayerSaveBackup - Backed up save files to file .\save_files\backups\public\2021-11-19T22_27_29.698935.zip 
22:27:29.899 [player-save-backup-0] WARN  i.a.m.e.p.s.backup.PlayerSaveBackup - No FTP credentials to upload remote backups.
22:27:29.900 [player-save-backup-0] WARN  i.a.m.e.p.s.backup.PlayerSaveBackup - No FTP credentials to upload remote backups.
22:27:34.808 [GameThread] INFO  io.alunity.GameThread - Status [runtime=15m, connections=1, players=1, uniques=1, npcs=3295, reserved-heights=0, average-cycle-time=11ms, handshakes-per-tick=0, memory=462.9 MB/609 MB]
22:28:04.876 [GameThread] INFO  io.alunity.GameThread - Status [runtime=15m 30s, connections=1, players=1, uniques=1, npcs=3295, reserved-heights=0, average-cycle-time=11ms, handshakes-per-tick=0, memory=403.1 MB/609 MB]
22:28:34.950 [GameThread] INFO  io.alunity.GameThread - Status [runtime=16m, connections=1, players=1, uniques=1, npcs=3295, reserved-heights=0, average-cycle-time=11ms, handshakes-per-tick=0, memory=343.7 MB/609 MB]
22:29:05.037 [GameThread] INFO  io.alunity.GameThread - Status [runtime=16m 30s, connections=1, players=1, uniques=1, npcs=3295, reserved-heights=0, average-cycle-time=11ms, handshakes-per-tick=0, memory=537.4 MB/609 MB]
22:29:35.118 [GameThread] INFO  io.alunity.GameThread - Status [runtime=17m, connections=1, players=1, uniques=1, npcs=3295, reserved-heights=0, average-cycle-time=11ms, handshakes-per-tick=0, memory=477.5 MB/609 MB]
22:30:05.191 [GameThread] INFO  io.alunity.GameThread - Status [runtime=17m 30s, connections=1, players=1, uniques=1, npcs=3295, reserved-heights=0, average-cycle-time=11ms, handshakes-per-tick=0, memory=419.5 MB/609 MB]
22:30:35.272 [GameThread] INFO  io.alunity.GameThread - Status [runtime=18m, connections=1, players=1, uniques=1, npcs=3295, reserved-heights=0, average-cycle-time=11ms, handshakes-per-tick=0, memory=358.6 MB/609 MB]
22:31:05.347 [GameThread] INFO  io.alunity.GameThread - Status [runtime=18m 30s, connections=1, players=1, uniques=1, npcs=3295, reserved-heights=0, average-cycle-time=11ms, handshakes-per-tick=0, memory=301.3 MB/609 MB]
22:31:35.420 [GameThread] INFO  io.alunity.GameThread - Status [runtime=19m, connections=1, players=1, uniques=1, npcs=3295, reserved-heights=0, average-cycle-time=11ms, handshakes-per-tick=0, memory=490.3 MB/609 MB]
22:32:05.507 [GameThread] INFO  io.alunity.GameThread - Status [runtime=19m 30s, connections=1, players=1, uniques=1, npcs=3295, reserved-heights=0, average-cycle-time=11ms, handshakes-per-tick=0, memory=431.6 MB/609 MB]
22:32:35.592 [GameThread] INFO  io.alunity.GameThread - Status [runtime=20m, connections=1, players=1, uniques=1, npcs=3295, reserved-heights=0, average-cycle-time=11ms, handshakes-per-tick=0, memory=372.3 MB/609 MB]
22:33:05.673 [GameThread] INFO  io.alunity.GameThread - Status [runtime=20m 30s, connections=1, players=1, uniques=1, npcs=3295, reserved-heights=0, average-cycle-time=11ms, handshakes-per-tick=0, memory=313.7 MB/609 MB]
22:33:35.750 [GameThread] INFO  io.alunity.GameThread - Status [runtime=21m, connections=1, players=1, uniques=1, npcs=3295, reserved-heights=0, average-cycle-time=11ms, handshakes-per-tick=0, memory=501.8 MB/609 MB]
22:34:05.814 [GameThread] INFO  io.alunity.GameThread - Status [runtime=21m 30s, connections=1, players=1, uniques=1, npcs=3295, reserved-heights=0, average-cycle-time=12ms, handshakes-per-tick=0, memory=451.1 MB/609 MB]
22:34:35.899 [GameThread] INFO  io.alunity.GameThread - Status [runtime=22m, connections=1, players=1, uniques=1, npcs=3295, reserved-heights=0, average-cycle-time=12ms, handshakes-per-tick=0, memory=392.5 MB/609 MB]
22:35:05.982 [GameThread] INFO  io.alunity.GameThread - Status [runtime=22m 30s, connections=1, players=1, uniques=1, npcs=3295, reserved-heights=0, average-cycle-time=12ms, handshakes-per-tick=0, memory=334.3 MB/609 MB]
22:35:36.061 [GameThread] INFO  io.alunity.GameThread - Status [runtime=23m, connections=1, players=1, uniques=1, npcs=3295, reserved-heights=0, average-cycle-time=12ms, handshakes-per-tick=0, memory=523.3 MB/609 MB]
22:36:06.145 [GameThread] INFO  io.alunity.GameThread - Status [runtime=23m 30s, connections=1, players=1, uniques=1, npcs=3295, reserved-heights=0, average-cycle-time=12ms, handshakes-per-tick=0, memory=477.3 MB/609 MB]
22:36:36.237 [GameThread] INFO  io.alunity.GameThread - Status [runtime=24m, connections=1, players=1, uniques=1, npcs=3295, reserved-heights=0, average-cycle-time=12ms, handshakes-per-tick=0, memory=416.9 MB/609 MB]
22:37:06.309 [GameThread] INFO  io.alunity.GameThread - Status [runtime=24m 30s, connections=1, players=1, uniques=1, npcs=3295, reserved-heights=0, average-cycle-time=12ms, handshakes-per-tick=0, memory=358.8 MB/609 MB]
22:37:36.399 [GameThread] INFO  io.alunity.GameThread - Status [runtime=25m, connections=1, players=1, uniques=1, npcs=3295, reserved-heights=0, average-cycle-time=12ms, handshakes-per-tick=0, memory=299.3 MB/609 MB]
22:38:06.479 [GameThread] INFO  io.alunity.GameThread - Status [runtime=25m 30s, connections=1, players=1, uniques=1, npcs=3295, reserved-heights=0, average-cycle-time=12ms, handshakes-per-tick=0, memory=489 MB/609 MB]
22:38:36.560 [GameThread] INFO  io.alunity.GameThread - Status [runtime=26m, connections=1, players=1, uniques=1, npcs=3295, reserved-heights=0, average-cycle-time=12ms, handshakes-per-tick=0, memory=429.1 MB/609 MB]
22:39:06.638 [GameThread] INFO  io.alunity.GameThread - Status [runtime=26m 30s, connections=1, players=1, uniques=1, npcs=3295, reserved-heights=0, average-cycle-time=12ms, handshakes-per-tick=0, memory=373.8 MB/609 MB]
22:39:36.725 [GameThread] INFO  io.alunity.GameThread - Status [runtime=27m, connections=1, players=1, uniques=1, npcs=3295, reserved-heights=0, average-cycle-time=11ms, handshakes-per-tick=0, memory=313.7 MB/609 MB]
22:40:06.802 [GameThread] INFO  io.alunity.GameThread - Status [runtime=27m 30s, connections=1, players=1, uniques=1, npcs=3295, reserved-heights=0, average-cycle-time=11ms, handshakes-per-tick=0, memory=502 MB/609 MB]
22:40:36.891 [GameThread] INFO  io.alunity.GameThread - Status [runtime=28m, connections=1, players=1, uniques=1, npcs=3295, reserved-heights=0, average-cycle-time=11ms, handshakes-per-tick=0, memory=442.4 MB/609 MB]
22:41:06.967 [GameThread] INFO  io.alunity.GameThread - Status [runtime=28m 30s, connections=1, players=1, uniques=1, npcs=3295, reserved-heights=0, average-cycle-time=11ms, handshakes-per-tick=0, memory=384.3 MB/609 MB]
22:41:37.048 [GameThread] INFO  io.alunity.GameThread - Status [runtime=29m, connections=1, players=1, uniques=1, npcs=3295, reserved-heights=0, average-cycle-time=11ms, handshakes-per-tick=0, memory=323.4 MB/609 MB]
22:42:07.131 [GameThread] INFO  io.alunity.GameThread - Status [runtime=29m 30s, connections=1, players=1, uniques=1, npcs=3295, reserved-heights=0, average-cycle-time=11ms, handshakes-per-tick=0, memory=513.5 MB/609 MB]
22:42:29.642 [player-save-backup-0] INFO  i.a.m.entity.player.save.PlayerSave - Saved 1 online users.
22:42:37.213 [GameThread] INFO  io.alunity.GameThread - Status [runtime=30m, connections=1, players=1, uniques=1, npcs=3295, reserved-heights=0, average-cycle-time=11ms, handshakes-per-tick=0, memory=454.1 MB/609 MB]
22:43:07.311 [GameThread] INFO  io.alunity.GameThread - Status [runtime=30m 30s, connections=1, players=1, uniques=1, npcs=3295, reserved-heights=0, average-cycle-time=11ms, handshakes-per-tick=0, memory=396.4 MB/609 MB]
22:43:37.393 [GameThread] INFO  io.alunity.GameThread - Status [runtime=31m, connections=1, players=1, uniques=1, npcs=3295, reserved-heights=0, average-cycle-time=11ms, handshakes-per-tick=0, memory=336.9 MB/609 MB]
22:44:07.471 [GameThread] INFO  io.alunity.GameThread - Status [runtime=31m 30s, connections=1, players=1, uniques=1, npcs=3295, reserved-heights=0, average-cycle-time=11ms, handshakes-per-tick=0, memory=528 MB/609 MB]
22:44:37.551 [GameThread] INFO  io.alunity.GameThread - Status [runtime=32m, connections=1, players=1, uniques=1, npcs=3295, reserved-heights=0, average-cycle-time=11ms, handshakes-per-tick=0, memory=467.9 MB/609 MB]
22:45:07.624 [GameThread] INFO  io.alunity.GameThread - Status [runtime=32m 30s, connections=1, players=1, uniques=1, npcs=3295, reserved-heights=0, average-cycle-time=11ms, handshakes-per-tick=0, memory=408.7 MB/609 MB]
22:45:37.705 [GameThread] INFO  io.alunity.GameThread - Status [runtime=33m, connections=1, players=1, uniques=1, npcs=3295, reserved-heights=0, average-cycle-time=11ms, handshakes-per-tick=0, memory=348.5 MB/609 MB]
22:46:07.838 [GameThread] INFO  io.alunity.GameThread - Status [runtime=33m 30s, connections=1, players=1, uniques=1, npcs=3295, reserved-heights=0, average-cycle-time=11ms, handshakes-per-tick=0, memory=540 MB/609 MB]
22:46:37.981 [GameThread] INFO  io.alunity.GameThread - Status [runtime=34m, connections=1, players=1, uniques=1, npcs=3295, reserved-heights=0, average-cycle-time=11ms, handshakes-per-tick=0, memory=479.9 MB/609 MB]
22:47:08.092 [GameThread] INFO  io.alunity.GameThread - Status [runtime=34m 30s, connections=1, players=1, uniques=1, npcs=3295, reserved-heights=0, average-cycle-time=11ms, handshakes-per-tick=0, memory=422.3 MB/609 MB]
22:47:38.171 [GameThread] INFO  io.alunity.GameThread - Status [runtime=35m, connections=1, players=1, uniques=1, npcs=3295, reserved-heights=0, average-cycle-time=11ms, handshakes-per-tick=0, memory=362.6 MB/609 MB]
22:48:08.244 [GameThread] INFO  io.alunity.GameThread - Status [runtime=35m 30s, connections=1, players=1, uniques=1, npcs=3295, reserved-heights=0, average-cycle-time=11ms, handshakes-per-tick=0, memory=304.3 MB/609 MB]
22:48:38.324 [GameThread] INFO  io.alunity.GameThread - Status [runtime=36m, connections=1, players=1, uniques=1, npcs=3295, reserved-heights=0, average-cycle-time=11ms, handshakes-per-tick=0, memory=493.2 MB/609 MB]
22:49:08.390 [GameThread] INFO  io.alunity.GameThread - Status [runtime=36m 30s, connections=1, players=1, uniques=1, npcs=3295, reserved-heights=0, average-cycle-time=11ms, handshakes-per-tick=0, memory=435.8 MB/609 MB]
22:49:38.466 [GameThread] INFO  io.alunity.GameThread - Status [runtime=37m, connections=1, players=1, uniques=1, npcs=3295, reserved-heights=0, average-cycle-time=11ms, handshakes-per-tick=0, memory=376 MB/609 MB]
22:50:08.680 [GameThread] INFO  io.alunity.GameThread - Status [runtime=37m 30s, connections=1, players=1, uniques=1, npcs=3295, reserved-heights=0, average-cycle-time=11ms, handshakes-per-tick=0, memory=318.3 MB/609 MB]
22:50:38.851 [GameThread] INFO  io.alunity.GameThread - Status [runtime=38m, connections=1, players=1, uniques=1, npcs=3295, reserved-heights=0, average-cycle-time=11ms, handshakes-per-tick=0, memory=506.8 MB/609 MB]
22:51:10.267 [GameThread] INFO  io.alunity.GameThread - Status [runtime=38m 30s, connections=1, players=1, uniques=1, npcs=3295, reserved-heights=0, average-cycle-time=11ms, handshakes-per-tick=0, memory=450.8 MB/609 MB]
22:51:40.433 [GameThread] INFO  io.alunity.GameThread - Status [runtime=39m, connections=0, players=0, uniques=0, npcs=3295, reserved-heights=0, average-cycle-time=11ms, handshakes-per-tick=0, memory=390.5 MB/609 MB]
22:52:11.923 [GameThread] INFO  io.alunity.GameThread - Status [runtime=39m 30s, connections=0, players=0, uniques=0, npcs=3295, reserved-heights=0, average-cycle-time=11ms, handshakes-per-tick=0, memory=333.4 MB/609 MB]
22:52:44.411 [GameThread] INFO  io.alunity.GameThread - Status [runtime=40m, connections=0, players=0, uniques=0, npcs=3295, reserved-heights=0, average-cycle-time=11ms, handshakes-per-tick=0, memory=521.9 MB/609 MB]
22:53:14.501 [GameThread] INFO  io.alunity.GameThread - Status [runtime=40m 30s, connections=0, players=0, uniques=0, npcs=3295, reserved-heights=0, average-cycle-time=11ms, handshakes-per-tick=0, memory=463.9 MB/609 MB]
22:53:45.052 [GameThread] INFO  io.alunity.GameThread - Status [runtime=41m, connections=0, players=0, uniques=0, npcs=3295, reserved-heights=0, average-cycle-time=11ms, handshakes-per-tick=0, memory=402.5 MB/609 MB]
22:53:50.951 [io-worker-0] ERROR io.alunity.util.discord.Discord - No discord channel found with name: server-sync
22:53:51.058 [pool-9-thread-7] INFO  i.alunity.net.login.RS2LoginProtocol - Player login queued [name=scott, mac=, ip=127.0.0.1:63836, time=124ms]
22:54:15.011 [GameThread] INFO  io.alunity.GameThread - Status [runtime=41m 30s, connections=1, players=1, uniques=1, npcs=3295, reserved-heights=0, average-cycle-time=12ms, handshakes-per-tick=0, memory=346.5 MB/609 MB]
22:54:45.324 [GameThread] INFO  io.alunity.GameThread - Status [runtime=42m, connections=1, players=1, uniques=1, npcs=3295, reserved-heights=0, average-cycle-time=12ms, handshakes-per-tick=0, memory=534.7 MB/609 MB]
22:55:15.410 [GameThread] INFO  io.alunity.GameThread - Status [runtime=42m 30s, connections=1, players=1, uniques=1, npcs=3295, reserved-heights=0, average-cycle-time=12ms, handshakes-per-tick=0, memory=475.2 MB/609 MB]
22:55:45.498 [GameThread] INFO  io.alunity.GameThread - Status [runtime=43m, connections=1, players=1, uniques=1, npcs=3295, reserved-heights=0, average-cycle-time=12ms, handshakes-per-tick=0, memory=414.7 MB/609 MB]
22:56:15.576 [GameThread] INFO  io.alunity.GameThread - Status [runtime=43m 30s, connections=1, players=1, uniques=1, npcs=3295, reserved-heights=0, average-cycle-time=12ms, handshakes-per-tick=0, memory=357.1 MB/609 MB]
22:56:45.669 [GameThread] INFO  io.alunity.GameThread - Status [runtime=44m, connections=1, players=1, uniques=1, npcs=3295, reserved-heights=0, average-cycle-time=12ms, handshakes-per-tick=0, memory=296.7 MB/609 MB]
