20:44:55.328 [GameThread] INFO  io.alunity.Server - Server state: PUBLIC
20:44:55.831 [GameThread] INFO  o.f.c.i.license.VersionPrinter - Flyway Community Edition 5.2.4 by Boxfuse
20:44:56.162 [GameThread] INFO  o.f.c.i.database.DatabaseFactory - Database: jdbc:mysql://92.204.221.12/game_alunity (MySQL 5.6)
20:44:56.296 [GameThread] INFO  o.f.core.internal.command.DbValidate - Successfully validated 15 migrations (execution time 00:00.026s)
20:44:56.316 [GameThread] INFO  o.f.core.internal.command.DbMigrate - Current version of schema `game_alunity`: 15
20:44:56.318 [GameThread] INFO  o.f.core.internal.command.DbMigrate - Schema `game_alunity` is up to date. No migration necessary.
20:44:58.845 [GameThread] INFO  i.a.m.c.ControllerRepository - Loaded 7 controllers.
20:44:58.886 [GameThread] INFO  i.a.m.e.p.m.g.GroupIronmanRepository - Loaded 0 group ironman groups.
20:44:59.180 [GameThread] INFO  i.a.m.entity.player.save.PlayerSave - Loaded 18 Player Save Entries.
20:45:00.033 [GameThread] INFO  io.alunity.model.definitions.ShopDef - Loaded 51 shops.
20:45:00.206 [GameThread] INFO  io.alunity.model.definitions.NpcDef - Loaded 9474 npc definitions.
20:45:19.732 [player-save-backup-0] INFO  i.a.m.entity.player.save.PlayerSave - Saved 0 online users.
20:45:21.962 [io-worker-0] INFO  net.dv8tion.jda.api.JDA - Login Successful!
20:45:22.237 [JDA MainWS-WriteThread] INFO  n.d.j.i.requests.WebSocketClient - Connected to WebSocket
20:45:22.543 [JDA MainWS-ReadThread] INFO  net.dv8tion.jda.api.JDA - Finished Loading!
20:45:22.565 [io-worker-0] ERROR io.alunity.util.discord.Discord - No discord channel found with name: server-sync
20:45:26.476 [io-worker-0] ERROR io.alunity.util.discord.Discord - No discord channel found with name: server-sync
20:45:26.697 [pool-9-thread-1] INFO  i.alunity.net.login.RS2LoginProtocol - Player login queued [name=Scott, mac=, ip=127.0.0.1:59648, time=420ms]
20:45:50.614 [GameThread] INFO  io.alunity.GameThread - Status [runtime=0m 30s, connections=0, players=0, uniques=0, npcs=3295, reserved-heights=0, average-cycle-time=20ms, handshakes-per-tick=0, memory=457.3 MB/615 MB]
20:46:02.614 [io-worker-0] ERROR io.alunity.util.discord.Discord - No discord channel found with name: server-sync
20:46:02.702 [pool-9-thread-2] INFO  i.alunity.net.login.RS2LoginProtocol - Player login queued [name=Scott, mac=, ip=127.0.0.1:59682, time=101ms]
20:46:20.955 [GameThread] INFO  io.alunity.GameThread - Status [runtime=1m, connections=0, players=0, uniques=0, npcs=3295, reserved-heights=0, average-cycle-time=16ms, handshakes-per-tick=0, memory=440.3 MB/615 MB]
20:46:52.950 [GameThread] INFO  io.alunity.GameThread - Status [runtime=1m 30s, connections=0, players=0, uniques=0, npcs=3295, reserved-heights=0, average-cycle-time=15ms, handshakes-per-tick=0, memory=411.8 MB/615 MB]
20:47:25.155 [GameThread] INFO  io.alunity.GameThread - Status [runtime=2m, connections=0, players=0, uniques=0, npcs=3295, reserved-heights=0, average-cycle-time=15ms, handshakes-per-tick=0, memory=368.8 MB/615 MB]
20:47:55.249 [GameThread] INFO  io.alunity.GameThread - Status [runtime=2m 30s, connections=0, players=0, uniques=0, npcs=3295, reserved-heights=0, average-cycle-time=14ms, handshakes-per-tick=0, memory=320.9 MB/615 MB]
20:47:55.823 [database-manager-1] ERROR io.alunity.sql.DatabaseManager - An error occurred while trying to execute a query, database= DatabaseCredentials{url='jdbc:mysql://92.204.221.12/hs_alunity?useSSL=false&serverTimezone=UTC', username='XerosTest'}, query=io.alunity.sql.DatabaseManager$$Lambda$541/0x0000000801090840@ae736d1
java.sql.SQLException: No value specified for parameter 72
	at com.mysql.cj.jdbc.exceptions.SQLError.createSQLException(SQLError.java:129)
	at com.mysql.cj.jdbc.exceptions.SQLExceptionsMapping.translateException(SQLExceptionsMapping.java:122)
	at com.mysql.cj.jdbc.ClientPreparedStatement.executeUpdateInternal(ClientPreparedStatement.java:1115)
	at com.mysql.cj.jdbc.ClientPreparedStatement.executeUpdateInternal(ClientPreparedStatement.java:1040)
	at com.mysql.cj.jdbc.ClientPreparedStatement.executeLargeUpdate(ClientPreparedStatement.java:1348)
	at com.mysql.cj.jdbc.ClientPreparedStatement.executeUpdate(ClientPreparedStatement.java:1025)
	at com.zaxxer.hikari.pool.ProxyPreparedStatement.executeUpdate(ProxyPreparedStatement.java:61)
	at com.zaxxer.hikari.pool.HikariProxyPreparedStatement.executeUpdate(HikariProxyPreparedStatement.java)
	at io.alunity.sql.etc.HiscoresUpdateQuery.updateSkillHiscores(HiscoresUpdateQuery.java:137)
	at io.alunity.sql.etc.HiscoresUpdateQuery.execute(HiscoresUpdateQuery.java:78)
	at io.alunity.sql.etc.HiscoresUpdateQuery.execute(HiscoresUpdateQuery.java:14)
	at io.alunity.sql.DatabaseManager.lambda$queueBatchProcessing$0(DatabaseManager.java:62)
	at io.alunity.sql.DatabaseManager.executeImmediate(DatabaseManager.java:141)
	at io.alunity.sql.DatabaseManager.lambda$exec$2(DatabaseManager.java:116)
	at java.base/java.util.concurrent.FutureTask.run(FutureTask.java:264)
	at java.base/java.util.concurrent.ThreadPoolExecutor.runWorker(ThreadPoolExecutor.java:1130)
	at java.base/java.util.concurrent.ThreadPoolExecutor$Worker.run(ThreadPoolExecutor.java:630)
	at java.base/java.lang.Thread.run(Thread.java:832)
20:47:55.828 [database-manager-1] ERROR io.alunity.sql.DatabaseManager - An error occurred while trying to execute a query, database= DatabaseCredentials{url='jdbc:mysql://92.204.221.12/hs_alunity?useSSL=false&serverTimezone=UTC', username='XerosTest'}, query=io.alunity.sql.DatabaseManager$$Lambda$541/0x0000000801090840@ae736d1
java.sql.SQLException: No value specified for parameter 72
	at com.mysql.cj.jdbc.exceptions.SQLError.createSQLException(SQLError.java:129)
	at com.mysql.cj.jdbc.exceptions.SQLExceptionsMapping.translateException(SQLExceptionsMapping.java:122)
	at com.mysql.cj.jdbc.ClientPreparedStatement.executeUpdateInternal(ClientPreparedStatement.java:1115)
	at com.mysql.cj.jdbc.ClientPreparedStatement.executeUpdateInternal(ClientPreparedStatement.java:1040)
	at com.mysql.cj.jdbc.ClientPreparedStatement.executeLargeUpdate(ClientPreparedStatement.java:1348)
	at com.mysql.cj.jdbc.ClientPreparedStatement.executeUpdate(ClientPreparedStatement.java:1025)
	at com.zaxxer.hikari.pool.ProxyPreparedStatement.executeUpdate(ProxyPreparedStatement.java:61)
	at com.zaxxer.hikari.pool.HikariProxyPreparedStatement.executeUpdate(HikariProxyPreparedStatement.java)
	at io.alunity.sql.etc.HiscoresUpdateQuery.updateSkillHiscores(HiscoresUpdateQuery.java:137)
	at io.alunity.sql.etc.HiscoresUpdateQuery.execute(HiscoresUpdateQuery.java:78)
	at io.alunity.sql.etc.HiscoresUpdateQuery.execute(HiscoresUpdateQuery.java:14)
	at io.alunity.sql.DatabaseManager.lambda$queueBatchProcessing$0(DatabaseManager.java:62)
	at io.alunity.sql.DatabaseManager.executeImmediate(DatabaseManager.java:141)
	at io.alunity.sql.DatabaseManager.lambda$exec$2(DatabaseManager.java:116)
	at java.base/java.util.concurrent.FutureTask.run(FutureTask.java:264)
	at java.base/java.util.concurrent.ThreadPoolExecutor.runWorker(ThreadPoolExecutor.java:1130)
	at java.base/java.util.concurrent.ThreadPoolExecutor$Worker.run(ThreadPoolExecutor.java:630)
	at java.base/java.lang.Thread.run(Thread.java:832)
20:48:25.309 [GameThread] INFO  io.alunity.GameThread - Status [runtime=3m, connections=0, players=0, uniques=0, npcs=3295, reserved-heights=0, average-cycle-time=13ms, handshakes-per-tick=0, memory=510.8 MB/615 MB]
20:48:55.389 [GameThread] INFO  io.alunity.GameThread - Status [runtime=3m 30s, connections=0, players=0, uniques=0, npcs=3295, reserved-heights=0, average-cycle-time=12ms, handshakes-per-tick=0, memory=459.4 MB/615 MB]
20:49:25.465 [GameThread] INFO  io.alunity.GameThread - Status [runtime=4m, connections=0, players=0, uniques=0, npcs=3295, reserved-heights=0, average-cycle-time=12ms, handshakes-per-tick=0, memory=408.3 MB/615 MB]
20:49:55.542 [GameThread] INFO  io.alunity.GameThread - Status [runtime=4m 30s, connections=0, players=0, uniques=0, npcs=3295, reserved-heights=0, average-cycle-time=11ms, handshakes-per-tick=0, memory=358.8 MB/615 MB]
20:50:25.603 [GameThread] INFO  io.alunity.GameThread - Status [runtime=5m, connections=0, players=0, uniques=0, npcs=3295, reserved-heights=0, average-cycle-time=11ms, handshakes-per-tick=0, memory=306.6 MB/615 MB]
20:50:55.701 [GameThread] INFO  io.alunity.GameThread - Status [runtime=5m 30s, connections=0, players=0, uniques=0, npcs=3295, reserved-heights=0, average-cycle-time=11ms, handshakes-per-tick=0, memory=496.3 MB/615 MB]
20:51:25.776 [GameThread] INFO  io.alunity.GameThread - Status [runtime=6m, connections=0, players=0, uniques=0, npcs=3295, reserved-heights=0, average-cycle-time=10ms, handshakes-per-tick=0, memory=443.3 MB/615 MB]
20:51:55.856 [GameThread] INFO  io.alunity.GameThread - Status [runtime=6m 30s, connections=0, players=0, uniques=0, npcs=3295, reserved-heights=0, average-cycle-time=10ms, handshakes-per-tick=0, memory=394.3 MB/615 MB]
20:52:25.941 [GameThread] INFO  io.alunity.GameThread - Status [runtime=7m, connections=0, players=0, uniques=0, npcs=3295, reserved-heights=0, average-cycle-time=10ms, handshakes-per-tick=0, memory=344.3 MB/615 MB]
20:52:56.035 [GameThread] INFO  io.alunity.GameThread - Status [runtime=7m 30s, connections=0, players=0, uniques=0, npcs=3295, reserved-heights=0, average-cycle-time=10ms, handshakes-per-tick=0, memory=534.3 MB/615 MB]
20:53:07.101 [io-worker-0] ERROR io.alunity.util.discord.Discord - No discord channel found with name: server-sync
20:53:07.198 [pool-9-thread-7] INFO  i.alunity.net.login.RS2LoginProtocol - Player login queued [name=Scott, mac=, ip=127.0.0.1:59949, time=105ms]
20:53:26.124 [GameThread] INFO  io.alunity.GameThread - Status [runtime=8m, connections=1, players=1, uniques=1, npcs=3295, reserved-heights=0, average-cycle-time=10ms, handshakes-per-tick=0, memory=485.3 MB/615 MB]
20:53:56.277 [GameThread] INFO  io.alunity.GameThread - Status [runtime=8m 30s, connections=1, players=1, uniques=1, npcs=3295, reserved-heights=0, average-cycle-time=10ms, handshakes-per-tick=0, memory=435.8 MB/615 MB]
20:54:26.356 [GameThread] INFO  io.alunity.GameThread - Status [runtime=9m, connections=1, players=1, uniques=1, npcs=3295, reserved-heights=0, average-cycle-time=10ms, handshakes-per-tick=0, memory=385.9 MB/615 MB]
20:54:56.430 [GameThread] INFO  io.alunity.GameThread - Status [runtime=9m 30s, connections=1, players=1, uniques=1, npcs=3295, reserved-heights=0, average-cycle-time=10ms, handshakes-per-tick=0, memory=330 MB/615 MB]
20:55:26.505 [GameThread] INFO  io.alunity.GameThread - Status [runtime=10m, connections=1, players=1, uniques=1, npcs=3295, reserved-heights=0, average-cycle-time=10ms, handshakes-per-tick=0, memory=519 MB/615 MB]
20:55:56.602 [GameThread] INFO  io.alunity.GameThread - Status [runtime=10m 30s, connections=1, players=1, uniques=1, npcs=3295, reserved-heights=0, average-cycle-time=10ms, handshakes-per-tick=0, memory=466.2 MB/615 MB]
20:56:26.685 [GameThread] INFO  io.alunity.GameThread - Status [runtime=11m, connections=1, players=1, uniques=1, npcs=3295, reserved-heights=0, average-cycle-time=10ms, handshakes-per-tick=0, memory=406.7 MB/615 MB]
20:56:56.798 [GameThread] INFO  io.alunity.GameThread - Status [runtime=11m 30s, connections=1, players=1, uniques=1, npcs=3295, reserved-heights=0, average-cycle-time=10ms, handshakes-per-tick=0, memory=348.8 MB/615 MB]
20:57:26.991 [GameThread] INFO  io.alunity.GameThread - Status [runtime=12m, connections=0, players=0, uniques=0, npcs=3295, reserved-heights=0, average-cycle-time=10ms, handshakes-per-tick=0, memory=538.2 MB/615 MB]
20:57:43.366 [io-worker-0] ERROR io.alunity.util.discord.Discord - No discord channel found with name: server-sync
20:57:43.459 [pool-9-thread-2] INFO  i.alunity.net.login.RS2LoginProtocol - Player login queued [name=Scott, mac=, ip=127.0.0.1:60079, time=97ms]
20:57:57.160 [GameThread] INFO  io.alunity.GameThread - Status [runtime=12m 30s, connections=1, players=1, uniques=1, npcs=3295, reserved-heights=0, average-cycle-time=10ms, handshakes-per-tick=0, memory=482.3 MB/615 MB]
20:58:27.422 [GameThread] INFO  io.alunity.GameThread - Status [runtime=13m, connections=1, players=1, uniques=1, npcs=3295, reserved-heights=0, average-cycle-time=9ms, handshakes-per-tick=0, memory=421.5 MB/615 MB]
20:58:57.658 [GameThread] INFO  io.alunity.GameThread - Status [runtime=13m 30s, connections=1, players=1, uniques=1, npcs=3295, reserved-heights=0, average-cycle-time=9ms, handshakes-per-tick=0, memory=360.9 MB/615 MB]
20:59:27.891 [GameThread] INFO  io.alunity.GameThread - Status [runtime=14m, connections=1, players=1, uniques=1, npcs=3295, reserved-heights=0, average-cycle-time=9ms, handshakes-per-tick=0, memory=299.5 MB/615 MB]
20:59:55.822 [database-manager-11] ERROR io.alunity.sql.DatabaseManager - An error occurred while trying to execute a query, database= DatabaseCredentials{url='jdbc:mysql://92.204.221.12/hs_alunity?useSSL=false&serverTimezone=UTC', username='XerosTest'}, query=io.alunity.sql.DatabaseManager$$Lambda$541/0x0000000801090840@5ee2983d
java.sql.SQLException: No value specified for parameter 72
	at com.mysql.cj.jdbc.exceptions.SQLError.createSQLException(SQLError.java:129)
	at com.mysql.cj.jdbc.exceptions.SQLExceptionsMapping.translateException(SQLExceptionsMapping.java:122)
	at com.mysql.cj.jdbc.ClientPreparedStatement.executeUpdateInternal(ClientPreparedStatement.java:1115)
	at com.mysql.cj.jdbc.ClientPreparedStatement.executeUpdateInternal(ClientPreparedStatement.java:1040)
	at com.mysql.cj.jdbc.ClientPreparedStatement.executeLargeUpdate(ClientPreparedStatement.java:1348)
	at com.mysql.cj.jdbc.ClientPreparedStatement.executeUpdate(ClientPreparedStatement.java:1025)
	at com.zaxxer.hikari.pool.ProxyPreparedStatement.executeUpdate(ProxyPreparedStatement.java:61)
	at com.zaxxer.hikari.pool.HikariProxyPreparedStatement.executeUpdate(HikariProxyPreparedStatement.java)
	at io.alunity.sql.etc.HiscoresUpdateQuery.updateSkillHiscores(HiscoresUpdateQuery.java:137)
	at io.alunity.sql.etc.HiscoresUpdateQuery.execute(HiscoresUpdateQuery.java:78)
	at io.alunity.sql.etc.HiscoresUpdateQuery.execute(HiscoresUpdateQuery.java:14)
	at io.alunity.sql.DatabaseManager.lambda$queueBatchProcessing$0(DatabaseManager.java:62)
	at io.alunity.sql.DatabaseManager.executeImmediate(DatabaseManager.java:141)
	at io.alunity.sql.DatabaseManager.lambda$exec$2(DatabaseManager.java:116)
	at java.base/java.util.concurrent.FutureTask.run(FutureTask.java:264)
	at java.base/java.util.concurrent.ThreadPoolExecutor.runWorker(ThreadPoolExecutor.java:1130)
	at java.base/java.util.concurrent.ThreadPoolExecutor$Worker.run(ThreadPoolExecutor.java:630)
	at java.base/java.lang.Thread.run(Thread.java:832)
20:59:55.822 [database-manager-11] ERROR io.alunity.sql.DatabaseManager - An error occurred while trying to execute a query, database= DatabaseCredentials{url='jdbc:mysql://92.204.221.12/hs_alunity?useSSL=false&serverTimezone=UTC', username='XerosTest'}, query=io.alunity.sql.DatabaseManager$$Lambda$541/0x0000000801090840@5ee2983d
java.sql.SQLException: No value specified for parameter 72
	at com.mysql.cj.jdbc.exceptions.SQLError.createSQLException(SQLError.java:129)
	at com.mysql.cj.jdbc.exceptions.SQLExceptionsMapping.translateException(SQLExceptionsMapping.java:122)
	at com.mysql.cj.jdbc.ClientPreparedStatement.executeUpdateInternal(ClientPreparedStatement.java:1115)
	at com.mysql.cj.jdbc.ClientPreparedStatement.executeUpdateInternal(ClientPreparedStatement.java:1040)
	at com.mysql.cj.jdbc.ClientPreparedStatement.executeLargeUpdate(ClientPreparedStatement.java:1348)
	at com.mysql.cj.jdbc.ClientPreparedStatement.executeUpdate(ClientPreparedStatement.java:1025)
	at com.zaxxer.hikari.pool.ProxyPreparedStatement.executeUpdate(ProxyPreparedStatement.java:61)
	at com.zaxxer.hikari.pool.HikariProxyPreparedStatement.executeUpdate(HikariProxyPreparedStatement.java)
	at io.alunity.sql.etc.HiscoresUpdateQuery.updateSkillHiscores(HiscoresUpdateQuery.java:137)
	at io.alunity.sql.etc.HiscoresUpdateQuery.execute(HiscoresUpdateQuery.java:78)
	at io.alunity.sql.etc.HiscoresUpdateQuery.execute(HiscoresUpdateQuery.java:14)
	at io.alunity.sql.DatabaseManager.lambda$queueBatchProcessing$0(DatabaseManager.java:62)
	at io.alunity.sql.DatabaseManager.executeImmediate(DatabaseManager.java:141)
	at io.alunity.sql.DatabaseManager.lambda$exec$2(DatabaseManager.java:116)
	at java.base/java.util.concurrent.FutureTask.run(FutureTask.java:264)
	at java.base/java.util.concurrent.ThreadPoolExecutor.runWorker(ThreadPoolExecutor.java:1130)
	at java.base/java.util.concurrent.ThreadPoolExecutor$Worker.run(ThreadPoolExecutor.java:630)
	at java.base/java.lang.Thread.run(Thread.java:832)
20:59:58.131 [GameThread] INFO  io.alunity.GameThread - Status [runtime=14m 30s, connections=1, players=1, uniques=1, npcs=3295, reserved-heights=0, average-cycle-time=9ms, handshakes-per-tick=0, memory=493 MB/615 MB]
21:00:19.825 [player-save-backup-0] INFO  i.a.m.entity.player.save.PlayerSave - Saved 1 online users.
21:00:19.831 [player-save-backup-0] INFO  i.a.m.e.p.s.backup.PlayerSaveBackup - Dumping database DatabaseCredentials{url='jdbc:mysql://92.204.221.12/game_alunity?useSSL=false&serverTimezone=UTC', username='XerosTest'}.
21:00:19.912 [player-save-backup-0] ERROR i.a.m.e.p.s.backup.PlayerSaveBackup - Error while dumping mysql database
java.lang.IllegalStateException: Something went wrong with mysqldump command, code: 1
	at io.alunity.model.entity.player.save.backup.PlayerSaveBackup.dumpMysqlDatabase(PlayerSaveBackup.java:108)
	at io.alunity.model.entity.player.save.backup.PlayerSaveBackup.backup(PlayerSaveBackup.java:66)
	at io.alunity.model.entity.player.save.backup.PlayerSaveBackup.lambda$start$0(PlayerSaveBackup.java:50)
	at java.base/java.util.concurrent.Executors$RunnableAdapter.call(Executors.java:515)
	at java.base/java.util.concurrent.FutureTask.runAndReset(FutureTask.java:305)
	at java.base/java.util.concurrent.ScheduledThreadPoolExecutor$ScheduledFutureTask.run(ScheduledThreadPoolExecutor.java:305)
	at java.base/java.util.concurrent.ThreadPoolExecutor.runWorker(ThreadPoolExecutor.java:1130)
	at java.base/java.util.concurrent.ThreadPoolExecutor$Worker.run(ThreadPoolExecutor.java:630)
	at java.base/java.lang.Thread.run(Thread.java:832)
21:00:19.940 [player-save-backup-0] INFO  i.a.m.e.p.s.backup.PlayerSaveBackup - Backed up save files to file .\save_files\backups\public\2021-11-14T21_00_19.8256684.zip 
21:00:19.977 [player-save-backup-0] WARN  i.a.m.e.p.s.backup.PlayerSaveBackup - No FTP credentials to upload remote backups.
21:00:19.978 [player-save-backup-0] WARN  i.a.m.e.p.s.backup.PlayerSaveBackup - No FTP credentials to upload remote backups.
21:00:28.248 [GameThread] INFO  io.alunity.GameThread - Status [runtime=15m, connections=1, players=1, uniques=1, npcs=3295, reserved-heights=0, average-cycle-time=9ms, handshakes-per-tick=0, memory=434.4 MB/615 MB]
21:00:58.456 [GameThread] INFO  io.alunity.GameThread - Status [runtime=15m 30s, connections=1, players=1, uniques=1, npcs=3295, reserved-heights=0, average-cycle-time=9ms, handshakes-per-tick=0, memory=375.9 MB/615 MB]
21:01:28.770 [GameThread] INFO  io.alunity.GameThread - Status [runtime=16m, connections=1, players=1, uniques=1, npcs=3295, reserved-heights=0, average-cycle-time=9ms, handshakes-per-tick=0, memory=317 MB/615 MB]
21:01:59.098 [GameThread] INFO  io.alunity.GameThread - Status [runtime=16m 30s, connections=1, players=1, uniques=1, npcs=3295, reserved-heights=0, average-cycle-time=9ms, handshakes-per-tick=0, memory=508.7 MB/615 MB]
21:02:29.411 [GameThread] INFO  io.alunity.GameThread - Status [runtime=17m, connections=1, players=1, uniques=1, npcs=3295, reserved-heights=0, average-cycle-time=9ms, handshakes-per-tick=0, memory=449.8 MB/615 MB]
21:02:59.723 [GameThread] INFO  io.alunity.GameThread - Status [runtime=17m 30s, connections=1, players=1, uniques=1, npcs=3295, reserved-heights=0, average-cycle-time=8ms, handshakes-per-tick=0, memory=392.3 MB/615 MB]
21:03:29.941 [GameThread] INFO  io.alunity.GameThread - Status [runtime=18m, connections=1, players=1, uniques=1, npcs=3295, reserved-heights=0, average-cycle-time=8ms, handshakes-per-tick=0, memory=333.3 MB/615 MB]
21:04:00.297 [GameThread] INFO  io.alunity.GameThread - Status [runtime=18m 30s, connections=1, players=1, uniques=1, npcs=3295, reserved-heights=0, average-cycle-time=8ms, handshakes-per-tick=0, memory=523.9 MB/615 MB]
21:04:30.598 [GameThread] INFO  io.alunity.GameThread - Status [runtime=19m, connections=1, players=1, uniques=1, npcs=3295, reserved-heights=0, average-cycle-time=8ms, handshakes-per-tick=0, memory=463.2 MB/615 MB]
21:05:00.824 [GameThread] INFO  io.alunity.GameThread - Status [runtime=19m 30s, connections=1, players=1, uniques=1, npcs=3295, reserved-heights=0, average-cycle-time=8ms, handshakes-per-tick=0, memory=406.9 MB/615 MB]
21:05:31.130 [GameThread] INFO  io.alunity.GameThread - Status [runtime=20m, connections=1, players=1, uniques=1, npcs=3295, reserved-heights=0, average-cycle-time=8ms, handshakes-per-tick=0, memory=346.9 MB/615 MB]
21:06:01.414 [GameThread] INFO  io.alunity.GameThread - Status [runtime=20m 30s, connections=1, players=1, uniques=1, npcs=3295, reserved-heights=0, average-cycle-time=8ms, handshakes-per-tick=0, memory=538 MB/615 MB]
21:06:31.694 [GameThread] INFO  io.alunity.GameThread - Status [runtime=21m, connections=1, players=1, uniques=1, npcs=3295, reserved-heights=0, average-cycle-time=8ms, handshakes-per-tick=0, memory=479.2 MB/615 MB]
21:07:02.063 [GameThread] INFO  io.alunity.GameThread - Status [runtime=21m 30s, connections=1, players=1, uniques=1, npcs=3295, reserved-heights=0, average-cycle-time=8ms, handshakes-per-tick=0, memory=422.8 MB/615 MB]
21:07:32.373 [GameThread] INFO  io.alunity.GameThread - Status [runtime=22m, connections=1, players=1, uniques=1, npcs=3295, reserved-heights=0, average-cycle-time=8ms, handshakes-per-tick=0, memory=364.8 MB/615 MB]
21:08:02.622 [GameThread] INFO  io.alunity.GameThread - Status [runtime=22m 30s, connections=1, players=1, uniques=1, npcs=3295, reserved-heights=0, average-cycle-time=8ms, handshakes-per-tick=0, memory=308.8 MB/615 MB]
21:08:32.940 [GameThread] INFO  io.alunity.GameThread - Status [runtime=23m, connections=1, players=1, uniques=1, npcs=3295, reserved-heights=0, average-cycle-time=8ms, handshakes-per-tick=0, memory=497.6 MB/615 MB]
21:09:03.202 [GameThread] INFO  io.alunity.GameThread - Status [runtime=23m 30s, connections=1, players=1, uniques=1, npcs=3295, reserved-heights=0, average-cycle-time=8ms, handshakes-per-tick=0, memory=440.9 MB/615 MB]
21:09:33.492 [GameThread] INFO  io.alunity.GameThread - Status [runtime=24m, connections=1, players=1, uniques=1, npcs=3295, reserved-heights=0, average-cycle-time=8ms, handshakes-per-tick=0, memory=382.3 MB/615 MB]
21:10:03.744 [GameThread] INFO  io.alunity.GameThread - Status [runtime=24m 30s, connections=1, players=1, uniques=1, npcs=3295, reserved-heights=0, average-cycle-time=7ms, handshakes-per-tick=0, memory=325.3 MB/615 MB]
21:10:34.044 [GameThread] INFO  io.alunity.GameThread - Status [runtime=25m, connections=1, players=1, uniques=1, npcs=3295, reserved-heights=0, average-cycle-time=7ms, handshakes-per-tick=0, memory=515.1 MB/615 MB]
21:11:04.292 [GameThread] INFO  io.alunity.GameThread - Status [runtime=25m 30s, connections=1, players=1, uniques=1, npcs=3295, reserved-heights=0, average-cycle-time=7ms, handshakes-per-tick=0, memory=458.9 MB/615 MB]
21:11:34.584 [GameThread] INFO  io.alunity.GameThread - Status [runtime=26m, connections=1, players=1, uniques=1, npcs=3295, reserved-heights=0, average-cycle-time=7ms, handshakes-per-tick=0, memory=400.4 MB/615 MB]
21:12:04.938 [GameThread] INFO  io.alunity.GameThread - Status [runtime=26m 30s, connections=1, players=1, uniques=1, npcs=3295, reserved-heights=0, average-cycle-time=7ms, handshakes-per-tick=0, memory=343.4 MB/615 MB]
21:12:35.249 [GameThread] INFO  io.alunity.GameThread - Status [runtime=27m, connections=1, players=1, uniques=1, npcs=3295, reserved-heights=0, average-cycle-time=7ms, handshakes-per-tick=0, memory=532.2 MB/615 MB]
21:13:05.536 [GameThread] INFO  io.alunity.GameThread - Status [runtime=27m 30s, connections=1, players=1, uniques=1, npcs=3295, reserved-heights=0, average-cycle-time=7ms, handshakes-per-tick=0, memory=474.8 MB/615 MB]
21:13:35.808 [GameThread] INFO  io.alunity.GameThread - Status [runtime=28m, connections=1, players=1, uniques=1, npcs=3295, reserved-heights=0, average-cycle-time=7ms, handshakes-per-tick=0, memory=416.3 MB/615 MB]
21:14:06.079 [GameThread] INFO  io.alunity.GameThread - Status [runtime=28m 30s, connections=1, players=1, uniques=1, npcs=3295, reserved-heights=0, average-cycle-time=7ms, handshakes-per-tick=0, memory=359.8 MB/615 MB]
21:14:36.331 [GameThread] INFO  io.alunity.GameThread - Status [runtime=29m, connections=1, players=1, uniques=1, npcs=3295, reserved-heights=0, average-cycle-time=7ms, handshakes-per-tick=0, memory=300.3 MB/615 MB]
21:15:06.567 [GameThread] INFO  io.alunity.GameThread - Status [runtime=29m 30s, connections=1, players=1, uniques=1, npcs=3295, reserved-heights=0, average-cycle-time=7ms, handshakes-per-tick=0, memory=490.5 MB/615 MB]
21:15:19.826 [player-save-backup-0] INFO  i.a.m.entity.player.save.PlayerSave - Saved 1 online users.
21:15:36.853 [GameThread] INFO  io.alunity.GameThread - Status [runtime=30m, connections=1, players=1, uniques=1, npcs=3295, reserved-heights=0, average-cycle-time=7ms, handshakes-per-tick=0, memory=431.2 MB/615 MB]
21:16:07.159 [GameThread] INFO  io.alunity.GameThread - Status [runtime=30m 30s, connections=1, players=1, uniques=1, npcs=3295, reserved-heights=0, average-cycle-time=7ms, handshakes-per-tick=0, memory=374.8 MB/615 MB]
21:16:37.393 [GameThread] INFO  io.alunity.GameThread - Status [runtime=31m, connections=1, players=1, uniques=1, npcs=3295, reserved-heights=0, average-cycle-time=7ms, handshakes-per-tick=0, memory=315.3 MB/615 MB]
21:17:07.610 [GameThread] INFO  io.alunity.GameThread - Status [runtime=31m 30s, connections=1, players=1, uniques=1, npcs=3295, reserved-heights=0, average-cycle-time=7ms, handshakes-per-tick=0, memory=506 MB/615 MB]
21:17:37.890 [GameThread] INFO  io.alunity.GameThread - Status [runtime=32m, connections=1, players=1, uniques=1, npcs=3295, reserved-heights=0, average-cycle-time=7ms, handshakes-per-tick=0, memory=447.6 MB/615 MB]
21:18:08.178 [GameThread] INFO  io.alunity.GameThread - Status [runtime=32m 30s, connections=1, players=1, uniques=1, npcs=3295, reserved-heights=0, average-cycle-time=7ms, handshakes-per-tick=0, memory=390.3 MB/615 MB]
21:18:38.469 [GameThread] INFO  io.alunity.GameThread - Status [runtime=33m, connections=1, players=1, uniques=1, npcs=3295, reserved-heights=0, average-cycle-time=7ms, handshakes-per-tick=0, memory=331.8 MB/615 MB]
21:19:08.776 [GameThread] INFO  io.alunity.GameThread - Status [runtime=33m 30s, connections=1, players=1, uniques=1, npcs=3295, reserved-heights=0, average-cycle-time=7ms, handshakes-per-tick=0, memory=522.5 MB/615 MB]
21:19:39.028 [GameThread] INFO  io.alunity.GameThread - Status [runtime=34m, connections=1, players=1, uniques=1, npcs=3295, reserved-heights=0, average-cycle-time=7ms, handshakes-per-tick=0, memory=463.6 MB/615 MB]
21:20:09.290 [GameThread] INFO  io.alunity.GameThread - Status [runtime=34m 30s, connections=1, players=1, uniques=1, npcs=3295, reserved-heights=0, average-cycle-time=7ms, handshakes-per-tick=0, memory=407.4 MB/615 MB]
21:20:39.570 [GameThread] INFO  io.alunity.GameThread - Status [runtime=35m, connections=1, players=1, uniques=1, npcs=3295, reserved-heights=0, average-cycle-time=7ms, handshakes-per-tick=0, memory=349 MB/615 MB]
21:21:09.855 [GameThread] INFO  io.alunity.GameThread - Status [runtime=35m 30s, connections=1, players=1, uniques=1, npcs=3295, reserved-heights=0, average-cycle-time=7ms, handshakes-per-tick=0, memory=539.5 MB/615 MB]
21:21:40.137 [GameThread] INFO  io.alunity.GameThread - Status [runtime=36m, connections=1, players=1, uniques=1, npcs=3295, reserved-heights=0, average-cycle-time=7ms, handshakes-per-tick=0, memory=480.6 MB/615 MB]
21:22:10.429 [GameThread] INFO  io.alunity.GameThread - Status [runtime=36m 30s, connections=1, players=1, uniques=1, npcs=3295, reserved-heights=0, average-cycle-time=7ms, handshakes-per-tick=0, memory=423.9 MB/615 MB]
21:22:40.631 [GameThread] INFO  io.alunity.GameThread - Status [runtime=37m, connections=1, players=1, uniques=1, npcs=3295, reserved-heights=0, average-cycle-time=7ms, handshakes-per-tick=0, memory=365 MB/615 MB]
21:23:11.618 [GameThread] INFO  io.alunity.GameThread - Status [runtime=37m 30s, connections=1, players=1, uniques=1, npcs=3295, reserved-heights=0, average-cycle-time=7ms, handshakes-per-tick=0, memory=308.9 MB/615 MB]
21:23:39.575 [GameThread] ERROR io.alunity.GameThread - Game thread took 2,339ms to process!
21:23:43.900 [GameThread] INFO  io.alunity.GameThread - Status [runtime=38m, connections=1, players=1, uniques=1, npcs=3295, reserved-heights=0, average-cycle-time=7ms, handshakes-per-tick=0, memory=497.9 MB/615 MB]
21:24:14.498 [GameThread] INFO  io.alunity.GameThread - Status [runtime=38m 30s, connections=1, players=1, uniques=1, npcs=3295, reserved-heights=0, average-cycle-time=7ms, handshakes-per-tick=0, memory=441.4 MB/615 MB]
21:24:44.569 [GameThread] INFO  io.alunity.GameThread - Status [runtime=39m, connections=1, players=1, uniques=1, npcs=3295, reserved-heights=0, average-cycle-time=7ms, handshakes-per-tick=0, memory=382.7 MB/615 MB]
21:25:14.647 [GameThread] INFO  io.alunity.GameThread - Status [runtime=39m 30s, connections=1, players=1, uniques=1, npcs=3295, reserved-heights=0, average-cycle-time=7ms, handshakes-per-tick=0, memory=323 MB/615 MB]
21:25:44.727 [GameThread] INFO  io.alunity.GameThread - Status [runtime=40m, connections=1, players=1, uniques=1, npcs=3295, reserved-heights=0, average-cycle-time=7ms, handshakes-per-tick=0, memory=512.4 MB/615 MB]
21:26:15.040 [GameThread] INFO  io.alunity.GameThread - Status [runtime=40m 30s, connections=1, players=1, uniques=1, npcs=3295, reserved-heights=0, average-cycle-time=7ms, handshakes-per-tick=0, memory=455.4 MB/615 MB]
21:26:45.191 [GameThread] INFO  io.alunity.GameThread - Status [runtime=41m, connections=1, players=1, uniques=1, npcs=3295, reserved-heights=0, average-cycle-time=7ms, handshakes-per-tick=0, memory=395.4 MB/615 MB]
21:27:15.415 [GameThread] INFO  io.alunity.GameThread - Status [runtime=41m 30s, connections=1, players=1, uniques=1, npcs=3295, reserved-heights=0, average-cycle-time=7ms, handshakes-per-tick=0, memory=337.9 MB/615 MB]
21:27:45.663 [GameThread] INFO  io.alunity.GameThread - Status [runtime=42m, connections=1, players=1, uniques=1, npcs=3295, reserved-heights=0, average-cycle-time=7ms, handshakes-per-tick=0, memory=526.4 MB/615 MB]
21:28:15.938 [GameThread] INFO  io.alunity.GameThread - Status [runtime=42m 30s, connections=1, players=1, uniques=1, npcs=3295, reserved-heights=0, average-cycle-time=7ms, handshakes-per-tick=0, memory=469.9 MB/615 MB]
21:28:46.207 [GameThread] INFO  io.alunity.GameThread - Status [runtime=43m, connections=1, players=1, uniques=1, npcs=3295, reserved-heights=0, average-cycle-time=7ms, handshakes-per-tick=0, memory=410.4 MB/615 MB]
21:29:16.464 [GameThread] INFO  io.alunity.GameThread - Status [runtime=43m 30s, connections=1, players=1, uniques=1, npcs=3295, reserved-heights=0, average-cycle-time=7ms, handshakes-per-tick=0, memory=353.4 MB/615 MB]
21:29:46.718 [GameThread] INFO  io.alunity.GameThread - Status [runtime=44m, connections=1, players=1, uniques=1, npcs=3295, reserved-heights=0, average-cycle-time=7ms, handshakes-per-tick=0, memory=544.2 MB/615 MB]
21:30:16.839 [GameThread] INFO  io.alunity.GameThread - Status [runtime=44m 30s, connections=1, players=1, uniques=1, npcs=3295, reserved-heights=0, average-cycle-time=7ms, handshakes-per-tick=0, memory=489.9 MB/615 MB]
21:30:19.838 [player-save-backup-0] INFO  i.a.m.entity.player.save.PlayerSave - Saved 1 online users.
21:30:19.839 [player-save-backup-0] INFO  i.a.m.e.p.s.backup.PlayerSaveBackup - Dumping database DatabaseCredentials{url='jdbc:mysql://92.204.221.12/game_alunity?useSSL=false&serverTimezone=UTC', username='XerosTest'}.
21:30:19.927 [player-save-backup-0] ERROR i.a.m.e.p.s.backup.PlayerSaveBackup - Error while dumping mysql database
java.lang.IllegalStateException: Something went wrong with mysqldump command, code: 1
	at io.alunity.model.entity.player.save.backup.PlayerSaveBackup.dumpMysqlDatabase(PlayerSaveBackup.java:108)
	at io.alunity.model.entity.player.save.backup.PlayerSaveBackup.backup(PlayerSaveBackup.java:66)
	at io.alunity.model.entity.player.save.backup.PlayerSaveBackup.lambda$start$0(PlayerSaveBackup.java:50)
	at java.base/java.util.concurrent.Executors$RunnableAdapter.call(Executors.java:515)
	at java.base/java.util.concurrent.FutureTask.runAndReset(FutureTask.java:305)
	at java.base/java.util.concurrent.ScheduledThreadPoolExecutor$ScheduledFutureTask.run(ScheduledThreadPoolExecutor.java:305)
	at java.base/java.util.concurrent.ThreadPoolExecutor.runWorker(ThreadPoolExecutor.java:1130)
	at java.base/java.util.concurrent.ThreadPoolExecutor$Worker.run(ThreadPoolExecutor.java:630)
	at java.base/java.lang.Thread.run(Thread.java:832)
21:30:19.946 [player-save-backup-0] INFO  i.a.m.e.p.s.backup.PlayerSaveBackup - Backed up save files to file .\save_files\backups\public\2021-11-14T21_30_19.8388894.zip 
21:30:19.948 [player-save-backup-0] WARN  i.a.m.e.p.s.backup.PlayerSaveBackup - No FTP credentials to upload remote backups.
21:30:19.948 [player-save-backup-0] WARN  i.a.m.e.p.s.backup.PlayerSaveBackup - No FTP credentials to upload remote backups.
21:30:46.929 [GameThread] INFO  io.alunity.GameThread - Status [runtime=45m, connections=1, players=1, uniques=1, npcs=3295, reserved-heights=0, average-cycle-time=7ms, handshakes-per-tick=0, memory=436.7 MB/615 MB]
21:31:17.196 [GameThread] INFO  io.alunity.GameThread - Status [runtime=45m 30s, connections=1, players=1, uniques=1, npcs=3295, reserved-heights=0, average-cycle-time=7ms, handshakes-per-tick=0, memory=381.1 MB/615 MB]
21:31:47.453 [GameThread] INFO  io.alunity.GameThread - Status [runtime=46m, connections=1, players=1, uniques=1, npcs=3295, reserved-heights=0, average-cycle-time=7ms, handshakes-per-tick=0, memory=323.5 MB/615 MB]
21:32:17.759 [GameThread] INFO  io.alunity.GameThread - Status [runtime=46m 30s, connections=1, players=1, uniques=1, npcs=3295, reserved-heights=0, average-cycle-time=7ms, handshakes-per-tick=0, memory=514.2 MB/615 MB]
21:32:47.955 [GameThread] INFO  io.alunity.GameThread - Status [runtime=47m, connections=1, players=1, uniques=1, npcs=3295, reserved-heights=0, average-cycle-time=7ms, handshakes-per-tick=0, memory=456.8 MB/615 MB]
21:33:18.257 [GameThread] INFO  io.alunity.GameThread - Status [runtime=47m 30s, connections=1, players=1, uniques=1, npcs=3295, reserved-heights=0, average-cycle-time=7ms, handshakes-per-tick=0, memory=402.7 MB/615 MB]
21:33:48.508 [GameThread] INFO  io.alunity.GameThread - Status [runtime=48m, connections=1, players=1, uniques=1, npcs=3295, reserved-heights=0, average-cycle-time=7ms, handshakes-per-tick=0, memory=345.6 MB/615 MB]
21:34:18.773 [GameThread] INFO  io.alunity.GameThread - Status [runtime=48m 30s, connections=1, players=1, uniques=1, npcs=3295, reserved-heights=0, average-cycle-time=7ms, handshakes-per-tick=0, memory=536.3 MB/615 MB]
21:34:48.988 [GameThread] INFO  io.alunity.GameThread - Status [runtime=49m, connections=1, players=1, uniques=1, npcs=3295, reserved-heights=0, average-cycle-time=7ms, handshakes-per-tick=0, memory=478.4 MB/615 MB]
21:35:19.232 [GameThread] INFO  io.alunity.GameThread - Status [runtime=49m 30s, connections=1, players=1, uniques=1, npcs=3295, reserved-heights=0, average-cycle-time=7ms, handshakes-per-tick=0, memory=422.6 MB/615 MB]
21:35:49.500 [GameThread] INFO  io.alunity.GameThread - Status [runtime=50m, connections=1, players=1, uniques=1, npcs=3295, reserved-heights=0, average-cycle-time=7ms, handshakes-per-tick=0, memory=364.6 MB/615 MB]
21:36:19.766 [GameThread] INFO  io.alunity.GameThread - Status [runtime=50m 30s, connections=1, players=1, uniques=1, npcs=3295, reserved-heights=0, average-cycle-time=7ms, handshakes-per-tick=0, memory=309.2 MB/615 MB]
21:36:49.987 [GameThread] INFO  io.alunity.GameThread - Status [runtime=51m, connections=1, players=1, uniques=1, npcs=3295, reserved-heights=0, average-cycle-time=7ms, handshakes-per-tick=0, memory=497.5 MB/615 MB]
21:37:20.263 [GameThread] INFO  io.alunity.GameThread - Status [runtime=51m 30s, connections=1, players=1, uniques=1, npcs=3295, reserved-heights=0, average-cycle-time=7ms, handshakes-per-tick=0, memory=441.6 MB/615 MB]
21:37:50.620 [GameThread] INFO  io.alunity.GameThread - Status [runtime=52m, connections=1, players=1, uniques=1, npcs=3295, reserved-heights=0, average-cycle-time=7ms, handshakes-per-tick=0, memory=384.1 MB/615 MB]
21:38:20.879 [GameThread] INFO  io.alunity.GameThread - Status [runtime=52m 30s, connections=1, players=1, uniques=1, npcs=3295, reserved-heights=0, average-cycle-time=7ms, handshakes-per-tick=0, memory=328.2 MB/615 MB]
21:38:51.127 [GameThread] INFO  io.alunity.GameThread - Status [runtime=53m, connections=1, players=1, uniques=1, npcs=3295, reserved-heights=0, average-cycle-time=7ms, handshakes-per-tick=0, memory=517.5 MB/615 MB]
21:39:21.429 [GameThread] INFO  io.alunity.GameThread - Status [runtime=53m 30s, connections=1, players=1, uniques=1, npcs=3295, reserved-heights=0, average-cycle-time=7ms, handshakes-per-tick=0, memory=461.7 MB/615 MB]
21:39:51.715 [GameThread] INFO  io.alunity.GameThread - Status [runtime=54m, connections=1, players=1, uniques=1, npcs=3295, reserved-heights=0, average-cycle-time=7ms, handshakes-per-tick=0, memory=403.6 MB/615 MB]
21:40:21.927 [GameThread] INFO  io.alunity.GameThread - Status [runtime=54m 30s, connections=1, players=1, uniques=1, npcs=3295, reserved-heights=0, average-cycle-time=7ms, handshakes-per-tick=0, memory=347.7 MB/615 MB]
21:40:52.197 [GameThread] INFO  io.alunity.GameThread - Status [runtime=55m, connections=1, players=1, uniques=1, npcs=3295, reserved-heights=0, average-cycle-time=7ms, handshakes-per-tick=0, memory=536.5 MB/615 MB]
21:41:22.488 [GameThread] INFO  io.alunity.GameThread - Status [runtime=55m 30s, connections=1, players=1, uniques=1, npcs=3295, reserved-heights=0, average-cycle-time=7ms, handshakes-per-tick=0, memory=480.6 MB/615 MB]
21:41:52.730 [GameThread] INFO  io.alunity.GameThread - Status [runtime=56m, connections=1, players=1, uniques=1, npcs=3295, reserved-heights=0, average-cycle-time=7ms, handshakes-per-tick=0, memory=422.2 MB/615 MB]
21:42:22.984 [GameThread] INFO  io.alunity.GameThread - Status [runtime=56m 30s, connections=1, players=1, uniques=1, npcs=3295, reserved-heights=0, average-cycle-time=7ms, handshakes-per-tick=0, memory=366.1 MB/615 MB]
21:42:53.305 [GameThread] INFO  io.alunity.GameThread - Status [runtime=57m, connections=1, players=1, uniques=1, npcs=3295, reserved-heights=0, average-cycle-time=7ms, handshakes-per-tick=0, memory=307.3 MB/615 MB]
21:43:23.577 [GameThread] INFO  io.alunity.GameThread - Status [runtime=57m 30s, connections=1, players=1, uniques=1, npcs=3295, reserved-heights=0, average-cycle-time=7ms, handshakes-per-tick=0, memory=498.3 MB/615 MB]
21:43:53.864 [GameThread] INFO  io.alunity.GameThread - Status [runtime=58m, connections=1, players=1, uniques=1, npcs=3295, reserved-heights=0, average-cycle-time=7ms, handshakes-per-tick=0, memory=439.4 MB/615 MB]
21:44:24.120 [GameThread] INFO  io.alunity.GameThread - Status [runtime=58m 30s, connections=1, players=1, uniques=1, npcs=3295, reserved-heights=0, average-cycle-time=7ms, handshakes-per-tick=0, memory=383.1 MB/615 MB]
21:44:54.434 [GameThread] INFO  io.alunity.GameThread - Status [runtime=59m, connections=1, players=1, uniques=1, npcs=3295, reserved-heights=0, average-cycle-time=7ms, handshakes-per-tick=0, memory=325.6 MB/615 MB]
21:45:19.838 [player-save-backup-0] INFO  i.a.m.entity.player.save.PlayerSave - Saved 1 online users.
21:45:24.672 [GameThread] INFO  io.alunity.GameThread - Status [runtime=59m 30s, connections=1, players=1, uniques=1, npcs=3295, reserved-heights=0, average-cycle-time=7ms, handshakes-per-tick=0, memory=517.3 MB/615 MB]
21:45:55.004 [GameThread] INFO  io.alunity.GameThread - Status [runtime=1h, connections=1, players=1, uniques=1, npcs=3296, reserved-heights=0, average-cycle-time=7ms, handshakes-per-tick=0, memory=459.5 MB/615 MB]
21:46:25.301 [GameThread] INFO  io.alunity.GameThread - Status [runtime=1h 00m 30s, connections=1, players=1, uniques=1, npcs=3296, reserved-heights=0, average-cycle-time=7ms, handshakes-per-tick=0, memory=404.2 MB/615 MB]
21:46:55.548 [GameThread] INFO  io.alunity.GameThread - Status [runtime=1h 01m, connections=1, players=1, uniques=1, npcs=3296, reserved-heights=0, average-cycle-time=7ms, handshakes-per-tick=0, memory=346.9 MB/615 MB]
21:47:25.817 [GameThread] INFO  io.alunity.GameThread - Status [runtime=1h 01m 30s, connections=1, players=1, uniques=1, npcs=3296, reserved-heights=0, average-cycle-time=7ms, handshakes-per-tick=0, memory=535.4 MB/615 MB]
21:47:56.091 [GameThread] INFO  io.alunity.GameThread - Status [runtime=1h 02m, connections=1, players=1, uniques=1, npcs=3296, reserved-heights=0, average-cycle-time=7ms, handshakes-per-tick=0, memory=476.7 MB/615 MB]
21:48:26.334 [GameThread] INFO  io.alunity.GameThread - Status [runtime=1h 02m 30s, connections=1, players=1, uniques=1, npcs=3296, reserved-heights=0, average-cycle-time=7ms, handshakes-per-tick=0, memory=420.1 MB/615 MB]
21:48:56.575 [GameThread] INFO  io.alunity.GameThread - Status [runtime=1h 03m, connections=1, players=1, uniques=1, npcs=3296, reserved-heights=0, average-cycle-time=7ms, handshakes-per-tick=0, memory=361.6 MB/615 MB]
21:49:26.794 [GameThread] INFO  io.alunity.GameThread - Status [runtime=1h 03m 30s, connections=1, players=1, uniques=1, npcs=3296, reserved-heights=0, average-cycle-time=7ms, handshakes-per-tick=0, memory=305.1 MB/615 MB]
21:49:57.096 [GameThread] INFO  io.alunity.GameThread - Status [runtime=1h 04m, connections=1, players=1, uniques=1, npcs=3296, reserved-heights=0, average-cycle-time=7ms, handshakes-per-tick=0, memory=493.6 MB/615 MB]
21:50:27.358 [GameThread] INFO  io.alunity.GameThread - Status [runtime=1h 04m 30s, connections=1, players=1, uniques=1, npcs=3296, reserved-heights=0, average-cycle-time=7ms, handshakes-per-tick=0, memory=437.1 MB/615 MB]
21:50:57.642 [GameThread] INFO  io.alunity.GameThread - Status [runtime=1h 05m, connections=1, players=1, uniques=1, npcs=3296, reserved-heights=0, average-cycle-time=7ms, handshakes-per-tick=0, memory=378.7 MB/615 MB]
21:51:27.906 [GameThread] INFO  io.alunity.GameThread - Status [runtime=1h 05m 30s, connections=1, players=1, uniques=1, npcs=3296, reserved-heights=0, average-cycle-time=7ms, handshakes-per-tick=0, memory=322.1 MB/615 MB]
21:51:58.154 [GameThread] INFO  io.alunity.GameThread - Status [runtime=1h 06m, connections=1, players=1, uniques=1, npcs=3296, reserved-heights=0, average-cycle-time=7ms, handshakes-per-tick=0, memory=510.5 MB/615 MB]
21:52:28.496 [GameThread] INFO  io.alunity.GameThread - Status [runtime=1h 06m 30s, connections=1, players=1, uniques=1, npcs=3296, reserved-heights=0, average-cycle-time=7ms, handshakes-per-tick=0, memory=454.7 MB/615 MB]
21:52:58.810 [GameThread] INFO  io.alunity.GameThread - Status [runtime=1h 07m, connections=1, players=1, uniques=1, npcs=3296, reserved-heights=0, average-cycle-time=7ms, handshakes-per-tick=0, memory=396.7 MB/615 MB]
21:53:29.090 [GameThread] INFO  io.alunity.GameThread - Status [runtime=1h 07m 30s, connections=1, players=1, uniques=1, npcs=3296, reserved-heights=0, average-cycle-time=7ms, handshakes-per-tick=0, memory=340.2 MB/615 MB]
21:53:59.330 [GameThread] INFO  io.alunity.GameThread - Status [runtime=1h 08m, connections=1, players=1, uniques=1, npcs=3296, reserved-heights=0, average-cycle-time=7ms, handshakes-per-tick=0, memory=529 MB/615 MB]
21:54:29.530 [GameThread] INFO  io.alunity.GameThread - Status [runtime=1h 08m 30s, connections=1, players=1, uniques=1, npcs=3296, reserved-heights=0, average-cycle-time=7ms, handshakes-per-tick=0, memory=473.2 MB/615 MB]
21:54:59.854 [GameThread] INFO  io.alunity.GameThread - Status [runtime=1h 09m, connections=1, players=1, uniques=1, npcs=3296, reserved-heights=0, average-cycle-time=6ms, handshakes-per-tick=0, memory=415.2 MB/615 MB]
21:55:30.157 [GameThread] INFO  io.alunity.GameThread - Status [runtime=1h 09m 30s, connections=1, players=1, uniques=1, npcs=3296, reserved-heights=0, average-cycle-time=6ms, handshakes-per-tick=0, memory=359.7 MB/615 MB]
21:56:00.412 [GameThread] INFO  io.alunity.GameThread - Status [runtime=1h 10m, connections=1, players=1, uniques=1, npcs=3296, reserved-heights=0, average-cycle-time=6ms, handshakes-per-tick=0, memory=301.4 MB/615 MB]
21:56:30.666 [GameThread] INFO  io.alunity.GameThread - Status [runtime=1h 10m 30s, connections=1, players=1, uniques=1, npcs=3296, reserved-heights=0, average-cycle-time=6ms, handshakes-per-tick=0, memory=492.4 MB/615 MB]
21:57:00.953 [GameThread] INFO  io.alunity.GameThread - Status [runtime=1h 11m, connections=1, players=1, uniques=1, npcs=3296, reserved-heights=0, average-cycle-time=6ms, handshakes-per-tick=0, memory=433.5 MB/615 MB]
21:57:31.256 [GameThread] INFO  io.alunity.GameThread - Status [runtime=1h 11m 30s, connections=1, players=1, uniques=1, npcs=3296, reserved-heights=0, average-cycle-time=6ms, handshakes-per-tick=0, memory=377.7 MB/615 MB]
21:58:01.523 [GameThread] INFO  io.alunity.GameThread - Status [runtime=1h 12m, connections=1, players=1, uniques=1, npcs=3296, reserved-heights=0, average-cycle-time=6ms, handshakes-per-tick=0, memory=319.2 MB/615 MB]
21:58:31.761 [GameThread] INFO  io.alunity.GameThread - Status [runtime=1h 12m 30s, connections=1, players=1, uniques=1, npcs=3296, reserved-heights=0, average-cycle-time=6ms, handshakes-per-tick=0, memory=509.8 MB/615 MB]
21:59:01.986 [GameThread] INFO  io.alunity.GameThread - Status [runtime=1h 13m, connections=1, players=1, uniques=1, npcs=3296, reserved-heights=0, average-cycle-time=6ms, handshakes-per-tick=0, memory=453 MB/615 MB]
21:59:32.272 [GameThread] INFO  io.alunity.GameThread - Status [runtime=1h 13m 30s, connections=1, players=1, uniques=1, npcs=3296, reserved-heights=0, average-cycle-time=6ms, handshakes-per-tick=0, memory=399.5 MB/615 MB]
22:00:02.501 [GameThread] INFO  io.alunity.GameThread - Status [runtime=1h 14m, connections=1, players=1, uniques=1, npcs=3296, reserved-heights=0, average-cycle-time=6ms, handshakes-per-tick=0, memory=344.3 MB/615 MB]
22:00:19.863 [player-save-backup-0] INFO  i.a.m.entity.player.save.PlayerSave - Saved 1 online users.
22:00:19.864 [player-save-backup-0] INFO  i.a.m.e.p.s.backup.PlayerSaveBackup - Dumping database DatabaseCredentials{url='jdbc:mysql://92.204.221.12/game_alunity?useSSL=false&serverTimezone=UTC', username='XerosTest'}.
22:00:19.928 [player-save-backup-0] ERROR i.a.m.e.p.s.backup.PlayerSaveBackup - Error while dumping mysql database
java.lang.IllegalStateException: Something went wrong with mysqldump command, code: 1
	at io.alunity.model.entity.player.save.backup.PlayerSaveBackup.dumpMysqlDatabase(PlayerSaveBackup.java:108)
	at io.alunity.model.entity.player.save.backup.PlayerSaveBackup.backup(PlayerSaveBackup.java:66)
	at io.alunity.model.entity.player.save.backup.PlayerSaveBackup.lambda$start$0(PlayerSaveBackup.java:50)
	at java.base/java.util.concurrent.Executors$RunnableAdapter.call(Executors.java:515)
	at java.base/java.util.concurrent.FutureTask.runAndReset(FutureTask.java:305)
	at java.base/java.util.concurrent.ScheduledThreadPoolExecutor$ScheduledFutureTask.run(ScheduledThreadPoolExecutor.java:305)
	at java.base/java.util.concurrent.ThreadPoolExecutor.runWorker(ThreadPoolExecutor.java:1130)
	at java.base/java.util.concurrent.ThreadPoolExecutor$Worker.run(ThreadPoolExecutor.java:630)
	at java.base/java.lang.Thread.run(Thread.java:832)
22:00:19.931 [player-save-backup-0] INFO  i.a.m.e.p.s.backup.PlayerSaveBackup - Backed up save files to file .\save_files\backups\public\2021-11-14T22_00_19.8646645.zip 
22:00:19.931 [player-save-backup-0] WARN  i.a.m.e.p.s.backup.PlayerSaveBackup - No FTP credentials to upload remote backups.
22:00:19.931 [player-save-backup-0] WARN  i.a.m.e.p.s.backup.PlayerSaveBackup - No FTP credentials to upload remote backups.
22:00:32.683 [GameThread] INFO  io.alunity.GameThread - Status [runtime=1h 14m 30s, connections=1, players=1, uniques=1, npcs=3296, reserved-heights=0, average-cycle-time=6ms, handshakes-per-tick=0, memory=538 MB/615 MB]
22:01:02.974 [GameThread] INFO  io.alunity.GameThread - Status [runtime=1h 15m, connections=1, players=1, uniques=1, npcs=3296, reserved-heights=0, average-cycle-time=6ms, handshakes-per-tick=0, memory=481 MB/615 MB]
22:01:33.256 [GameThread] INFO  io.alunity.GameThread - Status [runtime=1h 15m 30s, connections=1, players=1, uniques=1, npcs=3296, reserved-heights=0, average-cycle-time=6ms, handshakes-per-tick=0, memory=425.7 MB/615 MB]
22:02:03.511 [GameThread] INFO  io.alunity.GameThread - Status [runtime=1h 16m, connections=1, players=1, uniques=1, npcs=3296, reserved-heights=0, average-cycle-time=6ms, handshakes-per-tick=0, memory=369.9 MB/615 MB]
22:02:33.786 [GameThread] INFO  io.alunity.GameThread - Status [runtime=1h 16m 30s, connections=1, players=1, uniques=1, npcs=3296, reserved-heights=0, average-cycle-time=6ms, handshakes-per-tick=0, memory=319.5 MB/615 MB]
22:03:04.136 [GameThread] INFO  io.alunity.GameThread - Status [runtime=1h 17m, connections=1, players=1, uniques=1, npcs=3296, reserved-heights=0, average-cycle-time=6ms, handshakes-per-tick=0, memory=508.5 MB/615 MB]
22:03:34.351 [GameThread] INFO  io.alunity.GameThread - Status [runtime=1h 17m 30s, connections=1, players=1, uniques=1, npcs=3296, reserved-heights=0, average-cycle-time=6ms, handshakes-per-tick=0, memory=453.5 MB/615 MB]
22:04:04.652 [GameThread] INFO  io.alunity.GameThread - Status [runtime=1h 18m, connections=1, players=1, uniques=1, npcs=3296, reserved-heights=0, average-cycle-time=6ms, handshakes-per-tick=0, memory=397 MB/615 MB]
22:04:34.887 [GameThread] INFO  io.alunity.GameThread - Status [runtime=1h 18m 30s, connections=1, players=1, uniques=1, npcs=3296, reserved-heights=0, average-cycle-time=6ms, handshakes-per-tick=0, memory=342.5 MB/615 MB]
22:05:05.143 [GameThread] INFO  io.alunity.GameThread - Status [runtime=1h 19m, connections=1, players=1, uniques=1, npcs=3296, reserved-heights=0, average-cycle-time=6ms, handshakes-per-tick=0, memory=531.3 MB/615 MB]
22:05:35.399 [GameThread] INFO  io.alunity.GameThread - Status [runtime=1h 19m 30s, connections=1, players=1, uniques=1, npcs=3296, reserved-heights=0, average-cycle-time=6ms, handshakes-per-tick=0, memory=476.5 MB/615 MB]
22:06:05.662 [GameThread] INFO  io.alunity.GameThread - Status [runtime=1h 20m, connections=1, players=1, uniques=1, npcs=3296, reserved-heights=0, average-cycle-time=6ms, handshakes-per-tick=0, memory=420 MB/615 MB]
22:06:35.874 [GameThread] INFO  io.alunity.GameThread - Status [runtime=1h 20m 30s, connections=1, players=1, uniques=1, npcs=3296, reserved-heights=0, average-cycle-time=6ms, handshakes-per-tick=0, memory=365.9 MB/615 MB]
22:07:06.121 [GameThread] INFO  io.alunity.GameThread - Status [runtime=1h 21m, connections=1, players=1, uniques=1, npcs=3296, reserved-heights=0, average-cycle-time=6ms, handshakes-per-tick=0, memory=307.9 MB/615 MB]
22:07:36.467 [GameThread] INFO  io.alunity.GameThread - Status [runtime=1h 21m 30s, connections=1, players=1, uniques=1, npcs=3296, reserved-heights=0, average-cycle-time=6ms, handshakes-per-tick=0, memory=499.1 MB/615 MB]
22:08:06.755 [GameThread] INFO  io.alunity.GameThread - Status [runtime=1h 22m, connections=1, players=1, uniques=1, npcs=3296, reserved-heights=0, average-cycle-time=6ms, handshakes-per-tick=0, memory=442.7 MB/615 MB]
22:08:37.106 [GameThread] INFO  io.alunity.GameThread - Status [runtime=1h 22m 30s, connections=1, players=1, uniques=1, npcs=3296, reserved-heights=0, average-cycle-time=6ms, handshakes-per-tick=0, memory=388 MB/615 MB]
22:09:07.405 [GameThread] INFO  io.alunity.GameThread - Status [runtime=1h 23m, connections=1, players=1, uniques=1, npcs=3296, reserved-heights=0, average-cycle-time=6ms, handshakes-per-tick=0, memory=331 MB/615 MB]
22:09:37.651 [GameThread] INFO  io.alunity.GameThread - Status [runtime=1h 23m 30s, connections=1, players=1, uniques=1, npcs=3296, reserved-heights=0, average-cycle-time=6ms, handshakes-per-tick=0, memory=521.6 MB/615 MB]
22:10:07.896 [GameThread] INFO  io.alunity.GameThread - Status [runtime=1h 24m, connections=1, players=1, uniques=1, npcs=3296, reserved-heights=0, average-cycle-time=6ms, handshakes-per-tick=0, memory=465.9 MB/615 MB]
22:10:38.193 [GameThread] INFO  io.alunity.GameThread - Status [runtime=1h 24m 30s, connections=1, players=1, uniques=1, npcs=3296, reserved-heights=0, average-cycle-time=6ms, handshakes-per-tick=0, memory=411.5 MB/615 MB]
22:11:08.498 [GameThread] INFO  io.alunity.GameThread - Status [runtime=1h 25m, connections=1, players=1, uniques=1, npcs=3296, reserved-heights=0, average-cycle-time=6ms, handshakes-per-tick=0, memory=354 MB/615 MB]
22:11:38.776 [GameThread] INFO  io.alunity.GameThread - Status [runtime=1h 25m 30s, connections=1, players=1, uniques=1, npcs=3296, reserved-heights=0, average-cycle-time=6ms, handshakes-per-tick=0, memory=545.1 MB/615 MB]
22:12:08.998 [GameThread] INFO  io.alunity.GameThread - Status [runtime=1h 26m, connections=1, players=1, uniques=1, npcs=3296, reserved-heights=0, average-cycle-time=6ms, handshakes-per-tick=0, memory=489.3 MB/615 MB]
22:12:39.260 [GameThread] INFO  io.alunity.GameThread - Status [runtime=1h 26m 30s, connections=1, players=1, uniques=1, npcs=3296, reserved-heights=0, average-cycle-time=6ms, handshakes-per-tick=0, memory=435.4 MB/615 MB]
22:13:09.519 [GameThread] INFO  io.alunity.GameThread - Status [runtime=1h 27m, connections=1, players=1, uniques=1, npcs=3296, reserved-heights=0, average-cycle-time=6ms, handshakes-per-tick=0, memory=379.9 MB/615 MB]
22:13:39.764 [GameThread] INFO  io.alunity.GameThread - Status [runtime=1h 27m 30s, connections=1, players=1, uniques=1, npcs=3296, reserved-heights=0, average-cycle-time=6ms, handshakes-per-tick=0, memory=326.5 MB/615 MB]
22:14:10.090 [GameThread] INFO  io.alunity.GameThread - Status [runtime=1h 28m, connections=1, players=1, uniques=1, npcs=3296, reserved-heights=0, average-cycle-time=6ms, handshakes-per-tick=0, memory=514.8 MB/615 MB]
22:14:40.388 [GameThread] INFO  io.alunity.GameThread - Status [runtime=1h 28m 30s, connections=1, players=1, uniques=1, npcs=3296, reserved-heights=0, average-cycle-time=6ms, handshakes-per-tick=0, memory=461 MB/615 MB]
22:15:10.631 [GameThread] INFO  io.alunity.GameThread - Status [runtime=1h 29m, connections=1, players=1, uniques=1, npcs=3296, reserved-heights=0, average-cycle-time=6ms, handshakes-per-tick=0, memory=405.5 MB/615 MB]
22:15:19.854 [player-save-backup-0] INFO  i.a.m.entity.player.save.PlayerSave - Saved 1 online users.
22:15:40.927 [GameThread] INFO  io.alunity.GameThread - Status [runtime=1h 29m 30s, connections=1, players=1, uniques=1, npcs=3296, reserved-heights=0, average-cycle-time=6ms, handshakes-per-tick=0, memory=352 MB/615 MB]
22:16:11.177 [GameThread] INFO  io.alunity.GameThread - Status [runtime=1h 30m, connections=1, players=1, uniques=1, npcs=3296, reserved-heights=0, average-cycle-time=6ms, handshakes-per-tick=0, memory=541.3 MB/615 MB]
22:16:41.434 [GameThread] INFO  io.alunity.GameThread - Status [runtime=1h 30m 30s, connections=1, players=1, uniques=1, npcs=3296, reserved-heights=0, average-cycle-time=6ms, handshakes-per-tick=0, memory=488 MB/615 MB]
22:17:11.724 [GameThread] INFO  io.alunity.GameThread - Status [runtime=1h 31m, connections=1, players=1, uniques=1, npcs=3296, reserved-heights=0, average-cycle-time=6ms, handshakes-per-tick=0, memory=432.1 MB/615 MB]
22:17:41.964 [GameThread] INFO  io.alunity.GameThread - Status [runtime=1h 31m 30s, connections=1, players=1, uniques=1, npcs=3296, reserved-heights=0, average-cycle-time=6ms, handshakes-per-tick=0, memory=378.5 MB/615 MB]
22:18:12.157 [GameThread] INFO  io.alunity.GameThread - Status [runtime=1h 32m, connections=1, players=1, uniques=1, npcs=3296, reserved-heights=0, average-cycle-time=6ms, handshakes-per-tick=0, memory=322 MB/615 MB]
22:18:42.402 [GameThread] INFO  io.alunity.GameThread - Status [runtime=1h 32m 30s, connections=1, players=1, uniques=1, npcs=3296, reserved-heights=0, average-cycle-time=6ms, handshakes-per-tick=0, memory=513.1 MB/615 MB]
22:19:12.689 [GameThread] INFO  io.alunity.GameThread - Status [runtime=1h 33m, connections=1, players=1, uniques=1, npcs=3296, reserved-heights=0, average-cycle-time=6ms, handshakes-per-tick=0, memory=457.2 MB/615 MB]
22:19:43.051 [GameThread] INFO  io.alunity.GameThread - Status [runtime=1h 33m 30s, connections=1, players=1, uniques=1, npcs=3296, reserved-heights=0, average-cycle-time=6ms, handshakes-per-tick=0, memory=405.5 MB/615 MB]
22:20:13.303 [GameThread] INFO  io.alunity.GameThread - Status [runtime=1h 34m, connections=1, players=1, uniques=1, npcs=3296, reserved-heights=0, average-cycle-time=6ms, handshakes-per-tick=0, memory=351.2 MB/615 MB]
22:20:43.586 [GameThread] INFO  io.alunity.GameThread - Status [runtime=1h 34m 30s, connections=1, players=1, uniques=1, npcs=3296, reserved-heights=0, average-cycle-time=6ms, handshakes-per-tick=0, memory=540.7 MB/615 MB]
22:21:13.869 [GameThread] INFO  io.alunity.GameThread - Status [runtime=1h 35m, connections=1, players=1, uniques=1, npcs=3296, reserved-heights=0, average-cycle-time=6ms, handshakes-per-tick=0, memory=484.5 MB/615 MB]
22:21:44.123 [GameThread] INFO  io.alunity.GameThread - Status [runtime=1h 35m 30s, connections=1, players=1, uniques=1, npcs=3296, reserved-heights=0, average-cycle-time=6ms, handshakes-per-tick=0, memory=430.1 MB/615 MB]
22:22:14.447 [GameThread] INFO  io.alunity.GameThread - Status [runtime=1h 36m, connections=1, players=1, uniques=1, npcs=3296, reserved-heights=0, average-cycle-time=6ms, handshakes-per-tick=0, memory=383.6 MB/615 MB]
22:22:23.527 [io-worker-0] ERROR io.alunity.util.discord.Discord - No discord channel found with name: server-sync
22:22:23.614 [pool-9-thread-5] INFO  i.alunity.net.login.RS2LoginProtocol - Player login queued [name=Scott, mac=, ip=127.0.0.1:52074, time=91ms]
22:22:44.723 [GameThread] INFO  io.alunity.GameThread - Status [runtime=1h 36m 30s, connections=1, players=1, uniques=1, npcs=3296, reserved-heights=0, average-cycle-time=6ms, handshakes-per-tick=0, memory=331.8 MB/615 MB]
22:23:14.917 [GameThread] INFO  io.alunity.GameThread - Status [runtime=1h 37m, connections=1, players=1, uniques=1, npcs=3296, reserved-heights=0, average-cycle-time=6ms, handshakes-per-tick=0, memory=519.8 MB/615 MB]
22:23:44.995 [GameThread] INFO  io.alunity.GameThread - Status [runtime=1h 37m 30s, connections=1, players=1, uniques=1, npcs=3296, reserved-heights=0, average-cycle-time=6ms, handshakes-per-tick=0, memory=463.5 MB/615 MB]
22:24:15.075 [GameThread] INFO  io.alunity.GameThread - Status [runtime=1h 38m, connections=1, players=1, uniques=1, npcs=3296, reserved-heights=0, average-cycle-time=6ms, handshakes-per-tick=0, memory=406.8 MB/615 MB]
22:24:45.159 [GameThread] INFO  io.alunity.GameThread - Status [runtime=1h 38m 30s, connections=1, players=1, uniques=1, npcs=3296, reserved-heights=0, average-cycle-time=6ms, handshakes-per-tick=0, memory=352.4 MB/615 MB]
22:25:15.246 [GameThread] INFO  io.alunity.GameThread - Status [runtime=1h 39m, connections=1, players=1, uniques=1, npcs=3296, reserved-heights=0, average-cycle-time=6ms, handshakes-per-tick=0, memory=541.2 MB/615 MB]
22:25:45.340 [GameThread] INFO  io.alunity.GameThread - Status [runtime=1h 39m 30s, connections=1, players=1, uniques=1, npcs=3296, reserved-heights=0, average-cycle-time=6ms, handshakes-per-tick=0, memory=485.8 MB/615 MB]
22:26:15.437 [GameThread] INFO  io.alunity.GameThread - Status [runtime=1h 40m, connections=1, players=1, uniques=1, npcs=3296, reserved-heights=0, average-cycle-time=6ms, handshakes-per-tick=0, memory=429 MB/615 MB]
22:26:45.533 [GameThread] INFO  io.alunity.GameThread - Status [runtime=1h 40m 30s, connections=1, players=1, uniques=1, npcs=3296, reserved-heights=0, average-cycle-time=6ms, handshakes-per-tick=0, memory=374.8 MB/615 MB]
22:27:15.639 [GameThread] INFO  io.alunity.GameThread - Status [runtime=1h 41m, connections=1, players=1, uniques=1, npcs=3296, reserved-heights=0, average-cycle-time=6ms, handshakes-per-tick=0, memory=318.8 MB/615 MB]
22:27:45.817 [GameThread] INFO  io.alunity.GameThread - Status [runtime=1h 41m 30s, connections=1, players=1, uniques=1, npcs=3296, reserved-heights=0, average-cycle-time=6ms, handshakes-per-tick=0, memory=510.9 MB/615 MB]
22:28:15.926 [GameThread] INFO  io.alunity.GameThread - Status [runtime=1h 42m, connections=1, players=1, uniques=1, npcs=3296, reserved-heights=0, average-cycle-time=6ms, handshakes-per-tick=0, memory=454.5 MB/615 MB]
22:28:46.012 [GameThread] INFO  io.alunity.GameThread - Status [runtime=1h 42m 30s, connections=1, players=1, uniques=1, npcs=3296, reserved-heights=0, average-cycle-time=6ms, handshakes-per-tick=0, memory=398 MB/615 MB]
22:29:16.086 [GameThread] INFO  io.alunity.GameThread - Status [runtime=1h 43m, connections=1, players=1, uniques=1, npcs=3296, reserved-heights=0, average-cycle-time=6ms, handshakes-per-tick=0, memory=343.3 MB/615 MB]
22:29:46.170 [GameThread] INFO  io.alunity.GameThread - Status [runtime=1h 43m 30s, connections=1, players=1, uniques=1, npcs=3296, reserved-heights=0, average-cycle-time=6ms, handshakes-per-tick=0, memory=535.5 MB/615 MB]
22:30:16.244 [GameThread] INFO  io.alunity.GameThread - Status [runtime=1h 44m, connections=1, players=1, uniques=1, npcs=3296, reserved-heights=0, average-cycle-time=6ms, handshakes-per-tick=0, memory=481.4 MB/615 MB]
22:30:19.901 [player-save-backup-0] INFO  i.a.m.entity.player.save.PlayerSave - Saved 1 online users.
22:30:19.902 [player-save-backup-0] INFO  i.a.m.e.p.s.backup.PlayerSaveBackup - Dumping database DatabaseCredentials{url='jdbc:mysql://92.204.221.12/game_alunity?useSSL=false&serverTimezone=UTC', username='XerosTest'}.
22:30:19.970 [player-save-backup-0] ERROR i.a.m.e.p.s.backup.PlayerSaveBackup - Error while dumping mysql database
java.lang.IllegalStateException: Something went wrong with mysqldump command, code: 1
	at io.alunity.model.entity.player.save.backup.PlayerSaveBackup.dumpMysqlDatabase(PlayerSaveBackup.java:108)
	at io.alunity.model.entity.player.save.backup.PlayerSaveBackup.backup(PlayerSaveBackup.java:66)
	at io.alunity.model.entity.player.save.backup.PlayerSaveBackup.lambda$start$0(PlayerSaveBackup.java:50)
	at java.base/java.util.concurrent.Executors$RunnableAdapter.call(Executors.java:515)
	at java.base/java.util.concurrent.FutureTask.runAndReset(FutureTask.java:305)
	at java.base/java.util.concurrent.ScheduledThreadPoolExecutor$ScheduledFutureTask.run(ScheduledThreadPoolExecutor.java:305)
	at java.base/java.util.concurrent.ThreadPoolExecutor.runWorker(ThreadPoolExecutor.java:1130)
	at java.base/java.util.concurrent.ThreadPoolExecutor$Worker.run(ThreadPoolExecutor.java:630)
	at java.base/java.lang.Thread.run(Thread.java:832)
22:30:19.982 [player-save-backup-0] INFO  i.a.m.e.p.s.backup.PlayerSaveBackup - Backed up save files to file .\save_files\backups\public\2021-11-14T22_30_19.9029964.zip 
22:30:19.983 [player-save-backup-0] WARN  i.a.m.e.p.s.backup.PlayerSaveBackup - No FTP credentials to upload remote backups.
22:30:19.983 [player-save-backup-0] WARN  i.a.m.e.p.s.backup.PlayerSaveBackup - No FTP credentials to upload remote backups.
22:30:46.326 [GameThread] INFO  io.alunity.GameThread - Status [runtime=1h 44m 30s, connections=1, players=1, uniques=1, npcs=3296, reserved-heights=0, average-cycle-time=6ms, handshakes-per-tick=0, memory=428.8 MB/615 MB]
22:31:16.409 [GameThread] INFO  io.alunity.GameThread - Status [runtime=1h 45m, connections=1, players=1, uniques=1, npcs=3297, reserved-heights=0, average-cycle-time=6ms, handshakes-per-tick=0, memory=374.1 MB/615 MB]
22:31:46.487 [GameThread] INFO  io.alunity.GameThread - Status [runtime=1h 45m 30s, connections=1, players=1, uniques=1, npcs=3296, reserved-heights=0, average-cycle-time=6ms, handshakes-per-tick=0, memory=321.6 MB/615 MB]
22:32:16.557 [GameThread] INFO  io.alunity.GameThread - Status [runtime=1h 46m, connections=1, players=1, uniques=1, npcs=3296, reserved-heights=0, average-cycle-time=6ms, handshakes-per-tick=0, memory=510.9 MB/615 MB]
22:32:46.633 [GameThread] INFO  io.alunity.GameThread - Status [runtime=1h 46m 30s, connections=1, players=1, uniques=1, npcs=3296, reserved-heights=0, average-cycle-time=6ms, handshakes-per-tick=0, memory=457.5 MB/615 MB]
22:33:16.712 [GameThread] INFO  io.alunity.GameThread - Status [runtime=1h 47m, connections=1, players=1, uniques=1, npcs=3296, reserved-heights=0, average-cycle-time=6ms, handshakes-per-tick=0, memory=402.6 MB/615 MB]
22:33:46.786 [GameThread] INFO  io.alunity.GameThread - Status [runtime=1h 47m 30s, connections=1, players=1, uniques=1, npcs=3296, reserved-heights=0, average-cycle-time=6ms, handshakes-per-tick=0, memory=348.6 MB/615 MB]
22:34:16.869 [GameThread] INFO  io.alunity.GameThread - Status [runtime=1h 48m, connections=1, players=1, uniques=1, npcs=3296, reserved-heights=0, average-cycle-time=6ms, handshakes-per-tick=0, memory=537.4 MB/615 MB]
22:34:46.949 [GameThread] INFO  io.alunity.GameThread - Status [runtime=1h 48m 30s, connections=1, players=1, uniques=1, npcs=3296, reserved-heights=0, average-cycle-time=6ms, handshakes-per-tick=0, memory=483.5 MB/615 MB]
22:35:17.028 [GameThread] INFO  io.alunity.GameThread - Status [runtime=1h 49m, connections=1, players=1, uniques=1, npcs=3296, reserved-heights=0, average-cycle-time=6ms, handshakes-per-tick=0, memory=427.9 MB/615 MB]
22:35:47.103 [GameThread] INFO  io.alunity.GameThread - Status [runtime=1h 49m 30s, connections=1, players=1, uniques=1, npcs=3296, reserved-heights=0, average-cycle-time=6ms, handshakes-per-tick=0, memory=374 MB/615 MB]
22:36:17.175 [GameThread] INFO  io.alunity.GameThread - Status [runtime=1h 50m, connections=1, players=1, uniques=1, npcs=3296, reserved-heights=0, average-cycle-time=6ms, handshakes-per-tick=0, memory=318.7 MB/615 MB]
22:36:47.252 [GameThread] INFO  io.alunity.GameThread - Status [runtime=1h 50m 30s, connections=1, players=1, uniques=1, npcs=3296, reserved-heights=0, average-cycle-time=6ms, handshakes-per-tick=0, memory=508.4 MB/615 MB]
22:37:17.323 [GameThread] INFO  io.alunity.GameThread - Status [runtime=1h 51m, connections=1, players=1, uniques=1, npcs=3296, reserved-heights=0, average-cycle-time=6ms, handshakes-per-tick=0, memory=452.3 MB/615 MB]
22:37:47.405 [GameThread] INFO  io.alunity.GameThread - Status [runtime=1h 51m 30s, connections=1, players=1, uniques=1, npcs=3296, reserved-heights=0, average-cycle-time=6ms, handshakes-per-tick=0, memory=397.6 MB/615 MB]
22:38:17.480 [GameThread] INFO  io.alunity.GameThread - Status [runtime=1h 52m, connections=1, players=1, uniques=1, npcs=3296, reserved-heights=0, average-cycle-time=6ms, handshakes-per-tick=0, memory=342.1 MB/615 MB]
22:38:47.570 [GameThread] INFO  io.alunity.GameThread - Status [runtime=1h 52m 30s, connections=1, players=1, uniques=1, npcs=3296, reserved-heights=0, average-cycle-time=6ms, handshakes-per-tick=0, memory=532.3 MB/615 MB]
22:39:17.630 [GameThread] INFO  io.alunity.GameThread - Status [runtime=1h 53m, connections=1, players=1, uniques=1, npcs=3296, reserved-heights=0, average-cycle-time=6ms, handshakes-per-tick=0, memory=476.2 MB/615 MB]
22:39:47.717 [GameThread] INFO  io.alunity.GameThread - Status [runtime=1h 53m 30s, connections=1, players=1, uniques=1, npcs=3296, reserved-heights=0, average-cycle-time=6ms, handshakes-per-tick=0, memory=423.6 MB/615 MB]
22:40:17.802 [GameThread] INFO  io.alunity.GameThread - Status [runtime=1h 54m, connections=1, players=1, uniques=1, npcs=3296, reserved-heights=0, average-cycle-time=6ms, handshakes-per-tick=0, memory=368.3 MB/615 MB]
22:40:47.883 [GameThread] INFO  io.alunity.GameThread - Status [runtime=1h 54m 30s, connections=1, players=1, uniques=1, npcs=3296, reserved-heights=0, average-cycle-time=6ms, handshakes-per-tick=0, memory=314.6 MB/615 MB]
22:41:17.965 [GameThread] INFO  io.alunity.GameThread - Status [runtime=1h 55m, connections=1, players=1, uniques=1, npcs=3296, reserved-heights=0, average-cycle-time=7ms, handshakes-per-tick=0, memory=503.6 MB/615 MB]
22:41:48.049 [GameThread] INFO  io.alunity.GameThread - Status [runtime=1h 55m 30s, connections=1, players=1, uniques=1, npcs=3296, reserved-heights=0, average-cycle-time=7ms, handshakes-per-tick=0, memory=450 MB/615 MB]
22:42:18.128 [GameThread] INFO  io.alunity.GameThread - Status [runtime=1h 56m, connections=1, players=1, uniques=1, npcs=3296, reserved-heights=0, average-cycle-time=7ms, handshakes-per-tick=0, memory=396.1 MB/615 MB]
22:42:48.200 [GameThread] INFO  io.alunity.GameThread - Status [runtime=1h 56m 30s, connections=1, players=1, uniques=1, npcs=3296, reserved-heights=0, average-cycle-time=7ms, handshakes-per-tick=0, memory=342.6 MB/615 MB]
22:43:18.275 [GameThread] INFO  io.alunity.GameThread - Status [runtime=1h 57m, connections=1, players=1, uniques=1, npcs=3296, reserved-heights=0, average-cycle-time=7ms, handshakes-per-tick=0, memory=530.9 MB/615 MB]
22:43:48.354 [GameThread] INFO  io.alunity.GameThread - Status [runtime=1h 57m 30s, connections=1, players=1, uniques=1, npcs=3296, reserved-heights=0, average-cycle-time=7ms, handshakes-per-tick=0, memory=477.5 MB/615 MB]
22:44:18.444 [GameThread] INFO  io.alunity.GameThread - Status [runtime=1h 58m, connections=1, players=1, uniques=1, npcs=3296, reserved-heights=0, average-cycle-time=7ms, handshakes-per-tick=0, memory=422.1 MB/615 MB]
22:44:48.570 [GameThread] INFO  io.alunity.GameThread - Status [runtime=1h 58m 30s, connections=1, players=1, uniques=1, npcs=3296, reserved-heights=0, average-cycle-time=7ms, handshakes-per-tick=0, memory=368.6 MB/615 MB]
22:45:18.660 [GameThread] INFO  io.alunity.GameThread - Status [runtime=1h 59m, connections=1, players=1, uniques=1, npcs=3296, reserved-heights=0, average-cycle-time=7ms, handshakes-per-tick=0, memory=313.6 MB/615 MB]
22:45:19.877 [player-save-backup-0] INFO  i.a.m.entity.player.save.PlayerSave - Saved 1 online users.
22:45:48.740 [GameThread] INFO  io.alunity.GameThread - Status [runtime=1h 59m 30s, connections=1, players=1, uniques=1, npcs=3296, reserved-heights=0, average-cycle-time=7ms, handshakes-per-tick=0, memory=504.2 MB/615 MB]
22:46:18.824 [GameThread] INFO  io.alunity.GameThread - Status [runtime=2h, connections=1, players=1, uniques=1, npcs=3296, reserved-heights=0, average-cycle-time=7ms, handshakes-per-tick=0, memory=448.4 MB/615 MB]
22:46:48.902 [GameThread] INFO  io.alunity.GameThread - Status [runtime=2h 00m 30s, connections=1, players=1, uniques=1, npcs=3296, reserved-heights=0, average-cycle-time=7ms, handshakes-per-tick=0, memory=395 MB/615 MB]
22:47:19.011 [GameThread] INFO  io.alunity.GameThread - Status [runtime=2h 01m, connections=1, players=1, uniques=1, npcs=3296, reserved-heights=0, average-cycle-time=7ms, handshakes-per-tick=0, memory=339.4 MB/615 MB]
22:47:49.097 [GameThread] INFO  io.alunity.GameThread - Status [runtime=2h 01m 30s, connections=1, players=1, uniques=1, npcs=3296, reserved-heights=0, average-cycle-time=7ms, handshakes-per-tick=0, memory=527.3 MB/615 MB]
22:48:19.264 [GameThread] INFO  io.alunity.GameThread - Status [runtime=2h 02m, connections=1, players=1, uniques=1, npcs=3296, reserved-heights=0, average-cycle-time=7ms, handshakes-per-tick=0, memory=470.6 MB/615 MB]
22:48:49.481 [GameThread] INFO  io.alunity.GameThread - Status [runtime=2h 02m 30s, connections=1, players=1, uniques=1, npcs=3296, reserved-heights=0, average-cycle-time=7ms, handshakes-per-tick=0, memory=416.6 MB/615 MB]
22:49:19.660 [GameThread] INFO  io.alunity.GameThread - Status [runtime=2h 03m, connections=1, players=1, uniques=1, npcs=3296, reserved-heights=0, average-cycle-time=7ms, handshakes-per-tick=0, memory=360.1 MB/615 MB]
22:49:49.844 [GameThread] INFO  io.alunity.GameThread - Status [runtime=2h 03m 30s, connections=1, players=1, uniques=1, npcs=3296, reserved-heights=0, average-cycle-time=7ms, handshakes-per-tick=0, memory=306.6 MB/615 MB]
22:50:22.119 [GameThread] INFO  io.alunity.GameThread - Status [runtime=2h 04m, connections=1, players=1, uniques=1, npcs=3296, reserved-heights=0, average-cycle-time=7ms, handshakes-per-tick=0, memory=496.1 MB/615 MB]
22:50:55.771 [GameThread] INFO  io.alunity.GameThread - Status [runtime=2h 04m 30s, connections=1, players=1, uniques=1, npcs=3296, reserved-heights=0, average-cycle-time=7ms, handshakes-per-tick=0, memory=446.6 MB/615 MB]
22:51:28.643 [GameThread] INFO  io.alunity.GameThread - Status [runtime=2h 05m, connections=1, players=1, uniques=1, npcs=3296, reserved-heights=0, average-cycle-time=7ms, handshakes-per-tick=0, memory=391.8 MB/615 MB]
22:52:02.038 [GameThread] INFO  io.alunity.GameThread - Status [runtime=2h 05m 30s, connections=1, players=1, uniques=1, npcs=3296, reserved-heights=0, average-cycle-time=7ms, handshakes-per-tick=0, memory=340.1 MB/615 MB]
22:52:32.125 [GameThread] INFO  io.alunity.GameThread - Status [runtime=2h 06m, connections=1, players=1, uniques=1, npcs=3296, reserved-heights=0, average-cycle-time=7ms, handshakes-per-tick=0, memory=529.3 MB/615 MB]
22:53:02.192 [GameThread] INFO  io.alunity.GameThread - Status [runtime=2h 06m 30s, connections=1, players=1, uniques=1, npcs=3296, reserved-heights=0, average-cycle-time=7ms, handshakes-per-tick=0, memory=473.3 MB/615 MB]
22:53:32.309 [GameThread] INFO  io.alunity.GameThread - Status [runtime=2h 07m, connections=1, players=1, uniques=1, npcs=3296, reserved-heights=0, average-cycle-time=7ms, handshakes-per-tick=0, memory=417.1 MB/615 MB]
