12:51:39.508 [GameThread] INFO  io.alunity.Server - Server state: TEST
12:51:43.144 [GameThread] DEBUG i.a.m.e.p.migration.PlayerMigration - Loaded player migration version=1 description='example_migration'
12:51:43.448 [GameThread] INFO  i.a.m.c.ControllerRepository - Loaded 7 controllers.
12:51:43.812 [GameThread] INFO  i.a.m.entity.player.save.PlayerSave - Loaded 18 Player Save Entries.
12:51:45.181 [GameThread] INFO  io.alunity.model.definitions.ShopDef - Loaded 51 shops.
12:51:45.383 [GameThread] INFO  io.alunity.model.definitions.NpcDef - Loaded 9474 npc definitions.
12:51:45.548 [GameThread] DEBUG i.a.m.c.impl.LeaderboardUpdateEvent - Loaded serialized start of day as 2021-11-06T00:00-04:00[America/New_York]
12:52:20.347 [GameThread] DEBUG i.a.m.world.objects.GlobalObjects - Add object GlobalObject{id=-1, x=3094, y=3501, height=0, face=0, ticksRemaining=-1, restoreId=0, type=10, instance=null}
12:52:20.370 [GameThread] DEBUG i.a.m.world.objects.GlobalObjects - Add object GlobalObject{id=-1, x=3095, y=3501, height=0, face=0, ticksRemaining=-1, restoreId=0, type=10, instance=null}
12:52:20.371 [GameThread] DEBUG i.a.m.world.objects.GlobalObjects - Add object GlobalObject{id=10042, x=3077, y=3502, height=0, face=2, ticksRemaining=-1, restoreId=0, type=10, instance=null}
12:52:20.371 [GameThread] DEBUG i.a.m.world.objects.GlobalObjects - Add object GlobalObject{id=-1, x=3806, y=2835, height=0, face=0, ticksRemaining=-1, restoreId=0, type=10, instance=null}
12:52:20.371 [GameThread] DEBUG i.a.m.world.objects.GlobalObjects - Add object GlobalObject{id=10583, x=3186, y=3436, height=1, face=3, ticksRemaining=-1, restoreId=0, type=10, instance=null}
12:52:20.371 [GameThread] DEBUG i.a.m.world.objects.GlobalObjects - Add object GlobalObject{id=30087, x=2494, y=5114, height=0, face=2, ticksRemaining=-1, restoreId=0, type=10, instance=null}
12:52:20.371 [GameThread] DEBUG i.a.m.world.objects.GlobalObjects - Add object GlobalObject{id=26741, x=3082, y=3507, height=0, face=3, ticksRemaining=-1, restoreId=0, type=10, instance=null}
12:52:20.371 [GameThread] DEBUG i.a.m.world.objects.GlobalObjects - Add object GlobalObject{id=26741, x=3286, y=4958, height=0, face=3, ticksRemaining=-1, restoreId=0, type=10, instance=null}
12:52:20.371 [GameThread] DEBUG i.a.m.world.objects.GlobalObjects - Add object GlobalObject{id=26741, x=3279, y=4976, height=0, face=3, ticksRemaining=-1, restoreId=0, type=10, instance=null}
12:52:20.372 [GameThread] DEBUG i.a.m.world.objects.GlobalObjects - Add object GlobalObject{id=26741, x=3306, y=4976, height=0, face=3, ticksRemaining=-1, restoreId=0, type=10, instance=null}
12:52:20.372 [GameThread] DEBUG i.a.m.world.objects.GlobalObjects - Add object GlobalObject{id=26741, x=3306, y=4951, height=0, face=3, ticksRemaining=-1, restoreId=0, type=10, instance=null}
12:52:20.372 [GameThread] DEBUG i.a.m.world.objects.GlobalObjects - Add object GlobalObject{id=26741, x=3281, y=4943, height=0, face=3, ticksRemaining=-1, restoreId=0, type=10, instance=null}
12:52:20.372 [GameThread] DEBUG i.a.m.world.objects.GlobalObjects - Add object GlobalObject{id=26741, x=3168, y=4961, height=0, face=3, ticksRemaining=-1, restoreId=0, type=10, instance=null}
12:52:20.372 [GameThread] DEBUG i.a.m.world.objects.GlobalObjects - Add object GlobalObject{id=26741, x=3153, y=4974, height=0, face=3, ticksRemaining=-1, restoreId=0, type=10, instance=null}
12:52:20.372 [GameThread] DEBUG i.a.m.world.objects.GlobalObjects - Add object GlobalObject{id=26741, x=3178, y=4976, height=0, face=3, ticksRemaining=-1, restoreId=0, type=10, instance=null}
12:52:20.373 [GameThread] DEBUG i.a.m.world.objects.GlobalObjects - Add object GlobalObject{id=26741, x=3155, y=4945, height=0, face=3, ticksRemaining=-1, restoreId=0, type=10, instance=null}
12:52:20.374 [GameThread] DEBUG i.a.m.world.objects.GlobalObjects - Add object GlobalObject{id=26741, x=3180, y=4945, height=0, face=3, ticksRemaining=-1, restoreId=0, type=10, instance=null}
12:52:20.374 [GameThread] DEBUG i.a.m.world.objects.GlobalObjects - Add object GlobalObject{id=29778, x=3298, y=5185, height=0, face=0, ticksRemaining=-1, restoreId=0, type=10, instance=null}
12:52:20.374 [GameThread] DEBUG i.a.m.world.objects.GlobalObjects - Add object GlobalObject{id=26739, x=3430, y=4824, height=0, face=0, ticksRemaining=-1, restoreId=0, type=10, instance=null}
12:52:20.374 [GameThread] DEBUG i.a.m.world.objects.GlobalObjects - Add object GlobalObject{id=31925, x=3084, y=3490, height=0, face=4, ticksRemaining=-1, restoreId=0, type=10, instance=null}
12:52:20.374 [GameThread] DEBUG i.a.m.world.objects.GlobalObjects - Add object GlobalObject{id=11376, x=3189, y=3932, height=0, face=0, ticksRemaining=-1, restoreId=0, type=10, instance=null}
12:52:20.375 [GameThread] DEBUG i.a.m.world.objects.GlobalObjects - Add object GlobalObject{id=10822, x=3221, y=3502, height=0, face=0, ticksRemaining=-1, restoreId=0, type=10, instance=null}
12:52:20.375 [GameThread] DEBUG i.a.m.world.objects.GlobalObjects - Add object GlobalObject{id=10822, x=3204, y=3503, height=0, face=0, ticksRemaining=-1, restoreId=0, type=10, instance=null}
12:52:20.375 [GameThread] DEBUG i.a.m.world.objects.GlobalObjects - Add object GlobalObject{id=10822, x=3208, y=3499, height=0, face=0, ticksRemaining=-1, restoreId=0, type=10, instance=null}
12:52:20.375 [GameThread] DEBUG i.a.m.world.objects.GlobalObjects - Add object GlobalObject{id=9030, x=3786, y=3562, height=0, face=0, ticksRemaining=-1, restoreId=0, type=10, instance=null}
12:52:20.375 [GameThread] DEBUG i.a.m.world.objects.GlobalObjects - Add object GlobalObject{id=9030, x=3812, y=2837, height=0, face=0, ticksRemaining=-1, restoreId=0, type=10, instance=null}
12:52:20.375 [GameThread] DEBUG i.a.m.world.objects.GlobalObjects - Add object GlobalObject{id=9030, x=2835, y=5106, height=0, face=0, ticksRemaining=-1, restoreId=0, type=10, instance=null}
12:52:20.375 [GameThread] DEBUG i.a.m.world.objects.GlobalObjects - Add object GlobalObject{id=9030, x=2835, y=5109, height=0, face=0, ticksRemaining=-1, restoreId=0, type=10, instance=null}
12:52:20.375 [GameThread] DEBUG i.a.m.world.objects.GlobalObjects - Add object GlobalObject{id=9030, x=2834, y=5106, height=0, face=0, ticksRemaining=-1, restoreId=0, type=10, instance=null}
12:52:20.376 [GameThread] DEBUG i.a.m.world.objects.GlobalObjects - Add object GlobalObject{id=9030, x=2836, y=5109, height=0, face=0, ticksRemaining=-1, restoreId=0, type=10, instance=null}
12:52:20.376 [GameThread] DEBUG i.a.m.world.objects.GlobalObjects - Add object GlobalObject{id=9030, x=2836, y=5106, height=0, face=0, ticksRemaining=-1, restoreId=0, type=10, instance=null}
12:52:20.376 [GameThread] DEBUG i.a.m.world.objects.GlobalObjects - Add object GlobalObject{id=10562, x=2837, y=5106, height=0, face=0, ticksRemaining=-1, restoreId=0, type=10, instance=null}
12:52:20.376 [GameThread] DEBUG i.a.m.world.objects.GlobalObjects - Add object GlobalObject{id=2231, x=3303, y=3951, height=0, face=0, ticksRemaining=-1, restoreId=0, type=10, instance=null}
12:52:20.376 [GameThread] DEBUG i.a.m.world.objects.GlobalObjects - Add object GlobalObject{id=24101, x=3001, y=3384, height=0, face=1, ticksRemaining=-1, restoreId=0, type=10, instance=null}
12:52:20.376 [GameThread] DEBUG i.a.m.world.objects.GlobalObjects - Add object GlobalObject{id=24101, x=3001, y=3383, height=0, face=1, ticksRemaining=-1, restoreId=0, type=10, instance=null}
12:52:20.376 [GameThread] DEBUG i.a.m.world.objects.GlobalObjects - Add object GlobalObject{id=24101, x=3001, y=3382, height=0, face=1, ticksRemaining=-1, restoreId=0, type=10, instance=null}
12:52:20.379 [GameThread] DEBUG i.a.m.world.objects.GlobalObjects - Add object GlobalObject{id=24101, x=2845, y=5088, height=0, face=2, ticksRemaining=-1, restoreId=0, type=10, instance=null}
12:52:20.379 [GameThread] DEBUG i.a.m.world.objects.GlobalObjects - Add object GlobalObject{id=24101, x=2850, y=5088, height=0, face=2, ticksRemaining=-1, restoreId=0, type=10, instance=null}
12:52:20.379 [GameThread] DEBUG i.a.m.world.objects.GlobalObjects - Add object GlobalObject{id=24347, x=2445, y=5178, height=0, face=2, ticksRemaining=-1, restoreId=0, type=10, instance=null}
12:52:20.380 [GameThread] DEBUG i.a.m.world.objects.GlobalObjects - Add object GlobalObject{id=24347, x=2783, y=4847, height=0, face=2, ticksRemaining=-1, restoreId=0, type=10, instance=null}
12:52:20.380 [GameThread] DEBUG i.a.m.world.objects.GlobalObjects - Add object GlobalObject{id=24347, x=2784, y=4847, height=0, face=2, ticksRemaining=-1, restoreId=0, type=10, instance=null}
12:52:20.380 [GameThread] DEBUG i.a.m.world.objects.GlobalObjects - Add object GlobalObject{id=24347, x=2782, y=4847, height=0, face=2, ticksRemaining=-1, restoreId=0, type=10, instance=null}
12:52:20.380 [GameThread] DEBUG i.a.m.world.objects.GlobalObjects - Add object GlobalObject{id=23709, x=2780, y=4847, height=0, face=2, ticksRemaining=-1, restoreId=0, type=10, instance=null}
12:52:20.380 [GameThread] DEBUG i.a.m.world.objects.GlobalObjects - Add object GlobalObject{id=7674, x=3010, y=3390, height=0, face=0, ticksRemaining=-1, restoreId=0, type=10, instance=null}
12:52:20.380 [GameThread] DEBUG i.a.m.world.objects.GlobalObjects - Add object GlobalObject{id=7674, x=3011, y=3390, height=0, face=0, ticksRemaining=-1, restoreId=0, type=10, instance=null}
12:52:20.380 [GameThread] DEBUG i.a.m.world.objects.GlobalObjects - Add object GlobalObject{id=7674, x=3012, y=3390, height=0, face=0, ticksRemaining=-1, restoreId=0, type=10, instance=null}
12:52:20.381 [GameThread] DEBUG i.a.m.world.objects.GlobalObjects - Add object GlobalObject{id=7674, x=3013, y=3390, height=0, face=0, ticksRemaining=-1, restoreId=0, type=10, instance=null}
12:52:20.381 [GameThread] DEBUG i.a.m.world.objects.GlobalObjects - Add object GlobalObject{id=7674, x=3014, y=3390, height=0, face=0, ticksRemaining=-1, restoreId=0, type=10, instance=null}
12:52:20.381 [GameThread] DEBUG i.a.m.world.objects.GlobalObjects - Add object GlobalObject{id=11375, x=3192, y=3925, height=0, face=0, ticksRemaining=-1, restoreId=0, type=10, instance=null}
12:52:20.381 [GameThread] DEBUG i.a.m.world.objects.GlobalObjects - Add object GlobalObject{id=11373, x=3195, y=3935, height=0, face=0, ticksRemaining=-1, restoreId=0, type=10, instance=null}
12:52:20.381 [GameThread] DEBUG i.a.m.world.objects.GlobalObjects - Add object GlobalObject{id=11375, x=3193, y=3935, height=0, face=0, ticksRemaining=-1, restoreId=0, type=10, instance=null}
12:52:20.381 [GameThread] DEBUG i.a.m.world.objects.GlobalObjects - Add object GlobalObject{id=11375, x=3192, y=3927, height=0, face=0, ticksRemaining=-1, restoreId=0, type=10, instance=null}
12:52:20.381 [GameThread] DEBUG i.a.m.world.objects.GlobalObjects - Add object GlobalObject{id=11375, x=3194, y=3927, height=0, face=0, ticksRemaining=-1, restoreId=0, type=10, instance=null}
12:52:20.381 [GameThread] DEBUG i.a.m.world.objects.GlobalObjects - Add object GlobalObject{id=11375, x=3193, y=3926, height=0, face=0, ticksRemaining=-1, restoreId=0, type=10, instance=null}
12:52:20.381 [GameThread] DEBUG i.a.m.world.objects.GlobalObjects - Add object GlobalObject{id=11375, x=3194, y=3925, height=0, face=0, ticksRemaining=-1, restoreId=0, type=10, instance=null}
12:52:20.382 [GameThread] DEBUG i.a.m.world.objects.GlobalObjects - Add object GlobalObject{id=-1, x=3097, y=3481, height=0, face=0, ticksRemaining=-1, restoreId=0, type=10, instance=null}
12:52:20.383 [GameThread] DEBUG i.a.m.world.objects.GlobalObjects - Add object GlobalObject{id=-1, x=3097, y=3480, height=0, face=0, ticksRemaining=-1, restoreId=0, type=10, instance=null}
12:52:20.384 [GameThread] DEBUG i.a.m.world.objects.GlobalObjects - Add object GlobalObject{id=23709, x=3035, y=6071, height=0, face=2, ticksRemaining=-1, restoreId=0, type=10, instance=null}
12:52:20.384 [GameThread] DEBUG i.a.m.world.objects.GlobalObjects - Add object GlobalObject{id=3840, x=3001, y=3372, height=0, face=2, ticksRemaining=-1, restoreId=0, type=10, instance=null}
12:52:20.384 [GameThread] DEBUG i.a.m.world.objects.GlobalObjects - Add object GlobalObject{id=11731, x=2958, y=3376, height=0, face=0, ticksRemaining=-1, restoreId=0, type=10, instance=null}
12:52:20.384 [GameThread] DEBUG i.a.m.world.objects.GlobalObjects - Add object GlobalObject{id=36201, x=3033, y=6065, height=0, face=0, ticksRemaining=-1, restoreId=0, type=10, instance=null}
12:52:20.384 [GameThread] DEBUG i.a.m.world.objects.GlobalObjects - Add object GlobalObject{id=24101, x=2205, y=3055, height=0, face=0, ticksRemaining=-1, restoreId=0, type=10, instance=null}
12:52:20.384 [GameThread] DEBUG i.a.m.world.objects.GlobalObjects - Add object GlobalObject{id=10355, x=2536, y=4717, height=0, face=0, ticksRemaining=-1, restoreId=0, type=10, instance=null}
12:52:20.385 [GameThread] DEBUG i.a.m.world.objects.GlobalObjects - Add object GlobalObject{id=10355, x=3016, y=5625, height=0, face=0, ticksRemaining=-1, restoreId=0, type=10, instance=null}
12:52:20.385 [GameThread] DEBUG i.a.m.world.objects.GlobalObjects - Add object GlobalObject{id=29879, x=3231, y=5729, height=0, face=0, ticksRemaining=-1, restoreId=0, type=10, instance=null}
12:52:20.385 [GameThread] DEBUG i.a.m.world.objects.GlobalObjects - Add object GlobalObject{id=-1, x=2959, y=3802, height=0, face=-1, ticksRemaining=-1, restoreId=0, type=3, instance=null}
12:52:20.385 [GameThread] DEBUG i.a.m.world.objects.GlobalObjects - Add object GlobalObject{id=-1, x=3092, y=3488, height=0, face=-1, ticksRemaining=-1, restoreId=0, type=3, instance=null}
12:52:20.386 [GameThread] DEBUG i.a.m.world.objects.GlobalObjects - Add object GlobalObject{id=10439, x=3426, y=2930, height=0, face=0, ticksRemaining=-1, restoreId=0, type=10, instance=null}
12:52:20.386 [GameThread] DEBUG i.a.m.world.objects.GlobalObjects - Add object GlobalObject{id=635, x=3269, y=3410, height=0, face=0, ticksRemaining=-1, restoreId=0, type=10, instance=null}
12:52:20.386 [GameThread] DEBUG i.a.m.world.objects.GlobalObjects - Add object GlobalObject{id=11730, x=2667, y=3310, height=0, face=-1, ticksRemaining=-1, restoreId=0, type=10, instance=null}
12:52:20.386 [GameThread] DEBUG i.a.m.world.objects.GlobalObjects - Add object GlobalObject{id=11731, x=2667, y=3303, height=0, face=-1, ticksRemaining=-1, restoreId=0, type=10, instance=null}
12:52:20.386 [GameThread] DEBUG i.a.m.world.objects.GlobalObjects - Add object GlobalObject{id=11732, x=2663, y=3296, height=0, face=0, ticksRemaining=-1, restoreId=0, type=10, instance=null}
12:52:20.386 [GameThread] DEBUG i.a.m.world.objects.GlobalObjects - Add object GlobalObject{id=24101, x=2933, y=4818, height=0, face=0, ticksRemaining=-1, restoreId=0, type=10, instance=null}
12:52:20.386 [GameThread] DEBUG i.a.m.world.objects.GlobalObjects - Add object GlobalObject{id=13287, x=3106, y=3479, height=0, face=2, ticksRemaining=-1, restoreId=0, type=10, instance=null}
12:52:20.386 [GameThread] DEBUG i.a.m.world.objects.GlobalObjects - Add object GlobalObject{id=3828, x=3227, y=3108, height=0, face=0, ticksRemaining=-1, restoreId=0, type=10, instance=null}
12:52:20.387 [GameThread] DEBUG i.a.m.world.objects.GlobalObjects - Add object GlobalObject{id=31624, x=2777, y=4847, height=0, face=0, ticksRemaining=-1, restoreId=0, type=10, instance=null}
12:52:20.387 [GameThread] DEBUG i.a.m.world.objects.GlobalObjects - Add object GlobalObject{id=36556, x=2783, y=4839, height=0, face=0, ticksRemaining=-1, restoreId=0, type=10, instance=null}
12:52:20.387 [GameThread] DEBUG i.a.m.world.objects.GlobalObjects - Add object GlobalObject{id=10833, x=3012, y=3382, height=0, face=3, ticksRemaining=-1, restoreId=0, type=10, instance=null}
12:52:20.403 [GameThread] DEBUG i.a.m.world.objects.GlobalObjects - Add object GlobalObject{id=14402, x=3269, y=3166, height=3, face=3, ticksRemaining=-1, restoreId=0, type=10, instance=null}
12:52:20.404 [GameThread] DEBUG i.a.m.world.objects.GlobalObjects - Add object GlobalObject{id=-1, x=2656, y=2585, height=0, face=-1, ticksRemaining=-1, restoreId=0, type=3, instance=null}
12:52:20.404 [GameThread] DEBUG i.a.m.world.objects.GlobalObjects - Add object GlobalObject{id=-1, x=2657, y=2585, height=0, face=-1, ticksRemaining=-1, restoreId=0, type=3, instance=null}
12:52:20.404 [GameThread] DEBUG i.a.m.world.objects.GlobalObjects - Add object GlobalObject{id=-1, x=2656, y=2584, height=0, face=-1, ticksRemaining=-1, restoreId=0, type=3, instance=null}
12:52:20.404 [GameThread] DEBUG i.a.m.world.objects.GlobalObjects - Add object GlobalObject{id=-1, x=2657, y=2584, height=0, face=-1, ticksRemaining=-1, restoreId=0, type=3, instance=null}
12:52:20.405 [GameThread] DEBUG i.a.m.world.objects.GlobalObjects - Add object GlobalObject{id=-1, x=2643, y=2593, height=0, face=-1, ticksRemaining=-1, restoreId=0, type=3, instance=null}
12:52:20.405 [GameThread] DEBUG i.a.m.world.objects.GlobalObjects - Add object GlobalObject{id=-1, x=2643, y=2592, height=0, face=-1, ticksRemaining=-1, restoreId=0, type=3, instance=null}
12:52:20.405 [GameThread] DEBUG i.a.m.world.objects.GlobalObjects - Add object GlobalObject{id=-1, x=2642, y=2593, height=0, face=-1, ticksRemaining=-1, restoreId=0, type=3, instance=null}
12:52:20.406 [GameThread] DEBUG i.a.m.world.objects.GlobalObjects - Add object GlobalObject{id=-1, x=2642, y=2592, height=0, face=-1, ticksRemaining=-1, restoreId=0, type=3, instance=null}
12:52:20.406 [GameThread] DEBUG i.a.m.world.objects.GlobalObjects - Add object GlobalObject{id=-1, x=2670, y=2593, height=0, face=-1, ticksRemaining=-1, restoreId=0, type=3, instance=null}
12:52:20.406 [GameThread] DEBUG i.a.m.world.objects.GlobalObjects - Add object GlobalObject{id=-1, x=2670, y=2592, height=0, face=-1, ticksRemaining=-1, restoreId=0, type=3, instance=null}
12:52:20.406 [GameThread] DEBUG i.a.m.world.objects.GlobalObjects - Add object GlobalObject{id=-1, x=2671, y=2593, height=0, face=-1, ticksRemaining=-1, restoreId=0, type=3, instance=null}
12:52:20.407 [GameThread] DEBUG i.a.m.world.objects.GlobalObjects - Add object GlobalObject{id=-1, x=2671, y=2592, height=0, face=-1, ticksRemaining=-1, restoreId=0, type=3, instance=null}
12:52:20.407 [GameThread] DEBUG i.a.m.world.objects.GlobalObjects - Add object GlobalObject{id=32572, x=3109, y=3482, height=0, face=-1, ticksRemaining=-1, restoreId=0, type=10, instance=null}
12:52:20.407 [GameThread] DEBUG i.a.m.world.objects.GlobalObjects - Add object GlobalObject{id=30087, x=3109, y=3483, height=0, face=-1, ticksRemaining=-1, restoreId=0, type=10, instance=null}
12:52:23.110 [GameThread] DEBUG i.n.u.i.l.InternalLoggerFactory - Using SLF4J as the default logging framework
12:52:23.116 [GameThread] DEBUG i.n.c.MultithreadEventLoopGroup - -Dio.netty.eventLoopThreads: 8
12:52:23.165 [GameThread] DEBUG i.n.util.internal.PlatformDependent - Platform: Windows
12:52:23.168 [GameThread] DEBUG i.n.util.internal.PlatformDependent0 - -Dio.netty.noUnsafe: false
12:52:23.169 [GameThread] DEBUG i.n.util.internal.PlatformDependent0 - Java version: 13
12:52:23.171 [GameThread] DEBUG i.n.util.internal.PlatformDependent0 - sun.misc.Unsafe.theUnsafe: available
12:52:23.173 [GameThread] DEBUG i.n.util.internal.PlatformDependent0 - sun.misc.Unsafe.copyMemory: available
12:52:23.174 [GameThread] DEBUG i.n.util.internal.PlatformDependent0 - java.nio.Buffer.address: available
12:52:23.174 [GameThread] DEBUG i.n.util.internal.PlatformDependent0 - direct buffer constructor: available
12:52:23.175 [GameThread] DEBUG i.n.util.internal.PlatformDependent0 - java.nio.Bits.unaligned: available, true
12:52:23.182 [GameThread] DEBUG i.n.util.internal.PlatformDependent0 - jdk.internal.misc.Unsafe.allocateUninitializedArray(int): unavailable
java.lang.IllegalAccessException: class io.netty.util.internal.PlatformDependent0$6 cannot access class jdk.internal.misc.Unsafe (in module java.base) because module java.base does not export jdk.internal.misc to unnamed module @3a0c65f9
	at java.base/jdk.internal.reflect.Reflection.newIllegalAccessException(Reflection.java:376)
	at java.base/java.lang.reflect.AccessibleObject.checkAccess(AccessibleObject.java:642)
	at java.base/java.lang.reflect.Method.invoke(Method.java:559)
	at io.netty.util.internal.PlatformDependent0$6.run(PlatformDependent0.java:300)
	at java.base/java.security.AccessController.doPrivileged(AccessController.java:312)
	at io.netty.util.internal.PlatformDependent0.<clinit>(PlatformDependent0.java:291)
	at io.netty.util.internal.PlatformDependent.isAndroid(PlatformDependent.java:202)
	at io.netty.util.internal.PlatformDependent.<clinit>(PlatformDependent.java:79)
	at io.netty.util.ConstantPool.<init>(ConstantPool.java:32)
	at io.netty.util.Signal$1.<init>(Signal.java:27)
	at io.netty.util.Signal.<clinit>(Signal.java:27)
	at io.netty.util.concurrent.DefaultPromise.<clinit>(DefaultPromise.java:43)
	at io.netty.util.concurrent.MultithreadEventExecutorGroup.<init>(MultithreadEventExecutorGroup.java:36)
	at io.netty.util.concurrent.MultithreadEventExecutorGroup.<init>(MultithreadEventExecutorGroup.java:58)
	at io.netty.util.concurrent.MultithreadEventExecutorGroup.<init>(MultithreadEventExecutorGroup.java:47)
	at io.netty.channel.MultithreadEventLoopGroup.<init>(MultithreadEventLoopGroup.java:59)
	at io.netty.channel.nio.NioEventLoopGroup.<init>(NioEventLoopGroup.java:77)
	at io.netty.channel.nio.NioEventLoopGroup.<init>(NioEventLoopGroup.java:72)
	at io.netty.channel.nio.NioEventLoopGroup.<init>(NioEventLoopGroup.java:59)
	at io.alunity.Server.bindPorts(Server.java:270)
	at io.alunity.Server.lambda$main$0(Server.java:186)
	at io.alunity.GameThread.run(GameThread.java:81)
12:52:23.183 [GameThread] DEBUG i.n.util.internal.PlatformDependent0 - java.nio.DirectByteBuffer.<init>(long, int): available
12:52:23.183 [GameThread] DEBUG i.n.util.internal.PlatformDependent - sun.misc.Unsafe: available
12:52:23.213 [GameThread] DEBUG i.n.util.internal.PlatformDependent - maxDirectMemory: 2147483648 bytes (maybe)
12:52:23.214 [GameThread] DEBUG i.n.util.internal.PlatformDependent - -Dio.netty.tmpdir: C:\Users\ADMINI~1\AppData\Local\Temp\2 (java.io.tmpdir)
12:52:23.214 [GameThread] DEBUG i.n.util.internal.PlatformDependent - -Dio.netty.bitMode: 64 (sun.arch.data.model)
12:52:23.217 [GameThread] DEBUG i.n.util.internal.PlatformDependent - -Dio.netty.noPreferDirect: false
12:52:23.217 [GameThread] DEBUG i.n.util.internal.PlatformDependent - maxDirectMemory: 2147483648 bytes (maybe)
12:52:23.217 [GameThread] DEBUG i.n.util.internal.PlatformDependent - -Dio.netty.maxDirectMemory: 2147483648 bytes
12:52:23.218 [GameThread] DEBUG i.n.util.internal.PlatformDependent - -Dio.netty.uninitializedArrayAllocationThreshold: -1
12:52:23.219 [GameThread] DEBUG io.netty.util.internal.CleanerJava9 - java.nio.ByteBuffer.cleaner(): available
12:52:23.251 [GameThread] DEBUG io.netty.channel.nio.NioEventLoop - -Dio.netty.noKeySetOptimization: false
12:52:23.252 [GameThread] DEBUG io.netty.channel.nio.NioEventLoop - -Dio.netty.selectorAutoRebuildThreshold: 512
12:52:23.263 [GameThread] DEBUG i.n.util.internal.PlatformDependent - org.jctools-core.MpscChunkedArrayQueue: available
12:52:23.355 [GameThread] TRACE io.netty.channel.nio.NioEventLoop - instrumented a special java.util.Set into: sun.nio.ch.WindowsSelectorImpl@1d06d83b
12:52:23.356 [GameThread] TRACE io.netty.channel.nio.NioEventLoop - instrumented a special java.util.Set into: sun.nio.ch.WindowsSelectorImpl@4a8a36e5
12:52:23.356 [GameThread] TRACE io.netty.channel.nio.NioEventLoop - instrumented a special java.util.Set into: sun.nio.ch.WindowsSelectorImpl@25553f78
12:52:23.356 [GameThread] TRACE io.netty.channel.nio.NioEventLoop - instrumented a special java.util.Set into: sun.nio.ch.WindowsSelectorImpl@1dd3a9a2
12:52:23.356 [GameThread] TRACE io.netty.channel.nio.NioEventLoop - instrumented a special java.util.Set into: sun.nio.ch.WindowsSelectorImpl@68b34b40
12:52:23.360 [GameThread] TRACE io.netty.channel.nio.NioEventLoop - instrumented a special java.util.Set into: sun.nio.ch.WindowsSelectorImpl@739575ad
12:52:23.361 [GameThread] TRACE io.netty.channel.nio.NioEventLoop - instrumented a special java.util.Set into: sun.nio.ch.WindowsSelectorImpl@7f373a58
12:52:23.362 [GameThread] TRACE io.netty.channel.nio.NioEventLoop - instrumented a special java.util.Set into: sun.nio.ch.WindowsSelectorImpl@7f2902a5
12:52:23.365 [GameThread] TRACE io.netty.channel.nio.NioEventLoop - instrumented a special java.util.Set into: sun.nio.ch.WindowsSelectorImpl@5369223c
12:52:23.366 [GameThread] TRACE io.netty.channel.nio.NioEventLoop - instrumented a special java.util.Set into: sun.nio.ch.WindowsSelectorImpl@5839ee2a
12:52:23.367 [GameThread] TRACE io.netty.channel.nio.NioEventLoop - instrumented a special java.util.Set into: sun.nio.ch.WindowsSelectorImpl@2fc56130
12:52:23.368 [GameThread] TRACE io.netty.channel.nio.NioEventLoop - instrumented a special java.util.Set into: sun.nio.ch.WindowsSelectorImpl@6196f963
12:52:23.369 [GameThread] TRACE io.netty.channel.nio.NioEventLoop - instrumented a special java.util.Set into: sun.nio.ch.WindowsSelectorImpl@7bf44faf
12:52:23.370 [GameThread] TRACE io.netty.channel.nio.NioEventLoop - instrumented a special java.util.Set into: sun.nio.ch.WindowsSelectorImpl@6c2bb645
12:52:23.371 [GameThread] TRACE io.netty.channel.nio.NioEventLoop - instrumented a special java.util.Set into: sun.nio.ch.WindowsSelectorImpl@68e38611
12:52:23.372 [GameThread] TRACE io.netty.channel.nio.NioEventLoop - instrumented a special java.util.Set into: sun.nio.ch.WindowsSelectorImpl@3e68278f
12:52:23.447 [GameThread] DEBUG io.netty.channel.DefaultChannelId - -Dio.netty.processId: 11960 (auto-detected)
12:52:23.451 [GameThread] DEBUG io.netty.util.NetUtil - -Djava.net.preferIPv4Stack: false
12:52:23.451 [GameThread] DEBUG io.netty.util.NetUtil - -Djava.net.preferIPv6Addresses: false
12:52:23.501 [GameThread] DEBUG io.netty.util.NetUtil - Loopback interface: lo (Software Loopback Interface 1, 127.0.0.1)
12:52:23.502 [GameThread] DEBUG io.netty.util.NetUtil - Failed to get SOMAXCONN from sysctl and file \proc\sys\net\core\somaxconn. Default: 200
12:52:23.556 [GameThread] DEBUG io.netty.channel.DefaultChannelId - -Dio.netty.machineId: 00:1c:42:ff:fe:2b:ac:bb (auto-detected)
12:52:23.566 [GameThread] DEBUG i.n.u.i.InternalThreadLocalMap - -Dio.netty.threadLocalMap.stringBuilder.initialSize: 1024
12:52:23.566 [GameThread] DEBUG i.n.u.i.InternalThreadLocalMap - -Dio.netty.threadLocalMap.stringBuilder.maxSize: 4096
12:52:23.583 [GameThread] DEBUG io.netty.util.ResourceLeakDetector - -Dio.netty.leakDetection.level: simple
12:52:23.583 [GameThread] DEBUG io.netty.util.ResourceLeakDetector - -Dio.netty.leakDetection.maxRecords: 4
12:52:53.110 [GameThread] INFO  io.alunity.GameThread - Status [runtime=0m 30s, connections=0, players=0, uniques=0, npcs=3295, reserved-heights=0, average-cycle-time=14ms, handshakes-per-tick=0, memory=376.1 MB/554 MB]
12:53:23.108 [GameThread] DEBUG i.a.m.world.objects.GlobalObjects - Add object GlobalObject{id=-1, x=3046, y=3489, height=0, face=1, ticksRemaining=-1, restoreId=-1, type=10, instance=null}
12:53:23.120 [GameThread] INFO  io.alunity.GameThread - Status [runtime=1m, connections=0, players=0, uniques=0, npcs=3296, reserved-heights=0, average-cycle-time=12ms, handshakes-per-tick=0, memory=426.4 MB/554 MB]
12:53:53.127 [GameThread] INFO  io.alunity.GameThread - Status [runtime=1m 30s, connections=0, players=0, uniques=0, npcs=3296, reserved-heights=0, average-cycle-time=11ms, handshakes-per-tick=0, memory=310.6 MB/554 MB]
12:54:23.148 [GameThread] INFO  io.alunity.GameThread - Status [runtime=2m, connections=0, players=0, uniques=0, npcs=3296, reserved-heights=0, average-cycle-time=11ms, handshakes-per-tick=0, memory=319.1 MB/554 MB]
12:54:53.170 [GameThread] INFO  io.alunity.GameThread - Status [runtime=2m 30s, connections=0, players=0, uniques=0, npcs=3296, reserved-heights=0, average-cycle-time=10ms, handshakes-per-tick=0, memory=317.1 MB/554 MB]
12:55:23.189 [GameThread] INFO  io.alunity.GameThread - Status [runtime=3m, connections=0, players=0, uniques=0, npcs=3296, reserved-heights=0, average-cycle-time=10ms, handshakes-per-tick=0, memory=309.6 MB/554 MB]
12:55:53.209 [GameThread] INFO  io.alunity.GameThread - Status [runtime=3m 30s, connections=0, players=0, uniques=0, npcs=3296, reserved-heights=0, average-cycle-time=10ms, handshakes-per-tick=0, memory=297.2 MB/554 MB]
12:56:23.241 [GameThread] INFO  io.alunity.GameThread - Status [runtime=4m, connections=0, players=0, uniques=0, npcs=3296, reserved-heights=0, average-cycle-time=10ms, handshakes-per-tick=0, memory=483.1 MB/554 MB]
12:56:53.268 [GameThread] INFO  io.alunity.GameThread - Status [runtime=4m 30s, connections=0, players=0, uniques=0, npcs=3296, reserved-heights=0, average-cycle-time=10ms, handshakes-per-tick=0, memory=468.6 MB/554 MB]
12:57:23.294 [GameThread] INFO  io.alunity.GameThread - Status [runtime=5m, connections=0, players=0, uniques=0, npcs=3296, reserved-heights=0, average-cycle-time=9ms, handshakes-per-tick=0, memory=453.5 MB/554 MB]
12:57:53.323 [GameThread] INFO  io.alunity.GameThread - Status [runtime=5m 30s, connections=0, players=0, uniques=0, npcs=3296, reserved-heights=0, average-cycle-time=9ms, handshakes-per-tick=0, memory=439.1 MB/554 MB]
12:58:23.348 [GameThread] INFO  io.alunity.GameThread - Status [runtime=6m, connections=0, players=0, uniques=0, npcs=3296, reserved-heights=0, average-cycle-time=9ms, handshakes-per-tick=0, memory=423.1 MB/554 MB]
12:58:53.372 [GameThread] INFO  io.alunity.GameThread - Status [runtime=6m 30s, connections=0, players=0, uniques=0, npcs=3296, reserved-heights=0, average-cycle-time=9ms, handshakes-per-tick=0, memory=407 MB/554 MB]
12:59:23.401 [GameThread] INFO  io.alunity.GameThread - Status [runtime=7m, connections=0, players=0, uniques=0, npcs=3296, reserved-heights=0, average-cycle-time=9ms, handshakes-per-tick=0, memory=390.4 MB/554 MB]
12:59:53.424 [GameThread] INFO  io.alunity.GameThread - Status [runtime=7m 30s, connections=0, players=0, uniques=0, npcs=3296, reserved-heights=0, average-cycle-time=9ms, handshakes-per-tick=0, memory=372.9 MB/554 MB]
13:00:23.452 [GameThread] INFO  io.alunity.GameThread - Status [runtime=8m, connections=0, players=0, uniques=0, npcs=3296, reserved-heights=0, average-cycle-time=9ms, handshakes-per-tick=0, memory=355.5 MB/554 MB]
13:00:53.477 [GameThread] INFO  io.alunity.GameThread - Status [runtime=8m 30s, connections=0, players=0, uniques=0, npcs=3296, reserved-heights=0, average-cycle-time=9ms, handshakes-per-tick=0, memory=336.5 MB/554 MB]
13:01:23.492 [GameThread] INFO  io.alunity.GameThread - Status [runtime=9m, connections=0, players=0, uniques=0, npcs=3296, reserved-heights=0, average-cycle-time=9ms, handshakes-per-tick=0, memory=315.4 MB/554 MB]
13:01:53.515 [GameThread] INFO  io.alunity.GameThread - Status [runtime=9m 30s, connections=0, players=0, uniques=0, npcs=3296, reserved-heights=0, average-cycle-time=9ms, handshakes-per-tick=0, memory=293.9 MB/554 MB]
13:02:23.537 [GameThread] INFO  io.alunity.GameThread - Status [runtime=10m, connections=0, players=0, uniques=0, npcs=3296, reserved-heights=0, average-cycle-time=9ms, handshakes-per-tick=0, memory=479.4 MB/554 MB]
13:02:53.567 [GameThread] INFO  io.alunity.GameThread - Status [runtime=10m 30s, connections=0, players=0, uniques=0, npcs=3296, reserved-heights=0, average-cycle-time=9ms, handshakes-per-tick=0, memory=457.9 MB/554 MB]
13:03:23.595 [GameThread] INFO  io.alunity.GameThread - Status [runtime=11m, connections=0, players=0, uniques=0, npcs=3296, reserved-heights=0, average-cycle-time=9ms, handshakes-per-tick=0, memory=435.4 MB/554 MB]
13:03:53.619 [GameThread] INFO  io.alunity.GameThread - Status [runtime=11m 30s, connections=0, players=0, uniques=0, npcs=3296, reserved-heights=0, average-cycle-time=9ms, handshakes-per-tick=0, memory=411.9 MB/554 MB]
13:04:23.642 [GameThread] INFO  io.alunity.GameThread - Status [runtime=12m, connections=0, players=0, uniques=0, npcs=3296, reserved-heights=0, average-cycle-time=9ms, handshakes-per-tick=0, memory=389.4 MB/554 MB]
13:04:53.666 [GameThread] INFO  io.alunity.GameThread - Status [runtime=12m 30s, connections=0, players=0, uniques=0, npcs=3296, reserved-heights=0, average-cycle-time=9ms, handshakes-per-tick=0, memory=366.4 MB/554 MB]
13:05:23.698 [GameThread] INFO  io.alunity.GameThread - Status [runtime=13m, connections=0, players=0, uniques=0, npcs=3296, reserved-heights=0, average-cycle-time=9ms, handshakes-per-tick=0, memory=342.4 MB/554 MB]
13:05:53.717 [GameThread] INFO  io.alunity.GameThread - Status [runtime=13m 30s, connections=0, players=0, uniques=0, npcs=3296, reserved-heights=0, average-cycle-time=9ms, handshakes-per-tick=0, memory=318.4 MB/554 MB]
13:06:23.745 [GameThread] INFO  io.alunity.GameThread - Status [runtime=14m, connections=0, players=0, uniques=0, npcs=3296, reserved-heights=0, average-cycle-time=9ms, handshakes-per-tick=0, memory=294.4 MB/554 MB]
13:06:53.771 [GameThread] INFO  io.alunity.GameThread - Status [runtime=14m 30s, connections=0, players=0, uniques=0, npcs=3296, reserved-heights=0, average-cycle-time=9ms, handshakes-per-tick=0, memory=480.4 MB/554 MB]
13:07:23.793 [GameThread] INFO  io.alunity.GameThread - Status [runtime=15m, connections=0, players=0, uniques=0, npcs=3296, reserved-heights=0, average-cycle-time=9ms, handshakes-per-tick=0, memory=456.4 MB/554 MB]
13:07:53.815 [GameThread] INFO  io.alunity.GameThread - Status [runtime=15m 30s, connections=0, players=0, uniques=0, npcs=3296, reserved-heights=0, average-cycle-time=9ms, handshakes-per-tick=0, memory=433 MB/554 MB]
13:08:23.834 [GameThread] DEBUG i.a.m.world.objects.GlobalObjects - Add object GlobalObject{id=33730, x=3046, y=3489, height=0, face=1, ticksRemaining=-1, restoreId=-1, type=10, instance=null}
13:08:23.841 [GameThread] INFO  io.alunity.GameThread - Status [runtime=16m, connections=0, players=0, uniques=0, npcs=3297, reserved-heights=0, average-cycle-time=9ms, handshakes-per-tick=0, memory=408.5 MB/554 MB]
13:08:53.859 [GameThread] INFO  io.alunity.GameThread - Status [runtime=16m 30s, connections=0, players=0, uniques=0, npcs=3296, reserved-heights=0, average-cycle-time=9ms, handshakes-per-tick=0, memory=384.5 MB/554 MB]
13:09:23.883 [GameThread] INFO  io.alunity.GameThread - Status [runtime=17m, connections=0, players=0, uniques=0, npcs=3296, reserved-heights=0, average-cycle-time=9ms, handshakes-per-tick=0, memory=360.5 MB/554 MB]
13:09:53.956 [GameThread] INFO  io.alunity.GameThread - Status [runtime=17m 30s, connections=0, players=0, uniques=0, npcs=3296, reserved-heights=0, average-cycle-time=9ms, handshakes-per-tick=0, memory=336.5 MB/554 MB]
13:10:23.973 [GameThread] INFO  io.alunity.GameThread - Status [runtime=18m, connections=0, players=0, uniques=0, npcs=3296, reserved-heights=0, average-cycle-time=9ms, handshakes-per-tick=0, memory=313 MB/554 MB]
13:10:54.007 [GameThread] INFO  io.alunity.GameThread - Status [runtime=18m 30s, connections=0, players=0, uniques=0, npcs=3296, reserved-heights=0, average-cycle-time=9ms, handshakes-per-tick=0, memory=289 MB/554 MB]
13:11:24.031 [GameThread] INFO  io.alunity.GameThread - Status [runtime=19m, connections=0, players=0, uniques=0, npcs=3296, reserved-heights=0, average-cycle-time=9ms, handshakes-per-tick=0, memory=475 MB/554 MB]
13:11:54.061 [GameThread] INFO  io.alunity.GameThread - Status [runtime=19m 30s, connections=0, players=0, uniques=0, npcs=3296, reserved-heights=0, average-cycle-time=9ms, handshakes-per-tick=0, memory=451 MB/554 MB]
13:12:24.089 [GameThread] INFO  io.alunity.GameThread - Status [runtime=20m, connections=0, players=0, uniques=0, npcs=3296, reserved-heights=0, average-cycle-time=9ms, handshakes-per-tick=0, memory=427.5 MB/554 MB]
13:12:54.107 [GameThread] INFO  io.alunity.GameThread - Status [runtime=20m 30s, connections=0, players=0, uniques=0, npcs=3296, reserved-heights=0, average-cycle-time=9ms, handshakes-per-tick=0, memory=404 MB/554 MB]
13:13:24.131 [GameThread] INFO  io.alunity.GameThread - Status [runtime=21m, connections=0, players=0, uniques=0, npcs=3296, reserved-heights=0, average-cycle-time=9ms, handshakes-per-tick=0, memory=379.5 MB/554 MB]
13:13:54.153 [GameThread] INFO  io.alunity.GameThread - Status [runtime=21m 30s, connections=0, players=0, uniques=0, npcs=3296, reserved-heights=0, average-cycle-time=9ms, handshakes-per-tick=0, memory=356 MB/554 MB]
13:14:24.176 [GameThread] INFO  io.alunity.GameThread - Status [runtime=22m, connections=0, players=0, uniques=0, npcs=3296, reserved-heights=0, average-cycle-time=9ms, handshakes-per-tick=0, memory=332 MB/554 MB]
13:14:54.203 [GameThread] INFO  io.alunity.GameThread - Status [runtime=22m 30s, connections=0, players=0, uniques=0, npcs=3296, reserved-heights=0, average-cycle-time=9ms, handshakes-per-tick=0, memory=308 MB/554 MB]
13:15:24.225 [GameThread] INFO  io.alunity.GameThread - Status [runtime=23m, connections=0, players=0, uniques=0, npcs=3296, reserved-heights=0, average-cycle-time=9ms, handshakes-per-tick=0, memory=493.5 MB/554 MB]
13:15:54.250 [GameThread] INFO  io.alunity.GameThread - Status [runtime=23m 30s, connections=0, players=0, uniques=0, npcs=3296, reserved-heights=0, average-cycle-time=9ms, handshakes-per-tick=0, memory=469 MB/554 MB]
13:16:24.280 [GameThread] INFO  io.alunity.GameThread - Status [runtime=24m, connections=0, players=0, uniques=0, npcs=3296, reserved-heights=0, average-cycle-time=9ms, handshakes-per-tick=0, memory=445 MB/554 MB]
13:16:54.304 [GameThread] INFO  io.alunity.GameThread - Status [runtime=24m 30s, connections=0, players=0, uniques=0, npcs=3296, reserved-heights=0, average-cycle-time=9ms, handshakes-per-tick=0, memory=421.5 MB/554 MB]
13:17:24.330 [GameThread] INFO  io.alunity.GameThread - Status [runtime=25m, connections=0, players=0, uniques=0, npcs=3296, reserved-heights=0, average-cycle-time=9ms, handshakes-per-tick=0, memory=397 MB/554 MB]
13:17:54.359 [GameThread] INFO  io.alunity.GameThread - Status [runtime=25m 30s, connections=0, players=0, uniques=0, npcs=3296, reserved-heights=0, average-cycle-time=9ms, handshakes-per-tick=0, memory=373 MB/554 MB]
13:18:24.385 [GameThread] INFO  io.alunity.GameThread - Status [runtime=26m, connections=0, players=0, uniques=0, npcs=3296, reserved-heights=0, average-cycle-time=9ms, handshakes-per-tick=0, memory=349 MB/554 MB]
13:18:54.411 [GameThread] INFO  io.alunity.GameThread - Status [runtime=26m 30s, connections=0, players=0, uniques=0, npcs=3296, reserved-heights=0, average-cycle-time=9ms, handshakes-per-tick=0, memory=325 MB/554 MB]
13:19:24.434 [GameThread] INFO  io.alunity.GameThread - Status [runtime=27m, connections=0, players=0, uniques=0, npcs=3296, reserved-heights=0, average-cycle-time=9ms, handshakes-per-tick=0, memory=300.5 MB/554 MB]
13:19:54.464 [GameThread] INFO  io.alunity.GameThread - Status [runtime=27m 30s, connections=0, players=0, uniques=0, npcs=3296, reserved-heights=0, average-cycle-time=9ms, handshakes-per-tick=0, memory=487.5 MB/554 MB]
13:20:24.496 [GameThread] INFO  io.alunity.GameThread - Status [runtime=28m, connections=0, players=0, uniques=0, npcs=3296, reserved-heights=0, average-cycle-time=9ms, handshakes-per-tick=0, memory=464 MB/554 MB]
13:20:54.520 [GameThread] INFO  io.alunity.GameThread - Status [runtime=28m 30s, connections=0, players=0, uniques=0, npcs=3296, reserved-heights=0, average-cycle-time=9ms, handshakes-per-tick=0, memory=440.5 MB/554 MB]
13:21:24.543 [GameThread] INFO  io.alunity.GameThread - Status [runtime=29m, connections=0, players=0, uniques=0, npcs=3296, reserved-heights=0, average-cycle-time=9ms, handshakes-per-tick=0, memory=416.5 MB/554 MB]
13:21:54.566 [GameThread] INFO  io.alunity.GameThread - Status [runtime=29m 30s, connections=0, players=0, uniques=0, npcs=3296, reserved-heights=0, average-cycle-time=9ms, handshakes-per-tick=0, memory=392.5 MB/554 MB]
13:22:24.587 [GameThread] INFO  io.alunity.GameThread - Status [runtime=30m, connections=0, players=0, uniques=0, npcs=3296, reserved-heights=0, average-cycle-time=9ms, handshakes-per-tick=0, memory=369 MB/554 MB]
13:22:54.611 [GameThread] INFO  io.alunity.GameThread - Status [runtime=30m 30s, connections=0, players=0, uniques=0, npcs=3296, reserved-heights=0, average-cycle-time=9ms, handshakes-per-tick=0, memory=345 MB/554 MB]
13:23:24.656 [GameThread] INFO  io.alunity.GameThread - Status [runtime=31m, connections=0, players=0, uniques=0, npcs=3296, reserved-heights=0, average-cycle-time=9ms, handshakes-per-tick=0, memory=321.5 MB/554 MB]
13:23:54.665 [GameThread] INFO  io.alunity.GameThread - Status [runtime=31m 30s, connections=0, players=0, uniques=0, npcs=3293, reserved-heights=0, average-cycle-time=9ms, handshakes-per-tick=0, memory=296.5 MB/554 MB]
13:24:24.690 [GameThread] INFO  io.alunity.GameThread - Status [runtime=32m, connections=0, players=0, uniques=0, npcs=3293, reserved-heights=0, average-cycle-time=9ms, handshakes-per-tick=0, memory=482.5 MB/554 MB]
13:24:54.714 [GameThread] INFO  io.alunity.GameThread - Status [runtime=32m 30s, connections=0, players=0, uniques=0, npcs=3293, reserved-heights=0, average-cycle-time=9ms, handshakes-per-tick=0, memory=458 MB/554 MB]
13:25:24.740 [GameThread] INFO  io.alunity.GameThread - Status [runtime=33m, connections=0, players=0, uniques=0, npcs=3293, reserved-heights=0, average-cycle-time=9ms, handshakes-per-tick=0, memory=434 MB/554 MB]
13:25:54.765 [GameThread] INFO  io.alunity.GameThread - Status [runtime=33m 30s, connections=0, players=0, uniques=0, npcs=3293, reserved-heights=0, average-cycle-time=9ms, handshakes-per-tick=0, memory=410 MB/554 MB]
13:26:24.791 [GameThread] INFO  io.alunity.GameThread - Status [runtime=34m, connections=0, players=0, uniques=0, npcs=3293, reserved-heights=0, average-cycle-time=9ms, handshakes-per-tick=0, memory=386 MB/554 MB]
13:26:54.814 [GameThread] INFO  io.alunity.GameThread - Status [runtime=34m 30s, connections=0, players=0, uniques=0, npcs=3293, reserved-heights=0, average-cycle-time=9ms, handshakes-per-tick=0, memory=361.5 MB/554 MB]
13:27:24.840 [GameThread] INFO  io.alunity.GameThread - Status [runtime=35m, connections=0, players=0, uniques=0, npcs=3293, reserved-heights=0, average-cycle-time=9ms, handshakes-per-tick=0, memory=338 MB/554 MB]
13:27:54.864 [GameThread] INFO  io.alunity.GameThread - Status [runtime=35m 30s, connections=0, players=0, uniques=0, npcs=3293, reserved-heights=0, average-cycle-time=9ms, handshakes-per-tick=0, memory=313.5 MB/554 MB]
13:28:24.883 [GameThread] INFO  io.alunity.GameThread - Status [runtime=36m, connections=0, players=0, uniques=0, npcs=3293, reserved-heights=0, average-cycle-time=9ms, handshakes-per-tick=0, memory=289.5 MB/554 MB]
13:28:54.910 [GameThread] INFO  io.alunity.GameThread - Status [runtime=36m 30s, connections=0, players=0, uniques=0, npcs=3293, reserved-heights=0, average-cycle-time=9ms, handshakes-per-tick=0, memory=475.5 MB/554 MB]
13:29:24.939 [GameThread] INFO  io.alunity.GameThread - Status [runtime=37m, connections=0, players=0, uniques=0, npcs=3293, reserved-heights=0, average-cycle-time=9ms, handshakes-per-tick=0, memory=452 MB/554 MB]
13:29:54.969 [GameThread] INFO  io.alunity.GameThread - Status [runtime=37m 30s, connections=0, players=0, uniques=0, npcs=3293, reserved-heights=0, average-cycle-time=9ms, handshakes-per-tick=0, memory=428.5 MB/554 MB]
13:30:24.996 [GameThread] INFO  io.alunity.GameThread - Status [runtime=38m, connections=0, players=0, uniques=0, npcs=3293, reserved-heights=0, average-cycle-time=9ms, handshakes-per-tick=0, memory=405 MB/554 MB]
13:30:55.024 [GameThread] INFO  io.alunity.GameThread - Status [runtime=38m 30s, connections=0, players=0, uniques=0, npcs=3293, reserved-heights=0, average-cycle-time=9ms, handshakes-per-tick=0, memory=381 MB/554 MB]
13:31:25.048 [GameThread] INFO  io.alunity.GameThread - Status [runtime=39m, connections=0, players=0, uniques=0, npcs=3293, reserved-heights=0, average-cycle-time=9ms, handshakes-per-tick=0, memory=357 MB/554 MB]
13:31:55.098 [GameThread] INFO  io.alunity.GameThread - Status [runtime=39m 30s, connections=0, players=0, uniques=0, npcs=3293, reserved-heights=0, average-cycle-time=9ms, handshakes-per-tick=0, memory=333.5 MB/554 MB]
13:32:25.126 [GameThread] INFO  io.alunity.GameThread - Status [runtime=40m, connections=0, players=0, uniques=0, npcs=3293, reserved-heights=0, average-cycle-time=9ms, handshakes-per-tick=0, memory=309 MB/554 MB]
13:32:55.156 [GameThread] INFO  io.alunity.GameThread - Status [runtime=40m 30s, connections=0, players=0, uniques=0, npcs=3293, reserved-heights=0, average-cycle-time=9ms, handshakes-per-tick=0, memory=285.5 MB/554 MB]
13:33:25.181 [GameThread] INFO  io.alunity.GameThread - Status [runtime=41m, connections=0, players=0, uniques=0, npcs=3293, reserved-heights=0, average-cycle-time=9ms, handshakes-per-tick=0, memory=472 MB/554 MB]
13:33:55.204 [GameThread] INFO  io.alunity.GameThread - Status [runtime=41m 30s, connections=0, players=0, uniques=0, npcs=3293, reserved-heights=0, average-cycle-time=9ms, handshakes-per-tick=0, memory=448.5 MB/554 MB]
13:34:25.223 [GameThread] INFO  io.alunity.GameThread - Status [runtime=42m, connections=0, players=0, uniques=0, npcs=3293, reserved-heights=0, average-cycle-time=9ms, handshakes-per-tick=0, memory=423 MB/554 MB]
13:34:55.251 [GameThread] INFO  io.alunity.GameThread - Status [runtime=42m 30s, connections=0, players=0, uniques=0, npcs=3293, reserved-heights=0, average-cycle-time=9ms, handshakes-per-tick=0, memory=399.5 MB/554 MB]
13:35:25.277 [GameThread] INFO  io.alunity.GameThread - Status [runtime=43m, connections=0, players=0, uniques=0, npcs=3293, reserved-heights=0, average-cycle-time=9ms, handshakes-per-tick=0, memory=376 MB/554 MB]
13:35:55.308 [GameThread] INFO  io.alunity.GameThread - Status [runtime=43m 30s, connections=0, players=0, uniques=0, npcs=3293, reserved-heights=0, average-cycle-time=9ms, handshakes-per-tick=0, memory=352.5 MB/554 MB]
13:36:25.328 [GameThread] INFO  io.alunity.GameThread - Status [runtime=44m, connections=0, players=0, uniques=0, npcs=3293, reserved-heights=0, average-cycle-time=9ms, handshakes-per-tick=0, memory=327.5 MB/554 MB]
13:36:55.351 [GameThread] INFO  io.alunity.GameThread - Status [runtime=44m 30s, connections=0, players=0, uniques=0, npcs=3293, reserved-heights=0, average-cycle-time=9ms, handshakes-per-tick=0, memory=303 MB/554 MB]
13:37:25.377 [GameThread] INFO  io.alunity.GameThread - Status [runtime=45m, connections=0, players=0, uniques=0, npcs=3293, reserved-heights=0, average-cycle-time=9ms, handshakes-per-tick=0, memory=489 MB/554 MB]
13:37:55.398 [GameThread] INFO  io.alunity.GameThread - Status [runtime=45m 30s, connections=0, players=0, uniques=0, npcs=3293, reserved-heights=0, average-cycle-time=9ms, handshakes-per-tick=0, memory=464.5 MB/554 MB]
13:38:25.423 [GameThread] DEBUG i.a.m.world.objects.GlobalObjects - Add object GlobalObject{id=-1, x=3046, y=3489, height=0, face=1, ticksRemaining=-1, restoreId=-1, type=10, instance=null}
13:38:25.425 [GameThread] INFO  io.alunity.GameThread - Status [runtime=46m, connections=0, players=0, uniques=0, npcs=3294, reserved-heights=0, average-cycle-time=9ms, handshakes-per-tick=0, memory=441.1 MB/554 MB]
13:38:55.449 [GameThread] INFO  io.alunity.GameThread - Status [runtime=46m 30s, connections=0, players=0, uniques=0, npcs=3294, reserved-heights=0, average-cycle-time=9ms, handshakes-per-tick=0, memory=417.5 MB/554 MB]
13:39:25.473 [GameThread] INFO  io.alunity.GameThread - Status [runtime=47m, connections=0, players=0, uniques=0, npcs=3294, reserved-heights=0, average-cycle-time=9ms, handshakes-per-tick=0, memory=393.5 MB/554 MB]
13:39:55.502 [GameThread] INFO  io.alunity.GameThread - Status [runtime=47m 30s, connections=0, players=0, uniques=0, npcs=3294, reserved-heights=0, average-cycle-time=9ms, handshakes-per-tick=0, memory=369.5 MB/554 MB]
13:40:25.526 [GameThread] INFO  io.alunity.GameThread - Status [runtime=48m, connections=0, players=0, uniques=0, npcs=3294, reserved-heights=0, average-cycle-time=9ms, handshakes-per-tick=0, memory=345.5 MB/554 MB]
13:40:55.551 [GameThread] INFO  io.alunity.GameThread - Status [runtime=48m 30s, connections=0, players=0, uniques=0, npcs=3294, reserved-heights=0, average-cycle-time=9ms, handshakes-per-tick=0, memory=322 MB/554 MB]
13:41:25.577 [GameThread] INFO  io.alunity.GameThread - Status [runtime=49m, connections=0, players=0, uniques=0, npcs=3294, reserved-heights=0, average-cycle-time=9ms, handshakes-per-tick=0, memory=298.5 MB/554 MB]
13:41:55.605 [GameThread] INFO  io.alunity.GameThread - Status [runtime=49m 30s, connections=0, players=0, uniques=0, npcs=3294, reserved-heights=0, average-cycle-time=9ms, handshakes-per-tick=0, memory=484.5 MB/554 MB]
13:42:25.629 [GameThread] INFO  io.alunity.GameThread - Status [runtime=50m, connections=0, players=0, uniques=0, npcs=3294, reserved-heights=0, average-cycle-time=9ms, handshakes-per-tick=0, memory=460.5 MB/554 MB]
13:42:55.655 [GameThread] INFO  io.alunity.GameThread - Status [runtime=50m 30s, connections=0, players=0, uniques=0, npcs=3294, reserved-heights=0, average-cycle-time=9ms, handshakes-per-tick=0, memory=436.5 MB/554 MB]
13:43:25.682 [GameThread] INFO  io.alunity.GameThread - Status [runtime=51m, connections=0, players=0, uniques=0, npcs=3294, reserved-heights=0, average-cycle-time=9ms, handshakes-per-tick=0, memory=412 MB/554 MB]
13:43:55.709 [GameThread] INFO  io.alunity.GameThread - Status [runtime=51m 30s, connections=0, players=0, uniques=0, npcs=3294, reserved-heights=0, average-cycle-time=9ms, handshakes-per-tick=0, memory=388 MB/554 MB]
13:44:25.732 [GameThread] INFO  io.alunity.GameThread - Status [runtime=52m, connections=0, players=0, uniques=0, npcs=3294, reserved-heights=0, average-cycle-time=9ms, handshakes-per-tick=0, memory=363.5 MB/554 MB]
13:44:55.758 [GameThread] INFO  io.alunity.GameThread - Status [runtime=52m 30s, connections=0, players=0, uniques=0, npcs=3294, reserved-heights=0, average-cycle-time=9ms, handshakes-per-tick=0, memory=339 MB/554 MB]
13:45:25.784 [GameThread] INFO  io.alunity.GameThread - Status [runtime=53m, connections=0, players=0, uniques=0, npcs=3294, reserved-heights=0, average-cycle-time=9ms, handshakes-per-tick=0, memory=315.5 MB/554 MB]
13:45:55.811 [GameThread] INFO  io.alunity.GameThread - Status [runtime=53m 30s, connections=0, players=0, uniques=0, npcs=3294, reserved-heights=0, average-cycle-time=9ms, handshakes-per-tick=0, memory=292 MB/554 MB]
13:46:25.836 [GameThread] INFO  io.alunity.GameThread - Status [runtime=54m, connections=0, players=0, uniques=0, npcs=3294, reserved-heights=0, average-cycle-time=9ms, handshakes-per-tick=0, memory=478 MB/554 MB]
13:46:55.865 [GameThread] INFO  io.alunity.GameThread - Status [runtime=54m 30s, connections=0, players=0, uniques=0, npcs=3294, reserved-heights=0, average-cycle-time=9ms, handshakes-per-tick=0, memory=454.1 MB/554 MB]
13:47:25.883 [GameThread] INFO  io.alunity.GameThread - Status [runtime=55m, connections=0, players=0, uniques=0, npcs=3294, reserved-heights=0, average-cycle-time=9ms, handshakes-per-tick=0, memory=429.5 MB/554 MB]
13:47:55.911 [GameThread] INFO  io.alunity.GameThread - Status [runtime=55m 30s, connections=0, players=0, uniques=0, npcs=3294, reserved-heights=0, average-cycle-time=9ms, handshakes-per-tick=0, memory=405 MB/554 MB]
13:48:25.939 [GameThread] INFO  io.alunity.GameThread - Status [runtime=56m, connections=0, players=0, uniques=0, npcs=3294, reserved-heights=0, average-cycle-time=9ms, handshakes-per-tick=0, memory=381 MB/554 MB]
13:48:55.961 [GameThread] INFO  io.alunity.GameThread - Status [runtime=56m 30s, connections=0, players=0, uniques=0, npcs=3294, reserved-heights=0, average-cycle-time=9ms, handshakes-per-tick=0, memory=357 MB/554 MB]
13:49:25.981 [GameThread] INFO  io.alunity.GameThread - Status [runtime=57m, connections=0, players=0, uniques=0, npcs=3294, reserved-heights=0, average-cycle-time=9ms, handshakes-per-tick=0, memory=333 MB/554 MB]
13:49:56.010 [GameThread] INFO  io.alunity.GameThread - Status [runtime=57m 30s, connections=0, players=0, uniques=0, npcs=3294, reserved-heights=0, average-cycle-time=9ms, handshakes-per-tick=0, memory=308.5 MB/554 MB]
13:50:26.028 [GameThread] INFO  io.alunity.GameThread - Status [runtime=58m, connections=0, players=0, uniques=0, npcs=3294, reserved-heights=0, average-cycle-time=9ms, handshakes-per-tick=0, memory=285 MB/554 MB]
13:50:56.056 [GameThread] INFO  io.alunity.GameThread - Status [runtime=58m 30s, connections=0, players=0, uniques=0, npcs=3294, reserved-heights=0, average-cycle-time=9ms, handshakes-per-tick=0, memory=470.5 MB/554 MB]
13:51:26.081 [GameThread] INFO  io.alunity.GameThread - Status [runtime=59m, connections=0, players=0, uniques=0, npcs=3294, reserved-heights=0, average-cycle-time=9ms, handshakes-per-tick=0, memory=446.6 MB/554 MB]
13:51:56.103 [GameThread] INFO  io.alunity.GameThread - Status [runtime=59m 30s, connections=0, players=0, uniques=0, npcs=3294, reserved-heights=0, average-cycle-time=9ms, handshakes-per-tick=0, memory=422 MB/554 MB]
13:52:26.122 [GameThread] INFO  io.alunity.GameThread - Status [runtime=1h, connections=0, players=0, uniques=0, npcs=3294, reserved-heights=0, average-cycle-time=9ms, handshakes-per-tick=0, memory=398 MB/554 MB]
13:52:56.139 [GameThread] INFO  io.alunity.GameThread - Status [runtime=1h 00m 30s, connections=0, players=0, uniques=0, npcs=3294, reserved-heights=0, average-cycle-time=9ms, handshakes-per-tick=0, memory=373.5 MB/554 MB]
13:53:26.156 [GameThread] DEBUG i.a.m.world.objects.GlobalObjects - Add object GlobalObject{id=33730, x=3046, y=3489, height=0, face=1, ticksRemaining=-1, restoreId=-1, type=10, instance=null}
13:53:26.159 [GameThread] INFO  io.alunity.GameThread - Status [runtime=1h 01m, connections=0, players=0, uniques=0, npcs=3295, reserved-heights=0, average-cycle-time=9ms, handshakes-per-tick=0, memory=349.6 MB/554 MB]
13:53:56.182 [GameThread] INFO  io.alunity.GameThread - Status [runtime=1h 01m 30s, connections=0, players=0, uniques=0, npcs=3294, reserved-heights=0, average-cycle-time=9ms, handshakes-per-tick=0, memory=325.1 MB/554 MB]
13:54:26.209 [GameThread] INFO  io.alunity.GameThread - Status [runtime=1h 02m, connections=0, players=0, uniques=0, npcs=3294, reserved-heights=0, average-cycle-time=9ms, handshakes-per-tick=0, memory=301.5 MB/554 MB]
13:54:56.234 [GameThread] INFO  io.alunity.GameThread - Status [runtime=1h 02m 30s, connections=0, players=0, uniques=0, npcs=3294, reserved-heights=0, average-cycle-time=9ms, handshakes-per-tick=0, memory=487.5 MB/554 MB]
13:55:26.260 [GameThread] INFO  io.alunity.GameThread - Status [runtime=1h 03m, connections=0, players=0, uniques=0, npcs=3294, reserved-heights=0, average-cycle-time=9ms, handshakes-per-tick=0, memory=463.6 MB/554 MB]
13:55:56.275 [GameThread] INFO  io.alunity.GameThread - Status [runtime=1h 03m 30s, connections=0, players=0, uniques=0, npcs=3294, reserved-heights=0, average-cycle-time=9ms, handshakes-per-tick=0, memory=438.6 MB/554 MB]
13:56:26.301 [GameThread] INFO  io.alunity.GameThread - Status [runtime=1h 04m, connections=0, players=0, uniques=0, npcs=3294, reserved-heights=0, average-cycle-time=9ms, handshakes-per-tick=0, memory=415.5 MB/554 MB]
13:56:56.329 [GameThread] INFO  io.alunity.GameThread - Status [runtime=1h 04m 30s, connections=0, players=0, uniques=0, npcs=3294, reserved-heights=0, average-cycle-time=9ms, handshakes-per-tick=0, memory=391.5 MB/554 MB]
13:57:26.349 [GameThread] INFO  io.alunity.GameThread - Status [runtime=1h 05m, connections=0, players=0, uniques=0, npcs=3294, reserved-heights=0, average-cycle-time=9ms, handshakes-per-tick=0, memory=367.6 MB/554 MB]
13:57:56.372 [GameThread] INFO  io.alunity.GameThread - Status [runtime=1h 05m 30s, connections=0, players=0, uniques=0, npcs=3294, reserved-heights=0, average-cycle-time=9ms, handshakes-per-tick=0, memory=343.5 MB/554 MB]
13:58:26.404 [GameThread] INFO  io.alunity.GameThread - Status [runtime=1h 06m, connections=0, players=0, uniques=0, npcs=3294, reserved-heights=0, average-cycle-time=9ms, handshakes-per-tick=0, memory=319.5 MB/554 MB]
13:58:56.716 [GameThread] INFO  io.alunity.GameThread - Status [runtime=1h 06m 30s, connections=0, players=0, uniques=0, npcs=3294, reserved-heights=0, average-cycle-time=9ms, handshakes-per-tick=0, memory=296.1 MB/554 MB]
13:59:26.762 [GameThread] INFO  io.alunity.GameThread - Status [runtime=1h 07m, connections=0, players=0, uniques=0, npcs=3294, reserved-heights=0, average-cycle-time=9ms, handshakes-per-tick=0, memory=481.5 MB/554 MB]
13:59:56.829 [GameThread] INFO  io.alunity.GameThread - Status [runtime=1h 07m 30s, connections=0, players=0, uniques=0, npcs=3294, reserved-heights=0, average-cycle-time=9ms, handshakes-per-tick=0, memory=457.6 MB/554 MB]
14:00:27.188 [GameThread] INFO  io.alunity.GameThread - Status [runtime=1h 08m, connections=0, players=0, uniques=0, npcs=3294, reserved-heights=0, average-cycle-time=9ms, handshakes-per-tick=0, memory=433.6 MB/554 MB]
