20:43:54.974 [GameThread] INFO  io.alunity.Server - Server state: PUBLIC
20:43:55.306 [GameThread] INFO  o.f.c.i.license.VersionPrinter - Flyway Community Edition 5.2.4 by Boxfuse
20:43:55.551 [GameThread] INFO  o.f.c.i.database.DatabaseFactory - Database: jdbc:mysql://92.204.221.12/game_alunity (MySQL 5.6)
20:43:55.660 [GameThread] INFO  o.f.core.internal.command.DbValidate - Successfully validated 15 migrations (execution time 00:00.023s)
20:43:55.676 [GameThread] INFO  o.f.core.internal.command.DbMigrate - Current version of schema `game_alunity`: 15
20:43:55.678 [GameThread] INFO  o.f.core.internal.command.DbMigrate - Schema `game_alunity` is up to date. No migration necessary.
20:43:57.830 [GameThread] INFO  i.a.m.c.ControllerRepository - Loaded 7 controllers.
20:43:57.860 [GameThread] INFO  i.a.m.e.p.m.g.GroupIronmanRepository - Loaded 0 group ironman groups.
20:43:58.107 [GameThread] INFO  i.a.m.entity.player.save.PlayerSave - Loaded 18 Player Save Entries.
20:43:59.066 [GameThread] INFO  io.alunity.model.definitions.ShopDef - Loaded 51 shops.
20:43:59.226 [GameThread] INFO  io.alunity.model.definitions.NpcDef - Loaded 9474 npc definitions.
20:44:13.187 [player-save-backup-0] INFO  i.a.m.entity.player.save.PlayerSave - Saved 0 online users.
20:44:14.275 [io-worker-0] INFO  net.dv8tion.jda.api.JDA - Login Successful!
20:44:14.507 [JDA MainWS-ReadThread] INFO  n.d.j.i.requests.WebSocketClient - Connected to WebSocket
20:44:14.719 [JDA MainWS-ReadThread] INFO  net.dv8tion.jda.api.JDA - Finished Loading!
20:44:14.773 [io-worker-0] ERROR io.alunity.util.discord.Discord - No discord channel found with name: server-sync
20:44:15.578 [io-worker-0] ERROR io.alunity.util.discord.Discord - No discord channel found with name: server-sync
20:44:15.840 [pool-9-thread-1] INFO  i.alunity.net.login.RS2LoginProtocol - Player login queued [name=scott, mac=, ip=127.0.0.1:64278, time=412ms]
20:44:43.471 [GameThread] INFO  io.alunity.GameThread - Status [runtime=0m 30s, connections=1, players=1, uniques=1, npcs=3295, reserved-heights=0, average-cycle-time=17ms, handshakes-per-tick=0, memory=487.2 MB/642 MB]
20:45:13.542 [GameThread] INFO  io.alunity.GameThread - Status [runtime=1m, connections=1, players=1, uniques=1, npcs=3295, reserved-heights=0, average-cycle-time=13ms, handshakes-per-tick=0, memory=463.7 MB/642 MB]
20:45:43.622 [GameThread] INFO  io.alunity.GameThread - Status [runtime=1m 30s, connections=1, players=1, uniques=1, npcs=3295, reserved-heights=0, average-cycle-time=12ms, handshakes-per-tick=0, memory=421.8 MB/642 MB]
20:46:13.830 [GameThread] INFO  io.alunity.GameThread - Status [runtime=2m, connections=1, players=1, uniques=1, npcs=3295, reserved-heights=0, average-cycle-time=11ms, handshakes-per-tick=0, memory=365.7 MB/642 MB]
20:46:22.857 [io-worker-0] ERROR io.alunity.util.discord.Discord - No discord channel found with name: server-sync
20:46:44.036 [GameThread] INFO  io.alunity.GameThread - Status [runtime=2m 30s, connections=1, players=1, uniques=1, npcs=3295, reserved-heights=0, average-cycle-time=11ms, handshakes-per-tick=0, memory=306.1 MB/642 MB]
20:47:14.114 [GameThread] INFO  io.alunity.GameThread - Status [runtime=3m, connections=1, players=1, uniques=1, npcs=3295, reserved-heights=0, average-cycle-time=10ms, handshakes-per-tick=0, memory=495.5 MB/642 MB]
20:47:44.197 [GameThread] INFO  io.alunity.GameThread - Status [runtime=3m 30s, connections=1, players=1, uniques=1, npcs=3295, reserved-heights=0, average-cycle-time=10ms, handshakes-per-tick=0, memory=429 MB/642 MB]
20:48:14.287 [GameThread] INFO  io.alunity.GameThread - Status [runtime=4m, connections=1, players=1, uniques=1, npcs=3295, reserved-heights=0, average-cycle-time=10ms, handshakes-per-tick=0, memory=356.6 MB/642 MB]
20:48:44.441 [GameThread] INFO  io.alunity.GameThread - Status [runtime=4m 30s, connections=1, players=1, uniques=1, npcs=3295, reserved-heights=0, average-cycle-time=10ms, handshakes-per-tick=0, memory=548 MB/642 MB]
