20:13:53.469 [GameThread] INFO  io.alunity.Server - Server state: PUBLIC
20:13:53.950 [GameThread] INFO  o.f.c.i.license.VersionPrinter - Flyway Community Edition 5.2.4 by Boxfuse
20:13:54.286 [GameThread] INFO  o.f.c.i.database.DatabaseFactory - Database: jdbc:mysql://92.204.221.12/game_alunity (MySQL 5.6)
20:13:54.437 [GameThread] INFO  o.f.core.internal.command.DbValidate - Successfully validated 15 migrations (execution time 00:00.027s)
20:13:54.459 [GameThread] INFO  o.f.core.internal.command.DbMigrate - Current version of schema `game_alunity`: 15
20:13:54.460 [GameThread] INFO  o.f.core.internal.command.DbMigrate - Schema `game_alunity` is up to date. No migration necessary.
20:14:03.691 [GameThread] INFO  i.a.m.c.ControllerRepository - Loaded 7 controllers.
20:14:03.733 [GameThread] INFO  i.a.m.e.p.m.g.GroupIronmanRepository - Loaded 0 group ironman groups.
20:14:04.190 [GameThread] INFO  i.a.m.entity.player.save.PlayerSave - Loaded 18 Player Save Entries.
20:14:07.227 [GameThread] INFO  io.alunity.model.definitions.ShopDef - Loaded 51 shops.
20:14:08.382 [GameThread] INFO  io.alunity.model.definitions.NpcDef - Loaded 9474 npc definitions.
20:14:32.017 [player-save-backup-0] INFO  i.a.m.entity.player.save.PlayerSave - Saved 0 online users.
20:14:37.412 [io-worker-0] INFO  net.dv8tion.jda.api.JDA - Login Successful!
20:14:37.843 [JDA MainWS-WriteThread] INFO  n.d.j.i.requests.WebSocketClient - Connected to WebSocket
20:14:38.048 [JDA MainWS-ReadThread] INFO  net.dv8tion.jda.api.JDA - Finished Loading!
20:14:38.100 [io-worker-0] ERROR io.alunity.util.discord.Discord - No discord channel found with name: server-sync
20:14:38.100 [io-worker-0] ERROR io.alunity.util.discord.Discord - No discord channel found with name: server-sync
20:14:42.350 [io-worker-0] ERROR io.alunity.util.discord.Discord - No discord channel found with name: server-sync
20:14:42.351 [pool-9-thread-2] INFO  i.alunity.net.login.RS2LoginProtocol - New player registered: Scott
20:14:42.358 [io-worker-0] ERROR io.alunity.util.discord.Discord - No discord channel found with name: server-sync
20:14:42.435 [pool-9-thread-2] ERROR i.alunity.net.login.RS2LoginProtocol - Could not load display name for Scott, newPlayer=true
20:14:42.438 [pool-9-thread-2] INFO  i.alunity.net.login.RS2LoginProtocol - Login rejected with code INVALID_USERNAME_OR_PASSWORD for player player[loginName=scott, displayName=null, ip=127.0.0.1, mac=127.0.0.1, uuid=c9688532-e26b-4cb9-923f-72332e66c622] 
20:15:04.814 [GameThread] INFO  io.alunity.GameThread - Status [runtime=0m 30s, connections=0, players=0, uniques=0, npcs=3295, reserved-heights=0, average-cycle-time=15ms, handshakes-per-tick=0, memory=484 MB/935 MB]
20:15:11.066 [io-worker-0] ERROR io.alunity.util.discord.Discord - No discord channel found with name: server-sync
20:15:23.742 [io-worker-0] ERROR io.alunity.util.discord.Discord - No discord channel found with name: server-sync
20:15:23.743 [pool-9-thread-5] INFO  i.alunity.net.login.RS2LoginProtocol - New player registered: Scott
20:15:23.743 [io-worker-0] ERROR io.alunity.util.discord.Discord - No discord channel found with name: server-sync
20:15:23.758 [pool-9-thread-5] INFO  i.alunity.net.login.RS2LoginProtocol - Player login queued [name=Scott, mac=, ip=127.0.0.1:58988, time=13ms]
20:15:35.108 [GameThread] INFO  io.alunity.GameThread - Status [runtime=1m, connections=1, players=1, uniques=1, npcs=3295, reserved-heights=0, average-cycle-time=18ms, handshakes-per-tick=0, memory=683.5 MB/935 MB]
20:15:53.651 [io-worker-0] ERROR io.alunity.util.discord.Discord - No discord channel found with name: server-sync
20:15:53.761 [pool-9-thread-6] INFO  i.alunity.net.login.RS2LoginProtocol - Player login queued [name=Scott, mac=, ip=127.0.0.1:58989, time=114ms]
20:16:05.203 [GameThread] INFO  io.alunity.GameThread - Status [runtime=1m 30s, connections=1, players=1, uniques=1, npcs=3295, reserved-heights=0, average-cycle-time=18ms, handshakes-per-tick=0, memory=446 MB/935 MB]
20:16:05.613 [database-manager-0] ERROR com.zaxxer.hikari.pool.HikariPool - HikariPool-2 - Exception during pool initialization.
java.sql.SQLSyntaxErrorException: Access denied for user 'XerosTest'@'5.175.19.214' to database 'vote_alunity'
	at com.mysql.cj.jdbc.exceptions.SQLError.createSQLException(SQLError.java:120)
	at com.mysql.cj.jdbc.exceptions.SQLExceptionsMapping.translateException(SQLExceptionsMapping.java:122)
	at com.mysql.cj.jdbc.ConnectionImpl.createNewIO(ConnectionImpl.java:833)
	at com.mysql.cj.jdbc.ConnectionImpl.<init>(ConnectionImpl.java:453)
	at com.mysql.cj.jdbc.ConnectionImpl.getInstance(ConnectionImpl.java:246)
	at com.mysql.cj.jdbc.NonRegisteringDriver.connect(NonRegisteringDriver.java:198)
	at com.zaxxer.hikari.util.DriverDataSource.getConnection(DriverDataSource.java:138)
	at com.zaxxer.hikari.pool.PoolBase.newConnection(PoolBase.java:358)
	at com.zaxxer.hikari.pool.PoolBase.newPoolEntry(PoolBase.java:206)
	at com.zaxxer.hikari.pool.HikariPool.createPoolEntry(HikariPool.java:477)
	at com.zaxxer.hikari.pool.HikariPool.checkFailFast(HikariPool.java:560)
	at com.zaxxer.hikari.pool.HikariPool.<init>(HikariPool.java:115)
	at com.zaxxer.hikari.HikariDataSource.<init>(HikariDataSource.java:81)
	at io.alunity.sql.HikariConnectionProvider.<init>(HikariConnectionProvider.java:19)
	at io.alunity.sql.DatabaseManager.getConnectionProvider(DatabaseManager.java:173)
	at io.alunity.sql.DatabaseManager.executeImmediate(DatabaseManager.java:140)
	at io.alunity.sql.DatabaseManager.lambda$exec$2(DatabaseManager.java:116)
	at java.base/java.util.concurrent.FutureTask.run(FutureTask.java:264)
	at java.base/java.util.concurrent.ThreadPoolExecutor.runWorker(ThreadPoolExecutor.java:1130)
	at java.base/java.util.concurrent.ThreadPoolExecutor$Worker.run(ThreadPoolExecutor.java:630)
	at java.base/java.lang.Thread.run(Thread.java:832)
20:16:05.615 [database-manager-0] ERROR io.alunity.sql.DatabaseManager - An error occurred while trying to execute a query, database= DatabaseCredentials{url='jdbc:mysql://92.204.221.12/vote_alunity?useSSL=false&serverTimezone=UTC', username='XerosTest'}, query=io.alunity.sql.vote.VoteClaimQuery@78fb8964
com.zaxxer.hikari.pool.HikariPool$PoolInitializationException: Failed to initialize pool: Access denied for user 'XerosTest'@'5.175.19.214' to database 'vote_alunity'
	at com.zaxxer.hikari.pool.HikariPool.throwPoolInitializationException(HikariPool.java:595)
	at com.zaxxer.hikari.pool.HikariPool.checkFailFast(HikariPool.java:581)
	at com.zaxxer.hikari.pool.HikariPool.<init>(HikariPool.java:115)
	at com.zaxxer.hikari.HikariDataSource.<init>(HikariDataSource.java:81)
	at io.alunity.sql.HikariConnectionProvider.<init>(HikariConnectionProvider.java:19)
	at io.alunity.sql.DatabaseManager.getConnectionProvider(DatabaseManager.java:173)
	at io.alunity.sql.DatabaseManager.executeImmediate(DatabaseManager.java:140)
	at io.alunity.sql.DatabaseManager.lambda$exec$2(DatabaseManager.java:116)
	at java.base/java.util.concurrent.FutureTask.run(FutureTask.java:264)
	at java.base/java.util.concurrent.ThreadPoolExecutor.runWorker(ThreadPoolExecutor.java:1130)
	at java.base/java.util.concurrent.ThreadPoolExecutor$Worker.run(ThreadPoolExecutor.java:630)
	at java.base/java.lang.Thread.run(Thread.java:832)
Caused by: java.sql.SQLSyntaxErrorException: Access denied for user 'XerosTest'@'5.175.19.214' to database 'vote_alunity'
	at com.mysql.cj.jdbc.exceptions.SQLError.createSQLException(SQLError.java:120)
	at com.mysql.cj.jdbc.exceptions.SQLExceptionsMapping.translateException(SQLExceptionsMapping.java:122)
	at com.mysql.cj.jdbc.ConnectionImpl.createNewIO(ConnectionImpl.java:833)
	at com.mysql.cj.jdbc.ConnectionImpl.<init>(ConnectionImpl.java:453)
	at com.mysql.cj.jdbc.ConnectionImpl.getInstance(ConnectionImpl.java:246)
	at com.mysql.cj.jdbc.NonRegisteringDriver.connect(NonRegisteringDriver.java:198)
	at com.zaxxer.hikari.util.DriverDataSource.getConnection(DriverDataSource.java:138)
	at com.zaxxer.hikari.pool.PoolBase.newConnection(PoolBase.java:358)
	at com.zaxxer.hikari.pool.PoolBase.newPoolEntry(PoolBase.java:206)
	at com.zaxxer.hikari.pool.HikariPool.createPoolEntry(HikariPool.java:477)
	at com.zaxxer.hikari.pool.HikariPool.checkFailFast(HikariPool.java:560)
	... 10 common frames omitted
20:16:05.618 [database-manager-0] ERROR io.alunity.sql.DatabaseManager - An error occurred while trying to execute a query, database= DatabaseCredentials{url='jdbc:mysql://92.204.221.12/vote_alunity?useSSL=false&serverTimezone=UTC', username='XerosTest'}, query=io.alunity.sql.vote.VoteClaimQuery@78fb8964
com.zaxxer.hikari.pool.HikariPool$PoolInitializationException: Failed to initialize pool: Access denied for user 'XerosTest'@'5.175.19.214' to database 'vote_alunity'
	at com.zaxxer.hikari.pool.HikariPool.throwPoolInitializationException(HikariPool.java:595)
	at com.zaxxer.hikari.pool.HikariPool.checkFailFast(HikariPool.java:581)
	at com.zaxxer.hikari.pool.HikariPool.<init>(HikariPool.java:115)
	at com.zaxxer.hikari.HikariDataSource.<init>(HikariDataSource.java:81)
	at io.alunity.sql.HikariConnectionProvider.<init>(HikariConnectionProvider.java:19)
	at io.alunity.sql.DatabaseManager.getConnectionProvider(DatabaseManager.java:173)
	at io.alunity.sql.DatabaseManager.executeImmediate(DatabaseManager.java:140)
	at io.alunity.sql.DatabaseManager.lambda$exec$2(DatabaseManager.java:116)
	at java.base/java.util.concurrent.FutureTask.run(FutureTask.java:264)
	at java.base/java.util.concurrent.ThreadPoolExecutor.runWorker(ThreadPoolExecutor.java:1130)
	at java.base/java.util.concurrent.ThreadPoolExecutor$Worker.run(ThreadPoolExecutor.java:630)
	at java.base/java.lang.Thread.run(Thread.java:832)
Caused by: java.sql.SQLSyntaxErrorException: Access denied for user 'XerosTest'@'5.175.19.214' to database 'vote_alunity'
	at com.mysql.cj.jdbc.exceptions.SQLError.createSQLException(SQLError.java:120)
	at com.mysql.cj.jdbc.exceptions.SQLExceptionsMapping.translateException(SQLExceptionsMapping.java:122)
	at com.mysql.cj.jdbc.ConnectionImpl.createNewIO(ConnectionImpl.java:833)
	at com.mysql.cj.jdbc.ConnectionImpl.<init>(ConnectionImpl.java:453)
	at com.mysql.cj.jdbc.ConnectionImpl.getInstance(ConnectionImpl.java:246)
	at com.mysql.cj.jdbc.NonRegisteringDriver.connect(NonRegisteringDriver.java:198)
	at com.zaxxer.hikari.util.DriverDataSource.getConnection(DriverDataSource.java:138)
	at com.zaxxer.hikari.pool.PoolBase.newConnection(PoolBase.java:358)
	at com.zaxxer.hikari.pool.PoolBase.newPoolEntry(PoolBase.java:206)
	at com.zaxxer.hikari.pool.HikariPool.createPoolEntry(HikariPool.java:477)
	at com.zaxxer.hikari.pool.HikariPool.checkFailFast(HikariPool.java:560)
	... 10 common frames omitted
20:16:35.932 [GameThread] INFO  io.alunity.GameThread - Status [runtime=2m, connections=1, players=1, uniques=1, npcs=3295, reserved-heights=0, average-cycle-time=17ms, handshakes-per-tick=0, memory=635.5 MB/935 MB]
20:17:07.331 [GameThread] INFO  io.alunity.GameThread - Status [runtime=2m 30s, connections=1, players=1, uniques=1, npcs=3295, reserved-heights=0, average-cycle-time=17ms, handshakes-per-tick=0, memory=371.6 MB/935 MB]
20:17:37.713 [GameThread] INFO  io.alunity.GameThread - Status [runtime=3m, connections=1, players=1, uniques=1, npcs=3295, reserved-heights=0, average-cycle-time=16ms, handshakes-per-tick=0, memory=560.1 MB/935 MB]
20:18:07.798 [GameThread] INFO  io.alunity.GameThread - Status [runtime=3m 30s, connections=1, players=1, uniques=1, npcs=3295, reserved-heights=0, average-cycle-time=15ms, handshakes-per-tick=0, memory=750.1 MB/935 MB]
20:18:37.883 [GameThread] INFO  io.alunity.GameThread - Status [runtime=4m, connections=1, players=1, uniques=1, npcs=3295, reserved-heights=0, average-cycle-time=15ms, handshakes-per-tick=0, memory=442.5 MB/935 MB]
20:19:07.978 [GameThread] INFO  io.alunity.GameThread - Status [runtime=4m 30s, connections=1, players=1, uniques=1, npcs=3295, reserved-heights=0, average-cycle-time=14ms, handshakes-per-tick=0, memory=631.6 MB/935 MB]
20:19:38.066 [GameThread] INFO  io.alunity.GameThread - Status [runtime=5m, connections=1, players=1, uniques=1, npcs=3295, reserved-heights=0, average-cycle-time=14ms, handshakes-per-tick=0, memory=308.6 MB/935 MB]
20:20:08.146 [GameThread] INFO  io.alunity.GameThread - Status [runtime=5m 30s, connections=1, players=1, uniques=1, npcs=3295, reserved-heights=0, average-cycle-time=14ms, handshakes-per-tick=0, memory=500.1 MB/935 MB]
20:20:38.234 [GameThread] INFO  io.alunity.GameThread - Status [runtime=6m, connections=1, players=1, uniques=1, npcs=3295, reserved-heights=0, average-cycle-time=13ms, handshakes-per-tick=0, memory=688.6 MB/935 MB]
20:21:08.323 [GameThread] INFO  io.alunity.GameThread - Status [runtime=6m 30s, connections=1, players=1, uniques=1, npcs=3295, reserved-heights=0, average-cycle-time=13ms, handshakes-per-tick=0, memory=361.6 MB/935 MB]
20:21:38.408 [GameThread] INFO  io.alunity.GameThread - Status [runtime=7m, connections=1, players=1, uniques=1, npcs=3295, reserved-heights=0, average-cycle-time=13ms, handshakes-per-tick=0, memory=552.6 MB/935 MB]
20:22:12.201 [GameThread] INFO  io.alunity.GameThread - Status [runtime=7m 30s, connections=1, players=1, uniques=1, npcs=3295, reserved-heights=0, average-cycle-time=13ms, handshakes-per-tick=0, memory=743.6 MB/935 MB]
20:22:42.504 [GameThread] INFO  io.alunity.GameThread - Status [runtime=8m, connections=1, players=1, uniques=1, npcs=3295, reserved-heights=0, average-cycle-time=13ms, handshakes-per-tick=0, memory=409.2 MB/935 MB]
20:23:15.737 [GameThread] INFO  io.alunity.GameThread - Status [runtime=8m 30s, connections=1, players=1, uniques=1, npcs=3295, reserved-heights=0, average-cycle-time=13ms, handshakes-per-tick=0, memory=604.1 MB/935 MB]
20:23:49.024 [GameThread] INFO  io.alunity.GameThread - Status [runtime=9m, connections=1, players=1, uniques=1, npcs=3295, reserved-heights=0, average-cycle-time=13ms, handshakes-per-tick=0, memory=794.6 MB/935 MB]
20:24:19.693 [GameThread] INFO  io.alunity.GameThread - Status [runtime=9m 30s, connections=1, players=1, uniques=1, npcs=3295, reserved-heights=0, average-cycle-time=14ms, handshakes-per-tick=0, memory=464.2 MB/935 MB]
20:24:49.772 [GameThread] INFO  io.alunity.GameThread - Status [runtime=10m, connections=1, players=1, uniques=1, npcs=3295, reserved-heights=0, average-cycle-time=13ms, handshakes-per-tick=0, memory=651.6 MB/935 MB]
