20:40:12.555 [GameThread] INFO  io.alunity.Server - Server state: TEST
20:40:18.131 [GameThread] DEBUG i.a.m.e.p.migration.PlayerMigration - Loaded player migration version=1 description='example_migration'
20:40:18.412 [GameThread] INFO  i.a.m.c.ControllerRepository - Loaded 7 controllers.
20:40:18.989 [GameThread] INFO  i.a.m.entity.player.save.PlayerSave - Loaded 18 Player Save Entries.
20:40:19.805 [GameThread] INFO  io.alunity.model.definitions.ShopDef - Loaded 51 shops.
20:40:19.981 [GameThread] INFO  io.alunity.model.definitions.NpcDef - Loaded 9474 npc definitions.
20:40:20.139 [GameThread] DEBUG i.a.m.c.impl.LeaderboardUpdateEvent - Loaded serialized start of day as 2021-11-06T00:00-04:00[America/New_York]
20:40:35.679 [GameThread] DEBUG i.a.m.world.objects.GlobalObjects - Add object GlobalObject{id=-1, x=3094, y=3501, height=0, face=0, ticksRemaining=-1, restoreId=0, type=10, instance=null}
20:40:35.691 [GameThread] DEBUG i.a.m.world.objects.GlobalObjects - Add object GlobalObject{id=-1, x=3095, y=3501, height=0, face=0, ticksRemaining=-1, restoreId=0, type=10, instance=null}
20:40:35.691 [GameThread] DEBUG i.a.m.world.objects.GlobalObjects - Add object GlobalObject{id=10042, x=3077, y=3502, height=0, face=2, ticksRemaining=-1, restoreId=0, type=10, instance=null}
20:40:35.691 [GameThread] DEBUG i.a.m.world.objects.GlobalObjects - Add object GlobalObject{id=-1, x=3806, y=2835, height=0, face=0, ticksRemaining=-1, restoreId=0, type=10, instance=null}
20:40:35.692 [GameThread] DEBUG i.a.m.world.objects.GlobalObjects - Add object GlobalObject{id=10583, x=3186, y=3436, height=1, face=3, ticksRemaining=-1, restoreId=0, type=10, instance=null}
20:40:35.692 [GameThread] DEBUG i.a.m.world.objects.GlobalObjects - Add object GlobalObject{id=30087, x=2494, y=5114, height=0, face=2, ticksRemaining=-1, restoreId=0, type=10, instance=null}
20:40:35.692 [GameThread] DEBUG i.a.m.world.objects.GlobalObjects - Add object GlobalObject{id=26741, x=3082, y=3507, height=0, face=3, ticksRemaining=-1, restoreId=0, type=10, instance=null}
20:40:35.692 [GameThread] DEBUG i.a.m.world.objects.GlobalObjects - Add object GlobalObject{id=26741, x=3286, y=4958, height=0, face=3, ticksRemaining=-1, restoreId=0, type=10, instance=null}
20:40:35.692 [GameThread] DEBUG i.a.m.world.objects.GlobalObjects - Add object GlobalObject{id=26741, x=3279, y=4976, height=0, face=3, ticksRemaining=-1, restoreId=0, type=10, instance=null}
20:40:35.692 [GameThread] DEBUG i.a.m.world.objects.GlobalObjects - Add object GlobalObject{id=26741, x=3306, y=4976, height=0, face=3, ticksRemaining=-1, restoreId=0, type=10, instance=null}
20:40:35.692 [GameThread] DEBUG i.a.m.world.objects.GlobalObjects - Add object GlobalObject{id=26741, x=3306, y=4951, height=0, face=3, ticksRemaining=-1, restoreId=0, type=10, instance=null}
20:40:35.692 [GameThread] DEBUG i.a.m.world.objects.GlobalObjects - Add object GlobalObject{id=26741, x=3281, y=4943, height=0, face=3, ticksRemaining=-1, restoreId=0, type=10, instance=null}
20:40:35.693 [GameThread] DEBUG i.a.m.world.objects.GlobalObjects - Add object GlobalObject{id=26741, x=3168, y=4961, height=0, face=3, ticksRemaining=-1, restoreId=0, type=10, instance=null}
20:40:35.693 [GameThread] DEBUG i.a.m.world.objects.GlobalObjects - Add object GlobalObject{id=26741, x=3153, y=4974, height=0, face=3, ticksRemaining=-1, restoreId=0, type=10, instance=null}
20:40:35.693 [GameThread] DEBUG i.a.m.world.objects.GlobalObjects - Add object GlobalObject{id=26741, x=3178, y=4976, height=0, face=3, ticksRemaining=-1, restoreId=0, type=10, instance=null}
20:40:35.693 [GameThread] DEBUG i.a.m.world.objects.GlobalObjects - Add object GlobalObject{id=26741, x=3155, y=4945, height=0, face=3, ticksRemaining=-1, restoreId=0, type=10, instance=null}
20:40:35.693 [GameThread] DEBUG i.a.m.world.objects.GlobalObjects - Add object GlobalObject{id=26741, x=3180, y=4945, height=0, face=3, ticksRemaining=-1, restoreId=0, type=10, instance=null}
20:40:35.693 [GameThread] DEBUG i.a.m.world.objects.GlobalObjects - Add object GlobalObject{id=29778, x=3298, y=5185, height=0, face=0, ticksRemaining=-1, restoreId=0, type=10, instance=null}
20:40:35.693 [GameThread] DEBUG i.a.m.world.objects.GlobalObjects - Add object GlobalObject{id=26739, x=3430, y=4824, height=0, face=0, ticksRemaining=-1, restoreId=0, type=10, instance=null}
20:40:35.693 [GameThread] DEBUG i.a.m.world.objects.GlobalObjects - Add object GlobalObject{id=31925, x=3084, y=3490, height=0, face=4, ticksRemaining=-1, restoreId=0, type=10, instance=null}
20:40:35.693 [GameThread] DEBUG i.a.m.world.objects.GlobalObjects - Add object GlobalObject{id=11376, x=3189, y=3932, height=0, face=0, ticksRemaining=-1, restoreId=0, type=10, instance=null}
20:40:35.693 [GameThread] DEBUG i.a.m.world.objects.GlobalObjects - Add object GlobalObject{id=10822, x=3221, y=3502, height=0, face=0, ticksRemaining=-1, restoreId=0, type=10, instance=null}
20:40:35.694 [GameThread] DEBUG i.a.m.world.objects.GlobalObjects - Add object GlobalObject{id=10822, x=3204, y=3503, height=0, face=0, ticksRemaining=-1, restoreId=0, type=10, instance=null}
20:40:35.694 [GameThread] DEBUG i.a.m.world.objects.GlobalObjects - Add object GlobalObject{id=10822, x=3208, y=3499, height=0, face=0, ticksRemaining=-1, restoreId=0, type=10, instance=null}
20:40:35.694 [GameThread] DEBUG i.a.m.world.objects.GlobalObjects - Add object GlobalObject{id=9030, x=3786, y=3562, height=0, face=0, ticksRemaining=-1, restoreId=0, type=10, instance=null}
20:40:35.694 [GameThread] DEBUG i.a.m.world.objects.GlobalObjects - Add object GlobalObject{id=9030, x=3812, y=2837, height=0, face=0, ticksRemaining=-1, restoreId=0, type=10, instance=null}
20:40:35.694 [GameThread] DEBUG i.a.m.world.objects.GlobalObjects - Add object GlobalObject{id=9030, x=2835, y=5106, height=0, face=0, ticksRemaining=-1, restoreId=0, type=10, instance=null}
20:40:35.694 [GameThread] DEBUG i.a.m.world.objects.GlobalObjects - Add object GlobalObject{id=9030, x=2835, y=5109, height=0, face=0, ticksRemaining=-1, restoreId=0, type=10, instance=null}
20:40:35.694 [GameThread] DEBUG i.a.m.world.objects.GlobalObjects - Add object GlobalObject{id=9030, x=2834, y=5106, height=0, face=0, ticksRemaining=-1, restoreId=0, type=10, instance=null}
20:40:35.694 [GameThread] DEBUG i.a.m.world.objects.GlobalObjects - Add object GlobalObject{id=9030, x=2836, y=5109, height=0, face=0, ticksRemaining=-1, restoreId=0, type=10, instance=null}
20:40:35.694 [GameThread] DEBUG i.a.m.world.objects.GlobalObjects - Add object GlobalObject{id=9030, x=2836, y=5106, height=0, face=0, ticksRemaining=-1, restoreId=0, type=10, instance=null}
20:40:35.695 [GameThread] DEBUG i.a.m.world.objects.GlobalObjects - Add object GlobalObject{id=10562, x=2837, y=5106, height=0, face=0, ticksRemaining=-1, restoreId=0, type=10, instance=null}
20:40:35.695 [GameThread] DEBUG i.a.m.world.objects.GlobalObjects - Add object GlobalObject{id=2231, x=3303, y=3951, height=0, face=0, ticksRemaining=-1, restoreId=0, type=10, instance=null}
20:40:35.695 [GameThread] DEBUG i.a.m.world.objects.GlobalObjects - Add object GlobalObject{id=24101, x=3001, y=3384, height=0, face=1, ticksRemaining=-1, restoreId=0, type=10, instance=null}
20:40:35.695 [GameThread] DEBUG i.a.m.world.objects.GlobalObjects - Add object GlobalObject{id=24101, x=3001, y=3383, height=0, face=1, ticksRemaining=-1, restoreId=0, type=10, instance=null}
20:40:35.695 [GameThread] DEBUG i.a.m.world.objects.GlobalObjects - Add object GlobalObject{id=24101, x=3001, y=3382, height=0, face=1, ticksRemaining=-1, restoreId=0, type=10, instance=null}
20:40:35.695 [GameThread] DEBUG i.a.m.world.objects.GlobalObjects - Add object GlobalObject{id=24101, x=2845, y=5088, height=0, face=2, ticksRemaining=-1, restoreId=0, type=10, instance=null}
20:40:35.695 [GameThread] DEBUG i.a.m.world.objects.GlobalObjects - Add object GlobalObject{id=24101, x=2850, y=5088, height=0, face=2, ticksRemaining=-1, restoreId=0, type=10, instance=null}
20:40:35.695 [GameThread] DEBUG i.a.m.world.objects.GlobalObjects - Add object GlobalObject{id=24347, x=2445, y=5178, height=0, face=2, ticksRemaining=-1, restoreId=0, type=10, instance=null}
20:40:35.695 [GameThread] DEBUG i.a.m.world.objects.GlobalObjects - Add object GlobalObject{id=24347, x=2783, y=4847, height=0, face=2, ticksRemaining=-1, restoreId=0, type=10, instance=null}
20:40:35.695 [GameThread] DEBUG i.a.m.world.objects.GlobalObjects - Add object GlobalObject{id=24347, x=2784, y=4847, height=0, face=2, ticksRemaining=-1, restoreId=0, type=10, instance=null}
20:40:35.695 [GameThread] DEBUG i.a.m.world.objects.GlobalObjects - Add object GlobalObject{id=24347, x=2782, y=4847, height=0, face=2, ticksRemaining=-1, restoreId=0, type=10, instance=null}
20:40:35.696 [GameThread] DEBUG i.a.m.world.objects.GlobalObjects - Add object GlobalObject{id=23709, x=2780, y=4847, height=0, face=2, ticksRemaining=-1, restoreId=0, type=10, instance=null}
20:40:35.696 [GameThread] DEBUG i.a.m.world.objects.GlobalObjects - Add object GlobalObject{id=7674, x=3010, y=3390, height=0, face=0, ticksRemaining=-1, restoreId=0, type=10, instance=null}
20:40:35.696 [GameThread] DEBUG i.a.m.world.objects.GlobalObjects - Add object GlobalObject{id=7674, x=3011, y=3390, height=0, face=0, ticksRemaining=-1, restoreId=0, type=10, instance=null}
20:40:35.696 [GameThread] DEBUG i.a.m.world.objects.GlobalObjects - Add object GlobalObject{id=7674, x=3012, y=3390, height=0, face=0, ticksRemaining=-1, restoreId=0, type=10, instance=null}
20:40:35.696 [GameThread] DEBUG i.a.m.world.objects.GlobalObjects - Add object GlobalObject{id=7674, x=3013, y=3390, height=0, face=0, ticksRemaining=-1, restoreId=0, type=10, instance=null}
20:40:35.696 [GameThread] DEBUG i.a.m.world.objects.GlobalObjects - Add object GlobalObject{id=7674, x=3014, y=3390, height=0, face=0, ticksRemaining=-1, restoreId=0, type=10, instance=null}
20:40:35.697 [GameThread] DEBUG i.a.m.world.objects.GlobalObjects - Add object GlobalObject{id=11375, x=3192, y=3925, height=0, face=0, ticksRemaining=-1, restoreId=0, type=10, instance=null}
20:40:35.697 [GameThread] DEBUG i.a.m.world.objects.GlobalObjects - Add object GlobalObject{id=11373, x=3195, y=3935, height=0, face=0, ticksRemaining=-1, restoreId=0, type=10, instance=null}
20:40:35.697 [GameThread] DEBUG i.a.m.world.objects.GlobalObjects - Add object GlobalObject{id=11375, x=3193, y=3935, height=0, face=0, ticksRemaining=-1, restoreId=0, type=10, instance=null}
20:40:35.697 [GameThread] DEBUG i.a.m.world.objects.GlobalObjects - Add object GlobalObject{id=11375, x=3192, y=3927, height=0, face=0, ticksRemaining=-1, restoreId=0, type=10, instance=null}
20:40:35.697 [GameThread] DEBUG i.a.m.world.objects.GlobalObjects - Add object GlobalObject{id=11375, x=3194, y=3927, height=0, face=0, ticksRemaining=-1, restoreId=0, type=10, instance=null}
20:40:35.697 [GameThread] DEBUG i.a.m.world.objects.GlobalObjects - Add object GlobalObject{id=11375, x=3193, y=3926, height=0, face=0, ticksRemaining=-1, restoreId=0, type=10, instance=null}
20:40:35.697 [GameThread] DEBUG i.a.m.world.objects.GlobalObjects - Add object GlobalObject{id=11375, x=3194, y=3925, height=0, face=0, ticksRemaining=-1, restoreId=0, type=10, instance=null}
20:40:35.697 [GameThread] DEBUG i.a.m.world.objects.GlobalObjects - Add object GlobalObject{id=-1, x=3097, y=3481, height=0, face=0, ticksRemaining=-1, restoreId=0, type=10, instance=null}
20:40:35.697 [GameThread] DEBUG i.a.m.world.objects.GlobalObjects - Add object GlobalObject{id=-1, x=3097, y=3480, height=0, face=0, ticksRemaining=-1, restoreId=0, type=10, instance=null}
20:40:35.698 [GameThread] DEBUG i.a.m.world.objects.GlobalObjects - Add object GlobalObject{id=23709, x=3035, y=6071, height=0, face=2, ticksRemaining=-1, restoreId=0, type=10, instance=null}
20:40:35.698 [GameThread] DEBUG i.a.m.world.objects.GlobalObjects - Add object GlobalObject{id=3840, x=3001, y=3372, height=0, face=2, ticksRemaining=-1, restoreId=0, type=10, instance=null}
20:40:35.698 [GameThread] DEBUG i.a.m.world.objects.GlobalObjects - Add object GlobalObject{id=11731, x=2958, y=3376, height=0, face=0, ticksRemaining=-1, restoreId=0, type=10, instance=null}
20:40:35.698 [GameThread] DEBUG i.a.m.world.objects.GlobalObjects - Add object GlobalObject{id=36201, x=3033, y=6065, height=0, face=0, ticksRemaining=-1, restoreId=0, type=10, instance=null}
20:40:35.698 [GameThread] DEBUG i.a.m.world.objects.GlobalObjects - Add object GlobalObject{id=24101, x=2205, y=3055, height=0, face=0, ticksRemaining=-1, restoreId=0, type=10, instance=null}
20:40:35.698 [GameThread] DEBUG i.a.m.world.objects.GlobalObjects - Add object GlobalObject{id=10355, x=2536, y=4717, height=0, face=0, ticksRemaining=-1, restoreId=0, type=10, instance=null}
20:40:35.698 [GameThread] DEBUG i.a.m.world.objects.GlobalObjects - Add object GlobalObject{id=10355, x=3016, y=5625, height=0, face=0, ticksRemaining=-1, restoreId=0, type=10, instance=null}
20:40:35.698 [GameThread] DEBUG i.a.m.world.objects.GlobalObjects - Add object GlobalObject{id=29879, x=3231, y=5729, height=0, face=0, ticksRemaining=-1, restoreId=0, type=10, instance=null}
20:40:35.698 [GameThread] DEBUG i.a.m.world.objects.GlobalObjects - Add object GlobalObject{id=-1, x=2959, y=3802, height=0, face=-1, ticksRemaining=-1, restoreId=0, type=3, instance=null}
20:40:35.699 [GameThread] DEBUG i.a.m.world.objects.GlobalObjects - Add object GlobalObject{id=-1, x=3092, y=3488, height=0, face=-1, ticksRemaining=-1, restoreId=0, type=3, instance=null}
20:40:35.699 [GameThread] DEBUG i.a.m.world.objects.GlobalObjects - Add object GlobalObject{id=10439, x=3426, y=2930, height=0, face=0, ticksRemaining=-1, restoreId=0, type=10, instance=null}
20:40:35.699 [GameThread] DEBUG i.a.m.world.objects.GlobalObjects - Add object GlobalObject{id=635, x=3269, y=3410, height=0, face=0, ticksRemaining=-1, restoreId=0, type=10, instance=null}
20:40:35.700 [GameThread] DEBUG i.a.m.world.objects.GlobalObjects - Add object GlobalObject{id=11730, x=2667, y=3310, height=0, face=-1, ticksRemaining=-1, restoreId=0, type=10, instance=null}
20:40:35.701 [GameThread] DEBUG i.a.m.world.objects.GlobalObjects - Add object GlobalObject{id=11731, x=2667, y=3303, height=0, face=-1, ticksRemaining=-1, restoreId=0, type=10, instance=null}
20:40:35.701 [GameThread] DEBUG i.a.m.world.objects.GlobalObjects - Add object GlobalObject{id=11732, x=2663, y=3296, height=0, face=0, ticksRemaining=-1, restoreId=0, type=10, instance=null}
20:40:35.701 [GameThread] DEBUG i.a.m.world.objects.GlobalObjects - Add object GlobalObject{id=24101, x=2933, y=4818, height=0, face=0, ticksRemaining=-1, restoreId=0, type=10, instance=null}
20:40:35.701 [GameThread] DEBUG i.a.m.world.objects.GlobalObjects - Add object GlobalObject{id=13287, x=3106, y=3479, height=0, face=2, ticksRemaining=-1, restoreId=0, type=10, instance=null}
20:40:35.701 [GameThread] DEBUG i.a.m.world.objects.GlobalObjects - Add object GlobalObject{id=3828, x=3227, y=3108, height=0, face=0, ticksRemaining=-1, restoreId=0, type=10, instance=null}
20:40:35.701 [GameThread] DEBUG i.a.m.world.objects.GlobalObjects - Add object GlobalObject{id=31624, x=2777, y=4847, height=0, face=0, ticksRemaining=-1, restoreId=0, type=10, instance=null}
20:40:35.701 [GameThread] DEBUG i.a.m.world.objects.GlobalObjects - Add object GlobalObject{id=36556, x=2783, y=4839, height=0, face=0, ticksRemaining=-1, restoreId=0, type=10, instance=null}
20:40:35.701 [GameThread] DEBUG i.a.m.world.objects.GlobalObjects - Add object GlobalObject{id=10833, x=3012, y=3382, height=0, face=3, ticksRemaining=-1, restoreId=0, type=10, instance=null}
20:40:35.702 [GameThread] DEBUG i.a.m.world.objects.GlobalObjects - Add object GlobalObject{id=14402, x=3269, y=3166, height=3, face=3, ticksRemaining=-1, restoreId=0, type=10, instance=null}
20:40:35.702 [GameThread] DEBUG i.a.m.world.objects.GlobalObjects - Add object GlobalObject{id=-1, x=2656, y=2585, height=0, face=-1, ticksRemaining=-1, restoreId=0, type=3, instance=null}
20:40:35.702 [GameThread] DEBUG i.a.m.world.objects.GlobalObjects - Add object GlobalObject{id=-1, x=2657, y=2585, height=0, face=-1, ticksRemaining=-1, restoreId=0, type=3, instance=null}
20:40:35.702 [GameThread] DEBUG i.a.m.world.objects.GlobalObjects - Add object GlobalObject{id=-1, x=2656, y=2584, height=0, face=-1, ticksRemaining=-1, restoreId=0, type=3, instance=null}
20:40:35.702 [GameThread] DEBUG i.a.m.world.objects.GlobalObjects - Add object GlobalObject{id=-1, x=2657, y=2584, height=0, face=-1, ticksRemaining=-1, restoreId=0, type=3, instance=null}
20:40:35.702 [GameThread] DEBUG i.a.m.world.objects.GlobalObjects - Add object GlobalObject{id=-1, x=2643, y=2593, height=0, face=-1, ticksRemaining=-1, restoreId=0, type=3, instance=null}
20:40:35.703 [GameThread] DEBUG i.a.m.world.objects.GlobalObjects - Add object GlobalObject{id=-1, x=2643, y=2592, height=0, face=-1, ticksRemaining=-1, restoreId=0, type=3, instance=null}
20:40:35.703 [GameThread] DEBUG i.a.m.world.objects.GlobalObjects - Add object GlobalObject{id=-1, x=2642, y=2593, height=0, face=-1, ticksRemaining=-1, restoreId=0, type=3, instance=null}
20:40:35.703 [GameThread] DEBUG i.a.m.world.objects.GlobalObjects - Add object GlobalObject{id=-1, x=2642, y=2592, height=0, face=-1, ticksRemaining=-1, restoreId=0, type=3, instance=null}
20:40:35.703 [GameThread] DEBUG i.a.m.world.objects.GlobalObjects - Add object GlobalObject{id=-1, x=2670, y=2593, height=0, face=-1, ticksRemaining=-1, restoreId=0, type=3, instance=null}
20:40:35.704 [GameThread] DEBUG i.a.m.world.objects.GlobalObjects - Add object GlobalObject{id=-1, x=2670, y=2592, height=0, face=-1, ticksRemaining=-1, restoreId=0, type=3, instance=null}
20:40:35.704 [GameThread] DEBUG i.a.m.world.objects.GlobalObjects - Add object GlobalObject{id=-1, x=2671, y=2593, height=0, face=-1, ticksRemaining=-1, restoreId=0, type=3, instance=null}
20:40:35.704 [GameThread] DEBUG i.a.m.world.objects.GlobalObjects - Add object GlobalObject{id=-1, x=2671, y=2592, height=0, face=-1, ticksRemaining=-1, restoreId=0, type=3, instance=null}
20:40:35.704 [GameThread] DEBUG i.a.m.world.objects.GlobalObjects - Add object GlobalObject{id=32572, x=3109, y=3482, height=0, face=-1, ticksRemaining=-1, restoreId=0, type=10, instance=null}
20:40:35.704 [GameThread] DEBUG i.a.m.world.objects.GlobalObjects - Add object GlobalObject{id=30087, x=3109, y=3483, height=0, face=-1, ticksRemaining=-1, restoreId=0, type=10, instance=null}
20:40:37.119 [GameThread] DEBUG i.n.u.i.l.InternalLoggerFactory - Using SLF4J as the default logging framework
20:40:37.123 [GameThread] DEBUG i.n.c.MultithreadEventLoopGroup - -Dio.netty.eventLoopThreads: 8
20:40:37.185 [GameThread] DEBUG i.n.util.internal.PlatformDependent - Platform: Windows
20:40:37.188 [GameThread] DEBUG i.n.util.internal.PlatformDependent0 - -Dio.netty.noUnsafe: false
20:40:37.189 [GameThread] DEBUG i.n.util.internal.PlatformDependent0 - Java version: 13
20:40:37.191 [GameThread] DEBUG i.n.util.internal.PlatformDependent0 - sun.misc.Unsafe.theUnsafe: available
20:40:37.193 [GameThread] DEBUG i.n.util.internal.PlatformDependent0 - sun.misc.Unsafe.copyMemory: available
20:40:37.200 [GameThread] DEBUG i.n.util.internal.PlatformDependent0 - java.nio.Buffer.address: available
20:40:37.201 [GameThread] DEBUG i.n.util.internal.PlatformDependent0 - direct buffer constructor: available
20:40:37.203 [GameThread] DEBUG i.n.util.internal.PlatformDependent0 - java.nio.Bits.unaligned: available, true
20:40:37.210 [GameThread] DEBUG i.n.util.internal.PlatformDependent0 - jdk.internal.misc.Unsafe.allocateUninitializedArray(int): unavailable
java.lang.IllegalAccessException: class io.netty.util.internal.PlatformDependent0$6 cannot access class jdk.internal.misc.Unsafe (in module java.base) because module java.base does not export jdk.internal.misc to unnamed module @68c9a95f
	at java.base/jdk.internal.reflect.Reflection.newIllegalAccessException(Reflection.java:376)
	at java.base/java.lang.reflect.AccessibleObject.checkAccess(AccessibleObject.java:642)
	at java.base/java.lang.reflect.Method.invoke(Method.java:559)
	at io.netty.util.internal.PlatformDependent0$6.run(PlatformDependent0.java:300)
	at java.base/java.security.AccessController.doPrivileged(AccessController.java:312)
	at io.netty.util.internal.PlatformDependent0.<clinit>(PlatformDependent0.java:291)
	at io.netty.util.internal.PlatformDependent.isAndroid(PlatformDependent.java:202)
	at io.netty.util.internal.PlatformDependent.<clinit>(PlatformDependent.java:79)
	at io.netty.util.ConstantPool.<init>(ConstantPool.java:32)
	at io.netty.util.Signal$1.<init>(Signal.java:27)
	at io.netty.util.Signal.<clinit>(Signal.java:27)
	at io.netty.util.concurrent.DefaultPromise.<clinit>(DefaultPromise.java:43)
	at io.netty.util.concurrent.MultithreadEventExecutorGroup.<init>(MultithreadEventExecutorGroup.java:36)
	at io.netty.util.concurrent.MultithreadEventExecutorGroup.<init>(MultithreadEventExecutorGroup.java:58)
	at io.netty.util.concurrent.MultithreadEventExecutorGroup.<init>(MultithreadEventExecutorGroup.java:47)
	at io.netty.channel.MultithreadEventLoopGroup.<init>(MultithreadEventLoopGroup.java:59)
	at io.netty.channel.nio.NioEventLoopGroup.<init>(NioEventLoopGroup.java:77)
	at io.netty.channel.nio.NioEventLoopGroup.<init>(NioEventLoopGroup.java:72)
	at io.netty.channel.nio.NioEventLoopGroup.<init>(NioEventLoopGroup.java:59)
	at io.alunity.Server.bindPorts(Server.java:270)
	at io.alunity.Server.lambda$main$0(Server.java:186)
	at io.alunity.GameThread.run(GameThread.java:81)
20:40:37.211 [GameThread] DEBUG i.n.util.internal.PlatformDependent0 - java.nio.DirectByteBuffer.<init>(long, int): available
20:40:37.211 [GameThread] DEBUG i.n.util.internal.PlatformDependent - sun.misc.Unsafe: available
20:40:37.257 [GameThread] DEBUG i.n.util.internal.PlatformDependent - maxDirectMemory: 2147483648 bytes (maybe)
20:40:37.258 [GameThread] DEBUG i.n.util.internal.PlatformDependent - -Dio.netty.tmpdir: C:\Users\ADMINI~1\AppData\Local\Temp\2 (java.io.tmpdir)
20:40:37.258 [GameThread] DEBUG i.n.util.internal.PlatformDependent - -Dio.netty.bitMode: 64 (sun.arch.data.model)
20:40:37.263 [GameThread] DEBUG i.n.util.internal.PlatformDependent - -Dio.netty.noPreferDirect: false
20:40:37.263 [GameThread] DEBUG i.n.util.internal.PlatformDependent - maxDirectMemory: 2147483648 bytes (maybe)
20:40:37.264 [GameThread] DEBUG i.n.util.internal.PlatformDependent - -Dio.netty.maxDirectMemory: 2147483648 bytes
20:40:37.264 [GameThread] DEBUG i.n.util.internal.PlatformDependent - -Dio.netty.uninitializedArrayAllocationThreshold: -1
20:40:37.265 [GameThread] DEBUG io.netty.util.internal.CleanerJava9 - java.nio.ByteBuffer.cleaner(): available
20:40:37.299 [GameThread] DEBUG io.netty.channel.nio.NioEventLoop - -Dio.netty.noKeySetOptimization: false
20:40:37.299 [GameThread] DEBUG io.netty.channel.nio.NioEventLoop - -Dio.netty.selectorAutoRebuildThreshold: 512
20:40:37.315 [GameThread] DEBUG i.n.util.internal.PlatformDependent - org.jctools-core.MpscChunkedArrayQueue: available
20:40:37.426 [GameThread] TRACE io.netty.channel.nio.NioEventLoop - instrumented a special java.util.Set into: sun.nio.ch.WindowsSelectorImpl@3e82e7ec
20:40:37.429 [GameThread] TRACE io.netty.channel.nio.NioEventLoop - instrumented a special java.util.Set into: sun.nio.ch.WindowsSelectorImpl@5ecfe9e5
20:40:37.430 [GameThread] TRACE io.netty.channel.nio.NioEventLoop - instrumented a special java.util.Set into: sun.nio.ch.WindowsSelectorImpl@5259edd6
20:40:37.432 [GameThread] TRACE io.netty.channel.nio.NioEventLoop - instrumented a special java.util.Set into: sun.nio.ch.WindowsSelectorImpl@73852913
20:40:37.433 [GameThread] TRACE io.netty.channel.nio.NioEventLoop - instrumented a special java.util.Set into: sun.nio.ch.WindowsSelectorImpl@5ab5cb34
20:40:37.435 [GameThread] TRACE io.netty.channel.nio.NioEventLoop - instrumented a special java.util.Set into: sun.nio.ch.WindowsSelectorImpl@7b949146
20:40:37.436 [GameThread] TRACE io.netty.channel.nio.NioEventLoop - instrumented a special java.util.Set into: sun.nio.ch.WindowsSelectorImpl@66bef4bf
20:40:37.437 [GameThread] TRACE io.netty.channel.nio.NioEventLoop - instrumented a special java.util.Set into: sun.nio.ch.WindowsSelectorImpl@3ca984ca
20:40:37.441 [GameThread] TRACE io.netty.channel.nio.NioEventLoop - instrumented a special java.util.Set into: sun.nio.ch.WindowsSelectorImpl@5ebf3131
20:40:37.442 [GameThread] TRACE io.netty.channel.nio.NioEventLoop - instrumented a special java.util.Set into: sun.nio.ch.WindowsSelectorImpl@5e9bd085
20:40:37.444 [GameThread] TRACE io.netty.channel.nio.NioEventLoop - instrumented a special java.util.Set into: sun.nio.ch.WindowsSelectorImpl@2e5f185e
20:40:37.445 [GameThread] TRACE io.netty.channel.nio.NioEventLoop - instrumented a special java.util.Set into: sun.nio.ch.WindowsSelectorImpl@120ddf3b
20:40:37.446 [GameThread] TRACE io.netty.channel.nio.NioEventLoop - instrumented a special java.util.Set into: sun.nio.ch.WindowsSelectorImpl@359c52f2
20:40:37.447 [GameThread] TRACE io.netty.channel.nio.NioEventLoop - instrumented a special java.util.Set into: sun.nio.ch.WindowsSelectorImpl@3503a33c
20:40:37.448 [GameThread] TRACE io.netty.channel.nio.NioEventLoop - instrumented a special java.util.Set into: sun.nio.ch.WindowsSelectorImpl@6348d02a
20:40:37.452 [GameThread] TRACE io.netty.channel.nio.NioEventLoop - instrumented a special java.util.Set into: sun.nio.ch.WindowsSelectorImpl@1fc03f7f
20:40:37.527 [GameThread] DEBUG io.netty.channel.DefaultChannelId - -Dio.netty.processId: 9592 (auto-detected)
20:40:37.530 [GameThread] DEBUG io.netty.util.NetUtil - -Djava.net.preferIPv4Stack: false
20:40:37.531 [GameThread] DEBUG io.netty.util.NetUtil - -Djava.net.preferIPv6Addresses: false
20:40:37.583 [GameThread] DEBUG io.netty.util.NetUtil - Loopback interface: lo (Software Loopback Interface 1, 127.0.0.1)
20:40:37.584 [GameThread] DEBUG io.netty.util.NetUtil - Failed to get SOMAXCONN from sysctl and file \proc\sys\net\core\somaxconn. Default: 200
20:40:37.642 [GameThread] DEBUG io.netty.channel.DefaultChannelId - -Dio.netty.machineId: 00:1c:42:ff:fe:2b:ac:bb (auto-detected)
20:40:37.653 [GameThread] DEBUG i.n.u.i.InternalThreadLocalMap - -Dio.netty.threadLocalMap.stringBuilder.initialSize: 1024
20:40:37.653 [GameThread] DEBUG i.n.u.i.InternalThreadLocalMap - -Dio.netty.threadLocalMap.stringBuilder.maxSize: 4096
20:40:37.671 [GameThread] DEBUG io.netty.util.ResourceLeakDetector - -Dio.netty.leakDetection.level: simple
20:40:37.671 [GameThread] DEBUG io.netty.util.ResourceLeakDetector - -Dio.netty.leakDetection.maxRecords: 4
20:41:07.333 [GameThread] INFO  io.alunity.GameThread - Status [runtime=0m 30s, connections=0, players=0, uniques=0, npcs=3295, reserved-heights=0, average-cycle-time=12ms, handshakes-per-tick=0, memory=459 MB/619 MB]
20:41:37.328 [GameThread] INFO  io.alunity.GameThread - Status [runtime=1m, connections=0, players=0, uniques=0, npcs=3295, reserved-heights=0, average-cycle-time=10ms, handshakes-per-tick=0, memory=458.6 MB/619 MB]
20:42:07.346 [GameThread] INFO  io.alunity.GameThread - Status [runtime=1m 30s, connections=0, players=0, uniques=0, npcs=3295, reserved-heights=0, average-cycle-time=10ms, handshakes-per-tick=0, memory=436.5 MB/619 MB]
20:42:37.386 [GameThread] INFO  io.alunity.GameThread - Status [runtime=2m, connections=0, players=0, uniques=0, npcs=3295, reserved-heights=0, average-cycle-time=10ms, handshakes-per-tick=0, memory=405.9 MB/619 MB]
20:43:07.411 [GameThread] INFO  io.alunity.GameThread - Status [runtime=2m 30s, connections=0, players=0, uniques=0, npcs=3295, reserved-heights=0, average-cycle-time=9ms, handshakes-per-tick=0, memory=365.9 MB/619 MB]
20:43:37.438 [GameThread] INFO  io.alunity.GameThread - Status [runtime=3m, connections=0, players=0, uniques=0, npcs=3295, reserved-heights=0, average-cycle-time=9ms, handshakes-per-tick=0, memory=313.9 MB/619 MB]
20:44:07.466 [GameThread] INFO  io.alunity.GameThread - Status [runtime=3m 30s, connections=0, players=0, uniques=0, npcs=3295, reserved-heights=0, average-cycle-time=9ms, handshakes-per-tick=0, memory=500.8 MB/619 MB]
20:44:37.487 [GameThread] INFO  io.alunity.GameThread - Status [runtime=4m, connections=0, players=0, uniques=0, npcs=3295, reserved-heights=0, average-cycle-time=9ms, handshakes-per-tick=0, memory=442.8 MB/619 MB]
20:45:07.505 [GameThread] INFO  io.alunity.GameThread - Status [runtime=4m 30s, connections=0, players=0, uniques=0, npcs=3295, reserved-heights=0, average-cycle-time=9ms, handshakes-per-tick=0, memory=382.8 MB/619 MB]
20:45:37.532 [GameThread] INFO  io.alunity.GameThread - Status [runtime=5m, connections=0, players=0, uniques=0, npcs=3295, reserved-heights=0, average-cycle-time=9ms, handshakes-per-tick=0, memory=317.3 MB/619 MB]
20:46:07.550 [GameThread] INFO  io.alunity.GameThread - Status [runtime=5m 30s, connections=0, players=0, uniques=0, npcs=3295, reserved-heights=0, average-cycle-time=9ms, handshakes-per-tick=0, memory=503.8 MB/619 MB]
20:46:37.581 [GameThread] INFO  io.alunity.GameThread - Status [runtime=6m, connections=0, players=0, uniques=0, npcs=3295, reserved-heights=0, average-cycle-time=9ms, handshakes-per-tick=0, memory=434.3 MB/619 MB]
20:47:07.606 [GameThread] INFO  io.alunity.GameThread - Status [runtime=6m 30s, connections=0, players=0, uniques=0, npcs=3295, reserved-heights=0, average-cycle-time=9ms, handshakes-per-tick=0, memory=362.8 MB/619 MB]
