00:34:19.577 [GameThread] INFO  io.alunity.Server - Server state: PUBLIC
00:34:19.878 [GameThread] INFO  o.f.c.i.license.VersionPrinter - Flyway Community Edition 5.2.4 by Boxfuse
00:34:20.101 [GameThread] INFO  o.f.c.i.database.DatabaseFactory - Database: jdbc:mysql://92.204.221.12/game_alunity (MySQL 5.6)
00:34:20.214 [GameThread] INFO  o.f.core.internal.command.DbValidate - Successfully validated 15 migrations (execution time 00:00.025s)
00:34:20.234 [GameThread] INFO  o.f.core.internal.command.DbMigrate - Current version of schema `game_alunity`: 15
00:34:20.236 [GameThread] INFO  o.f.core.internal.command.DbMigrate - Schema `game_alunity` is up to date. No migration necessary.
00:34:22.463 [GameThread] INFO  i.a.m.c.ControllerRepository - Loaded 7 controllers.
00:34:22.495 [GameThread] INFO  i.a.m.e.p.m.g.GroupIronmanRepository - Loaded 0 group ironman groups.
00:34:22.761 [GameThread] INFO  i.a.m.entity.player.save.PlayerSave - Loaded 18 Player Save Entries.
00:34:23.585 [GameThread] INFO  io.alunity.model.definitions.ShopDef - Loaded 51 shops.
00:34:23.743 [GameThread] INFO  io.alunity.model.definitions.NpcDef - Loaded 9474 npc definitions.
00:34:44.171 [player-save-backup-0] INFO  i.a.m.entity.player.save.PlayerSave - Saved 0 online users.
00:34:47.553 [io-worker-0] INFO  net.dv8tion.jda.api.JDA - Login Successful!
00:34:47.974 [JDA MainWS-WriteThread] INFO  n.d.j.i.requests.WebSocketClient - Connected to WebSocket
00:34:48.233 [JDA MainWS-ReadThread] INFO  net.dv8tion.jda.api.JDA - Finished Loading!
00:34:48.287 [io-worker-0] ERROR io.alunity.util.discord.Discord - No discord channel found with name: server-sync
00:34:51.426 [io-worker-0] ERROR io.alunity.util.discord.Discord - No discord channel found with name: server-sync
00:34:51.847 [pool-9-thread-1] INFO  i.alunity.net.login.RS2LoginProtocol - Player login queued [name=scott, mac=, ip=127.0.0.1:64973, time=574ms]
00:35:15.293 [GameThread] INFO  io.alunity.GameThread - Status [runtime=0m 30s, connections=1, players=1, uniques=1, npcs=3295, reserved-heights=0, average-cycle-time=15ms, handshakes-per-tick=0, memory=448.1 MB/927 MB]
00:35:20.398 [io-worker-0] ERROR io.alunity.util.discord.Discord - No discord channel found with name: server-sync
00:35:20.496 [pool-9-thread-2] INFO  i.alunity.net.login.RS2LoginProtocol - Player login queued [name=scott, mac=, ip=127.0.0.1:64981, time=116ms]
00:35:45.539 [GameThread] INFO  io.alunity.GameThread - Status [runtime=1m, connections=0, players=1, uniques=1, npcs=3295, reserved-heights=0, average-cycle-time=11ms, handshakes-per-tick=0, memory=644.6 MB/927 MB]
00:35:46.418 [io-worker-0] ERROR io.alunity.util.discord.Discord - No discord channel found with name: server-sync
00:35:46.517 [pool-9-thread-3] INFO  i.alunity.net.login.RS2LoginProtocol - Player login queued [name=scott, mac=, ip=127.0.0.1:64985, time=109ms]
00:36:15.847 [GameThread] INFO  io.alunity.GameThread - Status [runtime=1m 30s, connections=1, players=1, uniques=1, npcs=3295, reserved-heights=0, average-cycle-time=11ms, handshakes-per-tick=0, memory=411.1 MB/927 MB]
00:36:46.177 [GameThread] INFO  io.alunity.GameThread - Status [runtime=2m, connections=1, players=1, uniques=1, npcs=3295, reserved-heights=0, average-cycle-time=8ms, handshakes-per-tick=0, memory=601.3 MB/927 MB]
00:37:16.974 [GameThread] INFO  io.alunity.GameThread - Status [runtime=2m 30s, connections=1, players=1, uniques=1, npcs=3295, reserved-heights=0, average-cycle-time=8ms, handshakes-per-tick=0, memory=331.6 MB/927 MB]
00:37:47.298 [GameThread] INFO  io.alunity.GameThread - Status [runtime=3m, connections=1, players=1, uniques=1, npcs=3295, reserved-heights=0, average-cycle-time=7ms, handshakes-per-tick=0, memory=521.6 MB/927 MB]
00:38:17.633 [GameThread] INFO  io.alunity.GameThread - Status [runtime=3m 30s, connections=1, players=1, uniques=1, npcs=3295, reserved-heights=0, average-cycle-time=7ms, handshakes-per-tick=0, memory=711.1 MB/927 MB]
00:38:48.290 [GameThread] INFO  io.alunity.GameThread - Status [runtime=4m, connections=1, players=1, uniques=1, npcs=3295, reserved-heights=0, average-cycle-time=6ms, handshakes-per-tick=0, memory=407.1 MB/927 MB]
00:39:21.316 [GameThread] INFO  io.alunity.GameThread - Status [runtime=4m 30s, connections=0, players=0, uniques=0, npcs=3295, reserved-heights=0, average-cycle-time=6ms, handshakes-per-tick=0, memory=598.1 MB/927 MB]
00:39:55.979 [GameThread] INFO  io.alunity.GameThread - Status [runtime=5m, connections=0, players=0, uniques=0, npcs=3295, reserved-heights=0, average-cycle-time=6ms, handshakes-per-tick=0, memory=789.6 MB/927 MB]
00:40:27.715 [GameThread] INFO  io.alunity.GameThread - Status [runtime=5m 30s, connections=0, players=0, uniques=0, npcs=3295, reserved-heights=0, average-cycle-time=7ms, handshakes-per-tick=0, memory=472.1 MB/927 MB]
00:40:59.486 [GameThread] INFO  io.alunity.GameThread - Status [runtime=6m, connections=0, players=0, uniques=0, npcs=3295, reserved-heights=0, average-cycle-time=7ms, handshakes-per-tick=0, memory=661.6 MB/927 MB]
00:41:29.966 [GameThread] INFO  io.alunity.GameThread - Status [runtime=6m 30s, connections=0, players=0, uniques=0, npcs=3295, reserved-heights=0, average-cycle-time=7ms, handshakes-per-tick=0, memory=337.6 MB/927 MB]
00:42:00.710 [GameThread] INFO  io.alunity.GameThread - Status [runtime=7m, connections=0, players=0, uniques=0, npcs=3295, reserved-heights=0, average-cycle-time=7ms, handshakes-per-tick=0, memory=526.1 MB/927 MB]
00:42:30.866 [database-manager-5] ERROR io.alunity.sql.DatabaseManager - An error occurred while trying to execute a query, database= DatabaseCredentials{url='jdbc:mysql://92.204.221.12/game_alunity?useSSL=false&serverTimezone=UTC', username='Alunity_Game'}, query=io.alunity.model.cycleevent.impl.LeaderboardUpdateEvent$$Lambda$550/0x000000080108d440@59f0f1e7
java.sql.SQLTransientConnectionException: HikariPool-1 - Connection is not available, request timed out after 30134ms.
	at com.zaxxer.hikari.pool.HikariPool.createTimeoutException(HikariPool.java:695)
	at com.zaxxer.hikari.pool.HikariPool.getConnection(HikariPool.java:197)
	at com.zaxxer.hikari.pool.HikariPool.getConnection(HikariPool.java:162)
	at com.zaxxer.hikari.HikariDataSource.getConnection(HikariDataSource.java:100)
	at io.alunity.sql.HikariConnectionProvider.getConnection(HikariConnectionProvider.java:24)
	at io.alunity.sql.DatabaseManager.executeImmediate(DatabaseManager.java:140)
	at io.alunity.sql.DatabaseManager.lambda$exec$2(DatabaseManager.java:116)
	at java.base/java.util.concurrent.FutureTask.run(FutureTask.java:264)
	at java.base/java.util.concurrent.ThreadPoolExecutor.runWorker(ThreadPoolExecutor.java:1130)
	at java.base/java.util.concurrent.ThreadPoolExecutor$Worker.run(ThreadPoolExecutor.java:630)
	at java.base/java.lang.Thread.run(Thread.java:832)
Caused by: com.mysql.cj.jdbc.exceptions.CommunicationsException: Communications link failure

The last packet sent successfully to the server was 0 milliseconds ago. The driver has not received any packets from the server.
	at com.mysql.cj.jdbc.exceptions.SQLError.createCommunicationsException(SQLError.java:174)
	at com.mysql.cj.jdbc.exceptions.SQLExceptionsMapping.translateException(SQLExceptionsMapping.java:64)
	at com.mysql.cj.jdbc.ConnectionImpl.createNewIO(ConnectionImpl.java:833)
	at com.mysql.cj.jdbc.ConnectionImpl.<init>(ConnectionImpl.java:453)
	at com.mysql.cj.jdbc.ConnectionImpl.getInstance(ConnectionImpl.java:246)
	at com.mysql.cj.jdbc.NonRegisteringDriver.connect(NonRegisteringDriver.java:198)
	at com.zaxxer.hikari.util.DriverDataSource.getConnection(DriverDataSource.java:138)
	at com.zaxxer.hikari.pool.PoolBase.newConnection(PoolBase.java:358)
	at com.zaxxer.hikari.pool.PoolBase.newPoolEntry(PoolBase.java:206)
	at com.zaxxer.hikari.pool.HikariPool.createPoolEntry(HikariPool.java:477)
	at com.zaxxer.hikari.pool.HikariPool.access$100(HikariPool.java:71)
	at com.zaxxer.hikari.pool.HikariPool$PoolEntryCreator.call(HikariPool.java:725)
	at com.zaxxer.hikari.pool.HikariPool$PoolEntryCreator.call(HikariPool.java:711)
	... 4 common frames omitted
Caused by: com.mysql.cj.exceptions.CJCommunicationsException: Communications link failure

The last packet sent successfully to the server was 0 milliseconds ago. The driver has not received any packets from the server.
	at jdk.internal.reflect.GeneratedConstructorAccessor30.newInstance(Unknown Source)
	at java.base/jdk.internal.reflect.DelegatingConstructorAccessorImpl.newInstance(DelegatingConstructorAccessorImpl.java:45)
	at java.base/java.lang.reflect.Constructor.newInstanceWithCaller(Constructor.java:500)
	at java.base/java.lang.reflect.Constructor.newInstance(Constructor.java:481)
	at com.mysql.cj.exceptions.ExceptionFactory.createException(ExceptionFactory.java:61)
	at com.mysql.cj.exceptions.ExceptionFactory.createException(ExceptionFactory.java:105)
	at com.mysql.cj.exceptions.ExceptionFactory.createException(ExceptionFactory.java:151)
	at com.mysql.cj.exceptions.ExceptionFactory.createCommunicationsException(ExceptionFactory.java:167)
	at com.mysql.cj.protocol.a.NativeSocketConnection.connect(NativeSocketConnection.java:89)
	at com.mysql.cj.NativeSession.connect(NativeSession.java:144)
	at com.mysql.cj.jdbc.ConnectionImpl.connectOneTryOnly(ConnectionImpl.java:953)
	at com.mysql.cj.jdbc.ConnectionImpl.createNewIO(ConnectionImpl.java:823)
	... 14 common frames omitted
Caused by: java.net.ConnectException: Connection timed out: no further information
	at java.base/sun.nio.ch.Net.pollConnect(Native Method)
	at java.base/sun.nio.ch.Net.pollConnectNow(Net.java:589)
	at java.base/sun.nio.ch.NioSocketImpl.timedFinishConnect(NioSocketImpl.java:549)
	at java.base/sun.nio.ch.NioSocketImpl.connect(NioSocketImpl.java:597)
	at java.base/java.net.SocksSocketImpl.connect(SocksSocketImpl.java:333)
	at java.base/java.net.Socket.connect(Socket.java:648)
	at com.mysql.cj.protocol.StandardSocketFactory.connect(StandardSocketFactory.java:155)
	at com.mysql.cj.protocol.a.NativeSocketConnection.connect(NativeSocketConnection.java:63)
	... 17 common frames omitted
00:42:30.873 [database-manager-5] ERROR io.alunity.sql.DatabaseManager - An error occurred while trying to execute a query, database= DatabaseCredentials{url='jdbc:mysql://92.204.221.12/game_alunity?useSSL=false&serverTimezone=UTC', username='Alunity_Game'}, query=io.alunity.model.cycleevent.impl.LeaderboardUpdateEvent$$Lambda$550/0x000000080108d440@59f0f1e7
java.sql.SQLTransientConnectionException: HikariPool-1 - Connection is not available, request timed out after 30134ms.
	at com.zaxxer.hikari.pool.HikariPool.createTimeoutException(HikariPool.java:695)
	at com.zaxxer.hikari.pool.HikariPool.getConnection(HikariPool.java:197)
	at com.zaxxer.hikari.pool.HikariPool.getConnection(HikariPool.java:162)
	at com.zaxxer.hikari.HikariDataSource.getConnection(HikariDataSource.java:100)
	at io.alunity.sql.HikariConnectionProvider.getConnection(HikariConnectionProvider.java:24)
	at io.alunity.sql.DatabaseManager.executeImmediate(DatabaseManager.java:140)
	at io.alunity.sql.DatabaseManager.lambda$exec$2(DatabaseManager.java:116)
	at java.base/java.util.concurrent.FutureTask.run(FutureTask.java:264)
	at java.base/java.util.concurrent.ThreadPoolExecutor.runWorker(ThreadPoolExecutor.java:1130)
	at java.base/java.util.concurrent.ThreadPoolExecutor$Worker.run(ThreadPoolExecutor.java:630)
	at java.base/java.lang.Thread.run(Thread.java:832)
Caused by: com.mysql.cj.jdbc.exceptions.CommunicationsException: Communications link failure

The last packet sent successfully to the server was 0 milliseconds ago. The driver has not received any packets from the server.
	at com.mysql.cj.jdbc.exceptions.SQLError.createCommunicationsException(SQLError.java:174)
	at com.mysql.cj.jdbc.exceptions.SQLExceptionsMapping.translateException(SQLExceptionsMapping.java:64)
	at com.mysql.cj.jdbc.ConnectionImpl.createNewIO(ConnectionImpl.java:833)
	at com.mysql.cj.jdbc.ConnectionImpl.<init>(ConnectionImpl.java:453)
	at com.mysql.cj.jdbc.ConnectionImpl.getInstance(ConnectionImpl.java:246)
	at com.mysql.cj.jdbc.NonRegisteringDriver.connect(NonRegisteringDriver.java:198)
	at com.zaxxer.hikari.util.DriverDataSource.getConnection(DriverDataSource.java:138)
	at com.zaxxer.hikari.pool.PoolBase.newConnection(PoolBase.java:358)
	at com.zaxxer.hikari.pool.PoolBase.newPoolEntry(PoolBase.java:206)
	at com.zaxxer.hikari.pool.HikariPool.createPoolEntry(HikariPool.java:477)
	at com.zaxxer.hikari.pool.HikariPool.access$100(HikariPool.java:71)
	at com.zaxxer.hikari.pool.HikariPool$PoolEntryCreator.call(HikariPool.java:725)
	at com.zaxxer.hikari.pool.HikariPool$PoolEntryCreator.call(HikariPool.java:711)
	... 4 common frames omitted
Caused by: com.mysql.cj.exceptions.CJCommunicationsException: Communications link failure

The last packet sent successfully to the server was 0 milliseconds ago. The driver has not received any packets from the server.
	at jdk.internal.reflect.GeneratedConstructorAccessor30.newInstance(Unknown Source)
	at java.base/jdk.internal.reflect.DelegatingConstructorAccessorImpl.newInstance(DelegatingConstructorAccessorImpl.java:45)
	at java.base/java.lang.reflect.Constructor.newInstanceWithCaller(Constructor.java:500)
	at java.base/java.lang.reflect.Constructor.newInstance(Constructor.java:481)
	at com.mysql.cj.exceptions.ExceptionFactory.createException(ExceptionFactory.java:61)
	at com.mysql.cj.exceptions.ExceptionFactory.createException(ExceptionFactory.java:105)
	at com.mysql.cj.exceptions.ExceptionFactory.createException(ExceptionFactory.java:151)
	at com.mysql.cj.exceptions.ExceptionFactory.createCommunicationsException(ExceptionFactory.java:167)
	at com.mysql.cj.protocol.a.NativeSocketConnection.connect(NativeSocketConnection.java:89)
	at com.mysql.cj.NativeSession.connect(NativeSession.java:144)
	at com.mysql.cj.jdbc.ConnectionImpl.connectOneTryOnly(ConnectionImpl.java:953)
	at com.mysql.cj.jdbc.ConnectionImpl.createNewIO(ConnectionImpl.java:823)
	... 14 common frames omitted
Caused by: java.net.ConnectException: Connection timed out: no further information
	at java.base/sun.nio.ch.Net.pollConnect(Native Method)
	at java.base/sun.nio.ch.Net.pollConnectNow(Net.java:589)
	at java.base/sun.nio.ch.NioSocketImpl.timedFinishConnect(NioSocketImpl.java:549)
	at java.base/sun.nio.ch.NioSocketImpl.connect(NioSocketImpl.java:597)
	at java.base/java.net.SocksSocketImpl.connect(SocksSocketImpl.java:333)
	at java.base/java.net.Socket.connect(Socket.java:648)
	at com.mysql.cj.protocol.StandardSocketFactory.connect(StandardSocketFactory.java:155)
	at com.mysql.cj.protocol.a.NativeSocketConnection.connect(NativeSocketConnection.java:63)
	... 17 common frames omitted
00:42:33.506 [GameThread] INFO  io.alunity.GameThread - Status [runtime=7m 30s, connections=0, players=0, uniques=0, npcs=3295, reserved-heights=0, average-cycle-time=7ms, handshakes-per-tick=0, memory=716.1 MB/927 MB]
00:43:06.600 [GameThread] INFO  io.alunity.GameThread - Status [runtime=8m, connections=0, players=0, uniques=0, npcs=3295, reserved-heights=0, average-cycle-time=7ms, handshakes-per-tick=0, memory=394.2 MB/927 MB]
00:43:39.284 [GameThread] INFO  io.alunity.GameThread - Status [runtime=8m 30s, connections=0, players=0, uniques=0, npcs=3295, reserved-heights=0, average-cycle-time=7ms, handshakes-per-tick=0, memory=584.6 MB/927 MB]
00:44:12.188 [GameThread] INFO  io.alunity.GameThread - Status [runtime=9m, connections=0, players=0, uniques=0, npcs=3295, reserved-heights=0, average-cycle-time=7ms, handshakes-per-tick=0, memory=773.6 MB/927 MB]
00:44:44.854 [GameThread] INFO  io.alunity.GameThread - Status [runtime=9m 30s, connections=0, players=0, uniques=0, npcs=3295, reserved-heights=0, average-cycle-time=7ms, handshakes-per-tick=0, memory=452.6 MB/927 MB]
00:45:16.071 [GameThread] INFO  io.alunity.GameThread - Status [runtime=10m, connections=0, players=0, uniques=0, npcs=3295, reserved-heights=0, average-cycle-time=7ms, handshakes-per-tick=0, memory=640.1 MB/927 MB]
00:45:47.247 [GameThread] INFO  io.alunity.GameThread - Status [runtime=10m 30s, connections=0, players=0, uniques=0, npcs=3295, reserved-heights=0, average-cycle-time=7ms, handshakes-per-tick=0, memory=317.1 MB/927 MB]
00:46:18.231 [GameThread] INFO  io.alunity.GameThread - Status [runtime=11m, connections=0, players=0, uniques=0, npcs=3295, reserved-heights=0, average-cycle-time=7ms, handshakes-per-tick=0, memory=504.1 MB/927 MB]
00:46:48.671 [GameThread] INFO  io.alunity.GameThread - Status [runtime=11m 30s, connections=1, players=0, uniques=0, npcs=3295, reserved-heights=0, average-cycle-time=7ms, handshakes-per-tick=0, memory=693.1 MB/927 MB]
00:46:48.803 [io-worker-0] ERROR io.alunity.util.discord.Discord - No discord channel found with name: server-sync
00:46:48.896 [pool-9-thread-3] INFO  i.alunity.net.login.RS2LoginProtocol - Requiring captcha for player because mac or uuid changed: scott
00:47:00.423 [io-worker-0] ERROR io.alunity.util.discord.Discord - No discord channel found with name: server-sync
00:47:00.525 [pool-9-thread-5] INFO  i.alunity.net.login.RS2LoginProtocol - Player login queued [name=scott, mac=, ip=5.175.19.214:65122, time=107ms]
00:47:00.737 [io-worker-0] ERROR io.alunity.util.discord.Discord - No discord channel found with name: server-sync
00:47:00.737 [io-worker-0] ERROR io.alunity.util.discord.Discord - No discord channel found with name: address-swap-sync
00:47:00.737 [io-worker-0] ERROR io.alunity.util.discord.Discord - No discord channel found with name: server-sync
00:47:18.909 [GameThread] INFO  io.alunity.GameThread - Status [runtime=12m, connections=1, players=1, uniques=1, npcs=3295, reserved-heights=0, average-cycle-time=7ms, handshakes-per-tick=0, memory=379.4 MB/927 MB]
00:47:49.219 [GameThread] INFO  io.alunity.GameThread - Status [runtime=12m 30s, connections=1, players=1, uniques=1, npcs=3295, reserved-heights=0, average-cycle-time=6ms, handshakes-per-tick=0, memory=568.1 MB/927 MB]
00:48:19.571 [GameThread] INFO  io.alunity.GameThread - Status [runtime=13m, connections=1, players=1, uniques=1, npcs=3295, reserved-heights=0, average-cycle-time=6ms, handshakes-per-tick=0, memory=758.1 MB/927 MB]
00:48:50.143 [GameThread] INFO  io.alunity.GameThread - Status [runtime=13m 30s, connections=1, players=1, uniques=1, npcs=3295, reserved-heights=0, average-cycle-time=6ms, handshakes-per-tick=0, memory=439.6 MB/927 MB]
00:49:20.455 [GameThread] INFO  io.alunity.GameThread - Status [runtime=14m, connections=1, players=1, uniques=1, npcs=3295, reserved-heights=0, average-cycle-time=6ms, handshakes-per-tick=0, memory=629.6 MB/927 MB]
00:49:43.144 [player-save-backup-0] INFO  i.a.m.entity.player.save.PlayerSave - Saved 1 online users.
00:49:43.147 [player-save-backup-0] INFO  i.a.m.e.p.s.backup.PlayerSaveBackup - Dumping database DatabaseCredentials{url='jdbc:mysql://92.204.221.12/game_alunity?useSSL=false&serverTimezone=UTC', username='Alunity_Game'}.
00:49:43.268 [player-save-backup-0] ERROR i.a.m.e.p.s.backup.PlayerSaveBackup - Error while dumping mysql database
java.lang.IllegalStateException: Something went wrong with mysqldump command, code: 1
	at io.alunity.model.entity.player.save.backup.PlayerSaveBackup.dumpMysqlDatabase(PlayerSaveBackup.java:108)
	at io.alunity.model.entity.player.save.backup.PlayerSaveBackup.backup(PlayerSaveBackup.java:66)
	at io.alunity.model.entity.player.save.backup.PlayerSaveBackup.lambda$start$0(PlayerSaveBackup.java:50)
	at java.base/java.util.concurrent.Executors$RunnableAdapter.call(Executors.java:515)
	at java.base/java.util.concurrent.FutureTask.runAndReset(FutureTask.java:305)
	at java.base/java.util.concurrent.ScheduledThreadPoolExecutor$ScheduledFutureTask.run(ScheduledThreadPoolExecutor.java:305)
	at java.base/java.util.concurrent.ThreadPoolExecutor.runWorker(ThreadPoolExecutor.java:1130)
	at java.base/java.util.concurrent.ThreadPoolExecutor$Worker.run(ThreadPoolExecutor.java:630)
	at java.base/java.lang.Thread.run(Thread.java:832)
00:49:43.309 [player-save-backup-0] INFO  i.a.m.e.p.s.backup.PlayerSaveBackup - Backed up save files to file .\save_files\backups\public\2021-12-04T00_49_43.1444166.zip 
00:49:43.381 [player-save-backup-0] WARN  i.a.m.e.p.s.backup.PlayerSaveBackup - No FTP credentials to upload remote backups.
00:49:43.382 [player-save-backup-0] WARN  i.a.m.e.p.s.backup.PlayerSaveBackup - No FTP credentials to upload remote backups.
00:49:50.785 [GameThread] INFO  io.alunity.GameThread - Status [runtime=14m 30s, connections=1, players=1, uniques=1, npcs=3295, reserved-heights=0, average-cycle-time=6ms, handshakes-per-tick=0, memory=310.1 MB/927 MB]
00:50:21.065 [GameThread] INFO  io.alunity.GameThread - Status [runtime=15m, connections=1, players=1, uniques=1, npcs=3295, reserved-heights=0, average-cycle-time=6ms, handshakes-per-tick=0, memory=500.1 MB/927 MB]
00:50:51.317 [GameThread] INFO  io.alunity.GameThread - Status [runtime=15m 30s, connections=1, players=1, uniques=1, npcs=3295, reserved-heights=0, average-cycle-time=6ms, handshakes-per-tick=0, memory=690.6 MB/927 MB]
00:51:21.656 [GameThread] INFO  io.alunity.GameThread - Status [runtime=16m, connections=1, players=1, uniques=1, npcs=3295, reserved-heights=0, average-cycle-time=6ms, handshakes-per-tick=0, memory=371.1 MB/927 MB]
00:51:52.292 [GameThread] INFO  io.alunity.GameThread - Status [runtime=16m 30s, connections=1, players=1, uniques=1, npcs=3295, reserved-heights=0, average-cycle-time=6ms, handshakes-per-tick=0, memory=561.1 MB/927 MB]
00:52:22.615 [GameThread] INFO  io.alunity.GameThread - Status [runtime=17m, connections=1, players=1, uniques=1, npcs=3295, reserved-heights=0, average-cycle-time=6ms, handshakes-per-tick=0, memory=750.6 MB/927 MB]
00:52:52.847 [GameThread] INFO  io.alunity.GameThread - Status [runtime=17m 30s, connections=1, players=1, uniques=1, npcs=3295, reserved-heights=0, average-cycle-time=6ms, handshakes-per-tick=0, memory=430.6 MB/927 MB]
00:53:23.269 [GameThread] INFO  io.alunity.GameThread - Status [runtime=18m, connections=1, players=1, uniques=1, npcs=3295, reserved-heights=0, average-cycle-time=6ms, handshakes-per-tick=0, memory=619.1 MB/927 MB]
00:53:53.530 [GameThread] INFO  io.alunity.GameThread - Status [runtime=18m 30s, connections=1, players=1, uniques=1, npcs=3295, reserved-heights=0, average-cycle-time=6ms, handshakes-per-tick=0, memory=297.4 MB/927 MB]
00:54:23.795 [GameThread] INFO  io.alunity.GameThread - Status [runtime=19m, connections=1, players=1, uniques=1, npcs=3295, reserved-heights=0, average-cycle-time=6ms, handshakes-per-tick=0, memory=485.9 MB/927 MB]
00:54:54.000 [GameThread] INFO  io.alunity.GameThread - Status [runtime=19m 30s, connections=1, players=1, uniques=1, npcs=3295, reserved-heights=0, average-cycle-time=6ms, handshakes-per-tick=0, memory=674.9 MB/927 MB]
00:55:24.286 [GameThread] INFO  io.alunity.GameThread - Status [runtime=20m, connections=1, players=1, uniques=1, npcs=3295, reserved-heights=0, average-cycle-time=6ms, handshakes-per-tick=0, memory=343.6 MB/927 MB]
00:55:54.532 [GameThread] INFO  io.alunity.GameThread - Status [runtime=20m 30s, connections=1, players=1, uniques=1, npcs=3295, reserved-heights=0, average-cycle-time=5ms, handshakes-per-tick=0, memory=532.1 MB/927 MB]
00:56:24.724 [GameThread] INFO  io.alunity.GameThread - Status [runtime=21m, connections=1, players=1, uniques=1, npcs=3295, reserved-heights=0, average-cycle-time=6ms, handshakes-per-tick=0, memory=721.7 MB/927 MB]
00:56:54.855 [GameThread] INFO  io.alunity.GameThread - Status [runtime=21m 30s, connections=1, players=1, uniques=1, npcs=3295, reserved-heights=0, average-cycle-time=6ms, handshakes-per-tick=0, memory=372.1 MB/927 MB]
00:57:25.014 [GameThread] INFO  io.alunity.GameThread - Status [runtime=22m, connections=1, players=1, uniques=1, npcs=3295, reserved-heights=0, average-cycle-time=6ms, handshakes-per-tick=0, memory=561.7 MB/927 MB]
00:57:55.279 [GameThread] INFO  io.alunity.GameThread - Status [runtime=22m 30s, connections=1, players=1, uniques=1, npcs=3295, reserved-heights=0, average-cycle-time=5ms, handshakes-per-tick=0, memory=750.6 MB/927 MB]
00:58:25.602 [GameThread] INFO  io.alunity.GameThread - Status [runtime=23m, connections=1, players=1, uniques=1, npcs=3295, reserved-heights=0, average-cycle-time=5ms, handshakes-per-tick=0, memory=401.9 MB/927 MB]
00:58:55.903 [GameThread] INFO  io.alunity.GameThread - Status [runtime=23m 30s, connections=1, players=1, uniques=1, npcs=3295, reserved-heights=0, average-cycle-time=5ms, handshakes-per-tick=0, memory=590.4 MB/927 MB]
00:59:26.257 [GameThread] INFO  io.alunity.GameThread - Status [runtime=24m, connections=1, players=1, uniques=1, npcs=3295, reserved-heights=0, average-cycle-time=5ms, handshakes-per-tick=0, memory=778.9 MB/927 MB]
00:59:56.610 [GameThread] INFO  io.alunity.GameThread - Status [runtime=24m 30s, connections=1, players=1, uniques=1, npcs=3295, reserved-heights=0, average-cycle-time=5ms, handshakes-per-tick=0, memory=430.1 MB/927 MB]
