20:59:36.308 [GameThread] INFO  io.alunity.Server - Server state: PUBLIC
20:59:36.783 [GameThread] INFO  o.f.c.i.license.VersionPrinter - Flyway Community Edition 5.2.4 by Boxfuse
20:59:37.098 [GameThread] INFO  o.f.c.i.database.DatabaseFactory - Database: jdbc:mysql://92.204.221.12/game_alunity (MySQL 5.6)
20:59:37.258 [GameThread] INFO  o.f.core.internal.command.DbValidate - Successfully validated 15 migrations (execution time 00:00.030s)
20:59:37.276 [GameThread] INFO  o.f.core.internal.command.DbMigrate - Current version of schema `game_alunity`: 15
20:59:37.278 [GameThread] INFO  o.f.core.internal.command.DbMigrate - Schema `game_alunity` is up to date. No migration necessary.
20:59:40.493 [GameThread] INFO  i.a.m.c.ControllerRepository - Loaded 7 controllers.
20:59:40.541 [GameThread] INFO  i.a.m.e.p.m.g.GroupIronmanRepository - Loaded 0 group ironman groups.
20:59:40.885 [GameThread] INFO  i.a.m.entity.player.save.PlayerSave - Loaded 18 Player Save Entries.
20:59:41.740 [GameThread] INFO  io.alunity.model.definitions.ShopDef - Loaded 51 shops.
20:59:41.894 [GameThread] INFO  io.alunity.model.definitions.NpcDef - Loaded 9474 npc definitions.
20:59:57.846 [player-save-backup-0] INFO  i.a.m.entity.player.save.PlayerSave - Saved 0 online users.
20:59:59.779 [io-worker-0] INFO  net.dv8tion.jda.api.JDA - Login Successful!
21:00:00.045 [JDA MainWS-WriteThread] INFO  n.d.j.i.requests.WebSocketClient - Connected to WebSocket
21:00:00.267 [JDA MainWS-ReadThread] INFO  net.dv8tion.jda.api.JDA - Finished Loading!
21:00:00.288 [io-worker-0] ERROR io.alunity.util.discord.Discord - No discord channel found with name: server-sync
21:00:09.634 [io-worker-0] ERROR io.alunity.util.discord.Discord - No discord channel found with name: server-sync
21:00:09.934 [pool-9-thread-1] INFO  i.alunity.net.login.RS2LoginProtocol - Player login queued [name=Scott, mac=, ip=5.175.19.214:53438, time=456ms]
21:00:28.819 [GameThread] INFO  io.alunity.GameThread - Status [runtime=0m 30s, connections=1, players=1, uniques=1, npcs=3295, reserved-heights=0, average-cycle-time=12ms, handshakes-per-tick=0, memory=433.1 MB/630 MB]
21:00:59.170 [GameThread] INFO  io.alunity.GameThread - Status [runtime=1m, connections=1, players=1, uniques=1, npcs=3295, reserved-heights=0, average-cycle-time=8ms, handshakes-per-tick=0, memory=417.7 MB/630 MB]
21:01:29.386 [GameThread] INFO  io.alunity.GameThread - Status [runtime=1m 30s, connections=1, players=1, uniques=1, npcs=3295, reserved-heights=0, average-cycle-time=8ms, handshakes-per-tick=0, memory=387.3 MB/630 MB]
21:01:59.721 [GameThread] INFO  io.alunity.GameThread - Status [runtime=2m, connections=1, players=1, uniques=1, npcs=3295, reserved-heights=0, average-cycle-time=7ms, handshakes-per-tick=0, memory=343.6 MB/630 MB]
21:02:30.019 [GameThread] INFO  io.alunity.GameThread - Status [runtime=2m 30s, connections=1, players=1, uniques=1, npcs=3295, reserved-heights=0, average-cycle-time=6ms, handshakes-per-tick=0, memory=536.1 MB/630 MB]
21:03:00.297 [GameThread] INFO  io.alunity.GameThread - Status [runtime=3m, connections=1, players=1, uniques=1, npcs=3295, reserved-heights=0, average-cycle-time=6ms, handshakes-per-tick=0, memory=485.1 MB/630 MB]
21:03:30.591 [GameThread] INFO  io.alunity.GameThread - Status [runtime=3m 30s, connections=1, players=1, uniques=1, npcs=3295, reserved-heights=0, average-cycle-time=6ms, handshakes-per-tick=0, memory=431.6 MB/630 MB]
21:04:00.942 [GameThread] INFO  io.alunity.GameThread - Status [runtime=4m, connections=1, players=1, uniques=1, npcs=3295, reserved-heights=0, average-cycle-time=5ms, handshakes-per-tick=0, memory=373.1 MB/630 MB]
21:04:31.287 [GameThread] INFO  io.alunity.GameThread - Status [runtime=4m 30s, connections=1, players=1, uniques=1, npcs=3295, reserved-heights=0, average-cycle-time=5ms, handshakes-per-tick=0, memory=317.1 MB/630 MB]
21:05:01.663 [GameThread] INFO  io.alunity.GameThread - Status [runtime=5m, connections=1, players=1, uniques=1, npcs=3295, reserved-heights=0, average-cycle-time=5ms, handshakes-per-tick=0, memory=506.6 MB/630 MB]
21:05:32.071 [GameThread] INFO  io.alunity.GameThread - Status [runtime=5m 30s, connections=1, players=1, uniques=1, npcs=3295, reserved-heights=0, average-cycle-time=5ms, handshakes-per-tick=0, memory=450.6 MB/630 MB]
21:06:02.403 [GameThread] INFO  io.alunity.GameThread - Status [runtime=6m, connections=1, players=1, uniques=1, npcs=3295, reserved-heights=0, average-cycle-time=4ms, handshakes-per-tick=0, memory=390.9 MB/630 MB]
21:06:32.691 [GameThread] INFO  io.alunity.GameThread - Status [runtime=6m 30s, connections=1, players=1, uniques=1, npcs=3295, reserved-heights=0, average-cycle-time=4ms, handshakes-per-tick=0, memory=332.6 MB/630 MB]
21:07:02.974 [GameThread] INFO  io.alunity.GameThread - Status [runtime=7m, connections=1, players=1, uniques=1, npcs=3295, reserved-heights=0, average-cycle-time=4ms, handshakes-per-tick=0, memory=523.1 MB/630 MB]
21:07:33.203 [GameThread] INFO  io.alunity.GameThread - Status [runtime=7m 30s, connections=1, players=1, uniques=1, npcs=3295, reserved-heights=0, average-cycle-time=4ms, handshakes-per-tick=0, memory=467.1 MB/630 MB]
21:08:03.490 [GameThread] INFO  io.alunity.GameThread - Status [runtime=8m, connections=1, players=1, uniques=1, npcs=3295, reserved-heights=0, average-cycle-time=4ms, handshakes-per-tick=0, memory=407.9 MB/630 MB]
21:08:33.776 [GameThread] INFO  io.alunity.GameThread - Status [runtime=8m 30s, connections=1, players=1, uniques=1, npcs=3295, reserved-heights=0, average-cycle-time=4ms, handshakes-per-tick=0, memory=351.6 MB/630 MB]
21:09:04.106 [GameThread] INFO  io.alunity.GameThread - Status [runtime=9m, connections=1, players=1, uniques=1, npcs=3295, reserved-heights=0, average-cycle-time=4ms, handshakes-per-tick=0, memory=541.1 MB/630 MB]
21:09:34.418 [GameThread] INFO  io.alunity.GameThread - Status [runtime=9m 30s, connections=1, players=1, uniques=1, npcs=3295, reserved-heights=0, average-cycle-time=4ms, handshakes-per-tick=0, memory=485.2 MB/630 MB]
21:10:04.666 [GameThread] INFO  io.alunity.GameThread - Status [runtime=10m, connections=1, players=1, uniques=1, npcs=3295, reserved-heights=0, average-cycle-time=4ms, handshakes-per-tick=0, memory=416.7 MB/630 MB]
21:10:34.911 [GameThread] INFO  io.alunity.GameThread - Status [runtime=10m 30s, connections=1, players=1, uniques=1, npcs=3295, reserved-heights=0, average-cycle-time=4ms, handshakes-per-tick=0, memory=349.2 MB/630 MB]
21:11:05.168 [GameThread] INFO  io.alunity.GameThread - Status [runtime=11m, connections=1, players=1, uniques=1, npcs=3295, reserved-heights=0, average-cycle-time=4ms, handshakes-per-tick=0, memory=539.5 MB/630 MB]
21:11:35.446 [GameThread] INFO  io.alunity.GameThread - Status [runtime=11m 30s, connections=1, players=1, uniques=1, npcs=3295, reserved-heights=0, average-cycle-time=4ms, handshakes-per-tick=0, memory=473 MB/630 MB]
21:12:05.756 [GameThread] INFO  io.alunity.GameThread - Status [runtime=12m, connections=1, players=1, uniques=1, npcs=3295, reserved-heights=0, average-cycle-time=4ms, handshakes-per-tick=0, memory=404.5 MB/630 MB]
21:12:36.023 [GameThread] INFO  io.alunity.GameThread - Status [runtime=12m 30s, connections=1, players=1, uniques=1, npcs=3295, reserved-heights=0, average-cycle-time=4ms, handshakes-per-tick=0, memory=338.7 MB/630 MB]
21:13:06.283 [GameThread] INFO  io.alunity.GameThread - Status [runtime=13m, connections=1, players=1, uniques=1, npcs=3295, reserved-heights=0, average-cycle-time=4ms, handshakes-per-tick=0, memory=528.5 MB/630 MB]
21:13:36.549 [GameThread] INFO  io.alunity.GameThread - Status [runtime=13m 30s, connections=1, players=1, uniques=1, npcs=3295, reserved-heights=0, average-cycle-time=4ms, handshakes-per-tick=0, memory=461.2 MB/630 MB]
21:14:06.842 [GameThread] INFO  io.alunity.GameThread - Status [runtime=14m, connections=1, players=1, uniques=1, npcs=3295, reserved-heights=0, average-cycle-time=4ms, handshakes-per-tick=0, memory=391.7 MB/630 MB]
21:14:37.099 [GameThread] INFO  io.alunity.GameThread - Status [runtime=14m 30s, connections=1, players=1, uniques=1, npcs=3295, reserved-heights=0, average-cycle-time=4ms, handshakes-per-tick=0, memory=324.2 MB/630 MB]
21:14:57.968 [player-save-backup-0] INFO  i.a.m.entity.player.save.PlayerSave - Saved 1 online users.
21:14:57.970 [player-save-backup-0] INFO  i.a.m.e.p.s.backup.PlayerSaveBackup - Dumping database DatabaseCredentials{url='jdbc:mysql://92.204.221.12/game_alunity?useSSL=false&serverTimezone=UTC', username='Alunity_Game'}.
21:14:58.046 [player-save-backup-0] ERROR i.a.m.e.p.s.backup.PlayerSaveBackup - Error while dumping mysql database
java.lang.IllegalStateException: Something went wrong with mysqldump command, code: 1
	at io.alunity.model.entity.player.save.backup.PlayerSaveBackup.dumpMysqlDatabase(PlayerSaveBackup.java:108)
	at io.alunity.model.entity.player.save.backup.PlayerSaveBackup.backup(PlayerSaveBackup.java:66)
	at io.alunity.model.entity.player.save.backup.PlayerSaveBackup.lambda$start$0(PlayerSaveBackup.java:50)
	at java.base/java.util.concurrent.Executors$RunnableAdapter.call(Executors.java:515)
	at java.base/java.util.concurrent.FutureTask.runAndReset(FutureTask.java:305)
	at java.base/java.util.concurrent.ScheduledThreadPoolExecutor$ScheduledFutureTask.run(ScheduledThreadPoolExecutor.java:305)
	at java.base/java.util.concurrent.ThreadPoolExecutor.runWorker(ThreadPoolExecutor.java:1130)
	at java.base/java.util.concurrent.ThreadPoolExecutor$Worker.run(ThreadPoolExecutor.java:630)
	at java.base/java.lang.Thread.run(Thread.java:832)
21:14:58.106 [player-save-backup-0] INFO  i.a.m.e.p.s.backup.PlayerSaveBackup - Backed up save files to file .\save_files\backups\public\2022-03-16T21_14_57.9697435.zip 
21:14:58.150 [player-save-backup-0] WARN  i.a.m.e.p.s.backup.PlayerSaveBackup - No FTP credentials to upload remote backups.
21:14:58.151 [player-save-backup-0] WARN  i.a.m.e.p.s.backup.PlayerSaveBackup - No FTP credentials to upload remote backups.
21:15:07.341 [GameThread] INFO  io.alunity.GameThread - Status [runtime=15m, connections=1, players=1, uniques=1, npcs=3295, reserved-heights=0, average-cycle-time=4ms, handshakes-per-tick=0, memory=517 MB/630 MB]
21:15:37.566 [GameThread] INFO  io.alunity.GameThread - Status [runtime=15m 30s, connections=1, players=1, uniques=1, npcs=3295, reserved-heights=0, average-cycle-time=4ms, handshakes-per-tick=0, memory=449.9 MB/630 MB]
21:16:07.788 [GameThread] INFO  io.alunity.GameThread - Status [runtime=16m, connections=1, players=1, uniques=1, npcs=3295, reserved-heights=0, average-cycle-time=4ms, handshakes-per-tick=0, memory=380.9 MB/630 MB]
21:16:38.046 [GameThread] INFO  io.alunity.GameThread - Status [runtime=16m 30s, connections=1, players=1, uniques=1, npcs=3295, reserved-heights=0, average-cycle-time=4ms, handshakes-per-tick=0, memory=312.8 MB/630 MB]
21:17:08.341 [GameThread] INFO  io.alunity.GameThread - Status [runtime=17m, connections=1, players=1, uniques=1, npcs=3295, reserved-heights=0, average-cycle-time=4ms, handshakes-per-tick=0, memory=503.2 MB/630 MB]
21:17:38.635 [GameThread] INFO  io.alunity.GameThread - Status [runtime=17m 30s, connections=1, players=1, uniques=1, npcs=3295, reserved-heights=0, average-cycle-time=4ms, handshakes-per-tick=0, memory=437.3 MB/630 MB]
21:18:08.908 [GameThread] INFO  io.alunity.GameThread - Status [runtime=18m, connections=1, players=1, uniques=1, npcs=3295, reserved-heights=0, average-cycle-time=4ms, handshakes-per-tick=0, memory=367.9 MB/630 MB]
21:18:39.218 [GameThread] INFO  io.alunity.GameThread - Status [runtime=18m 30s, connections=1, players=1, uniques=1, npcs=3295, reserved-heights=0, average-cycle-time=4ms, handshakes-per-tick=0, memory=300.9 MB/630 MB]
21:19:09.431 [GameThread] INFO  io.alunity.GameThread - Status [runtime=19m, connections=1, players=1, uniques=1, npcs=3295, reserved-heights=0, average-cycle-time=4ms, handshakes-per-tick=0, memory=491.2 MB/630 MB]
21:19:39.637 [GameThread] INFO  io.alunity.GameThread - Status [runtime=19m 30s, connections=1, players=1, uniques=1, npcs=3295, reserved-heights=0, average-cycle-time=4ms, handshakes-per-tick=0, memory=422.8 MB/630 MB]
21:20:09.859 [GameThread] INFO  io.alunity.GameThread - Status [runtime=20m, connections=1, players=1, uniques=1, npcs=3295, reserved-heights=0, average-cycle-time=4ms, handshakes-per-tick=0, memory=354.9 MB/630 MB]
21:20:40.100 [GameThread] INFO  io.alunity.GameThread - Status [runtime=20m 30s, connections=1, players=1, uniques=1, npcs=3295, reserved-heights=0, average-cycle-time=4ms, handshakes-per-tick=0, memory=547.1 MB/630 MB]
21:21:10.587 [GameThread] INFO  io.alunity.GameThread - Status [runtime=21m, connections=1, players=1, uniques=1, npcs=3295, reserved-heights=0, average-cycle-time=4ms, handshakes-per-tick=0, memory=476.9 MB/630 MB]
21:21:40.944 [GameThread] INFO  io.alunity.GameThread - Status [runtime=21m 30s, connections=1, players=1, uniques=1, npcs=3295, reserved-heights=0, average-cycle-time=4ms, handshakes-per-tick=0, memory=411.3 MB/630 MB]
21:22:11.176 [GameThread] INFO  io.alunity.GameThread - Status [runtime=22m, connections=1, players=1, uniques=1, npcs=3295, reserved-heights=0, average-cycle-time=4ms, handshakes-per-tick=0, memory=342.4 MB/630 MB]
21:22:41.435 [GameThread] INFO  io.alunity.GameThread - Status [runtime=22m 30s, connections=1, players=1, uniques=1, npcs=3295, reserved-heights=0, average-cycle-time=4ms, handshakes-per-tick=0, memory=535.1 MB/630 MB]
21:23:11.694 [GameThread] INFO  io.alunity.GameThread - Status [runtime=23m, connections=1, players=1, uniques=1, npcs=3295, reserved-heights=0, average-cycle-time=4ms, handshakes-per-tick=0, memory=465.2 MB/630 MB]
21:23:41.922 [GameThread] INFO  io.alunity.GameThread - Status [runtime=23m 30s, connections=1, players=1, uniques=1, npcs=3295, reserved-heights=0, average-cycle-time=4ms, handshakes-per-tick=0, memory=397.4 MB/630 MB]
21:24:12.166 [GameThread] INFO  io.alunity.GameThread - Status [runtime=24m, connections=1, players=1, uniques=1, npcs=3295, reserved-heights=0, average-cycle-time=4ms, handshakes-per-tick=0, memory=327.5 MB/630 MB]
21:24:42.427 [GameThread] INFO  io.alunity.GameThread - Status [runtime=24m 30s, connections=1, players=1, uniques=1, npcs=3295, reserved-heights=0, average-cycle-time=4ms, handshakes-per-tick=0, memory=520.5 MB/630 MB]
21:25:12.740 [GameThread] INFO  io.alunity.GameThread - Status [runtime=25m, connections=1, players=1, uniques=1, npcs=3295, reserved-heights=0, average-cycle-time=4ms, handshakes-per-tick=0, memory=450.7 MB/630 MB]
21:25:42.951 [GameThread] INFO  io.alunity.GameThread - Status [runtime=25m 30s, connections=1, players=1, uniques=1, npcs=3295, reserved-heights=0, average-cycle-time=4ms, handshakes-per-tick=0, memory=382.8 MB/630 MB]
21:26:13.217 [GameThread] INFO  io.alunity.GameThread - Status [runtime=26m, connections=1, players=1, uniques=1, npcs=3295, reserved-heights=0, average-cycle-time=4ms, handshakes-per-tick=0, memory=313.9 MB/630 MB]
21:26:43.451 [GameThread] INFO  io.alunity.GameThread - Status [runtime=26m 30s, connections=1, players=1, uniques=1, npcs=3295, reserved-heights=0, average-cycle-time=4ms, handshakes-per-tick=0, memory=505.6 MB/630 MB]
21:27:13.708 [GameThread] INFO  io.alunity.GameThread - Status [runtime=27m, connections=1, players=1, uniques=1, npcs=3295, reserved-heights=0, average-cycle-time=5ms, handshakes-per-tick=0, memory=435.4 MB/630 MB]
21:27:43.868 [GameThread] INFO  io.alunity.GameThread - Status [runtime=27m 30s, connections=1, players=1, uniques=1, npcs=3295, reserved-heights=0, average-cycle-time=5ms, handshakes-per-tick=0, memory=369.3 MB/630 MB]
21:28:14.278 [GameThread] INFO  io.alunity.GameThread - Status [runtime=28m, connections=1, players=1, uniques=1, npcs=3295, reserved-heights=0, average-cycle-time=5ms, handshakes-per-tick=0, memory=558.3 MB/630 MB]
21:28:44.389 [GameThread] INFO  io.alunity.GameThread - Status [runtime=28m 30s, connections=1, players=1, uniques=1, npcs=3295, reserved-heights=0, average-cycle-time=5ms, handshakes-per-tick=0, memory=490.2 MB/630 MB]
21:29:14.473 [GameThread] INFO  io.alunity.GameThread - Status [runtime=29m, connections=1, players=1, uniques=1, npcs=3295, reserved-heights=0, average-cycle-time=5ms, handshakes-per-tick=0, memory=420.3 MB/630 MB]
21:29:44.553 [GameThread] INFO  io.alunity.GameThread - Status [runtime=29m 30s, connections=1, players=1, uniques=1, npcs=3295, reserved-heights=0, average-cycle-time=5ms, handshakes-per-tick=0, memory=352.8 MB/630 MB]
21:29:57.927 [player-save-backup-0] INFO  i.a.m.entity.player.save.PlayerSave - Saved 1 online users.
21:30:14.635 [GameThread] INFO  io.alunity.GameThread - Status [runtime=30m, connections=1, players=1, uniques=1, npcs=3295, reserved-heights=0, average-cycle-time=5ms, handshakes-per-tick=0, memory=542.8 MB/630 MB]
21:30:44.939 [GameThread] INFO  io.alunity.GameThread - Status [runtime=30m 30s, connections=1, players=1, uniques=1, npcs=3295, reserved-heights=0, average-cycle-time=5ms, handshakes-per-tick=0, memory=474.8 MB/630 MB]
21:31:15.112 [GameThread] INFO  io.alunity.GameThread - Status [runtime=31m, connections=1, players=1, uniques=1, npcs=3295, reserved-heights=0, average-cycle-time=5ms, handshakes-per-tick=0, memory=405.5 MB/630 MB]
21:31:45.401 [GameThread] INFO  io.alunity.GameThread - Status [runtime=31m 30s, connections=1, players=1, uniques=1, npcs=3295, reserved-heights=0, average-cycle-time=6ms, handshakes-per-tick=0, memory=338.8 MB/630 MB]
21:32:15.574 [GameThread] INFO  io.alunity.GameThread - Status [runtime=32m, connections=1, players=1, uniques=1, npcs=3295, reserved-heights=0, average-cycle-time=6ms, handshakes-per-tick=0, memory=528.6 MB/630 MB]
21:32:45.759 [GameThread] INFO  io.alunity.GameThread - Status [runtime=32m 30s, connections=1, players=1, uniques=1, npcs=3295, reserved-heights=0, average-cycle-time=6ms, handshakes-per-tick=0, memory=461.8 MB/630 MB]
21:33:15.832 [GameThread] INFO  io.alunity.GameThread - Status [runtime=33m, connections=1, players=1, uniques=1, npcs=3295, reserved-heights=0, average-cycle-time=6ms, handshakes-per-tick=0, memory=392.8 MB/630 MB]
21:33:45.908 [GameThread] INFO  io.alunity.GameThread - Status [runtime=33m 30s, connections=1, players=1, uniques=1, npcs=3295, reserved-heights=0, average-cycle-time=6ms, handshakes-per-tick=0, memory=325.8 MB/630 MB]
21:34:15.981 [GameThread] INFO  io.alunity.GameThread - Status [runtime=34m, connections=1, players=1, uniques=1, npcs=3295, reserved-heights=0, average-cycle-time=6ms, handshakes-per-tick=0, memory=515.7 MB/630 MB]
21:34:46.053 [GameThread] INFO  io.alunity.GameThread - Status [runtime=34m 30s, connections=1, players=1, uniques=1, npcs=3295, reserved-heights=0, average-cycle-time=6ms, handshakes-per-tick=0, memory=447.8 MB/630 MB]
21:35:16.124 [GameThread] INFO  io.alunity.GameThread - Status [runtime=35m, connections=1, players=1, uniques=1, npcs=3295, reserved-heights=0, average-cycle-time=6ms, handshakes-per-tick=0, memory=386.4 MB/630 MB]
21:35:46.207 [GameThread] INFO  io.alunity.GameThread - Status [runtime=35m 30s, connections=1, players=1, uniques=1, npcs=3295, reserved-heights=0, average-cycle-time=6ms, handshakes-per-tick=0, memory=318.9 MB/630 MB]
21:36:16.286 [GameThread] INFO  io.alunity.GameThread - Status [runtime=36m, connections=1, players=1, uniques=1, npcs=3295, reserved-heights=0, average-cycle-time=6ms, handshakes-per-tick=0, memory=508.9 MB/630 MB]
21:36:46.394 [GameThread] INFO  io.alunity.GameThread - Status [runtime=36m 30s, connections=1, players=1, uniques=1, npcs=3295, reserved-heights=0, average-cycle-time=6ms, handshakes-per-tick=0, memory=441.9 MB/630 MB]
21:37:16.502 [GameThread] INFO  io.alunity.GameThread - Status [runtime=37m, connections=1, players=1, uniques=1, npcs=3295, reserved-heights=0, average-cycle-time=6ms, handshakes-per-tick=0, memory=372.5 MB/630 MB]
21:37:46.885 [GameThread] INFO  io.alunity.GameThread - Status [runtime=37m 30s, connections=1, players=1, uniques=1, npcs=3295, reserved-heights=0, average-cycle-time=6ms, handshakes-per-tick=0, memory=304.9 MB/630 MB]
21:38:17.023 [GameThread] INFO  io.alunity.GameThread - Status [runtime=38m, connections=0, players=0, uniques=0, npcs=3295, reserved-heights=0, average-cycle-time=6ms, handshakes-per-tick=0, memory=494.9 MB/630 MB]
21:38:47.118 [GameThread] INFO  io.alunity.GameThread - Status [runtime=38m 30s, connections=0, players=0, uniques=0, npcs=3295, reserved-heights=0, average-cycle-time=6ms, handshakes-per-tick=0, memory=425.9 MB/630 MB]
21:39:17.200 [GameThread] INFO  io.alunity.GameThread - Status [runtime=39m, connections=0, players=0, uniques=0, npcs=3295, reserved-heights=0, average-cycle-time=6ms, handshakes-per-tick=0, memory=355.1 MB/630 MB]
21:39:47.540 [GameThread] INFO  io.alunity.GameThread - Status [runtime=39m 30s, connections=0, players=0, uniques=0, npcs=3295, reserved-heights=0, average-cycle-time=6ms, handshakes-per-tick=0, memory=544.1 MB/630 MB]
21:40:18.386 [GameThread] INFO  io.alunity.GameThread - Status [runtime=40m, connections=0, players=0, uniques=0, npcs=3295, reserved-heights=0, average-cycle-time=6ms, handshakes-per-tick=0, memory=473.1 MB/630 MB]
21:40:48.498 [GameThread] INFO  io.alunity.GameThread - Status [runtime=40m 30s, connections=0, players=0, uniques=0, npcs=3295, reserved-heights=0, average-cycle-time=6ms, handshakes-per-tick=0, memory=404 MB/630 MB]
21:41:18.567 [GameThread] INFO  io.alunity.GameThread - Status [runtime=41m, connections=0, players=0, uniques=0, npcs=3295, reserved-heights=0, average-cycle-time=6ms, handshakes-per-tick=0, memory=331.8 MB/630 MB]
21:41:22.141 [io-worker-0] ERROR io.alunity.util.discord.Discord - No discord channel found with name: server-sync
21:41:22.245 [pool-9-thread-7] INFO  i.alunity.net.login.RS2LoginProtocol - Player login queued [name=Scott, mac=, ip=5.175.19.214:54485, time=121ms]
21:41:28.386 [io-worker-0] ERROR io.alunity.util.discord.Discord - No discord channel found with name: server-sync
21:41:28.487 [pool-9-thread-8] INFO  i.alunity.net.login.RS2LoginProtocol - Player login queued [name=Scott, mac=, ip=5.175.19.214:54499, time=107ms]
21:41:48.643 [GameThread] INFO  io.alunity.GameThread - Status [runtime=41m 30s, connections=1, players=1, uniques=1, npcs=3295, reserved-heights=0, average-cycle-time=6ms, handshakes-per-tick=0, memory=527.6 MB/630 MB]
21:42:18.726 [GameThread] INFO  io.alunity.GameThread - Status [runtime=42m, connections=1, players=1, uniques=1, npcs=3295, reserved-heights=0, average-cycle-time=7ms, handshakes-per-tick=0, memory=457 MB/630 MB]
21:42:48.796 [GameThread] INFO  io.alunity.GameThread - Status [runtime=42m 30s, connections=1, players=1, uniques=1, npcs=3295, reserved-heights=0, average-cycle-time=7ms, handshakes-per-tick=0, memory=384.8 MB/630 MB]
21:43:18.867 [GameThread] INFO  io.alunity.GameThread - Status [runtime=43m, connections=1, players=1, uniques=1, npcs=3295, reserved-heights=0, average-cycle-time=7ms, handshakes-per-tick=0, memory=312.9 MB/630 MB]
21:43:48.936 [GameThread] INFO  io.alunity.GameThread - Status [runtime=43m 30s, connections=1, players=1, uniques=1, npcs=3295, reserved-heights=0, average-cycle-time=7ms, handshakes-per-tick=0, memory=505.4 MB/630 MB]
21:44:19.093 [GameThread] INFO  io.alunity.GameThread - Status [runtime=44m, connections=1, players=1, uniques=1, npcs=3295, reserved-heights=0, average-cycle-time=7ms, handshakes-per-tick=0, memory=433.1 MB/630 MB]
21:44:49.171 [GameThread] INFO  io.alunity.GameThread - Status [runtime=44m 30s, connections=1, players=1, uniques=1, npcs=3295, reserved-heights=0, average-cycle-time=7ms, handshakes-per-tick=0, memory=364.2 MB/630 MB]
21:44:57.980 [player-save-backup-0] INFO  i.a.m.entity.player.save.PlayerSave - Saved 1 online users.
21:44:57.983 [player-save-backup-0] INFO  i.a.m.e.p.s.backup.PlayerSaveBackup - Dumping database DatabaseCredentials{url='jdbc:mysql://92.204.221.12/game_alunity?useSSL=false&serverTimezone=UTC', username='Alunity_Game'}.
21:44:58.218 [player-save-backup-0] ERROR i.a.m.e.p.s.backup.PlayerSaveBackup - Error while dumping mysql database
java.lang.IllegalStateException: Something went wrong with mysqldump command, code: 1
	at io.alunity.model.entity.player.save.backup.PlayerSaveBackup.dumpMysqlDatabase(PlayerSaveBackup.java:108)
	at io.alunity.model.entity.player.save.backup.PlayerSaveBackup.backup(PlayerSaveBackup.java:66)
	at io.alunity.model.entity.player.save.backup.PlayerSaveBackup.lambda$start$0(PlayerSaveBackup.java:50)
	at java.base/java.util.concurrent.Executors$RunnableAdapter.call(Executors.java:515)
	at java.base/java.util.concurrent.FutureTask.runAndReset(FutureTask.java:305)
	at java.base/java.util.concurrent.ScheduledThreadPoolExecutor$ScheduledFutureTask.run(ScheduledThreadPoolExecutor.java:305)
	at java.base/java.util.concurrent.ThreadPoolExecutor.runWorker(ThreadPoolExecutor.java:1130)
	at java.base/java.util.concurrent.ThreadPoolExecutor$Worker.run(ThreadPoolExecutor.java:630)
	at java.base/java.lang.Thread.run(Thread.java:832)
21:44:58.371 [player-save-backup-0] INFO  i.a.m.e.p.s.backup.PlayerSaveBackup - Backed up save files to file .\save_files\backups\public\2022-03-16T21_44_57.9814763.zip 
21:44:58.405 [player-save-backup-0] WARN  i.a.m.e.p.s.backup.PlayerSaveBackup - No FTP credentials to upload remote backups.
21:44:58.405 [player-save-backup-0] WARN  i.a.m.e.p.s.backup.PlayerSaveBackup - No FTP credentials to upload remote backups.
21:45:19.250 [GameThread] INFO  io.alunity.GameThread - Status [runtime=45m, connections=1, players=1, uniques=1, npcs=3295, reserved-heights=0, average-cycle-time=7ms, handshakes-per-tick=0, memory=553.8 MB/630 MB]
21:45:49.327 [GameThread] INFO  io.alunity.GameThread - Status [runtime=45m 30s, connections=1, players=1, uniques=1, npcs=3295, reserved-heights=0, average-cycle-time=7ms, handshakes-per-tick=0, memory=483.4 MB/630 MB]
21:46:19.402 [GameThread] INFO  io.alunity.GameThread - Status [runtime=46m, connections=1, players=1, uniques=1, npcs=3295, reserved-heights=0, average-cycle-time=7ms, handshakes-per-tick=0, memory=411.9 MB/630 MB]
21:46:49.492 [GameThread] INFO  io.alunity.GameThread - Status [runtime=46m 30s, connections=1, players=1, uniques=1, npcs=3295, reserved-heights=0, average-cycle-time=7ms, handshakes-per-tick=0, memory=342.7 MB/630 MB]
21:47:19.570 [GameThread] INFO  io.alunity.GameThread - Status [runtime=47m, connections=1, players=1, uniques=1, npcs=3295, reserved-heights=0, average-cycle-time=7ms, handshakes-per-tick=0, memory=532.2 MB/630 MB]
21:47:49.641 [GameThread] INFO  io.alunity.GameThread - Status [runtime=47m 30s, connections=1, players=1, uniques=1, npcs=3295, reserved-heights=0, average-cycle-time=7ms, handshakes-per-tick=0, memory=464.7 MB/630 MB]
21:48:19.726 [GameThread] INFO  io.alunity.GameThread - Status [runtime=48m, connections=1, players=1, uniques=1, npcs=3295, reserved-heights=0, average-cycle-time=7ms, handshakes-per-tick=0, memory=394.3 MB/630 MB]
21:48:49.807 [GameThread] INFO  io.alunity.GameThread - Status [runtime=48m 30s, connections=1, players=1, uniques=1, npcs=3295, reserved-heights=0, average-cycle-time=7ms, handshakes-per-tick=0, memory=325.2 MB/630 MB]
21:49:19.876 [GameThread] INFO  io.alunity.GameThread - Status [runtime=49m, connections=1, players=1, uniques=1, npcs=3295, reserved-heights=0, average-cycle-time=7ms, handshakes-per-tick=0, memory=515.5 MB/630 MB]
21:49:49.956 [GameThread] INFO  io.alunity.GameThread - Status [runtime=49m 30s, connections=1, players=1, uniques=1, npcs=3295, reserved-heights=0, average-cycle-time=7ms, handshakes-per-tick=0, memory=447.7 MB/630 MB]
21:50:20.024 [GameThread] INFO  io.alunity.GameThread - Status [runtime=50m, connections=1, players=1, uniques=1, npcs=3295, reserved-heights=0, average-cycle-time=7ms, handshakes-per-tick=0, memory=377.8 MB/630 MB]
21:50:50.455 [GameThread] INFO  io.alunity.GameThread - Status [runtime=50m 30s, connections=1, players=1, uniques=1, npcs=3295, reserved-heights=0, average-cycle-time=7ms, handshakes-per-tick=0, memory=308.6 MB/630 MB]
21:51:20.559 [GameThread] INFO  io.alunity.GameThread - Status [runtime=51m, connections=1, players=1, uniques=1, npcs=3295, reserved-heights=0, average-cycle-time=8ms, handshakes-per-tick=0, memory=497.1 MB/630 MB]
21:51:51.408 [GameThread] INFO  io.alunity.GameThread - Status [runtime=51m 30s, connections=0, players=0, uniques=0, npcs=3295, reserved-heights=0, average-cycle-time=8ms, handshakes-per-tick=0, memory=429.2 MB/630 MB]
21:52:21.349 [GameThread] INFO  io.alunity.GameThread - Status [runtime=52m, connections=0, players=0, uniques=0, npcs=3295, reserved-heights=0, average-cycle-time=8ms, handshakes-per-tick=0, memory=357.8 MB/630 MB]
21:52:51.459 [GameThread] INFO  io.alunity.GameThread - Status [runtime=52m 30s, connections=0, players=0, uniques=0, npcs=3295, reserved-heights=0, average-cycle-time=8ms, handshakes-per-tick=0, memory=548.9 MB/630 MB]
21:53:21.538 [GameThread] INFO  io.alunity.GameThread - Status [runtime=53m, connections=0, players=0, uniques=0, npcs=3295, reserved-heights=0, average-cycle-time=8ms, handshakes-per-tick=0, memory=478.1 MB/630 MB]
21:53:51.613 [GameThread] INFO  io.alunity.GameThread - Status [runtime=53m 30s, connections=0, players=0, uniques=0, npcs=3295, reserved-heights=0, average-cycle-time=8ms, handshakes-per-tick=0, memory=410.1 MB/630 MB]
21:54:21.701 [GameThread] INFO  io.alunity.GameThread - Status [runtime=54m, connections=0, players=0, uniques=0, npcs=3295, reserved-heights=0, average-cycle-time=8ms, handshakes-per-tick=0, memory=339.9 MB/630 MB]
21:54:51.780 [GameThread] INFO  io.alunity.GameThread - Status [runtime=54m 30s, connections=0, players=0, uniques=0, npcs=3295, reserved-heights=0, average-cycle-time=8ms, handshakes-per-tick=0, memory=531.3 MB/630 MB]
21:55:21.851 [GameThread] INFO  io.alunity.GameThread - Status [runtime=55m, connections=0, players=0, uniques=0, npcs=3295, reserved-heights=0, average-cycle-time=8ms, handshakes-per-tick=0, memory=460.6 MB/630 MB]
21:55:51.922 [GameThread] INFO  io.alunity.GameThread - Status [runtime=55m 30s, connections=0, players=0, uniques=0, npcs=3295, reserved-heights=0, average-cycle-time=8ms, handshakes-per-tick=0, memory=392.6 MB/630 MB]
21:56:21.991 [GameThread] INFO  io.alunity.GameThread - Status [runtime=56m, connections=0, players=0, uniques=0, npcs=3295, reserved-heights=0, average-cycle-time=8ms, handshakes-per-tick=0, memory=321.3 MB/630 MB]
21:56:52.068 [GameThread] INFO  io.alunity.GameThread - Status [runtime=56m 30s, connections=0, players=0, uniques=0, npcs=3295, reserved-heights=0, average-cycle-time=8ms, handshakes-per-tick=0, memory=512.8 MB/630 MB]
21:57:22.142 [GameThread] INFO  io.alunity.GameThread - Status [runtime=57m, connections=0, players=0, uniques=0, npcs=3295, reserved-heights=0, average-cycle-time=8ms, handshakes-per-tick=0, memory=442.5 MB/630 MB]
21:57:52.222 [GameThread] INFO  io.alunity.GameThread - Status [runtime=57m 30s, connections=0, players=0, uniques=0, npcs=3295, reserved-heights=0, average-cycle-time=8ms, handshakes-per-tick=0, memory=375.1 MB/630 MB]
21:58:22.298 [GameThread] INFO  io.alunity.GameThread - Status [runtime=58m, connections=0, players=0, uniques=0, npcs=3295, reserved-heights=0, average-cycle-time=8ms, handshakes-per-tick=0, memory=304.7 MB/630 MB]
21:58:52.378 [GameThread] INFO  io.alunity.GameThread - Status [runtime=58m 30s, connections=0, players=0, uniques=0, npcs=3295, reserved-heights=0, average-cycle-time=8ms, handshakes-per-tick=0, memory=495.3 MB/630 MB]
21:59:22.462 [GameThread] INFO  io.alunity.GameThread - Status [runtime=59m, connections=0, players=0, uniques=0, npcs=3295, reserved-heights=0, average-cycle-time=8ms, handshakes-per-tick=0, memory=424.9 MB/630 MB]
21:59:52.545 [GameThread] INFO  io.alunity.GameThread - Status [runtime=59m 30s, connections=0, players=0, uniques=0, npcs=3295, reserved-heights=0, average-cycle-time=8ms, handshakes-per-tick=0, memory=357.1 MB/630 MB]
21:59:57.839 [player-save-backup-0] INFO  i.a.m.entity.player.save.PlayerSave - Saved 0 online users.
22:00:22.635 [GameThread] INFO  io.alunity.GameThread - Status [runtime=1h, connections=0, players=0, uniques=0, npcs=3295, reserved-heights=0, average-cycle-time=8ms, handshakes-per-tick=0, memory=546.5 MB/630 MB]
22:00:52.722 [GameThread] INFO  io.alunity.GameThread - Status [runtime=1h 00m 30s, connections=0, players=0, uniques=0, npcs=3296, reserved-heights=0, average-cycle-time=8ms, handshakes-per-tick=0, memory=479.2 MB/630 MB]
22:01:22.789 [GameThread] INFO  io.alunity.GameThread - Status [runtime=1h 01m, connections=0, players=0, uniques=0, npcs=3296, reserved-heights=0, average-cycle-time=8ms, handshakes-per-tick=0, memory=410.5 MB/630 MB]
22:01:52.867 [GameThread] INFO  io.alunity.GameThread - Status [runtime=1h 01m 30s, connections=0, players=0, uniques=0, npcs=3296, reserved-heights=0, average-cycle-time=8ms, handshakes-per-tick=0, memory=339.8 MB/630 MB]
22:02:22.948 [GameThread] INFO  io.alunity.GameThread - Status [runtime=1h 02m, connections=0, players=0, uniques=0, npcs=3296, reserved-heights=0, average-cycle-time=8ms, handshakes-per-tick=0, memory=528.7 MB/630 MB]
22:02:53.026 [GameThread] INFO  io.alunity.GameThread - Status [runtime=1h 02m 30s, connections=0, players=0, uniques=0, npcs=3296, reserved-heights=0, average-cycle-time=8ms, handshakes-per-tick=0, memory=460.7 MB/630 MB]
22:03:23.103 [GameThread] INFO  io.alunity.GameThread - Status [runtime=1h 03m, connections=0, players=0, uniques=0, npcs=3296, reserved-heights=0, average-cycle-time=8ms, handshakes-per-tick=0, memory=390.2 MB/630 MB]
22:03:53.180 [GameThread] INFO  io.alunity.GameThread - Status [runtime=1h 03m 30s, connections=0, players=0, uniques=0, npcs=3296, reserved-heights=0, average-cycle-time=8ms, handshakes-per-tick=0, memory=321.1 MB/630 MB]
22:04:23.261 [GameThread] INFO  io.alunity.GameThread - Status [runtime=1h 04m, connections=0, players=0, uniques=0, npcs=3296, reserved-heights=0, average-cycle-time=8ms, handshakes-per-tick=0, memory=511 MB/630 MB]
22:04:53.334 [GameThread] INFO  io.alunity.GameThread - Status [runtime=1h 04m 30s, connections=0, players=0, uniques=0, npcs=3296, reserved-heights=0, average-cycle-time=8ms, handshakes-per-tick=0, memory=443.2 MB/630 MB]
22:05:02.860 [io-worker-0] ERROR io.alunity.util.discord.Discord - No discord channel found with name: server-sync
22:05:02.959 [pool-9-thread-5] INFO  i.alunity.net.login.RS2LoginProtocol - Player login queued [name=Scott, mac=, ip=5.175.19.214:54942, time=113ms]
22:05:23.414 [GameThread] INFO  io.alunity.GameThread - Status [runtime=1h 05m, connections=1, players=1, uniques=1, npcs=3296, reserved-heights=0, average-cycle-time=8ms, handshakes-per-tick=0, memory=377.6 MB/630 MB]
22:05:53.491 [GameThread] INFO  io.alunity.GameThread - Status [runtime=1h 05m 30s, connections=0, players=0, uniques=0, npcs=3296, reserved-heights=0, average-cycle-time=8ms, handshakes-per-tick=0, memory=306.4 MB/630 MB]
22:06:23.760 [GameThread] INFO  io.alunity.GameThread - Status [runtime=1h 06m, connections=0, players=0, uniques=0, npcs=3296, reserved-heights=0, average-cycle-time=8ms, handshakes-per-tick=0, memory=494.9 MB/630 MB]
22:06:53.848 [GameThread] INFO  io.alunity.GameThread - Status [runtime=1h 06m 30s, connections=0, players=0, uniques=0, npcs=3296, reserved-heights=0, average-cycle-time=8ms, handshakes-per-tick=0, memory=428.3 MB/630 MB]
22:07:00.294 [io-worker-0] ERROR io.alunity.util.discord.Discord - No discord channel found with name: server-sync
22:07:00.388 [pool-9-thread-7] INFO  i.alunity.net.login.RS2LoginProtocol - Player login queued [name=Scott, mac=, ip=5.175.19.214:54975, time=99ms]
22:07:24.032 [GameThread] INFO  io.alunity.GameThread - Status [runtime=1h 07m, connections=1, players=1, uniques=1, npcs=3296, reserved-heights=0, average-cycle-time=8ms, handshakes-per-tick=0, memory=360.6 MB/630 MB]
22:07:54.101 [GameThread] INFO  io.alunity.GameThread - Status [runtime=1h 07m 30s, connections=1, players=1, uniques=1, npcs=3296, reserved-heights=0, average-cycle-time=8ms, handshakes-per-tick=0, memory=551 MB/630 MB]
22:08:24.176 [GameThread] INFO  io.alunity.GameThread - Status [runtime=1h 08m, connections=1, players=1, uniques=1, npcs=3296, reserved-heights=0, average-cycle-time=8ms, handshakes-per-tick=0, memory=481.4 MB/630 MB]
22:08:54.259 [GameThread] INFO  io.alunity.GameThread - Status [runtime=1h 08m 30s, connections=1, players=1, uniques=1, npcs=3296, reserved-heights=0, average-cycle-time=8ms, handshakes-per-tick=0, memory=414.4 MB/630 MB]
22:09:24.346 [GameThread] INFO  io.alunity.GameThread - Status [runtime=1h 09m, connections=1, players=1, uniques=1, npcs=3296, reserved-heights=0, average-cycle-time=8ms, handshakes-per-tick=0, memory=344.9 MB/630 MB]
22:09:54.424 [GameThread] INFO  io.alunity.GameThread - Status [runtime=1h 09m 30s, connections=1, players=1, uniques=1, npcs=3296, reserved-heights=0, average-cycle-time=8ms, handshakes-per-tick=0, memory=537.1 MB/630 MB]
22:10:24.497 [GameThread] INFO  io.alunity.GameThread - Status [runtime=1h 10m, connections=1, players=1, uniques=1, npcs=3296, reserved-heights=0, average-cycle-time=8ms, handshakes-per-tick=0, memory=467.8 MB/630 MB]
22:10:54.558 [GameThread] INFO  io.alunity.GameThread - Status [runtime=1h 10m 30s, connections=1, players=1, uniques=1, npcs=3296, reserved-heights=0, average-cycle-time=8ms, handshakes-per-tick=0, memory=398.9 MB/630 MB]
22:11:24.638 [GameThread] INFO  io.alunity.GameThread - Status [runtime=1h 11m, connections=1, players=1, uniques=1, npcs=3296, reserved-heights=0, average-cycle-time=8ms, handshakes-per-tick=0, memory=329.9 MB/630 MB]
22:11:54.716 [GameThread] INFO  io.alunity.GameThread - Status [runtime=1h 11m 30s, connections=1, players=1, uniques=1, npcs=3296, reserved-heights=0, average-cycle-time=8ms, handshakes-per-tick=0, memory=522.1 MB/630 MB]
22:12:24.785 [GameThread] INFO  io.alunity.GameThread - Status [runtime=1h 12m, connections=1, players=1, uniques=1, npcs=3296, reserved-heights=0, average-cycle-time=8ms, handshakes-per-tick=0, memory=453.2 MB/630 MB]
22:12:54.860 [GameThread] INFO  io.alunity.GameThread - Status [runtime=1h 12m 30s, connections=1, players=1, uniques=1, npcs=3296, reserved-heights=0, average-cycle-time=8ms, handshakes-per-tick=0, memory=386.4 MB/630 MB]
22:13:24.931 [GameThread] INFO  io.alunity.GameThread - Status [runtime=1h 13m, connections=1, players=1, uniques=1, npcs=3296, reserved-heights=0, average-cycle-time=8ms, handshakes-per-tick=0, memory=317.5 MB/630 MB]
22:13:55.004 [GameThread] INFO  io.alunity.GameThread - Status [runtime=1h 13m 30s, connections=1, players=1, uniques=1, npcs=3296, reserved-heights=0, average-cycle-time=8ms, handshakes-per-tick=0, memory=509.1 MB/630 MB]
22:14:25.083 [GameThread] INFO  io.alunity.GameThread - Status [runtime=1h 14m, connections=1, players=1, uniques=1, npcs=3296, reserved-heights=0, average-cycle-time=8ms, handshakes-per-tick=0, memory=439.2 MB/630 MB]
22:14:55.155 [GameThread] INFO  io.alunity.GameThread - Status [runtime=1h 14m 30s, connections=1, players=1, uniques=1, npcs=3296, reserved-heights=0, average-cycle-time=8ms, handshakes-per-tick=0, memory=371.9 MB/630 MB]
22:14:57.927 [player-save-backup-0] INFO  i.a.m.entity.player.save.PlayerSave - Saved 1 online users.
22:14:57.927 [player-save-backup-0] INFO  i.a.m.e.p.s.backup.PlayerSaveBackup - Dumping database DatabaseCredentials{url='jdbc:mysql://92.204.221.12/game_alunity?useSSL=false&serverTimezone=UTC', username='Alunity_Game'}.
22:14:58.028 [player-save-backup-0] ERROR i.a.m.e.p.s.backup.PlayerSaveBackup - Error while dumping mysql database
java.lang.IllegalStateException: Something went wrong with mysqldump command, code: 1
	at io.alunity.model.entity.player.save.backup.PlayerSaveBackup.dumpMysqlDatabase(PlayerSaveBackup.java:108)
	at io.alunity.model.entity.player.save.backup.PlayerSaveBackup.backup(PlayerSaveBackup.java:66)
	at io.alunity.model.entity.player.save.backup.PlayerSaveBackup.lambda$start$0(PlayerSaveBackup.java:50)
	at java.base/java.util.concurrent.Executors$RunnableAdapter.call(Executors.java:515)
	at java.base/java.util.concurrent.FutureTask.runAndReset(FutureTask.java:305)
	at java.base/java.util.concurrent.ScheduledThreadPoolExecutor$ScheduledFutureTask.run(ScheduledThreadPoolExecutor.java:305)
	at java.base/java.util.concurrent.ThreadPoolExecutor.runWorker(ThreadPoolExecutor.java:1130)
	at java.base/java.util.concurrent.ThreadPoolExecutor$Worker.run(ThreadPoolExecutor.java:630)
	at java.base/java.lang.Thread.run(Thread.java:832)
22:14:58.082 [player-save-backup-0] INFO  i.a.m.e.p.s.backup.PlayerSaveBackup - Backed up save files to file .\save_files\backups\public\2022-03-16T22_14_57.9276906.zip 
22:14:58.096 [player-save-backup-0] WARN  i.a.m.e.p.s.backup.PlayerSaveBackup - No FTP credentials to upload remote backups.
22:14:58.096 [player-save-backup-0] WARN  i.a.m.e.p.s.backup.PlayerSaveBackup - No FTP credentials to upload remote backups.
22:15:25.239 [GameThread] INFO  io.alunity.GameThread - Status [runtime=1h 15m, connections=1, players=1, uniques=1, npcs=3296, reserved-heights=0, average-cycle-time=8ms, handshakes-per-tick=0, memory=303.6 MB/630 MB]
22:15:55.310 [GameThread] INFO  io.alunity.GameThread - Status [runtime=1h 15m 30s, connections=1, players=1, uniques=1, npcs=3296, reserved-heights=0, average-cycle-time=8ms, handshakes-per-tick=0, memory=496.1 MB/630 MB]
22:16:25.385 [GameThread] INFO  io.alunity.GameThread - Status [runtime=1h 16m, connections=1, players=1, uniques=1, npcs=3296, reserved-heights=0, average-cycle-time=8ms, handshakes-per-tick=0, memory=426.8 MB/630 MB]
22:16:55.461 [GameThread] INFO  io.alunity.GameThread - Status [runtime=1h 16m 30s, connections=1, players=1, uniques=1, npcs=3296, reserved-heights=0, average-cycle-time=8ms, handshakes-per-tick=0, memory=358.4 MB/630 MB]
22:17:25.535 [GameThread] INFO  io.alunity.GameThread - Status [runtime=1h 17m, connections=1, players=1, uniques=1, npcs=3296, reserved-heights=0, average-cycle-time=8ms, handshakes-per-tick=0, memory=548.7 MB/630 MB]
22:17:55.599 [GameThread] INFO  io.alunity.GameThread - Status [runtime=1h 17m 30s, connections=1, players=1, uniques=1, npcs=3296, reserved-heights=0, average-cycle-time=8ms, handshakes-per-tick=0, memory=482.4 MB/630 MB]
22:18:25.673 [GameThread] INFO  io.alunity.GameThread - Status [runtime=1h 18m, connections=1, players=1, uniques=1, npcs=3296, reserved-heights=0, average-cycle-time=8ms, handshakes-per-tick=0, memory=414.5 MB/630 MB]
22:18:55.745 [GameThread] INFO  io.alunity.GameThread - Status [runtime=1h 18m 30s, connections=1, players=1, uniques=1, npcs=3296, reserved-heights=0, average-cycle-time=8ms, handshakes-per-tick=0, memory=348.4 MB/630 MB]
22:19:25.818 [GameThread] INFO  io.alunity.GameThread - Status [runtime=1h 19m, connections=1, players=1, uniques=1, npcs=3296, reserved-heights=0, average-cycle-time=8ms, handshakes-per-tick=0, memory=538.2 MB/630 MB]
22:19:55.902 [GameThread] INFO  io.alunity.GameThread - Status [runtime=1h 19m 30s, connections=1, players=1, uniques=1, npcs=3296, reserved-heights=0, average-cycle-time=8ms, handshakes-per-tick=0, memory=471.9 MB/630 MB]
22:20:25.974 [GameThread] INFO  io.alunity.GameThread - Status [runtime=1h 20m, connections=1, players=1, uniques=1, npcs=3296, reserved-heights=0, average-cycle-time=8ms, handshakes-per-tick=0, memory=402.5 MB/630 MB]
22:20:56.061 [GameThread] INFO  io.alunity.GameThread - Status [runtime=1h 20m 30s, connections=1, players=1, uniques=1, npcs=3296, reserved-heights=0, average-cycle-time=8ms, handshakes-per-tick=0, memory=335.9 MB/630 MB]
22:21:26.133 [GameThread] INFO  io.alunity.GameThread - Status [runtime=1h 21m, connections=1, players=1, uniques=1, npcs=3296, reserved-heights=0, average-cycle-time=8ms, handshakes-per-tick=0, memory=526.8 MB/630 MB]
22:21:56.210 [GameThread] INFO  io.alunity.GameThread - Status [runtime=1h 21m 30s, connections=1, players=1, uniques=1, npcs=3296, reserved-heights=0, average-cycle-time=8ms, handshakes-per-tick=0, memory=459.9 MB/630 MB]
22:22:26.289 [GameThread] INFO  io.alunity.GameThread - Status [runtime=1h 22m, connections=1, players=1, uniques=1, npcs=3296, reserved-heights=0, average-cycle-time=8ms, handshakes-per-tick=0, memory=392 MB/630 MB]
22:22:56.371 [GameThread] INFO  io.alunity.GameThread - Status [runtime=1h 22m 30s, connections=1, players=1, uniques=1, npcs=3296, reserved-heights=0, average-cycle-time=8ms, handshakes-per-tick=0, memory=325.4 MB/630 MB]
22:23:26.460 [GameThread] INFO  io.alunity.GameThread - Status [runtime=1h 23m, connections=1, players=1, uniques=1, npcs=3296, reserved-heights=0, average-cycle-time=8ms, handshakes-per-tick=0, memory=515.7 MB/630 MB]
22:23:56.520 [GameThread] INFO  io.alunity.GameThread - Status [runtime=1h 23m 30s, connections=1, players=1, uniques=1, npcs=3296, reserved-heights=0, average-cycle-time=8ms, handshakes-per-tick=0, memory=449.4 MB/630 MB]
22:24:26.609 [GameThread] INFO  io.alunity.GameThread - Status [runtime=1h 24m, connections=1, players=1, uniques=1, npcs=3296, reserved-heights=0, average-cycle-time=8ms, handshakes-per-tick=0, memory=380.5 MB/630 MB]
22:24:56.683 [GameThread] INFO  io.alunity.GameThread - Status [runtime=1h 24m 30s, connections=1, players=1, uniques=1, npcs=3296, reserved-heights=0, average-cycle-time=8ms, handshakes-per-tick=0, memory=313.9 MB/630 MB]
22:25:26.751 [GameThread] INFO  io.alunity.GameThread - Status [runtime=1h 25m, connections=1, players=1, uniques=1, npcs=3296, reserved-heights=0, average-cycle-time=8ms, handshakes-per-tick=0, memory=504.3 MB/630 MB]
22:25:56.837 [GameThread] INFO  io.alunity.GameThread - Status [runtime=1h 25m 30s, connections=1, players=1, uniques=1, npcs=3296, reserved-heights=0, average-cycle-time=8ms, handshakes-per-tick=0, memory=437.9 MB/630 MB]
22:26:26.918 [GameThread] INFO  io.alunity.GameThread - Status [runtime=1h 26m, connections=1, players=1, uniques=1, npcs=3296, reserved-heights=0, average-cycle-time=8ms, handshakes-per-tick=0, memory=369.5 MB/630 MB]
22:26:56.999 [GameThread] INFO  io.alunity.GameThread - Status [runtime=1h 26m 30s, connections=1, players=1, uniques=1, npcs=3296, reserved-heights=0, average-cycle-time=8ms, handshakes-per-tick=0, memory=302.9 MB/630 MB]
22:27:27.066 [GameThread] INFO  io.alunity.GameThread - Status [runtime=1h 27m, connections=1, players=1, uniques=1, npcs=3296, reserved-heights=0, average-cycle-time=8ms, handshakes-per-tick=0, memory=492.8 MB/630 MB]
22:27:57.137 [GameThread] INFO  io.alunity.GameThread - Status [runtime=1h 27m 30s, connections=1, players=1, uniques=1, npcs=3296, reserved-heights=0, average-cycle-time=8ms, handshakes-per-tick=0, memory=424.9 MB/630 MB]
22:28:27.208 [GameThread] INFO  io.alunity.GameThread - Status [runtime=1h 28m, connections=1, players=1, uniques=1, npcs=3296, reserved-heights=0, average-cycle-time=8ms, handshakes-per-tick=0, memory=356.1 MB/630 MB]
22:28:57.281 [GameThread] INFO  io.alunity.GameThread - Status [runtime=1h 28m 30s, connections=1, players=1, uniques=1, npcs=3296, reserved-heights=0, average-cycle-time=8ms, handshakes-per-tick=0, memory=548.2 MB/630 MB]
22:29:27.355 [GameThread] INFO  io.alunity.GameThread - Status [runtime=1h 29m, connections=1, players=1, uniques=1, npcs=3296, reserved-heights=0, average-cycle-time=8ms, handshakes-per-tick=0, memory=478.8 MB/630 MB]
22:29:57.431 [GameThread] INFO  io.alunity.GameThread - Status [runtime=1h 29m 30s, connections=1, players=1, uniques=1, npcs=3296, reserved-heights=0, average-cycle-time=8ms, handshakes-per-tick=0, memory=411.4 MB/630 MB]
22:29:57.931 [player-save-backup-0] INFO  i.a.m.entity.player.save.PlayerSave - Saved 1 online users.
22:30:27.512 [GameThread] INFO  io.alunity.GameThread - Status [runtime=1h 30m, connections=1, players=1, uniques=1, npcs=3296, reserved-heights=0, average-cycle-time=8ms, handshakes-per-tick=0, memory=342 MB/630 MB]
22:30:57.596 [GameThread] INFO  io.alunity.GameThread - Status [runtime=1h 30m 30s, connections=1, players=1, uniques=1, npcs=3296, reserved-heights=0, average-cycle-time=8ms, handshakes-per-tick=0, memory=534.1 MB/630 MB]
22:31:27.669 [GameThread] INFO  io.alunity.GameThread - Status [runtime=1h 31m, connections=1, players=1, uniques=1, npcs=3296, reserved-heights=0, average-cycle-time=8ms, handshakes-per-tick=0, memory=464 MB/630 MB]
22:31:57.749 [GameThread] INFO  io.alunity.GameThread - Status [runtime=1h 31m 30s, connections=1, players=1, uniques=1, npcs=3296, reserved-heights=0, average-cycle-time=8ms, handshakes-per-tick=0, memory=403 MB/630 MB]
22:32:27.825 [GameThread] INFO  io.alunity.GameThread - Status [runtime=1h 32m, connections=1, players=1, uniques=1, npcs=3296, reserved-heights=0, average-cycle-time=8ms, handshakes-per-tick=0, memory=334.1 MB/630 MB]
22:32:57.895 [GameThread] INFO  io.alunity.GameThread - Status [runtime=1h 32m 30s, connections=1, players=1, uniques=1, npcs=3296, reserved-heights=0, average-cycle-time=8ms, handshakes-per-tick=0, memory=526.7 MB/630 MB]
22:33:27.967 [GameThread] INFO  io.alunity.GameThread - Status [runtime=1h 33m, connections=1, players=1, uniques=1, npcs=3296, reserved-heights=0, average-cycle-time=8ms, handshakes-per-tick=0, memory=458.4 MB/630 MB]
22:33:58.049 [GameThread] INFO  io.alunity.GameThread - Status [runtime=1h 33m 30s, connections=1, players=1, uniques=1, npcs=3296, reserved-heights=0, average-cycle-time=8ms, handshakes-per-tick=0, memory=391.6 MB/630 MB]
22:34:28.133 [GameThread] INFO  io.alunity.GameThread - Status [runtime=1h 34m, connections=1, players=1, uniques=1, npcs=3296, reserved-heights=0, average-cycle-time=8ms, handshakes-per-tick=0, memory=322.1 MB/630 MB]
22:34:58.195 [GameThread] INFO  io.alunity.GameThread - Status [runtime=1h 34m 30s, connections=1, players=1, uniques=1, npcs=3296, reserved-heights=0, average-cycle-time=8ms, handshakes-per-tick=0, memory=514.2 MB/630 MB]
22:35:28.266 [GameThread] INFO  io.alunity.GameThread - Status [runtime=1h 35m, connections=1, players=1, uniques=1, npcs=3296, reserved-heights=0, average-cycle-time=8ms, handshakes-per-tick=0, memory=446.4 MB/630 MB]
22:35:58.338 [GameThread] INFO  io.alunity.GameThread - Status [runtime=1h 35m 30s, connections=1, players=1, uniques=1, npcs=3296, reserved-heights=0, average-cycle-time=8ms, handshakes-per-tick=0, memory=379.5 MB/630 MB]
22:36:28.411 [GameThread] INFO  io.alunity.GameThread - Status [runtime=1h 36m, connections=1, players=1, uniques=1, npcs=3296, reserved-heights=0, average-cycle-time=8ms, handshakes-per-tick=0, memory=310.1 MB/630 MB]
22:36:58.491 [GameThread] INFO  io.alunity.GameThread - Status [runtime=1h 36m 30s, connections=1, players=1, uniques=1, npcs=3296, reserved-heights=0, average-cycle-time=8ms, handshakes-per-tick=0, memory=502.2 MB/630 MB]
22:37:28.566 [GameThread] INFO  io.alunity.GameThread - Status [runtime=1h 37m, connections=1, players=1, uniques=1, npcs=3296, reserved-heights=0, average-cycle-time=8ms, handshakes-per-tick=0, memory=433 MB/630 MB]
22:37:58.642 [GameThread] INFO  io.alunity.GameThread - Status [runtime=1h 37m 30s, connections=1, players=1, uniques=1, npcs=3296, reserved-heights=0, average-cycle-time=8ms, handshakes-per-tick=0, memory=366.5 MB/630 MB]
22:38:28.716 [GameThread] INFO  io.alunity.GameThread - Status [runtime=1h 38m, connections=1, players=1, uniques=1, npcs=3296, reserved-heights=0, average-cycle-time=8ms, handshakes-per-tick=0, memory=557.4 MB/630 MB]
22:38:58.788 [GameThread] INFO  io.alunity.GameThread - Status [runtime=1h 38m 30s, connections=1, players=1, uniques=1, npcs=3296, reserved-heights=0, average-cycle-time=8ms, handshakes-per-tick=0, memory=490.6 MB/630 MB]
22:39:28.861 [GameThread] INFO  io.alunity.GameThread - Status [runtime=1h 39m, connections=1, players=1, uniques=1, npcs=3296, reserved-heights=0, average-cycle-time=8ms, handshakes-per-tick=0, memory=423.1 MB/630 MB]
22:39:59.101 [GameThread] INFO  io.alunity.GameThread - Status [runtime=1h 39m 30s, connections=1, players=1, uniques=1, npcs=3296, reserved-heights=0, average-cycle-time=8ms, handshakes-per-tick=0, memory=356.5 MB/630 MB]
22:40:29.600 [GameThread] INFO  io.alunity.GameThread - Status [runtime=1h 40m, connections=1, players=1, uniques=1, npcs=3296, reserved-heights=0, average-cycle-time=8ms, handshakes-per-tick=0, memory=547 MB/630 MB]
22:40:59.691 [GameThread] INFO  io.alunity.GameThread - Status [runtime=1h 40m 30s, connections=1, players=1, uniques=1, npcs=3296, reserved-heights=0, average-cycle-time=8ms, handshakes-per-tick=0, memory=485.6 MB/630 MB]
22:41:29.803 [GameThread] INFO  io.alunity.GameThread - Status [runtime=1h 41m, connections=1, players=1, uniques=1, npcs=3296, reserved-heights=0, average-cycle-time=8ms, handshakes-per-tick=0, memory=416.8 MB/630 MB]
22:41:59.889 [GameThread] INFO  io.alunity.GameThread - Status [runtime=1h 41m 30s, connections=1, players=1, uniques=1, npcs=3296, reserved-heights=0, average-cycle-time=8ms, handshakes-per-tick=0, memory=351.1 MB/630 MB]
22:42:30.008 [GameThread] INFO  io.alunity.GameThread - Status [runtime=1h 42m, connections=1, players=1, uniques=1, npcs=3296, reserved-heights=0, average-cycle-time=8ms, handshakes-per-tick=0, memory=542 MB/630 MB]
22:43:00.500 [GameThread] INFO  io.alunity.GameThread - Status [runtime=1h 42m 30s, connections=1, players=1, uniques=1, npcs=3296, reserved-heights=0, average-cycle-time=8ms, handshakes-per-tick=0, memory=473.3 MB/630 MB]
22:43:31.360 [GameThread] INFO  io.alunity.GameThread - Status [runtime=1h 43m, connections=0, players=0, uniques=0, npcs=3296, reserved-heights=0, average-cycle-time=8ms, handshakes-per-tick=0, memory=403.8 MB/630 MB]
22:44:06.821 [GameThread] INFO  io.alunity.GameThread - Status [runtime=1h 43m 30s, connections=0, players=0, uniques=0, npcs=3296, reserved-heights=0, average-cycle-time=8ms, handshakes-per-tick=0, memory=339.1 MB/630 MB]
22:44:37.980 [GameThread] INFO  io.alunity.GameThread - Status [runtime=1h 44m, connections=0, players=0, uniques=0, npcs=3296, reserved-heights=0, average-cycle-time=8ms, handshakes-per-tick=0, memory=527.6 MB/630 MB]
22:44:57.840 [player-save-backup-0] INFO  i.a.m.entity.player.save.PlayerSave - Saved 0 online users.
22:44:57.916 [player-save-backup-0] INFO  i.a.m.e.p.s.backup.PlayerSaveBackup - Dumping database DatabaseCredentials{url='jdbc:mysql://92.204.221.12/game_alunity?useSSL=false&serverTimezone=UTC', username='Alunity_Game'}.
22:44:58.351 [player-save-backup-0] ERROR i.a.m.e.p.s.backup.PlayerSaveBackup - Error while dumping mysql database
java.lang.IllegalStateException: Something went wrong with mysqldump command, code: 1
	at io.alunity.model.entity.player.save.backup.PlayerSaveBackup.dumpMysqlDatabase(PlayerSaveBackup.java:108)
	at io.alunity.model.entity.player.save.backup.PlayerSaveBackup.backup(PlayerSaveBackup.java:66)
	at io.alunity.model.entity.player.save.backup.PlayerSaveBackup.lambda$start$0(PlayerSaveBackup.java:50)
	at java.base/java.util.concurrent.Executors$RunnableAdapter.call(Executors.java:515)
	at java.base/java.util.concurrent.FutureTask.runAndReset(FutureTask.java:305)
	at java.base/java.util.concurrent.ScheduledThreadPoolExecutor$ScheduledFutureTask.run(ScheduledThreadPoolExecutor.java:305)
	at java.base/java.util.concurrent.ThreadPoolExecutor.runWorker(ThreadPoolExecutor.java:1130)
	at java.base/java.util.concurrent.ThreadPoolExecutor$Worker.run(ThreadPoolExecutor.java:630)
	at java.base/java.lang.Thread.run(Thread.java:832)
22:44:58.419 [player-save-backup-0] INFO  i.a.m.e.p.s.backup.PlayerSaveBackup - Backed up save files to file .\save_files\backups\public\2022-03-16T22_44_57.9153849.zip 
22:44:58.438 [player-save-backup-0] WARN  i.a.m.e.p.s.backup.PlayerSaveBackup - No FTP credentials to upload remote backups.
22:44:58.438 [player-save-backup-0] WARN  i.a.m.e.p.s.backup.PlayerSaveBackup - No FTP credentials to upload remote backups.
22:45:08.091 [GameThread] INFO  io.alunity.GameThread - Status [runtime=1h 44m 30s, connections=0, players=0, uniques=0, npcs=3296, reserved-heights=0, average-cycle-time=8ms, handshakes-per-tick=0, memory=456.8 MB/630 MB]
22:45:38.986 [GameThread] INFO  io.alunity.GameThread - Status [runtime=1h 45m, connections=0, players=0, uniques=0, npcs=3296, reserved-heights=0, average-cycle-time=8ms, handshakes-per-tick=0, memory=384.8 MB/630 MB]
22:46:11.370 [GameThread] INFO  io.alunity.GameThread - Status [runtime=1h 45m 30s, connections=0, players=0, uniques=0, npcs=3297, reserved-heights=0, average-cycle-time=8ms, handshakes-per-tick=0, memory=316.6 MB/630 MB]
22:46:41.440 [GameThread] INFO  io.alunity.GameThread - Status [runtime=1h 46m, connections=0, players=0, uniques=0, npcs=3296, reserved-heights=0, average-cycle-time=8ms, handshakes-per-tick=0, memory=505.8 MB/630 MB]
22:47:11.505 [GameThread] INFO  io.alunity.GameThread - Status [runtime=1h 46m 30s, connections=0, players=0, uniques=0, npcs=3296, reserved-heights=0, average-cycle-time=8ms, handshakes-per-tick=0, memory=434.3 MB/630 MB]
22:47:41.587 [GameThread] INFO  io.alunity.GameThread - Status [runtime=1h 47m, connections=0, players=0, uniques=0, npcs=3296, reserved-heights=0, average-cycle-time=8ms, handshakes-per-tick=0, memory=363.4 MB/630 MB]
22:48:11.663 [GameThread] INFO  io.alunity.GameThread - Status [runtime=1h 47m 30s, connections=0, players=0, uniques=0, npcs=3296, reserved-heights=0, average-cycle-time=8ms, handshakes-per-tick=0, memory=554.9 MB/630 MB]
22:48:41.830 [GameThread] INFO  io.alunity.GameThread - Status [runtime=1h 48m, connections=0, players=0, uniques=0, npcs=3296, reserved-heights=0, average-cycle-time=8ms, handshakes-per-tick=0, memory=482.5 MB/630 MB]
22:49:11.914 [GameThread] INFO  io.alunity.GameThread - Status [runtime=1h 48m 30s, connections=0, players=0, uniques=0, npcs=3296, reserved-heights=0, average-cycle-time=8ms, handshakes-per-tick=0, memory=414.6 MB/630 MB]
22:49:42.105 [GameThread] INFO  io.alunity.GameThread - Status [runtime=1h 49m, connections=0, players=0, uniques=0, npcs=3296, reserved-heights=0, average-cycle-time=8ms, handshakes-per-tick=0, memory=343.8 MB/630 MB]
22:50:12.195 [GameThread] INFO  io.alunity.GameThread - Status [runtime=1h 49m 30s, connections=0, players=0, uniques=0, npcs=3296, reserved-heights=0, average-cycle-time=8ms, handshakes-per-tick=0, memory=535.3 MB/630 MB]
22:50:42.279 [GameThread] INFO  io.alunity.GameThread - Status [runtime=1h 50m, connections=0, players=0, uniques=0, npcs=3296, reserved-heights=0, average-cycle-time=8ms, handshakes-per-tick=0, memory=464.1 MB/630 MB]
22:51:12.467 [GameThread] INFO  io.alunity.GameThread - Status [runtime=1h 50m 30s, connections=0, players=0, uniques=0, npcs=3296, reserved-heights=0, average-cycle-time=8ms, handshakes-per-tick=0, memory=396.6 MB/630 MB]
22:51:42.691 [GameThread] INFO  io.alunity.GameThread - Status [runtime=1h 51m, connections=0, players=0, uniques=0, npcs=3296, reserved-heights=0, average-cycle-time=8ms, handshakes-per-tick=0, memory=326.3 MB/630 MB]
22:52:12.830 [GameThread] INFO  io.alunity.GameThread - Status [runtime=1h 51m 30s, connections=0, players=0, uniques=0, npcs=3296, reserved-heights=0, average-cycle-time=8ms, handshakes-per-tick=0, memory=517.8 MB/630 MB]
22:52:42.991 [GameThread] INFO  io.alunity.GameThread - Status [runtime=1h 52m, connections=0, players=0, uniques=0, npcs=3296, reserved-heights=0, average-cycle-time=8ms, handshakes-per-tick=0, memory=446.8 MB/630 MB]
22:53:13.203 [GameThread] INFO  io.alunity.GameThread - Status [runtime=1h 52m 30s, connections=0, players=0, uniques=0, npcs=3296, reserved-heights=0, average-cycle-time=8ms, handshakes-per-tick=0, memory=376.4 MB/630 MB]
22:53:43.325 [GameThread] INFO  io.alunity.GameThread - Status [runtime=1h 53m, connections=0, players=0, uniques=0, npcs=3296, reserved-heights=0, average-cycle-time=8ms, handshakes-per-tick=0, memory=305.8 MB/630 MB]
